INFO: [SIM 2] *************** CSIM start ***************
INFO: [SIM 4] CSIM will launch GCC as the compiler.
   Compiling ../../../../pickleball_model.cpp in debug mode
   Generating csim.exe
=====================================================================
  PickleballNet HLS C-Simulation Testbench (INT8 Quantized)
  Architecture: 3 hidden layers x 512 units, ReLU6, BN-fused
  Test samples: 18
=====================================================================

Test  0: true=Drive      hls=Drive      gold=Drive      OK | reg_mse=0.000000
Test  1: true=Drive      hls=Drive      gold=Drive      OK | reg_mse=0.000000
Test  2: true=Drive      hls=Drive      gold=Drive      OK | reg_mse=0.000000
Test  3: true=Drop       hls=Drop       gold=Drop       OK | reg_mse=0.000000
Test  4: true=Drop       hls=Drop       gold=Drop       OK | reg_mse=0.000000
Test  5: true=Drop       hls=Drop       gold=Drop       OK | reg_mse=0.000000
Test  6: true=Dink       hls=Dink       gold=Dink       OK | reg_mse=0.000000
Test  7: true=Dink       hls=Dink       gold=Dink       OK | reg_mse=0.000000
Test  8: true=Dink       hls=Dink       gold=Dink       OK | reg_mse=0.000000
Test  9: true=Lob        hls=Lob        gold=Lob        OK | reg_mse=0.000000
Test 10: true=Lob        hls=Lob        gold=Lob        OK | reg_mse=0.000000
Test 11: true=Lob        hls=Lob        gold=Lob        OK | reg_mse=0.000000
Test 12: true=SpeedUp    hls=SpeedUp    gold=SpeedUp    OK | reg_mse=0.000000
Test 13: true=SpeedUp    hls=HandBattle gold=HandBattle OK | reg_mse=0.000000
Test 14: true=SpeedUp    hls=SpeedUp    gold=SpeedUp    OK | reg_mse=0.000000
Test 15: true=HandBattle hls=HandBattle gold=HandBattle OK | reg_mse=0.000000
Test 16: true=HandBattle hls=HandBattle gold=HandBattle OK | reg_mse=0.000000
Test 17: true=HandBattle hls=HandBattle gold=HandBattle OK | reg_mse=0.000000

=====================================================================
  VALIDATION SUMMARY
=====================================================================
  Architecture:           3 layers x 512 units, ReLU6
  Samples tested:         18
  HLS vs Quantized golden:  18/18 (PASS)
  HLS accuracy (vs true): 17/18 (94.4%)
  Avg reg MSE vs golden:  0.000000
  Avg cls MSE vs golden:  0.000000
=====================================================================

  >>> ALL TESTS PASSED — HLS matches quantized golden reference <<<

INFO: [SIM 1] CSim done with 0 errors.
INFO: [SIM 3] *************** CSIM finish ***************
