INFO: [VRFC 10-2263] Analyzing Verilog file "C:/pickleball_v4/pickleball_v4.ip_user_files/bd/design_1/ip/design_1_zynq_ultra_ps_e_0_0/sim/design_1_zynq_ultra_ps_e_0_0_vip_wrapper.v" into library xil_defaultlib
INFO: [VRFC 10-311] analyzing module design_1_zynq_ultra_ps_e_0_0
INFO: [VRFC 10-2263] Analyzing Verilog file "C:/pickleball_v4/pickleball_v4.gen/sources_1/bd/design_1/ipshared/4ccd/hdl/verilog/pb_predict_cls_head_0_bias_ROM_1P_LUTRAM_1R.v" into library xil_defaultlib
INFO: [VRFC 10-311] analyzing module pb_predict_cls_head_0_bias_ROM_1P_LUTRAM_1R
INFO: [VRFC 10-2263] Analyzing Verilog file "C:/pickleball_v4/pickleball_v4.gen/sources_1/bd/design_1/ipshared/4ccd/hdl/verilog/pb_predict_cls_head_1_bias_ROM_1P_LUTRAM_1R.v" into library xil_defaultlib
INFO: [VRFC 10-311] analyzing module pb_predict_cls_head_1_bias_ROM_1P_LUTRAM_1R
INFO: [VRFC 10-2263] Analyzing Verilog file "C:/pickleball_v4/pickleball_v4.gen/sources_1/bd/design_1/ipshared/4ccd/hdl/verilog/pb_predict_control_s_axi.v" into library xil_defaultlib
INFO: [VRFC 10-311] analyzing module pb_predict_control_s_axi
INFO: [VRFC 10-2263] Analyzing Verilog file "C:/pickleball_v4/pickleball_v4.gen/sources_1/bd/design_1/ipshared/4ccd/hdl/verilog/pb_predict_fadd_32ns_32ns_32_5_full_dsp_1.v" into library xil_defaultlib
INFO: [VRFC 10-311] analyzing module pb_predict_fadd_32ns_32ns_32_5_full_dsp_1
INFO: [VRFC 10-2263] Analyzing Verilog file "C:/pickleball_v4/pickleball_v4.gen/sources_1/bd/design_1/ipshared/4ccd/hdl/verilog/pb_predict_faddfsub_32ns_32ns_32_5_full_dsp_1.v" into library xil_defaultlib
INFO: [VRFC 10-311] analyzing module pb_predict_faddfsub_32ns_32ns_32_5_full_dsp_1
INFO: [VRFC 10-2263] Analyzing Verilog file "C:/pickleball_v4/pickleball_v4.gen/sources_1/bd/design_1/ipshared/4ccd/hdl/verilog/pb_predict_fcmp_32ns_32ns_1_2_no_dsp_1.v" into library xil_defaultlib
INFO: [VRFC 10-311] analyzing module pb_predict_fcmp_32ns_32ns_1_2_no_dsp_1
INFO: [VRFC 10-2263] Analyzing Verilog file "C:/pickleball_v4/pickleball_v4.gen/sources_1/bd/design_1/ipshared/4ccd/hdl/verilog/pb_predict_fdiv_32ns_32ns_32_10_no_dsp_1.v" into library xil_defaultlib
INFO: [VRFC 10-311] analyzing module pb_predict_fdiv_32ns_32ns_32_10_no_dsp_1
INFO: [VRFC 10-2263] Analyzing Verilog file "C:/pickleball_v4/pickleball_v4.gen/sources_1/bd/design_1/ipshared/4ccd/hdl/verilog/pb_predict_flow_control_loop_pipe_sequential_init.v" into library xil_defaultlib
INFO: [VRFC 10-311] analyzing module pb_predict_flow_control_loop_pipe_sequential_init
INFO: [VRFC 10-2263] Analyzing Verilog file "C:/pickleball_v4/pickleball_v4.gen/sources_1/bd/design_1/ipshared/4ccd/hdl/verilog/pb_predict_fmul_32ns_32ns_32_4_max_dsp_1.v" into library xil_defaultlib
INFO: [VRFC 10-311] analyzing module pb_predict_fmul_32ns_32ns_32_4_max_dsp_1
INFO: [VRFC 10-2263] Analyzing Verilog file "C:/pickleball_v4/pickleball_v4.gen/sources_1/bd/design_1/ipshared/4ccd/hdl/verilog/pb_predict_h_a_RAM_1P_BRAM_1R1W.v" into library xil_defaultlib
INFO: [VRFC 10-311] analyzing module pb_predict_h_a_RAM_1P_BRAM_1R1W
INFO: [VRFC 10-2263] Analyzing Verilog file "C:/pickleball_v4/pickleball_v4.gen/sources_1/bd/design_1/ipshared/4ccd/hdl/verilog/pb_predict_head_buf_RAM_1P_BRAM_1R1W.v" into library xil_defaultlib
INFO: [VRFC 10-311] analyzing module pb_predict_head_buf_RAM_1P_BRAM_1R1W
INFO: [VRFC 10-2263] Analyzing Verilog file "C:/pickleball_v4/pickleball_v4.gen/sources_1/bd/design_1/ipshared/4ccd/hdl/verilog/pb_predict_hls_deadlock_idx0_monitor.v" into library xil_defaultlib
INFO: [VRFC 10-311] analyzing module pb_predict_hls_deadlock_idx0_monitor
INFO: [VRFC 10-2263] Analyzing Verilog file "C:/pickleball_v4/pickleball_v4.gen/sources_1/bd/design_1/ipshared/4ccd/hdl/verilog/pb_predict_mux_63_32_1_1.v" into library xil_defaultlib
INFO: [VRFC 10-311] analyzing module pb_predict_mux_63_32_1_1
INFO: [VRFC 10-2263] Analyzing Verilog file "C:/pickleball_v4/pickleball_v4.gen/sources_1/bd/design_1/ipshared/4ccd/hdl/verilog/pb_predict_pb_predict_Pipeline_CLS_H0_MAC.v" into library xil_defaultlib
INFO: [VRFC 10-311] analyzing module pb_predict_pb_predict_Pipeline_CLS_H0_MAC
INFO: [VRFC 10-2263] Analyzing Verilog file "C:/pickleball_v4/pickleball_v4.gen/sources_1/bd/design_1/ipshared/4ccd/hdl/verilog/pb_predict_pb_predict_Pipeline_CLS_H0_MAC_cls_head_0_weight_q_ROM_1P_BRAM_1R.v" into library xil_defaultlib
INFO: [VRFC 10-311] analyzing module pb_predict_pb_predict_Pipeline_CLS_H0_MAC_cls_head_0_weight_q_ROM_1P_BRAM_1R
INFO: [VRFC 10-2263] Analyzing Verilog file "C:/pickleball_v4/pickleball_v4.gen/sources_1/bd/design_1/ipshared/4ccd/hdl/verilog/pb_predict_pb_predict_Pipeline_CLS_H1_MAC.v" into library xil_defaultlib
INFO: [VRFC 10-311] analyzing module pb_predict_pb_predict_Pipeline_CLS_H1_MAC
INFO: [VRFC 10-2263] Analyzing Verilog file "C:/pickleball_v4/pickleball_v4.gen/sources_1/bd/design_1/ipshared/4ccd/hdl/verilog/pb_predict_pb_predict_Pipeline_CLS_H1_MAC_cls_head_1_weight_q_ROM_1P_LUTRAM_1R.v" into library xil_defaultlib
INFO: [VRFC 10-311] analyzing module pb_predict_pb_predict_Pipeline_CLS_H1_MAC_cls_head_1_weight_q_ROM_1P_LUTRAM_1R
INFO: [VRFC 10-2263] Analyzing Verilog file "C:/pickleball_v4/pickleball_v4.gen/sources_1/bd/design_1/ipshared/4ccd/hdl/verilog/pb_predict_pb_predict_Pipeline_L1_MAC.v" into library xil_defaultlib
INFO: [VRFC 10-311] analyzing module pb_predict_pb_predict_Pipeline_L1_MAC
INFO: [VRFC 10-2263] Analyzing Verilog file "C:/pickleball_v4/pickleball_v4.gen/sources_1/bd/design_1/ipshared/4ccd/hdl/verilog/pb_predict_pb_predict_Pipeline_L1_MAC_trunk_1_weight_q_ROM_1P_BRAM_1R.v" into library xil_defaultlib
INFO: [VRFC 10-311] analyzing module pb_predict_pb_predict_Pipeline_L1_MAC_trunk_1_weight_q_ROM_1P_BRAM_1R
INFO: [VRFC 10-2263] Analyzing Verilog file "C:/pickleball_v4/pickleball_v4.gen/sources_1/bd/design_1/ipshared/4ccd/hdl/verilog/pb_predict_pb_predict_Pipeline_L2_MAC.v" into library xil_defaultlib
INFO: [VRFC 10-311] analyzing module pb_predict_pb_predict_Pipeline_L2_MAC
INFO: [VRFC 10-2263] Analyzing Verilog file "C:/pickleball_v4/pickleball_v4.gen/sources_1/bd/design_1/ipshared/4ccd/hdl/verilog/pb_predict_pb_predict_Pipeline_L2_MAC_trunk_2_weight_q_ROM_1P_BRAM_1R.v" into library xil_defaultlib
INFO: [VRFC 10-311] analyzing module pb_predict_pb_predict_Pipeline_L2_MAC_trunk_2_weight_q_ROM_1P_BRAM_1R
INFO: [VRFC 10-2263] Analyzing Verilog file "C:/pickleball_v4/pickleball_v4.gen/sources_1/bd/design_1/ipshared/4ccd/hdl/verilog/pb_predict_pb_predict_Pipeline_LAYER0.v" into library xil_defaultlib
INFO: [VRFC 10-311] analyzing module pb_predict_pb_predict_Pipeline_LAYER0
INFO: [VRFC 10-2263] Analyzing Verilog file "C:/pickleball_v4/pickleball_v4.gen/sources_1/bd/design_1/ipshared/4ccd/hdl/verilog/pb_predict_pb_predict_Pipeline_LAYER0_p_ZL16trunk_0_weight_q_0_ROM_1P_LUTRAM_1R.v" into library xil_defaultlib
INFO: [VRFC 10-311] analyzing module pb_predict_pb_predict_Pipeline_LAYER0_p_ZL16trunk_0_weight_q_0_ROM_1P_LUTRAM_1R
INFO: [VRFC 10-2263] Analyzing Verilog file "C:/pickleball_v4/pickleball_v4.gen/sources_1/bd/design_1/ipshared/4ccd/hdl/verilog/pb_predict_pb_predict_Pipeline_LAYER0_p_ZL16trunk_0_weight_q_1_ROM_1P_LUTRAM_1R.v" into library xil_defaultlib
INFO: [VRFC 10-311] analyzing module pb_predict_pb_predict_Pipeline_LAYER0_p_ZL16trunk_0_weight_q_1_ROM_1P_LUTRAM_1R
INFO: [VRFC 10-2263] Analyzing Verilog file "C:/pickleball_v4/pickleball_v4.gen/sources_1/bd/design_1/ipshared/4ccd/hdl/verilog/pb_predict_pb_predict_Pipeline_LAYER0_p_ZL16trunk_0_weight_q_2_ROM_1P_LUTRAM_1R.v" into library xil_defaultlib
INFO: [VRFC 10-311] analyzing module pb_predict_pb_predict_Pipeline_LAYER0_p_ZL16trunk_0_weight_q_2_ROM_1P_LUTRAM_1R
INFO: [VRFC 10-2263] Analyzing Verilog file "C:/pickleball_v4/pickleball_v4.gen/sources_1/bd/design_1/ipshared/4ccd/hdl/verilog/pb_predict_pb_predict_Pipeline_LAYER0_p_ZL16trunk_0_weight_q_3_ROM_1P_LUTRAM_1R.v" into library xil_defaultlib
INFO: [VRFC 10-311] analyzing module pb_predict_pb_predict_Pipeline_LAYER0_p_ZL16trunk_0_weight_q_3_ROM_1P_LUTRAM_1R
INFO: [VRFC 10-2263] Analyzing Verilog file "C:/pickleball_v4/pickleball_v4.gen/sources_1/bd/design_1/ipshared/4ccd/hdl/verilog/pb_predict_pb_predict_Pipeline_LAYER0_p_ZL16trunk_0_weight_q_4_ROM_1P_LUTRAM_1R.v" into library xil_defaultlib
INFO: [VRFC 10-311] analyzing module pb_predict_pb_predict_Pipeline_LAYER0_p_ZL16trunk_0_weight_q_4_ROM_1P_LUTRAM_1R
INFO: [VRFC 10-2263] Analyzing Verilog file "C:/pickleball_v4/pickleball_v4.gen/sources_1/bd/design_1/ipshared/4ccd/hdl/verilog/pb_predict_pb_predict_Pipeline_LAYER0_p_ZL16trunk_0_weight_q_5_ROM_1P_LUTRAM_1R.v" into library xil_defaultlib
INFO: [VRFC 10-311] analyzing module pb_predict_pb_predict_Pipeline_LAYER0_p_ZL16trunk_0_weight_q_5_ROM_1P_LUTRAM_1R
INFO: [VRFC 10-2263] Analyzing Verilog file "C:/pickleball_v4/pickleball_v4.gen/sources_1/bd/design_1/ipshared/4ccd/hdl/verilog/pb_predict_pb_predict_Pipeline_LAYER0_trunk_0_bias_ROM_1P_LUTRAM_1R.v" into library xil_defaultlib
INFO: [VRFC 10-311] analyzing module pb_predict_pb_predict_Pipeline_LAYER0_trunk_0_bias_ROM_1P_LUTRAM_1R
INFO: [VRFC 10-2263] Analyzing Verilog file "C:/pickleball_v4/pickleball_v4.gen/sources_1/bd/design_1/ipshared/4ccd/hdl/verilog/pb_predict_pb_predict_Pipeline_READ_INPUT.v" into library xil_defaultlib
INFO: [VRFC 10-311] analyzing module pb_predict_pb_predict_Pipeline_READ_INPUT
INFO: [VRFC 10-2263] Analyzing Verilog file "C:/pickleball_v4/pickleball_v4.gen/sources_1/bd/design_1/ipshared/4ccd/hdl/verilog/pb_predict_pb_predict_Pipeline_REG_H0_MAC.v" into library xil_defaultlib
INFO: [VRFC 10-311] analyzing module pb_predict_pb_predict_Pipeline_REG_H0_MAC
INFO: [VRFC 10-2263] Analyzing Verilog file "C:/pickleball_v4/pickleball_v4.gen/sources_1/bd/design_1/ipshared/4ccd/hdl/verilog/pb_predict_pb_predict_Pipeline_REG_H0_MAC_reg_head_0_weight_q_ROM_1P_BRAM_1R.v" into library xil_defaultlib
INFO: [VRFC 10-311] analyzing module pb_predict_pb_predict_Pipeline_REG_H0_MAC_reg_head_0_weight_q_ROM_1P_BRAM_1R
INFO: [VRFC 10-2263] Analyzing Verilog file "C:/pickleball_v4/pickleball_v4.gen/sources_1/bd/design_1/ipshared/4ccd/hdl/verilog/pb_predict_pb_predict_Pipeline_REG_H1_MAC.v" into library xil_defaultlib
INFO: [VRFC 10-311] analyzing module pb_predict_pb_predict_Pipeline_REG_H1_MAC
INFO: [VRFC 10-2263] Analyzing Verilog file "C:/pickleball_v4/pickleball_v4.gen/sources_1/bd/design_1/ipshared/4ccd/hdl/verilog/pb_predict_pb_predict_Pipeline_REG_H1_MAC_reg_head_1_weight_q_ROM_1P_LUTRAM_1R.v" into library xil_defaultlib
INFO: [VRFC 10-311] analyzing module pb_predict_pb_predict_Pipeline_REG_H1_MAC_reg_head_1_weight_q_ROM_1P_LUTRAM_1R
INFO: [VRFC 10-2263] Analyzing Verilog file "C:/pickleball_v4/pickleball_v4.gen/sources_1/bd/design_1/ipshared/4ccd/hdl/verilog/pb_predict_pb_predict_Pipeline_SCALE_INPUT.v" into library xil_defaultlib
INFO: [VRFC 10-311] analyzing module pb_predict_pb_predict_Pipeline_SCALE_INPUT
INFO: [VRFC 10-2263] Analyzing Verilog file "C:/pickleball_v4/pickleball_v4.gen/sources_1/bd/design_1/ipshared/4ccd/hdl/verilog/pb_predict_pb_predict_Pipeline_SCALE_INPUT_x_scaler_mean_ROM_1P_LUTRAM_1R.v" into library xil_defaultlib
INFO: [VRFC 10-311] analyzing module pb_predict_pb_predict_Pipeline_SCALE_INPUT_x_scaler_mean_ROM_1P_LUTRAM_1R
INFO: [VRFC 10-2263] Analyzing Verilog file "C:/pickleball_v4/pickleball_v4.gen/sources_1/bd/design_1/ipshared/4ccd/hdl/verilog/pb_predict_pb_predict_Pipeline_SCALE_INPUT_x_scaler_scale_ROM_1P_LUTRAM_1R.v" into library xil_defaultlib
INFO: [VRFC 10-311] analyzing module pb_predict_pb_predict_Pipeline_SCALE_INPUT_x_scaler_scale_ROM_1P_LUTRAM_1R
INFO: [VRFC 10-2263] Analyzing Verilog file "C:/pickleball_v4/pickleball_v4.gen/sources_1/bd/design_1/ipshared/4ccd/hdl/verilog/pb_predict_pb_predict_Pipeline_WRITE_CLS.v" into library xil_defaultlib
INFO: [VRFC 10-311] analyzing module pb_predict_pb_predict_Pipeline_WRITE_CLS
INFO: [VRFC 10-2263] Analyzing Verilog file "C:/pickleball_v4/pickleball_v4.gen/sources_1/bd/design_1/ipshared/4ccd/hdl/verilog/pb_predict_pb_predict_Pipeline_WRITE_REG.v" into library xil_defaultlib
INFO: [VRFC 10-311] analyzing module pb_predict_pb_predict_Pipeline_WRITE_REG
INFO: [VRFC 10-2263] Analyzing Verilog file "C:/pickleball_v4/pickleball_v4.gen/sources_1/bd/design_1/ipshared/4ccd/hdl/verilog/pb_predict_reg_head_0_bias_ROM_1P_LUTRAM_1R.v" into library xil_defaultlib
INFO: [VRFC 10-311] analyzing module pb_predict_reg_head_0_bias_ROM_1P_LUTRAM_1R
INFO: [VRFC 10-2263] Analyzing Verilog file "C:/pickleball_v4/pickleball_v4.gen/sources_1/bd/design_1/ipshared/4ccd/hdl/verilog/pb_predict_reg_head_1_bias_ROM_1P_LUTRAM_1R.v" into library xil_defaultlib
INFO: [VRFC 10-311] analyzing module pb_predict_reg_head_1_bias_ROM_1P_LUTRAM_1R
INFO: [VRFC 10-2263] Analyzing Verilog file "C:/pickleball_v4/pickleball_v4.gen/sources_1/bd/design_1/ipshared/4ccd/hdl/verilog/pb_predict_regslice_both.v" into library xil_defaultlib
INFO: [VRFC 10-311] analyzing module pb_predict_regslice_both
INFO: [VRFC 10-311] analyzing module pb_predict_regslice_both_w1
INFO: [VRFC 10-2263] Analyzing Verilog file "C:/pickleball_v4/pickleball_v4.gen/sources_1/bd/design_1/ipshared/4ccd/hdl/verilog/pb_predict_sitofp_32s_32_4_no_dsp_1.v" into library xil_defaultlib
INFO: [VRFC 10-311] analyzing module pb_predict_sitofp_32s_32_4_no_dsp_1
INFO: [VRFC 10-2263] Analyzing Verilog file "C:/pickleball_v4/pickleball_v4.gen/sources_1/bd/design_1/ipshared/4ccd/hdl/verilog/pb_predict_trunk_1_bias_ROM_1P_LUTRAM_1R.v" into library xil_defaultlib
INFO: [VRFC 10-311] analyzing module pb_predict_trunk_1_bias_ROM_1P_LUTRAM_1R
INFO: [VRFC 10-2263] Analyzing Verilog file "C:/pickleball_v4/pickleball_v4.gen/sources_1/bd/design_1/ipshared/4ccd/hdl/verilog/pb_predict_trunk_2_bias_ROM_1P_LUTRAM_1R.v" into library xil_defaultlib
INFO: [VRFC 10-311] analyzing module pb_predict_trunk_2_bias_ROM_1P_LUTRAM_1R
INFO: [VRFC 10-2263] Analyzing Verilog file "C:/pickleball_v4/pickleball_v4.gen/sources_1/bd/design_1/ipshared/4ccd/hdl/verilog/pb_predict_y_scaler_mean_ROM_1P_LUTRAM_1R.v" into library xil_defaultlib
INFO: [VRFC 10-311] analyzing module pb_predict_y_scaler_mean_ROM_1P_LUTRAM_1R
INFO: [VRFC 10-2263] Analyzing Verilog file "C:/pickleball_v4/pickleball_v4.gen/sources_1/bd/design_1/ipshared/4ccd/hdl/verilog/pb_predict_y_scaler_scale_ROM_1P_LUTRAM_1R.v" into library xil_defaultlib
INFO: [VRFC 10-311] analyzing module pb_predict_y_scaler_scale_ROM_1P_LUTRAM_1R
INFO: [VRFC 10-2263] Analyzing Verilog file "C:/pickleball_v4/pickleball_v4.gen/sources_1/bd/design_1/ipshared/4ccd/hdl/verilog/pb_predict.v" into library xil_defaultlib
INFO: [VRFC 10-311] analyzing module pb_predict
INFO: [VRFC 10-2263] Analyzing Verilog file "C:/pickleball_v4/pickleball_v4.gen/sources_1/bd/design_1/ipshared/4ccd/hdl/ip/pb_predict_faddfsub_32ns_32ns_32_5_full_dsp_1_ip.v" into library xil_defaultlib
INFO: [VRFC 10-311] analyzing module pb_predict_faddfsub_32ns_32ns_32_5_full_dsp_1_ip
INFO: [VRFC 10-2263] Analyzing Verilog file "C:/pickleball_v4/pickleball_v4.gen/sources_1/bd/design_1/ipshared/4ccd/hdl/ip/pb_predict_fadd_32ns_32ns_32_5_full_dsp_1_ip.v" into library xil_defaultlib
INFO: [VRFC 10-311] analyzing module pb_predict_fadd_32ns_32ns_32_5_full_dsp_1_ip
INFO: [VRFC 10-2263] Analyzing Verilog file "C:/pickleball_v4/pickleball_v4.gen/sources_1/bd/design_1/ipshared/4ccd/hdl/ip/pb_predict_fcmp_32ns_32ns_1_2_no_dsp_1_ip.v" into library xil_defaultlib
INFO: [VRFC 10-311] analyzing module pb_predict_fcmp_32ns_32ns_1_2_no_dsp_1_ip
INFO: [VRFC 10-2263] Analyzing Verilog file "C:/pickleball_v4/pickleball_v4.gen/sources_1/bd/design_1/ipshared/4ccd/hdl/ip/pb_predict_fdiv_32ns_32ns_32_10_no_dsp_1_ip.v" into library xil_defaultlib
INFO: [VRFC 10-311] analyzing module pb_predict_fdiv_32ns_32ns_32_10_no_dsp_1_ip
INFO: [VRFC 10-2263] Analyzing Verilog file "C:/pickleball_v4/pickleball_v4.gen/sources_1/bd/design_1/ipshared/4ccd/hdl/ip/pb_predict_fmul_32ns_32ns_32_4_max_dsp_1_ip.v" into library xil_defaultlib
INFO: [VRFC 10-311] analyzing module pb_predict_fmul_32ns_32ns_32_4_max_dsp_1_ip
INFO: [VRFC 10-2263] Analyzing Verilog file "C:/pickleball_v4/pickleball_v4.gen/sources_1/bd/design_1/ipshared/4ccd/hdl/ip/pb_predict_sitofp_32s_32_4_no_dsp_1_ip.v" into library xil_defaultlib
INFO: [VRFC 10-311] analyzing module pb_predict_sitofp_32s_32_4_no_dsp_1_ip
INFO: [VRFC 10-2263] Analyzing Verilog file "C:/pickleball_v4/pickleball_v4.ip_user_files/bd/design_1/ip/design_1_pb_predict_0_1/sim/design_1_pb_predict_0_1.v" into library xil_defaultlib
INFO: [VRFC 10-311] analyzing module design_1_pb_predict_0_1
INFO: [VRFC 10-2263] Analyzing Verilog file "C:/pickleball_v4/pickleball_v4.ip_user_files/bd/design_1/ip/design_1_xbar_0/sim/design_1_xbar_0.v" into library xil_defaultlib
INFO: [VRFC 10-311] analyzing module design_1_xbar_0
INFO: [VRFC 10-2263] Analyzing Verilog file "C:/pickleball_v4/pickleball_v4.ip_user_files/bd/design_1/ip/design_1_xlconcat_0_0/sim/design_1_xlconcat_0_0.v" into library xil_defaultlib
INFO: [VRFC 10-311] analyzing module design_1_xlconcat_0_0
INFO: [VRFC 10-2263] Analyzing Verilog file "C:/pickleball_v4/pickleball_v4.ip_user_files/bd/design_1/ip/design_1_xbar_1/sim/design_1_xbar_1.v" into library xil_defaultlib
INFO: [VRFC 10-311] analyzing module design_1_xbar_1
INFO: [VRFC 10-2263] Analyzing Verilog file "C:/pickleball_v4/pickleball_v4.ip_user_files/bd/design_1/sim/design_1.v" into library xil_defaultlib
INFO: [VRFC 10-311] analyzing module design_1
INFO: [VRFC 10-311] analyzing module design_1_axi_mem_intercon_0
INFO: [VRFC 10-311] analyzing module design_1_ps8_0_axi_periph_0
INFO: [VRFC 10-311] analyzing module m00_couplers_imp_1R706YB
INFO: [VRFC 10-311] analyzing module m00_couplers_imp_QJIMLI
INFO: [VRFC 10-311] analyzing module m01_couplers_imp_1D3SAH3
INFO: [VRFC 10-311] analyzing module s00_couplers_imp_1A7ZMW4
INFO: [VRFC 10-311] analyzing module s00_couplers_imp_7HNO1D
INFO: [VRFC 10-311] analyzing module s01_couplers_imp_1W60HW0
INFO: [VRFC 10-2263] Analyzing Verilog file "C:/pickleball_v4/pickleball_v4.ip_user_files/bd/design_1/ip/design_1_auto_pc_0/sim/design_1_auto_pc_0.v" into library xil_defaultlib
INFO: [VRFC 10-311] analyzing module design_1_auto_pc_0
INFO: [VRFC 10-2263] Analyzing Verilog file "C:/pickleball_v4/pickleball_v4.ip_user_files/bd/design_1/ip/design_1_auto_us_0/sim/design_1_auto_us_0.v" into library xil_defaultlib
INFO: [VRFC 10-311] analyzing module design_1_auto_us_0
INFO: [VRFC 10-2263] Analyzing Verilog file "C:/pickleball_v4/pickleball_v4.ip_user_files/bd/design_1/ip/design_1_auto_us_1/sim/design_1_auto_us_1.v" into library xil_defaultlib
INFO: [VRFC 10-311] analyzing module design_1_auto_us_1
INFO: [VRFC 10-2263] Analyzing Verilog file "C:/pickleball_v4/pickleball_v4.gen/sources_1/bd/design_1/hdl/design_1_wrapper.v" into library xil_defaultlib
INFO: [VRFC 10-311] analyzing module design_1_wrapper
INFO: [VRFC 10-2263] Analyzing Verilog file "C:/pickleball_v4/pickleball_v4.sim/sim_1/behav/xsim/glbl.v" into library xil_defaultlib
INFO: [VRFC 10-311] analyzing module glbl
