
*** Running vivado
    with args -log design_1_wrapper.vds -m64 -product Vivado -mode batch -messageDb vivado.pb -notrace -source design_1_wrapper.tcl



****** Vivado v2022.1 (64-bit)
  **** SW Build 3526262 on Mon Apr 18 15:48:16 MDT 2022
  **** IP Build 3524634 on Mon Apr 18 20:55:01 MDT 2022
    ** Copyright 1986-2022 Xilinx, Inc. All Rights Reserved.

source design_1_wrapper.tcl -notrace
INFO: [IP_Flow 19-234] Refreshing IP repositories
INFO: [IP_Flow 19-1700] Loaded user IP repository 'c:/Users/NCF/Downloads/CG4002/ultra96_env/hls_src/pickleball_hls/solution1/impl/ip'.
INFO: [IP_Flow 19-2313] Loaded Vivado IP repository 'C:/Xilinx/Vivado/2022.1/data/ip'.
WARNING: [IP_Flow 19-4995] The host OS only allows 260 characters in a normal path. The IP cache path is more than 80 characters. If you experience issues with IP caching, please consider changing the IP cache to a location with a shorter path. Alternately consider using the OS subst command to map part of the path to a drive letter. 
Current IP cache path is c:/Users/NCF/Downloads/CG4002/ultra96_env/hls_src/Pickleball_vivado/Pickleball_vivado.cache/ip 
Command: read_checkpoint -auto_incremental -incremental C:/Users/NCF/Downloads/CG4002/ultra96_env/hls_src/Pickleball_vivado/Pickleball_vivado.srcs/utils_1/imports/synth_1/design_1_wrapper.dcp
INFO: [Vivado 12-5825] Read reference checkpoint from C:/Users/NCF/Downloads/CG4002/ultra96_env/hls_src/Pickleball_vivado/Pickleball_vivado.srcs/utils_1/imports/synth_1/design_1_wrapper.dcp for incremental synthesis
INFO: [Vivado 12-7989] Please ensure there are no constraint changes
Command: synth_design -top design_1_wrapper -part xczu3eg-sbva484-1-e
Starting synth_design
Attempting to get a license for feature 'Synthesis' and/or device 'xczu3eg'
INFO: [Common 17-349] Got license for feature 'Synthesis' and/or device 'xczu3eg'
INFO: [Device 21-403] Loading part xczu3eg-sbva484-1-e
INFO: [Designutils 20-5440] No compile time benefit to using incremental synthesis; A full resynthesis will be run
INFO: [Designutils 20-4379] Flow is switching to default flow due to incremental criteria not met. If you would like to alter this behaviour and have the flow terminate instead, please set the following parameter config_implementation {autoIncr.Synth.RejectBehavior Terminate}
INFO: [Synth 8-7079] Multithreading enabled for synth_design using a maximum of 2 processes.
INFO: [Synth 8-7078] Launching helper process for spawning children vivado processes
INFO: [Synth 8-7075] Helper process launched with PID 58120
WARNING: [Synth 8-9501] generate block is allowed only inside loop and conditional generate in SystemVerilog mode [C:/Xilinx/Vivado/2022.1/data/ip/xpm/xpm_fifo/hdl/xpm_fifo.sv:4023]
---------------------------------------------------------------------------------
Starting RTL Elaboration : Time (s): cpu = 00:00:03 ; elapsed = 00:00:03 . Memory (MB): peak = 1669.496 ; gain = 317.195
---------------------------------------------------------------------------------
INFO: [Synth 8-6157] synthesizing module 'design_1_wrapper' [C:/Users/NCF/Downloads/CG4002/ultra96_env/hls_src/Pickleball_vivado/Pickleball_vivado.srcs/sources_1/imports/design_1_wrapper.v:12]
INFO: [Synth 8-6157] synthesizing module 'design_1' [c:/Users/NCF/Downloads/CG4002/ultra96_env/hls_src/Pickleball_vivado/Pickleball_vivado.gen/sources_1/bd/design_1/synth/design_1.v:12]
INFO: [Synth 8-6157] synthesizing module 'design_1_axi_dma_0_0' [C:/Users/NCF/Downloads/CG4002/ultra96_env/hls_src/Pickleball_vivado/Pickleball_vivado.runs/synth_1/.Xil/Vivado-69524-DESKTOP-7SAHPI6/realtime/design_1_axi_dma_0_0_stub.v:5]
INFO: [Synth 8-6155] done synthesizing module 'design_1_axi_dma_0_0' (0#1) [C:/Users/NCF/Downloads/CG4002/ultra96_env/hls_src/Pickleball_vivado/Pickleball_vivado.runs/synth_1/.Xil/Vivado-69524-DESKTOP-7SAHPI6/realtime/design_1_axi_dma_0_0_stub.v:5]
WARNING: [Synth 8-7071] port 'mm2s_prmry_reset_out_n' of module 'design_1_axi_dma_0_0' is unconnected for instance 'axi_dma_0' [c:/Users/NCF/Downloads/CG4002/ultra96_env/hls_src/Pickleball_vivado/Pickleball_vivado.gen/sources_1/bd/design_1/synth/design_1.v:169]
WARNING: [Synth 8-7071] port 's2mm_prmry_reset_out_n' of module 'design_1_axi_dma_0_0' is unconnected for instance 'axi_dma_0' [c:/Users/NCF/Downloads/CG4002/ultra96_env/hls_src/Pickleball_vivado/Pickleball_vivado.gen/sources_1/bd/design_1/synth/design_1.v:169]
WARNING: [Synth 8-7071] port 'axi_dma_tstvec' of module 'design_1_axi_dma_0_0' is unconnected for instance 'axi_dma_0' [c:/Users/NCF/Downloads/CG4002/ultra96_env/hls_src/Pickleball_vivado/Pickleball_vivado.gen/sources_1/bd/design_1/synth/design_1.v:169]
WARNING: [Synth 8-7023] instance 'axi_dma_0' of module 'design_1_axi_dma_0_0' has 64 connections declared, but only 61 given [c:/Users/NCF/Downloads/CG4002/ultra96_env/hls_src/Pickleball_vivado/Pickleball_vivado.gen/sources_1/bd/design_1/synth/design_1.v:169]
INFO: [Synth 8-6157] synthesizing module 'design_1_axi_mem_intercon_0' [c:/Users/NCF/Downloads/CG4002/ultra96_env/hls_src/Pickleball_vivado/Pickleball_vivado.gen/sources_1/bd/design_1/synth/design_1.v:511]
INFO: [Synth 8-6157] synthesizing module 'm00_couplers_imp_1R706YB' [c:/Users/NCF/Downloads/CG4002/ultra96_env/hls_src/Pickleball_vivado/Pickleball_vivado.gen/sources_1/bd/design_1/synth/design_1.v:1634]
INFO: [Synth 8-6155] done synthesizing module 'm00_couplers_imp_1R706YB' (0#1) [c:/Users/NCF/Downloads/CG4002/ultra96_env/hls_src/Pickleball_vivado/Pickleball_vivado.gen/sources_1/bd/design_1/synth/design_1.v:1634]
INFO: [Synth 8-6157] synthesizing module 's00_couplers_imp_7HNO1D' [c:/Users/NCF/Downloads/CG4002/ultra96_env/hls_src/Pickleball_vivado/Pickleball_vivado.gen/sources_1/bd/design_1/synth/design_1.v:2465]
INFO: [Synth 8-6157] synthesizing module 'design_1_auto_us_0' [C:/Users/NCF/Downloads/CG4002/ultra96_env/hls_src/Pickleball_vivado/Pickleball_vivado.runs/synth_1/.Xil/Vivado-69524-DESKTOP-7SAHPI6/realtime/design_1_auto_us_0_stub.v:5]
INFO: [Synth 8-6155] done synthesizing module 'design_1_auto_us_0' (0#1) [C:/Users/NCF/Downloads/CG4002/ultra96_env/hls_src/Pickleball_vivado/Pickleball_vivado.runs/synth_1/.Xil/Vivado-69524-DESKTOP-7SAHPI6/realtime/design_1_auto_us_0_stub.v:5]
WARNING: [Synth 8-7071] port 'm_axi_arregion' of module 'design_1_auto_us_0' is unconnected for instance 'auto_us' [c:/Users/NCF/Downloads/CG4002/ultra96_env/hls_src/Pickleball_vivado/Pickleball_vivado.gen/sources_1/bd/design_1/synth/design_1.v:2592]
WARNING: [Synth 8-7023] instance 'auto_us' of module 'design_1_auto_us_0' has 34 connections declared, but only 33 given [c:/Users/NCF/Downloads/CG4002/ultra96_env/hls_src/Pickleball_vivado/Pickleball_vivado.gen/sources_1/bd/design_1/synth/design_1.v:2592]
INFO: [Synth 8-6155] done synthesizing module 's00_couplers_imp_7HNO1D' (0#1) [c:/Users/NCF/Downloads/CG4002/ultra96_env/hls_src/Pickleball_vivado/Pickleball_vivado.gen/sources_1/bd/design_1/synth/design_1.v:2465]
INFO: [Synth 8-6157] synthesizing module 's01_couplers_imp_1W60HW0' [c:/Users/NCF/Downloads/CG4002/ultra96_env/hls_src/Pickleball_vivado/Pickleball_vivado.gen/sources_1/bd/design_1/synth/design_1.v:2628]
INFO: [Synth 8-6157] synthesizing module 'design_1_auto_us_1' [C:/Users/NCF/Downloads/CG4002/ultra96_env/hls_src/Pickleball_vivado/Pickleball_vivado.runs/synth_1/.Xil/Vivado-69524-DESKTOP-7SAHPI6/realtime/design_1_auto_us_1_stub.v:5]
INFO: [Synth 8-6155] done synthesizing module 'design_1_auto_us_1' (0#1) [C:/Users/NCF/Downloads/CG4002/ultra96_env/hls_src/Pickleball_vivado/Pickleball_vivado.runs/synth_1/.Xil/Vivado-69524-DESKTOP-7SAHPI6/realtime/design_1_auto_us_1_stub.v:5]
WARNING: [Synth 8-7071] port 'm_axi_awregion' of module 'design_1_auto_us_1' is unconnected for instance 'auto_us' [c:/Users/NCF/Downloads/CG4002/ultra96_env/hls_src/Pickleball_vivado/Pickleball_vivado.gen/sources_1/bd/design_1/synth/design_1.v:2779]
WARNING: [Synth 8-7023] instance 'auto_us' of module 'design_1_auto_us_1' has 40 connections declared, but only 39 given [c:/Users/NCF/Downloads/CG4002/ultra96_env/hls_src/Pickleball_vivado/Pickleball_vivado.gen/sources_1/bd/design_1/synth/design_1.v:2779]
INFO: [Synth 8-6155] done synthesizing module 's01_couplers_imp_1W60HW0' (0#1) [c:/Users/NCF/Downloads/CG4002/ultra96_env/hls_src/Pickleball_vivado/Pickleball_vivado.gen/sources_1/bd/design_1/synth/design_1.v:2628]
INFO: [Synth 8-6157] synthesizing module 'design_1_xbar_1' [C:/Users/NCF/Downloads/CG4002/ultra96_env/hls_src/Pickleball_vivado/Pickleball_vivado.runs/synth_1/.Xil/Vivado-69524-DESKTOP-7SAHPI6/realtime/design_1_xbar_1_stub.v:5]
INFO: [Synth 8-6155] done synthesizing module 'design_1_xbar_1' (0#1) [C:/Users/NCF/Downloads/CG4002/ultra96_env/hls_src/Pickleball_vivado/Pickleball_vivado.runs/synth_1/.Xil/Vivado-69524-DESKTOP-7SAHPI6/realtime/design_1_xbar_1_stub.v:5]
WARNING: [Synth 8-689] width (1) of port connection 's_axi_arready' does not match port width (2) of module 'design_1_xbar_1' [c:/Users/NCF/Downloads/CG4002/ultra96_env/hls_src/Pickleball_vivado/Pickleball_vivado.gen/sources_1/bd/design_1/synth/design_1.v:1071]
WARNING: [Synth 8-689] width (128) of port connection 's_axi_rdata' does not match port width (256) of module 'design_1_xbar_1' [c:/Users/NCF/Downloads/CG4002/ultra96_env/hls_src/Pickleball_vivado/Pickleball_vivado.gen/sources_1/bd/design_1/synth/design_1.v:1088]
WARNING: [Synth 8-689] width (1) of port connection 's_axi_rlast' does not match port width (2) of module 'design_1_xbar_1' [c:/Users/NCF/Downloads/CG4002/ultra96_env/hls_src/Pickleball_vivado/Pickleball_vivado.gen/sources_1/bd/design_1/synth/design_1.v:1089]
WARNING: [Synth 8-689] width (2) of port connection 's_axi_rresp' does not match port width (4) of module 'design_1_xbar_1' [c:/Users/NCF/Downloads/CG4002/ultra96_env/hls_src/Pickleball_vivado/Pickleball_vivado.gen/sources_1/bd/design_1/synth/design_1.v:1091]
WARNING: [Synth 8-689] width (1) of port connection 's_axi_rvalid' does not match port width (2) of module 'design_1_xbar_1' [c:/Users/NCF/Downloads/CG4002/ultra96_env/hls_src/Pickleball_vivado/Pickleball_vivado.gen/sources_1/bd/design_1/synth/design_1.v:1092]
WARNING: [Synth 8-7071] port 's_axi_bid' of module 'design_1_xbar_1' is unconnected for instance 'xbar' [c:/Users/NCF/Downloads/CG4002/ultra96_env/hls_src/Pickleball_vivado/Pickleball_vivado.gen/sources_1/bd/design_1/synth/design_1.v:1023]
WARNING: [Synth 8-7071] port 's_axi_rid' of module 'design_1_xbar_1' is unconnected for instance 'xbar' [c:/Users/NCF/Downloads/CG4002/ultra96_env/hls_src/Pickleball_vivado/Pickleball_vivado.gen/sources_1/bd/design_1/synth/design_1.v:1023]
WARNING: [Synth 8-7071] port 'm_axi_awregion' of module 'design_1_xbar_1' is unconnected for instance 'xbar' [c:/Users/NCF/Downloads/CG4002/ultra96_env/hls_src/Pickleball_vivado/Pickleball_vivado.gen/sources_1/bd/design_1/synth/design_1.v:1023]
WARNING: [Synth 8-7071] port 'm_axi_arregion' of module 'design_1_xbar_1' is unconnected for instance 'xbar' [c:/Users/NCF/Downloads/CG4002/ultra96_env/hls_src/Pickleball_vivado/Pickleball_vivado.gen/sources_1/bd/design_1/synth/design_1.v:1023]
WARNING: [Synth 8-7023] instance 'xbar' of module 'design_1_xbar_1' has 78 connections declared, but only 74 given [c:/Users/NCF/Downloads/CG4002/ultra96_env/hls_src/Pickleball_vivado/Pickleball_vivado.gen/sources_1/bd/design_1/synth/design_1.v:1023]
INFO: [Synth 8-6155] done synthesizing module 'design_1_axi_mem_intercon_0' (0#1) [c:/Users/NCF/Downloads/CG4002/ultra96_env/hls_src/Pickleball_vivado/Pickleball_vivado.gen/sources_1/bd/design_1/synth/design_1.v:511]
INFO: [Synth 8-6157] synthesizing module 'design_1_pb_predict_0_1' [C:/Users/NCF/Downloads/CG4002/ultra96_env/hls_src/Pickleball_vivado/Pickleball_vivado.runs/synth_1/.Xil/Vivado-69524-DESKTOP-7SAHPI6/realtime/design_1_pb_predict_0_1_stub.v:5]
INFO: [Synth 8-6155] done synthesizing module 'design_1_pb_predict_0_1' (0#1) [C:/Users/NCF/Downloads/CG4002/ultra96_env/hls_src/Pickleball_vivado/Pickleball_vivado.runs/synth_1/.Xil/Vivado-69524-DESKTOP-7SAHPI6/realtime/design_1_pb_predict_0_1_stub.v:5]
WARNING: [Synth 8-7071] port 'interrupt' of module 'design_1_pb_predict_0_1' is unconnected for instance 'pb_predict_0' [c:/Users/NCF/Downloads/CG4002/ultra96_env/hls_src/Pickleball_vivado/Pickleball_vivado.gen/sources_1/bd/design_1/synth/design_1.v:306]
WARNING: [Synth 8-7071] port 'output_stream_TSTRB' of module 'design_1_pb_predict_0_1' is unconnected for instance 'pb_predict_0' [c:/Users/NCF/Downloads/CG4002/ultra96_env/hls_src/Pickleball_vivado/Pickleball_vivado.gen/sources_1/bd/design_1/synth/design_1.v:306]
WARNING: [Synth 8-7023] instance 'pb_predict_0' of module 'design_1_pb_predict_0_1' has 32 connections declared, but only 30 given [c:/Users/NCF/Downloads/CG4002/ultra96_env/hls_src/Pickleball_vivado/Pickleball_vivado.gen/sources_1/bd/design_1/synth/design_1.v:306]
INFO: [Synth 8-6157] synthesizing module 'design_1_ps8_0_axi_periph_0' [c:/Users/NCF/Downloads/CG4002/ultra96_env/hls_src/Pickleball_vivado/Pickleball_vivado.gen/sources_1/bd/design_1/synth/design_1.v:1100]
INFO: [Synth 8-6157] synthesizing module 'm00_couplers_imp_QJIMLI' [c:/Users/NCF/Downloads/CG4002/ultra96_env/hls_src/Pickleball_vivado/Pickleball_vivado.gen/sources_1/bd/design_1/synth/design_1.v:1906]
INFO: [Synth 8-6155] done synthesizing module 'm00_couplers_imp_QJIMLI' (0#1) [c:/Users/NCF/Downloads/CG4002/ultra96_env/hls_src/Pickleball_vivado/Pickleball_vivado.gen/sources_1/bd/design_1/synth/design_1.v:1906]
INFO: [Synth 8-6157] synthesizing module 'm01_couplers_imp_1D3SAH3' [c:/Users/NCF/Downloads/CG4002/ultra96_env/hls_src/Pickleball_vivado/Pickleball_vivado.gen/sources_1/bd/design_1/synth/design_1.v:2031]
INFO: [Synth 8-6155] done synthesizing module 'm01_couplers_imp_1D3SAH3' (0#1) [c:/Users/NCF/Downloads/CG4002/ultra96_env/hls_src/Pickleball_vivado/Pickleball_vivado.gen/sources_1/bd/design_1/synth/design_1.v:2031]
INFO: [Synth 8-6157] synthesizing module 's00_couplers_imp_1A7ZMW4' [c:/Users/NCF/Downloads/CG4002/ultra96_env/hls_src/Pickleball_vivado/Pickleball_vivado.gen/sources_1/bd/design_1/synth/design_1.v:2163]
INFO: [Synth 8-6157] synthesizing module 'design_1_auto_pc_0' [C:/Users/NCF/Downloads/CG4002/ultra96_env/hls_src/Pickleball_vivado/Pickleball_vivado.runs/synth_1/.Xil/Vivado-69524-DESKTOP-7SAHPI6/realtime/design_1_auto_pc_0_stub.v:5]
INFO: [Synth 8-6155] done synthesizing module 'design_1_auto_pc_0' (0#1) [C:/Users/NCF/Downloads/CG4002/ultra96_env/hls_src/Pickleball_vivado/Pickleball_vivado.runs/synth_1/.Xil/Vivado-69524-DESKTOP-7SAHPI6/realtime/design_1_auto_pc_0_stub.v:5]
INFO: [Synth 8-6155] done synthesizing module 's00_couplers_imp_1A7ZMW4' (0#1) [c:/Users/NCF/Downloads/CG4002/ultra96_env/hls_src/Pickleball_vivado/Pickleball_vivado.gen/sources_1/bd/design_1/synth/design_1.v:2163]
INFO: [Synth 8-6157] synthesizing module 'design_1_xbar_0' [C:/Users/NCF/Downloads/CG4002/ultra96_env/hls_src/Pickleball_vivado/Pickleball_vivado.runs/synth_1/.Xil/Vivado-69524-DESKTOP-7SAHPI6/realtime/design_1_xbar_0_stub.v:5]
INFO: [Synth 8-6155] done synthesizing module 'design_1_xbar_0' (0#1) [C:/Users/NCF/Downloads/CG4002/ultra96_env/hls_src/Pickleball_vivado/Pickleball_vivado.runs/synth_1/.Xil/Vivado-69524-DESKTOP-7SAHPI6/realtime/design_1_xbar_0_stub.v:5]
WARNING: [Synth 8-7071] port 'm_axi_awprot' of module 'design_1_xbar_0' is unconnected for instance 'xbar' [c:/Users/NCF/Downloads/CG4002/ultra96_env/hls_src/Pickleball_vivado/Pickleball_vivado.gen/sources_1/bd/design_1/synth/design_1.v:1593]
WARNING: [Synth 8-7071] port 'm_axi_arprot' of module 'design_1_xbar_0' is unconnected for instance 'xbar' [c:/Users/NCF/Downloads/CG4002/ultra96_env/hls_src/Pickleball_vivado/Pickleball_vivado.gen/sources_1/bd/design_1/synth/design_1.v:1593]
WARNING: [Synth 8-7023] instance 'xbar' of module 'design_1_xbar_0' has 40 connections declared, but only 38 given [c:/Users/NCF/Downloads/CG4002/ultra96_env/hls_src/Pickleball_vivado/Pickleball_vivado.gen/sources_1/bd/design_1/synth/design_1.v:1593]
INFO: [Synth 8-6155] done synthesizing module 'design_1_ps8_0_axi_periph_0' (0#1) [c:/Users/NCF/Downloads/CG4002/ultra96_env/hls_src/Pickleball_vivado/Pickleball_vivado.gen/sources_1/bd/design_1/synth/design_1.v:1100]
INFO: [Synth 8-6157] synthesizing module 'design_1_rst_ps8_0_24M_0' [C:/Users/NCF/Downloads/CG4002/ultra96_env/hls_src/Pickleball_vivado/Pickleball_vivado.runs/synth_1/.Xil/Vivado-69524-DESKTOP-7SAHPI6/realtime/design_1_rst_ps8_0_24M_0_stub.v:5]
INFO: [Synth 8-6155] done synthesizing module 'design_1_rst_ps8_0_24M_0' (0#1) [C:/Users/NCF/Downloads/CG4002/ultra96_env/hls_src/Pickleball_vivado/Pickleball_vivado.runs/synth_1/.Xil/Vivado-69524-DESKTOP-7SAHPI6/realtime/design_1_rst_ps8_0_24M_0_stub.v:5]
WARNING: [Synth 8-7071] port 'mb_reset' of module 'design_1_rst_ps8_0_24M_0' is unconnected for instance 'rst_ps8_0_24M' [c:/Users/NCF/Downloads/CG4002/ultra96_env/hls_src/Pickleball_vivado/Pickleball_vivado.gen/sources_1/bd/design_1/synth/design_1.v:416]
WARNING: [Synth 8-7071] port 'bus_struct_reset' of module 'design_1_rst_ps8_0_24M_0' is unconnected for instance 'rst_ps8_0_24M' [c:/Users/NCF/Downloads/CG4002/ultra96_env/hls_src/Pickleball_vivado/Pickleball_vivado.gen/sources_1/bd/design_1/synth/design_1.v:416]
WARNING: [Synth 8-7071] port 'peripheral_reset' of module 'design_1_rst_ps8_0_24M_0' is unconnected for instance 'rst_ps8_0_24M' [c:/Users/NCF/Downloads/CG4002/ultra96_env/hls_src/Pickleball_vivado/Pickleball_vivado.gen/sources_1/bd/design_1/synth/design_1.v:416]
WARNING: [Synth 8-7071] port 'interconnect_aresetn' of module 'design_1_rst_ps8_0_24M_0' is unconnected for instance 'rst_ps8_0_24M' [c:/Users/NCF/Downloads/CG4002/ultra96_env/hls_src/Pickleball_vivado/Pickleball_vivado.gen/sources_1/bd/design_1/synth/design_1.v:416]
WARNING: [Synth 8-7023] instance 'rst_ps8_0_24M' of module 'design_1_rst_ps8_0_24M_0' has 10 connections declared, but only 6 given [c:/Users/NCF/Downloads/CG4002/ultra96_env/hls_src/Pickleball_vivado/Pickleball_vivado.gen/sources_1/bd/design_1/synth/design_1.v:416]
INFO: [Synth 8-6157] synthesizing module 'design_1_xlconcat_0_0' [c:/Users/NCF/Downloads/CG4002/ultra96_env/hls_src/Pickleball_vivado/Pickleball_vivado.gen/sources_1/bd/design_1/ip/design_1_xlconcat_0_0/synth/design_1_xlconcat_0_0.v:53]
INFO: [Synth 8-6157] synthesizing module 'xlconcat_v2_1_4_xlconcat' [c:/Users/NCF/Downloads/CG4002/ultra96_env/hls_src/Pickleball_vivado/Pickleball_vivado.gen/sources_1/bd/design_1/ipshared/4b67/hdl/xlconcat_v2_1_vl_rfs.v:14]
INFO: [Synth 8-6155] done synthesizing module 'xlconcat_v2_1_4_xlconcat' (0#1) [c:/Users/NCF/Downloads/CG4002/ultra96_env/hls_src/Pickleball_vivado/Pickleball_vivado.gen/sources_1/bd/design_1/ipshared/4b67/hdl/xlconcat_v2_1_vl_rfs.v:14]
INFO: [Synth 8-6155] done synthesizing module 'design_1_xlconcat_0_0' (0#1) [c:/Users/NCF/Downloads/CG4002/ultra96_env/hls_src/Pickleball_vivado/Pickleball_vivado.gen/sources_1/bd/design_1/ip/design_1_xlconcat_0_0/synth/design_1_xlconcat_0_0.v:53]
INFO: [Synth 8-6157] synthesizing module 'design_1_zynq_ultra_ps_e_0_0' [C:/Users/NCF/Downloads/CG4002/ultra96_env/hls_src/Pickleball_vivado/Pickleball_vivado.runs/synth_1/.Xil/Vivado-69524-DESKTOP-7SAHPI6/realtime/design_1_zynq_ultra_ps_e_0_0_stub.v:5]
INFO: [Synth 8-6155] done synthesizing module 'design_1_zynq_ultra_ps_e_0_0' (0#1) [C:/Users/NCF/Downloads/CG4002/ultra96_env/hls_src/Pickleball_vivado/Pickleball_vivado.runs/synth_1/.Xil/Vivado-69524-DESKTOP-7SAHPI6/realtime/design_1_zynq_ultra_ps_e_0_0_stub.v:5]
WARNING: [Synth 8-7071] port 'maxigp2_awuser' of module 'design_1_zynq_ultra_ps_e_0_0' is unconnected for instance 'zynq_ultra_ps_e_0' [c:/Users/NCF/Downloads/CG4002/ultra96_env/hls_src/Pickleball_vivado/Pickleball_vivado.gen/sources_1/bd/design_1/synth/design_1.v:427]
WARNING: [Synth 8-7071] port 'maxigp2_aruser' of module 'design_1_zynq_ultra_ps_e_0_0' is unconnected for instance 'zynq_ultra_ps_e_0' [c:/Users/NCF/Downloads/CG4002/ultra96_env/hls_src/Pickleball_vivado/Pickleball_vivado.gen/sources_1/bd/design_1/synth/design_1.v:427]
WARNING: [Synth 8-7023] instance 'zynq_ultra_ps_e_0' of module 'design_1_zynq_ultra_ps_e_0_0' has 83 connections declared, but only 81 given [c:/Users/NCF/Downloads/CG4002/ultra96_env/hls_src/Pickleball_vivado/Pickleball_vivado.gen/sources_1/bd/design_1/synth/design_1.v:427]
INFO: [Synth 8-6155] done synthesizing module 'design_1' (0#1) [c:/Users/NCF/Downloads/CG4002/ultra96_env/hls_src/Pickleball_vivado/Pickleball_vivado.gen/sources_1/bd/design_1/synth/design_1.v:12]
INFO: [Synth 8-6155] done synthesizing module 'design_1_wrapper' (0#1) [C:/Users/NCF/Downloads/CG4002/ultra96_env/hls_src/Pickleball_vivado/Pickleball_vivado.srcs/sources_1/imports/design_1_wrapper.v:12]
WARNING: [Synth 8-7129] Port In2[0] in module xlconcat_v2_1_4_xlconcat is either unconnected or has no load
WARNING: [Synth 8-7129] Port In3[0] in module xlconcat_v2_1_4_xlconcat is either unconnected or has no load
WARNING: [Synth 8-7129] Port In4[0] in module xlconcat_v2_1_4_xlconcat is either unconnected or has no load
WARNING: [Synth 8-7129] Port In5[0] in module xlconcat_v2_1_4_xlconcat is either unconnected or has no load
WARNING: [Synth 8-7129] Port In6[0] in module xlconcat_v2_1_4_xlconcat is either unconnected or has no load
WARNING: [Synth 8-7129] Port In7[0] in module xlconcat_v2_1_4_xlconcat is either unconnected or has no load
WARNING: [Synth 8-7129] Port In8[0] in module xlconcat_v2_1_4_xlconcat is either unconnected or has no load
WARNING: [Synth 8-7129] Port In9[0] in module xlconcat_v2_1_4_xlconcat is either unconnected or has no load
WARNING: [Synth 8-7129] Port In10[0] in module xlconcat_v2_1_4_xlconcat is either unconnected or has no load
WARNING: [Synth 8-7129] Port In11[0] in module xlconcat_v2_1_4_xlconcat is either unconnected or has no load
WARNING: [Synth 8-7129] Port In12[0] in module xlconcat_v2_1_4_xlconcat is either unconnected or has no load
WARNING: [Synth 8-7129] Port In13[0] in module xlconcat_v2_1_4_xlconcat is either unconnected or has no load
WARNING: [Synth 8-7129] Port In14[0] in module xlconcat_v2_1_4_xlconcat is either unconnected or has no load
WARNING: [Synth 8-7129] Port In15[0] in module xlconcat_v2_1_4_xlconcat is either unconnected or has no load
WARNING: [Synth 8-7129] Port In16[0] in module xlconcat_v2_1_4_xlconcat is either unconnected or has no load
WARNING: [Synth 8-7129] Port In17[0] in module xlconcat_v2_1_4_xlconcat is either unconnected or has no load
WARNING: [Synth 8-7129] Port In18[0] in module xlconcat_v2_1_4_xlconcat is either unconnected or has no load
WARNING: [Synth 8-7129] Port In19[0] in module xlconcat_v2_1_4_xlconcat is either unconnected or has no load
WARNING: [Synth 8-7129] Port In20[0] in module xlconcat_v2_1_4_xlconcat is either unconnected or has no load
WARNING: [Synth 8-7129] Port In21[0] in module xlconcat_v2_1_4_xlconcat is either unconnected or has no load
WARNING: [Synth 8-7129] Port In22[0] in module xlconcat_v2_1_4_xlconcat is either unconnected or has no load
WARNING: [Synth 8-7129] Port In23[0] in module xlconcat_v2_1_4_xlconcat is either unconnected or has no load
WARNING: [Synth 8-7129] Port In24[0] in module xlconcat_v2_1_4_xlconcat is either unconnected or has no load
WARNING: [Synth 8-7129] Port In25[0] in module xlconcat_v2_1_4_xlconcat is either unconnected or has no load
WARNING: [Synth 8-7129] Port In26[0] in module xlconcat_v2_1_4_xlconcat is either unconnected or has no load
WARNING: [Synth 8-7129] Port In27[0] in module xlconcat_v2_1_4_xlconcat is either unconnected or has no load
WARNING: [Synth 8-7129] Port In28[0] in module xlconcat_v2_1_4_xlconcat is either unconnected or has no load
WARNING: [Synth 8-7129] Port In29[0] in module xlconcat_v2_1_4_xlconcat is either unconnected or has no load
WARNING: [Synth 8-7129] Port In30[0] in module xlconcat_v2_1_4_xlconcat is either unconnected or has no load
WARNING: [Synth 8-7129] Port In31[0] in module xlconcat_v2_1_4_xlconcat is either unconnected or has no load
WARNING: [Synth 8-7129] Port In32[0] in module xlconcat_v2_1_4_xlconcat is either unconnected or has no load
WARNING: [Synth 8-7129] Port In33[0] in module xlconcat_v2_1_4_xlconcat is either unconnected or has no load
WARNING: [Synth 8-7129] Port In34[0] in module xlconcat_v2_1_4_xlconcat is either unconnected or has no load
WARNING: [Synth 8-7129] Port In35[0] in module xlconcat_v2_1_4_xlconcat is either unconnected or has no load
WARNING: [Synth 8-7129] Port In36[0] in module xlconcat_v2_1_4_xlconcat is either unconnected or has no load
WARNING: [Synth 8-7129] Port In37[0] in module xlconcat_v2_1_4_xlconcat is either unconnected or has no load
WARNING: [Synth 8-7129] Port In38[0] in module xlconcat_v2_1_4_xlconcat is either unconnected or has no load
WARNING: [Synth 8-7129] Port In39[0] in module xlconcat_v2_1_4_xlconcat is either unconnected or has no load
WARNING: [Synth 8-7129] Port In40[0] in module xlconcat_v2_1_4_xlconcat is either unconnected or has no load
WARNING: [Synth 8-7129] Port In41[0] in module xlconcat_v2_1_4_xlconcat is either unconnected or has no load
WARNING: [Synth 8-7129] Port In42[0] in module xlconcat_v2_1_4_xlconcat is either unconnected or has no load
WARNING: [Synth 8-7129] Port In43[0] in module xlconcat_v2_1_4_xlconcat is either unconnected or has no load
WARNING: [Synth 8-7129] Port In44[0] in module xlconcat_v2_1_4_xlconcat is either unconnected or has no load
WARNING: [Synth 8-7129] Port In45[0] in module xlconcat_v2_1_4_xlconcat is either unconnected or has no load
WARNING: [Synth 8-7129] Port In46[0] in module xlconcat_v2_1_4_xlconcat is either unconnected or has no load
WARNING: [Synth 8-7129] Port In47[0] in module xlconcat_v2_1_4_xlconcat is either unconnected or has no load
WARNING: [Synth 8-7129] Port In48[0] in module xlconcat_v2_1_4_xlconcat is either unconnected or has no load
WARNING: [Synth 8-7129] Port In49[0] in module xlconcat_v2_1_4_xlconcat is either unconnected or has no load
WARNING: [Synth 8-7129] Port In50[0] in module xlconcat_v2_1_4_xlconcat is either unconnected or has no load
WARNING: [Synth 8-7129] Port In51[0] in module xlconcat_v2_1_4_xlconcat is either unconnected or has no load
WARNING: [Synth 8-7129] Port In52[0] in module xlconcat_v2_1_4_xlconcat is either unconnected or has no load
WARNING: [Synth 8-7129] Port In53[0] in module xlconcat_v2_1_4_xlconcat is either unconnected or has no load
WARNING: [Synth 8-7129] Port In54[0] in module xlconcat_v2_1_4_xlconcat is either unconnected or has no load
WARNING: [Synth 8-7129] Port In55[0] in module xlconcat_v2_1_4_xlconcat is either unconnected or has no load
WARNING: [Synth 8-7129] Port In56[0] in module xlconcat_v2_1_4_xlconcat is either unconnected or has no load
WARNING: [Synth 8-7129] Port In57[0] in module xlconcat_v2_1_4_xlconcat is either unconnected or has no load
WARNING: [Synth 8-7129] Port In58[0] in module xlconcat_v2_1_4_xlconcat is either unconnected or has no load
WARNING: [Synth 8-7129] Port In59[0] in module xlconcat_v2_1_4_xlconcat is either unconnected or has no load
WARNING: [Synth 8-7129] Port In60[0] in module xlconcat_v2_1_4_xlconcat is either unconnected or has no load
WARNING: [Synth 8-7129] Port In61[0] in module xlconcat_v2_1_4_xlconcat is either unconnected or has no load
WARNING: [Synth 8-7129] Port In62[0] in module xlconcat_v2_1_4_xlconcat is either unconnected or has no load
WARNING: [Synth 8-7129] Port In63[0] in module xlconcat_v2_1_4_xlconcat is either unconnected or has no load
WARNING: [Synth 8-7129] Port In64[0] in module xlconcat_v2_1_4_xlconcat is either unconnected or has no load
WARNING: [Synth 8-7129] Port In65[0] in module xlconcat_v2_1_4_xlconcat is either unconnected or has no load
WARNING: [Synth 8-7129] Port In66[0] in module xlconcat_v2_1_4_xlconcat is either unconnected or has no load
WARNING: [Synth 8-7129] Port In67[0] in module xlconcat_v2_1_4_xlconcat is either unconnected or has no load
WARNING: [Synth 8-7129] Port In68[0] in module xlconcat_v2_1_4_xlconcat is either unconnected or has no load
WARNING: [Synth 8-7129] Port In69[0] in module xlconcat_v2_1_4_xlconcat is either unconnected or has no load
WARNING: [Synth 8-7129] Port In70[0] in module xlconcat_v2_1_4_xlconcat is either unconnected or has no load
WARNING: [Synth 8-7129] Port In71[0] in module xlconcat_v2_1_4_xlconcat is either unconnected or has no load
WARNING: [Synth 8-7129] Port In72[0] in module xlconcat_v2_1_4_xlconcat is either unconnected or has no load
WARNING: [Synth 8-7129] Port In73[0] in module xlconcat_v2_1_4_xlconcat is either unconnected or has no load
WARNING: [Synth 8-7129] Port In74[0] in module xlconcat_v2_1_4_xlconcat is either unconnected or has no load
WARNING: [Synth 8-7129] Port In75[0] in module xlconcat_v2_1_4_xlconcat is either unconnected or has no load
WARNING: [Synth 8-7129] Port In76[0] in module xlconcat_v2_1_4_xlconcat is either unconnected or has no load
WARNING: [Synth 8-7129] Port In77[0] in module xlconcat_v2_1_4_xlconcat is either unconnected or has no load
WARNING: [Synth 8-7129] Port In78[0] in module xlconcat_v2_1_4_xlconcat is either unconnected or has no load
WARNING: [Synth 8-7129] Port In79[0] in module xlconcat_v2_1_4_xlconcat is either unconnected or has no load
WARNING: [Synth 8-7129] Port In80[0] in module xlconcat_v2_1_4_xlconcat is either unconnected or has no load
WARNING: [Synth 8-7129] Port In81[0] in module xlconcat_v2_1_4_xlconcat is either unconnected or has no load
WARNING: [Synth 8-7129] Port In82[0] in module xlconcat_v2_1_4_xlconcat is either unconnected or has no load
WARNING: [Synth 8-7129] Port In83[0] in module xlconcat_v2_1_4_xlconcat is either unconnected or has no load
WARNING: [Synth 8-7129] Port In84[0] in module xlconcat_v2_1_4_xlconcat is either unconnected or has no load
WARNING: [Synth 8-7129] Port In85[0] in module xlconcat_v2_1_4_xlconcat is either unconnected or has no load
WARNING: [Synth 8-7129] Port In86[0] in module xlconcat_v2_1_4_xlconcat is either unconnected or has no load
WARNING: [Synth 8-7129] Port In87[0] in module xlconcat_v2_1_4_xlconcat is either unconnected or has no load
WARNING: [Synth 8-7129] Port In88[0] in module xlconcat_v2_1_4_xlconcat is either unconnected or has no load
WARNING: [Synth 8-7129] Port In89[0] in module xlconcat_v2_1_4_xlconcat is either unconnected or has no load
WARNING: [Synth 8-7129] Port In90[0] in module xlconcat_v2_1_4_xlconcat is either unconnected or has no load
WARNING: [Synth 8-7129] Port In91[0] in module xlconcat_v2_1_4_xlconcat is either unconnected or has no load
WARNING: [Synth 8-7129] Port In92[0] in module xlconcat_v2_1_4_xlconcat is either unconnected or has no load
WARNING: [Synth 8-7129] Port In93[0] in module xlconcat_v2_1_4_xlconcat is either unconnected or has no load
WARNING: [Synth 8-7129] Port In94[0] in module xlconcat_v2_1_4_xlconcat is either unconnected or has no load
WARNING: [Synth 8-7129] Port In95[0] in module xlconcat_v2_1_4_xlconcat is either unconnected or has no load
WARNING: [Synth 8-7129] Port In96[0] in module xlconcat_v2_1_4_xlconcat is either unconnected or has no load
WARNING: [Synth 8-7129] Port In97[0] in module xlconcat_v2_1_4_xlconcat is either unconnected or has no load
WARNING: [Synth 8-7129] Port In98[0] in module xlconcat_v2_1_4_xlconcat is either unconnected or has no load
WARNING: [Synth 8-7129] Port In99[0] in module xlconcat_v2_1_4_xlconcat is either unconnected or has no load
WARNING: [Synth 8-7129] Port In100[0] in module xlconcat_v2_1_4_xlconcat is either unconnected or has no load
WARNING: [Synth 8-7129] Port In101[0] in module xlconcat_v2_1_4_xlconcat is either unconnected or has no load
INFO: [Common 17-14] Message 'Synth 8-7129' appears 100 times and further instances of the messages will be disabled. Use the Tcl command set_msg_config to change the current settings.
---------------------------------------------------------------------------------
Finished RTL Elaboration : Time (s): cpu = 00:00:04 ; elapsed = 00:00:04 . Memory (MB): peak = 1762.766 ; gain = 410.465
---------------------------------------------------------------------------------
---------------------------------------------------------------------------------
Start Handling Custom Attributes
---------------------------------------------------------------------------------
---------------------------------------------------------------------------------
Finished Handling Custom Attributes : Time (s): cpu = 00:00:04 ; elapsed = 00:00:04 . Memory (MB): peak = 1780.668 ; gain = 428.367
---------------------------------------------------------------------------------
---------------------------------------------------------------------------------
Finished RTL Optimization Phase 1 : Time (s): cpu = 00:00:04 ; elapsed = 00:00:04 . Memory (MB): peak = 1780.668 ; gain = 428.367
---------------------------------------------------------------------------------
Netlist sorting complete. Time (s): cpu = 00:00:00 ; elapsed = 00:00:00.017 . Memory (MB): peak = 1780.668 ; gain = 0.000
INFO: [Project 1-570] Preparing netlist for logic optimization

Processing XDC Constraints
Initializing timing engine
Parsing XDC File [c:/Users/NCF/Downloads/CG4002/ultra96_env/hls_src/Pickleball_vivado/Pickleball_vivado.gen/sources_1/bd/design_1/ip/design_1_zynq_ultra_ps_e_0_0/design_1_zynq_ultra_ps_e_0_0/design_1_zynq_ultra_ps_e_0_0_in_context.xdc] for cell 'design_1_i/zynq_ultra_ps_e_0'
Finished Parsing XDC File [c:/Users/NCF/Downloads/CG4002/ultra96_env/hls_src/Pickleball_vivado/Pickleball_vivado.gen/sources_1/bd/design_1/ip/design_1_zynq_ultra_ps_e_0_0/design_1_zynq_ultra_ps_e_0_0/design_1_zynq_ultra_ps_e_0_0_in_context.xdc] for cell 'design_1_i/zynq_ultra_ps_e_0'
Parsing XDC File [c:/Users/NCF/Downloads/CG4002/ultra96_env/hls_src/Pickleball_vivado/Pickleball_vivado.gen/sources_1/bd/design_1/ip/design_1_axi_dma_0_0/design_1_axi_dma_0_0/design_1_axi_dma_0_0_in_context.xdc] for cell 'design_1_i/axi_dma_0'
Finished Parsing XDC File [c:/Users/NCF/Downloads/CG4002/ultra96_env/hls_src/Pickleball_vivado/Pickleball_vivado.gen/sources_1/bd/design_1/ip/design_1_axi_dma_0_0/design_1_axi_dma_0_0/design_1_axi_dma_0_0_in_context.xdc] for cell 'design_1_i/axi_dma_0'
Parsing XDC File [c:/Users/NCF/Downloads/CG4002/ultra96_env/hls_src/Pickleball_vivado/Pickleball_vivado.gen/sources_1/bd/design_1/ip/design_1_xbar_0/design_1_xbar_0/design_1_xbar_0_in_context.xdc] for cell 'design_1_i/ps8_0_axi_periph/xbar'
Finished Parsing XDC File [c:/Users/NCF/Downloads/CG4002/ultra96_env/hls_src/Pickleball_vivado/Pickleball_vivado.gen/sources_1/bd/design_1/ip/design_1_xbar_0/design_1_xbar_0/design_1_xbar_0_in_context.xdc] for cell 'design_1_i/ps8_0_axi_periph/xbar'
Parsing XDC File [c:/Users/NCF/Downloads/CG4002/ultra96_env/hls_src/Pickleball_vivado/Pickleball_vivado.gen/sources_1/bd/design_1/ip/design_1_auto_pc_0/design_1_auto_pc_0/design_1_auto_pc_0_in_context.xdc] for cell 'design_1_i/ps8_0_axi_periph/s00_couplers/auto_pc'
Finished Parsing XDC File [c:/Users/NCF/Downloads/CG4002/ultra96_env/hls_src/Pickleball_vivado/Pickleball_vivado.gen/sources_1/bd/design_1/ip/design_1_auto_pc_0/design_1_auto_pc_0/design_1_auto_pc_0_in_context.xdc] for cell 'design_1_i/ps8_0_axi_periph/s00_couplers/auto_pc'
Parsing XDC File [c:/Users/NCF/Downloads/CG4002/ultra96_env/hls_src/Pickleball_vivado/Pickleball_vivado.gen/sources_1/bd/design_1/ip/design_1_rst_ps8_0_24M_0/design_1_rst_ps8_0_24M_0/design_1_rst_ps8_0_99M_0_in_context.xdc] for cell 'design_1_i/rst_ps8_0_24M'
Finished Parsing XDC File [c:/Users/NCF/Downloads/CG4002/ultra96_env/hls_src/Pickleball_vivado/Pickleball_vivado.gen/sources_1/bd/design_1/ip/design_1_rst_ps8_0_24M_0/design_1_rst_ps8_0_24M_0/design_1_rst_ps8_0_99M_0_in_context.xdc] for cell 'design_1_i/rst_ps8_0_24M'
Parsing XDC File [c:/Users/NCF/Downloads/CG4002/ultra96_env/hls_src/Pickleball_vivado/Pickleball_vivado.gen/sources_1/bd/design_1/ip/design_1_xbar_1/design_1_xbar_1/design_1_xbar_1_in_context.xdc] for cell 'design_1_i/axi_mem_intercon/xbar'
Finished Parsing XDC File [c:/Users/NCF/Downloads/CG4002/ultra96_env/hls_src/Pickleball_vivado/Pickleball_vivado.gen/sources_1/bd/design_1/ip/design_1_xbar_1/design_1_xbar_1/design_1_xbar_1_in_context.xdc] for cell 'design_1_i/axi_mem_intercon/xbar'
Parsing XDC File [c:/Users/NCF/Downloads/CG4002/ultra96_env/hls_src/Pickleball_vivado/Pickleball_vivado.gen/sources_1/bd/design_1/ip/design_1_auto_us_0/design_1_auto_us_0/design_1_auto_us_0_in_context.xdc] for cell 'design_1_i/axi_mem_intercon/s00_couplers/auto_us'
Finished Parsing XDC File [c:/Users/NCF/Downloads/CG4002/ultra96_env/hls_src/Pickleball_vivado/Pickleball_vivado.gen/sources_1/bd/design_1/ip/design_1_auto_us_0/design_1_auto_us_0/design_1_auto_us_0_in_context.xdc] for cell 'design_1_i/axi_mem_intercon/s00_couplers/auto_us'
Parsing XDC File [c:/Users/NCF/Downloads/CG4002/ultra96_env/hls_src/Pickleball_vivado/Pickleball_vivado.gen/sources_1/bd/design_1/ip/design_1_auto_us_1/design_1_auto_us_1/design_1_auto_us_1_in_context.xdc] for cell 'design_1_i/axi_mem_intercon/s01_couplers/auto_us'
Finished Parsing XDC File [c:/Users/NCF/Downloads/CG4002/ultra96_env/hls_src/Pickleball_vivado/Pickleball_vivado.gen/sources_1/bd/design_1/ip/design_1_auto_us_1/design_1_auto_us_1/design_1_auto_us_1_in_context.xdc] for cell 'design_1_i/axi_mem_intercon/s01_couplers/auto_us'
Parsing XDC File [c:/Users/NCF/Downloads/CG4002/ultra96_env/hls_src/Pickleball_vivado/Pickleball_vivado.gen/sources_1/bd/design_1/ip/design_1_pb_predict_0_1/design_1_pb_predict_0_1/design_1_pb_predict_0_1_in_context.xdc] for cell 'design_1_i/pb_predict_0'
Finished Parsing XDC File [c:/Users/NCF/Downloads/CG4002/ultra96_env/hls_src/Pickleball_vivado/Pickleball_vivado.gen/sources_1/bd/design_1/ip/design_1_pb_predict_0_1/design_1_pb_predict_0_1/design_1_pb_predict_0_1_in_context.xdc] for cell 'design_1_i/pb_predict_0'
Parsing XDC File [C:/Users/NCF/Downloads/CG4002/ultra96_env/hls_src/Pickleball_vivado/Pickleball_vivado.runs/synth_1/dont_touch.xdc]
Finished Parsing XDC File [C:/Users/NCF/Downloads/CG4002/ultra96_env/hls_src/Pickleball_vivado/Pickleball_vivado.runs/synth_1/dont_touch.xdc]
Completed Processing XDC Constraints

Netlist sorting complete. Time (s): cpu = 00:00:00 ; elapsed = 00:00:00 . Memory (MB): peak = 1810.070 ; gain = 0.000
INFO: [Project 1-111] Unisim Transformation Summary:
No Unisim elements were transformed.

Constraint Validation Runtime : Time (s): cpu = 00:00:00 ; elapsed = 00:00:00.008 . Memory (MB): peak = 1810.070 ; gain = 0.000
INFO: [Designutils 20-5440] No compile time benefit to using incremental synthesis; A full resynthesis will be run
INFO: [Designutils 20-4379] Flow is switching to default flow due to incremental criteria not met. If you would like to alter this behaviour and have the flow terminate instead, please set the following parameter config_implementation {autoIncr.Synth.RejectBehavior Terminate}
---------------------------------------------------------------------------------
Finished Constraint Validation : Time (s): cpu = 00:00:10 ; elapsed = 00:00:10 . Memory (MB): peak = 1810.070 ; gain = 457.770
---------------------------------------------------------------------------------
---------------------------------------------------------------------------------
Start Loading Part and Timing Information
---------------------------------------------------------------------------------
Loading part: xczu3eg-sbva484-1-e
INFO: [Synth 8-6742] Reading net delay rules and data
---------------------------------------------------------------------------------
Finished Loading Part and Timing Information : Time (s): cpu = 00:00:10 ; elapsed = 00:00:10 . Memory (MB): peak = 1810.070 ; gain = 457.770
---------------------------------------------------------------------------------
---------------------------------------------------------------------------------
Start Applying 'set_property' XDC Constraints
---------------------------------------------------------------------------------
Applied set_property KEEP_HIERARCHY = SOFT for design_1_i. (constraint file  auto generated constraint).
Applied set_property KEEP_HIERARCHY = SOFT for design_1_i/zynq_ultra_ps_e_0. (constraint file  auto generated constraint).
Applied set_property KEEP_HIERARCHY = SOFT for design_1_i/axi_dma_0. (constraint file  auto generated constraint).
Applied set_property KEEP_HIERARCHY = SOFT for design_1_i/ps8_0_axi_periph/xbar. (constraint file  auto generated constraint).
Applied set_property KEEP_HIERARCHY = SOFT for design_1_i/ps8_0_axi_periph/s00_couplers/auto_pc. (constraint file  auto generated constraint).
Applied set_property KEEP_HIERARCHY = SOFT for design_1_i/ps8_0_axi_periph. (constraint file  auto generated constraint).
Applied set_property KEEP_HIERARCHY = SOFT for design_1_i/rst_ps8_0_24M. (constraint file  auto generated constraint).
Applied set_property KEEP_HIERARCHY = SOFT for design_1_i/xlconcat_0. (constraint file  auto generated constraint).
Applied set_property KEEP_HIERARCHY = SOFT for design_1_i/axi_mem_intercon/xbar. (constraint file  auto generated constraint).
Applied set_property KEEP_HIERARCHY = SOFT for design_1_i/axi_mem_intercon/s00_couplers/auto_us. (constraint file  auto generated constraint).
Applied set_property KEEP_HIERARCHY = SOFT for design_1_i/axi_mem_intercon/s01_couplers/auto_us. (constraint file  auto generated constraint).
Applied set_property KEEP_HIERARCHY = SOFT for design_1_i/axi_mem_intercon. (constraint file  auto generated constraint).
Applied set_property KEEP_HIERARCHY = SOFT for design_1_i/pb_predict_0. (constraint file  auto generated constraint).
---------------------------------------------------------------------------------
Finished applying 'set_property' XDC Constraints : Time (s): cpu = 00:00:10 ; elapsed = 00:00:10 . Memory (MB): peak = 1810.070 ; gain = 457.770
---------------------------------------------------------------------------------
---------------------------------------------------------------------------------
Finished RTL Optimization Phase 2 : Time (s): cpu = 00:00:10 ; elapsed = 00:00:10 . Memory (MB): peak = 1810.070 ; gain = 457.770
---------------------------------------------------------------------------------
---------------------------------------------------------------------------------
Start RTL Component Statistics 
---------------------------------------------------------------------------------
Detailed RTL Component Info : 
---------------------------------------------------------------------------------
Finished RTL Component Statistics 
---------------------------------------------------------------------------------
---------------------------------------------------------------------------------
Start Part Resource Summary
---------------------------------------------------------------------------------
Part Resources:
DSPs: 360 (col length:72)
BRAMs: 432 (col length: RAMB18 72 RAMB36 36)
---------------------------------------------------------------------------------
Finished Part Resource Summary
---------------------------------------------------------------------------------
---------------------------------------------------------------------------------
Start Cross Boundary and Area Optimization
---------------------------------------------------------------------------------
WARNING: [Synth 8-7080] Parallel synthesis criteria is not met
---------------------------------------------------------------------------------
Finished Cross Boundary and Area Optimization : Time (s): cpu = 00:00:11 ; elapsed = 00:00:11 . Memory (MB): peak = 1810.070 ; gain = 457.770
---------------------------------------------------------------------------------
---------------------------------------------------------------------------------
Start Applying XDC Timing Constraints
---------------------------------------------------------------------------------
---------------------------------------------------------------------------------
Finished Applying XDC Timing Constraints : Time (s): cpu = 00:00:16 ; elapsed = 00:00:17 . Memory (MB): peak = 2310.219 ; gain = 957.918
---------------------------------------------------------------------------------
---------------------------------------------------------------------------------
Start Timing Optimization
---------------------------------------------------------------------------------
---------------------------------------------------------------------------------
Finished Timing Optimization : Time (s): cpu = 00:00:16 ; elapsed = 00:00:17 . Memory (MB): peak = 2310.219 ; gain = 957.918
---------------------------------------------------------------------------------
---------------------------------------------------------------------------------
Start Technology Mapping
---------------------------------------------------------------------------------
---------------------------------------------------------------------------------
Finished Technology Mapping : Time (s): cpu = 00:00:16 ; elapsed = 00:00:17 . Memory (MB): peak = 2329.812 ; gain = 977.512
---------------------------------------------------------------------------------
---------------------------------------------------------------------------------
Start IO Insertion
---------------------------------------------------------------------------------
---------------------------------------------------------------------------------
Start Flattening Before IO Insertion
---------------------------------------------------------------------------------
---------------------------------------------------------------------------------
Finished Flattening Before IO Insertion
---------------------------------------------------------------------------------
---------------------------------------------------------------------------------
Start Final Netlist Cleanup
---------------------------------------------------------------------------------
---------------------------------------------------------------------------------
Finished Final Netlist Cleanup
---------------------------------------------------------------------------------
---------------------------------------------------------------------------------
Finished IO Insertion : Time (s): cpu = 00:00:18 ; elapsed = 00:00:19 . Memory (MB): peak = 2336.676 ; gain = 984.375
---------------------------------------------------------------------------------
---------------------------------------------------------------------------------
Start Renaming Generated Instances
---------------------------------------------------------------------------------
---------------------------------------------------------------------------------
Finished Renaming Generated Instances : Time (s): cpu = 00:00:18 ; elapsed = 00:00:19 . Memory (MB): peak = 2336.676 ; gain = 984.375
---------------------------------------------------------------------------------
---------------------------------------------------------------------------------
Start Rebuilding User Hierarchy
---------------------------------------------------------------------------------
---------------------------------------------------------------------------------
Finished Rebuilding User Hierarchy : Time (s): cpu = 00:00:18 ; elapsed = 00:00:19 . Memory (MB): peak = 2336.676 ; gain = 984.375
---------------------------------------------------------------------------------
---------------------------------------------------------------------------------
Start Renaming Generated Ports
---------------------------------------------------------------------------------
---------------------------------------------------------------------------------
Finished Renaming Generated Ports : Time (s): cpu = 00:00:18 ; elapsed = 00:00:19 . Memory (MB): peak = 2336.676 ; gain = 984.375
---------------------------------------------------------------------------------
---------------------------------------------------------------------------------
Start Handling Custom Attributes
---------------------------------------------------------------------------------
---------------------------------------------------------------------------------
Finished Handling Custom Attributes : Time (s): cpu = 00:00:18 ; elapsed = 00:00:19 . Memory (MB): peak = 2336.676 ; gain = 984.375
---------------------------------------------------------------------------------
---------------------------------------------------------------------------------
Start Renaming Generated Nets
---------------------------------------------------------------------------------
---------------------------------------------------------------------------------
Finished Renaming Generated Nets : Time (s): cpu = 00:00:18 ; elapsed = 00:00:19 . Memory (MB): peak = 2336.676 ; gain = 984.375
---------------------------------------------------------------------------------
---------------------------------------------------------------------------------
Start Writing Synthesis Report
---------------------------------------------------------------------------------

Report BlackBoxes: 
+------+-----------------------------+----------+
|      |BlackBox name                |Instances |
+------+-----------------------------+----------+
|1     |design_1_xbar_1              |         1|
|2     |design_1_auto_us_0           |         1|
|3     |design_1_auto_us_1           |         1|
|4     |design_1_xbar_0              |         1|
|5     |design_1_auto_pc_0           |         1|
|6     |design_1_axi_dma_0_0         |         1|
|7     |design_1_pb_predict_0_1      |         1|
|8     |design_1_rst_ps8_0_24M_0     |         1|
|9     |design_1_zynq_ultra_ps_e_0_0 |         1|
+------+-----------------------------+----------+

Report Cell Usage: 
+------+---------------------------+------+
|      |Cell                       |Count |
+------+---------------------------+------+
|1     |design_1_auto_pc           |     1|
|2     |design_1_auto_us           |     2|
|4     |design_1_axi_dma_0         |     1|
|5     |design_1_pb_predict_0      |     1|
|6     |design_1_rst_ps8_0_24M     |     1|
|7     |design_1_xbar              |     2|
|9     |design_1_zynq_ultra_ps_e_0 |     1|
+------+---------------------------+------+
---------------------------------------------------------------------------------
Finished Writing Synthesis Report : Time (s): cpu = 00:00:18 ; elapsed = 00:00:19 . Memory (MB): peak = 2336.676 ; gain = 984.375
---------------------------------------------------------------------------------
Synthesis finished with 0 errors, 0 critical warnings and 23 warnings.
Synthesis Optimization Runtime : Time (s): cpu = 00:00:12 ; elapsed = 00:00:16 . Memory (MB): peak = 2336.676 ; gain = 954.973
Synthesis Optimization Complete : Time (s): cpu = 00:00:19 ; elapsed = 00:00:19 . Memory (MB): peak = 2336.676 ; gain = 984.375
INFO: [Project 1-571] Translating synthesized netlist
Netlist sorting complete. Time (s): cpu = 00:00:00 ; elapsed = 00:00:00.012 . Memory (MB): peak = 2336.676 ; gain = 0.000
INFO: [Project 1-570] Preparing netlist for logic optimization
INFO: [Opt 31-138] Pushed 0 inverter(s) to 0 load pin(s).
Netlist sorting complete. Time (s): cpu = 00:00:00 ; elapsed = 00:00:00 . Memory (MB): peak = 2378.793 ; gain = 0.000
INFO: [Project 1-111] Unisim Transformation Summary:
No Unisim elements were transformed.

Synth Design complete, checksum: 9983b0d7
INFO: [Common 17-83] Releasing license: Synthesis
65 Infos, 135 Warnings, 0 Critical Warnings and 0 Errors encountered.
synth_design completed successfully
synth_design: Time (s): cpu = 00:00:22 ; elapsed = 00:00:24 . Memory (MB): peak = 2383.789 ; gain = 1099.695
INFO: [Common 17-1381] The checkpoint 'C:/Users/NCF/Downloads/CG4002/ultra96_env/hls_src/Pickleball_vivado/Pickleball_vivado.runs/synth_1/design_1_wrapper.dcp' has been generated.
INFO: [runtcl-4] Executing : report_utilization -file design_1_wrapper_utilization_synth.rpt -pb design_1_wrapper_utilization_synth.pb
INFO: [Common 17-206] Exiting Vivado at Sun Mar 15 16:12:18 2026...
