

================================================================
== Vitis HLS Report for 'pb_predict_Pipeline_SCALE_INPUT'
================================================================
* Date:           Sun Mar 15 15:56:20 2026

* Version:        2022.1 (Build 3526262 on Mon Apr 18 15:48:16 MDT 2022)
* Project:        pickleball_hls
* Solution:       solution1 (Vivado IP Flow Target)
* Product family: zynquplus
* Target device:  xczu3eg-sbva484-1-e


================================================================
== Performance Estimates
================================================================
+ Timing: 
    * Summary: 
    +--------+----------+----------+------------+
    |  Clock |  Target  | Estimated| Uncertainty|
    +--------+----------+----------+------------+
    |ap_clk  |  10.00 ns|  6.808 ns|     2.70 ns|
    +--------+----------+----------+------------+

+ Latency: 
    * Summary: 
    +---------+---------+----------+----------+-----+-----+---------+
    |  Latency (cycles) |  Latency (absolute) |  Interval | Pipeline|
    |   min   |   max   |    min   |    max   | min | max |   Type  |
    +---------+---------+----------+----------+-----+-----+---------+
    |       22|       22|  0.220 us|  0.220 us|   22|   22|       no|
    +---------+---------+----------+----------+-----+-----+---------+

    + Detail: 
        * Instance: 
        N/A

        * Loop: 
        +---------------+---------+---------+----------+-----------+-----------+------+----------+
        |               |  Latency (cycles) | Iteration|  Initiation Interval  | Trip |          |
        |   Loop Name   |   min   |   max   |  Latency |  achieved |   target  | Count| Pipelined|
        +---------------+---------+---------+----------+-----------+-----------+------+----------+
        |- SCALE_INPUT  |       20|       20|        16|          1|          1|     6|       yes|
        +---------------+---------+---------+----------+-----------+-----------+------+----------+



================================================================
== Utilization Estimates
================================================================
* Summary: 
+-----------------+---------+-----+--------+-------+-----+
|       Name      | BRAM_18K| DSP |   FF   |  LUT  | URAM|
+-----------------+---------+-----+--------+-------+-----+
|DSP              |        -|    -|       -|      -|    -|
|Expression       |        -|    -|       0|     20|    -|
|FIFO             |        -|    -|       -|      -|    -|
|Instance         |        -|    -|       0|     31|    -|
|Memory           |        -|    -|      64|      6|    -|
|Multiplexer      |        -|    -|       -|     36|    -|
|Register         |        -|    -|     486|     96|    -|
+-----------------+---------+-----+--------+-------+-----+
|Total            |        0|    0|     550|    189|    0|
+-----------------+---------+-----+--------+-------+-----+
|Available        |      432|  360|  141120|  70560|    0|
+-----------------+---------+-----+--------+-------+-----+
|Utilization (%)  |        0|    0|      ~0|     ~0|    0|
+-----------------+---------+-----+--------+-------+-----+

+ Detail: 
    * Instance: 
    +-----------------------------------+-------------------------------+---------+----+---+----+-----+
    |              Instance             |             Module            | BRAM_18K| DSP| FF| LUT| URAM|
    +-----------------------------------+-------------------------------+---------+----+---+----+-----+
    |fdiv_32ns_32ns_32_10_no_dsp_1_U12  |fdiv_32ns_32ns_32_10_no_dsp_1  |        0|   0|  0|   0|    0|
    |mux_63_32_1_1_U13                  |mux_63_32_1_1                  |        0|   0|  0|  31|    0|
    +-----------------------------------+-------------------------------+---------+----+---+----+-----+
    |Total                              |                               |        0|   0|  0|  31|    0|
    +-----------------------------------+-------------------------------+---------+----+---+----+-----+

    * DSP: 
    N/A

    * Memory: 
    +------------------+-----------------------------------------------------------------+---------+----+----+-----+------+-----+------+-------------+
    |      Memory      |                              Module                             | BRAM_18K| FF | LUT| URAM| Words| Bits| Banks| W*Bits*Banks|
    +------------------+-----------------------------------------------------------------+---------+----+----+-----+------+-----+------+-------------+
    |x_scaler_mean_U   |pb_predict_Pipeline_SCALE_INPUT_x_scaler_mean_ROM_1P_LUTRAM_1R   |        0|  32|   3|    0|     6|   32|     1|          192|
    |x_scaler_scale_U  |pb_predict_Pipeline_SCALE_INPUT_x_scaler_scale_ROM_1P_LUTRAM_1R  |        0|  32|   3|    0|     6|   32|     1|          192|
    +------------------+-----------------------------------------------------------------+---------+----+----+-----+------+-----+------+-------------+
    |Total             |                                                                 |        0|  64|   6|    0|    12|   64|     2|          384|
    +------------------+-----------------------------------------------------------------+---------+----+----+-----+------+-----+------+-------------+

    * FIFO: 
    N/A

    * Expression: 
    +----------------------+----------+----+---+----+------------+------------+
    |     Variable Name    | Operation| DSP| FF| LUT| Bitwidth P0| Bitwidth P1|
    +----------------------+----------+----+---+----+------------+------------+
    |add_ln102_fu_227_p2   |         +|   0|  0|  10|           3|           1|
    |icmp_ln102_fu_221_p2  |      icmp|   0|  0|   8|           3|           3|
    |ap_enable_pp0         |       xor|   0|  0|   2|           1|           2|
    +----------------------+----------+----+---+----+------------+------------+
    |Total                 |          |   0|  0|  20|           7|           6|
    +----------------------+----------+----+---+----+------------+------------+

    * Multiplexer: 
    +-------------------------+----+-----------+-----+-----------+
    |           Name          | LUT| Input Size| Bits| Total Bits|
    +-------------------------+----+-----------+-----+-----------+
    |ap_done_int              |   9|          2|    1|          2|
    |ap_enable_reg_pp0_iter1  |   9|          2|    1|          2|
    |ap_sig_allocacmp_i       |   9|          2|    3|          6|
    |i_1_fu_72                |   9|          2|    3|          6|
    +-------------------------+----+-----------+-----+-----------+
    |Total                    |  36|          8|    8|         16|
    +-------------------------+----+-----------+-----+-----------+

    * Register: 
    +-----------------------------------+----+----+-----+-----------+
    |                Name               | FF | LUT| Bits| Const Bits|
    +-----------------------------------+----+----+-----+-----------+
    |ap_CS_fsm                          |   1|   0|    1|          0|
    |ap_done_reg                        |   1|   0|    1|          0|
    |ap_enable_reg_pp0_iter1            |   1|   0|    1|          0|
    |ap_enable_reg_pp0_iter10           |   1|   0|    1|          0|
    |ap_enable_reg_pp0_iter11           |   1|   0|    1|          0|
    |ap_enable_reg_pp0_iter12           |   1|   0|    1|          0|
    |ap_enable_reg_pp0_iter13           |   1|   0|    1|          0|
    |ap_enable_reg_pp0_iter14           |   1|   0|    1|          0|
    |ap_enable_reg_pp0_iter15           |   1|   0|    1|          0|
    |ap_enable_reg_pp0_iter2            |   1|   0|    1|          0|
    |ap_enable_reg_pp0_iter3            |   1|   0|    1|          0|
    |ap_enable_reg_pp0_iter4            |   1|   0|    1|          0|
    |ap_enable_reg_pp0_iter5            |   1|   0|    1|          0|
    |ap_enable_reg_pp0_iter6            |   1|   0|    1|          0|
    |ap_enable_reg_pp0_iter7            |   1|   0|    1|          0|
    |ap_enable_reg_pp0_iter8            |   1|   0|    1|          0|
    |ap_enable_reg_pp0_iter9            |   1|   0|    1|          0|
    |ap_loop_exit_ready_pp0_iter10_reg  |   1|   0|    1|          0|
    |ap_loop_exit_ready_pp0_iter11_reg  |   1|   0|    1|          0|
    |ap_loop_exit_ready_pp0_iter12_reg  |   1|   0|    1|          0|
    |ap_loop_exit_ready_pp0_iter13_reg  |   1|   0|    1|          0|
    |ap_loop_exit_ready_pp0_iter14_reg  |   1|   0|    1|          0|
    |ap_loop_exit_ready_pp0_iter1_reg   |   1|   0|    1|          0|
    |ap_loop_exit_ready_pp0_iter2_reg   |   1|   0|    1|          0|
    |ap_loop_exit_ready_pp0_iter3_reg   |   1|   0|    1|          0|
    |ap_loop_exit_ready_pp0_iter4_reg   |   1|   0|    1|          0|
    |ap_loop_exit_ready_pp0_iter5_reg   |   1|   0|    1|          0|
    |ap_loop_exit_ready_pp0_iter6_reg   |   1|   0|    1|          0|
    |ap_loop_exit_ready_pp0_iter7_reg   |   1|   0|    1|          0|
    |ap_loop_exit_ready_pp0_iter8_reg   |   1|   0|    1|          0|
    |ap_loop_exit_ready_pp0_iter9_reg   |   1|   0|    1|          0|
    |i_1_fu_72                          |   3|   0|    3|          0|
    |i_reg_383                          |   3|   0|    3|          0|
    |icmp_ln102_reg_388                 |   1|   0|    1|          0|
    |input_scaled_1_fu_80               |  32|   0|   32|          0|
    |input_scaled_2_fu_84               |  32|   0|   32|          0|
    |input_scaled_3_fu_88               |  32|   0|   32|          0|
    |input_scaled_4_fu_92               |  32|   0|   32|          0|
    |input_scaled_5_fu_96               |  32|   0|   32|          0|
    |input_scaled_fu_76                 |  32|   0|   32|          0|
    |sub_reg_417                        |  32|   0|   32|          0|
    |x_scaler_scale_load_reg_412        |  32|   0|   32|          0|
    |i_reg_383                          |  64|  32|    3|          0|
    |icmp_ln102_reg_388                 |  64|  32|    1|          0|
    |x_scaler_scale_load_reg_412        |  64|  32|   32|          0|
    +-----------------------------------+----+----+-----+-----------+
    |Total                              | 486|  96|  330|          0|
    +-----------------------------------+----+----+-----+-----------+



================================================================
== Interface
================================================================
* Summary: 
+---------------------------+-----+-----+------------+---------------------------------+--------------+
|         RTL Ports         | Dir | Bits|  Protocol  |          Source Object          |    C Type    |
+---------------------------+-----+-----+------------+---------------------------------+--------------+
|ap_clk                     |   in|    1|  ap_ctrl_hs|  pb_predict_Pipeline_SCALE_INPUT|  return value|
|ap_rst                     |   in|    1|  ap_ctrl_hs|  pb_predict_Pipeline_SCALE_INPUT|  return value|
|ap_start                   |   in|    1|  ap_ctrl_hs|  pb_predict_Pipeline_SCALE_INPUT|  return value|
|ap_done                    |  out|    1|  ap_ctrl_hs|  pb_predict_Pipeline_SCALE_INPUT|  return value|
|ap_idle                    |  out|    1|  ap_ctrl_hs|  pb_predict_Pipeline_SCALE_INPUT|  return value|
|ap_ready                   |  out|    1|  ap_ctrl_hs|  pb_predict_Pipeline_SCALE_INPUT|  return value|
|grp_fu_2052_p_din0         |  out|   32|  ap_ctrl_hs|  pb_predict_Pipeline_SCALE_INPUT|  return value|
|grp_fu_2052_p_din1         |  out|   32|  ap_ctrl_hs|  pb_predict_Pipeline_SCALE_INPUT|  return value|
|grp_fu_2052_p_opcode       |  out|    1|  ap_ctrl_hs|  pb_predict_Pipeline_SCALE_INPUT|  return value|
|grp_fu_2052_p_dout0        |   in|   32|  ap_ctrl_hs|  pb_predict_Pipeline_SCALE_INPUT|  return value|
|grp_fu_2052_p_ce           |  out|    1|  ap_ctrl_hs|  pb_predict_Pipeline_SCALE_INPUT|  return value|
|input_raw_reload           |   in|   32|     ap_none|                 input_raw_reload|        scalar|
|input_raw_1_reload         |   in|   32|     ap_none|               input_raw_1_reload|        scalar|
|input_raw_2_reload         |   in|   32|     ap_none|               input_raw_2_reload|        scalar|
|input_raw_3_reload         |   in|   32|     ap_none|               input_raw_3_reload|        scalar|
|input_raw_4_reload         |   in|   32|     ap_none|               input_raw_4_reload|        scalar|
|input_raw_5_reload         |   in|   32|     ap_none|               input_raw_5_reload|        scalar|
|input_scaled_5_out         |  out|   32|      ap_vld|               input_scaled_5_out|       pointer|
|input_scaled_5_out_ap_vld  |  out|    1|      ap_vld|               input_scaled_5_out|       pointer|
|input_scaled_4_out         |  out|   32|      ap_vld|               input_scaled_4_out|       pointer|
|input_scaled_4_out_ap_vld  |  out|    1|      ap_vld|               input_scaled_4_out|       pointer|
|input_scaled_3_out         |  out|   32|      ap_vld|               input_scaled_3_out|       pointer|
|input_scaled_3_out_ap_vld  |  out|    1|      ap_vld|               input_scaled_3_out|       pointer|
|input_scaled_2_out         |  out|   32|      ap_vld|               input_scaled_2_out|       pointer|
|input_scaled_2_out_ap_vld  |  out|    1|      ap_vld|               input_scaled_2_out|       pointer|
|input_scaled_1_out         |  out|   32|      ap_vld|               input_scaled_1_out|       pointer|
|input_scaled_1_out_ap_vld  |  out|    1|      ap_vld|               input_scaled_1_out|       pointer|
|input_scaled_out           |  out|   32|      ap_vld|                 input_scaled_out|       pointer|
|input_scaled_out_ap_vld    |  out|    1|      ap_vld|                 input_scaled_out|       pointer|
+---------------------------+-----+-----+------------+---------------------------------+--------------+

