

================================================================
== Vitis HLS Report for 'pb_predict_Pipeline_READ_INPUT'
================================================================
* Date:           Sun Mar 15 15:56:20 2026

* Version:        2022.1 (Build 3526262 on Mon Apr 18 15:48:16 MDT 2022)
* Project:        pickleball_hls
* Solution:       solution1 (Vivado IP Flow Target)
* Product family: zynquplus
* Target device:  xczu3eg-sbva484-1-e


================================================================
== Performance Estimates
================================================================
+ Timing: 
    * Summary: 
    +--------+----------+----------+------------+
    |  Clock |  Target  | Estimated| Uncertainty|
    +--------+----------+----------+------------+
    |ap_clk  |  10.00 ns|  1.236 ns|     2.70 ns|
    +--------+----------+----------+------------+

+ Latency: 
    * Summary: 
    +---------+---------+-----------+-----------+-----+-----+---------+
    |  Latency (cycles) |   Latency (absolute)  |  Interval | Pipeline|
    |   min   |   max   |    min    |    max    | min | max |   Type  |
    +---------+---------+-----------+-----------+-----+-----+---------+
    |        8|        8|  80.000 ns|  80.000 ns|    8|    8|       no|
    +---------+---------+-----------+-----------+-----+-----+---------+

    + Detail: 
        * Instance: 
        N/A

        * Loop: 
        +--------------+---------+---------+----------+-----------+-----------+------+----------+
        |              |  Latency (cycles) | Iteration|  Initiation Interval  | Trip |          |
        |   Loop Name  |   min   |   max   |  Latency |  achieved |   target  | Count| Pipelined|
        +--------------+---------+---------+----------+-----------+-----------+------+----------+
        |- READ_INPUT  |        6|        6|         1|          1|          1|     6|       yes|
        +--------------+---------+---------+----------+-----------+-----------+------+----------+



================================================================
== Utilization Estimates
================================================================
* Summary: 
+-----------------+---------+-----+--------+-------+-----+
|       Name      | BRAM_18K| DSP |   FF   |  LUT  | URAM|
+-----------------+---------+-----+--------+-------+-----+
|DSP              |        -|    -|       -|      -|    -|
|Expression       |        -|    -|       0|     22|    -|
|FIFO             |        -|    -|       -|      -|    -|
|Instance         |        -|    -|       -|      -|    -|
|Memory           |        -|    -|       -|      -|    -|
|Multiplexer      |        -|    -|       -|     36|    -|
|Register         |        -|    -|     197|      -|    -|
+-----------------+---------+-----+--------+-------+-----+
|Total            |        0|    0|     197|     58|    0|
+-----------------+---------+-----+--------+-------+-----+
|Available        |      432|  360|  141120|  70560|    0|
+-----------------+---------+-----+--------+-------+-----+
|Utilization (%)  |        0|    0|      ~0|     ~0|    0|
+-----------------+---------+-----+--------+-------+-----+

+ Detail: 
    * Instance: 
    N/A

    * DSP: 
    N/A

    * Memory: 
    N/A

    * FIFO: 
    N/A

    * Expression: 
    +----------------------------------+----------+----+---+----+------------+------------+
    |           Variable Name          | Operation| DSP| FF| LUT| Bitwidth P0| Bitwidth P1|
    +----------------------------------+----------+----+---+----+------------+------------+
    |add_ln92_fu_156_p2                |         +|   0|  0|  10|           3|           1|
    |ap_condition_167                  |       and|   0|  0|   2|           1|           1|
    |icmp_ln92_fu_150_p2               |      icmp|   0|  0|   8|           3|           3|
    |ap_block_state1_pp0_stage0_iter0  |        or|   0|  0|   2|           1|           1|
    +----------------------------------+----------+----+---+----+------------+------------+
    |Total                             |          |   0|  0|  22|           8|           6|
    +----------------------------------+----------+----+---+----+------------+------------+

    * Multiplexer: 
    +--------------------------+----+-----------+-----+-----------+
    |           Name           | LUT| Input Size| Bits| Total Bits|
    +--------------------------+----+-----------+-----+-----------+
    |ap_done_int               |   9|          2|    1|          2|
    |ap_sig_allocacmp_i_3      |   9|          2|    3|          6|
    |i_fu_60                   |   9|          2|    3|          6|
    |input_stream_TDATA_blk_n  |   9|          2|    1|          2|
    +--------------------------+----+-----------+-----+-----------+
    |Total                     |  36|          8|    8|         16|
    +--------------------------+----+-----------+-----+-----------+

    * Register: 
    +-------------------+----+----+-----+-----------+
    |        Name       | FF | LUT| Bits| Const Bits|
    +-------------------+----+----+-----+-----------+
    |ap_CS_fsm          |   1|   0|    1|          0|
    |ap_done_reg        |   1|   0|    1|          0|
    |i_fu_60            |   3|   0|    3|          0|
    |input_raw_1_fu_68  |  32|   0|   32|          0|
    |input_raw_2_fu_72  |  32|   0|   32|          0|
    |input_raw_3_fu_76  |  32|   0|   32|          0|
    |input_raw_4_fu_80  |  32|   0|   32|          0|
    |input_raw_5_fu_84  |  32|   0|   32|          0|
    |input_raw_fu_64    |  32|   0|   32|          0|
    +-------------------+----+----+-----+-----------+
    |Total              | 197|   0|  197|          0|
    +-------------------+----+----+-----+-----------+



================================================================
== Interface
================================================================
* Summary: 
+------------------------+-----+-----+------------+--------------------------------+--------------+
|        RTL Ports       | Dir | Bits|  Protocol  |          Source Object         |    C Type    |
+------------------------+-----+-----+------------+--------------------------------+--------------+
|ap_clk                  |   in|    1|  ap_ctrl_hs|  pb_predict_Pipeline_READ_INPUT|  return value|
|ap_rst                  |   in|    1|  ap_ctrl_hs|  pb_predict_Pipeline_READ_INPUT|  return value|
|ap_start                |   in|    1|  ap_ctrl_hs|  pb_predict_Pipeline_READ_INPUT|  return value|
|ap_done                 |  out|    1|  ap_ctrl_hs|  pb_predict_Pipeline_READ_INPUT|  return value|
|ap_idle                 |  out|    1|  ap_ctrl_hs|  pb_predict_Pipeline_READ_INPUT|  return value|
|ap_ready                |  out|    1|  ap_ctrl_hs|  pb_predict_Pipeline_READ_INPUT|  return value|
|input_stream_TVALID     |   in|    1|        axis|           input_stream_V_data_V|       pointer|
|input_stream_TDATA      |   in|   32|        axis|           input_stream_V_data_V|       pointer|
|input_stream_TREADY     |  out|    1|        axis|           input_stream_V_last_V|       pointer|
|input_stream_TLAST      |   in|    1|        axis|           input_stream_V_last_V|       pointer|
|input_stream_TKEEP      |   in|    4|        axis|           input_stream_V_keep_V|       pointer|
|input_stream_TSTRB      |   in|    4|        axis|           input_stream_V_strb_V|       pointer|
|input_raw_5_out         |  out|   32|      ap_vld|                 input_raw_5_out|       pointer|
|input_raw_5_out_ap_vld  |  out|    1|      ap_vld|                 input_raw_5_out|       pointer|
|input_raw_4_out         |  out|   32|      ap_vld|                 input_raw_4_out|       pointer|
|input_raw_4_out_ap_vld  |  out|    1|      ap_vld|                 input_raw_4_out|       pointer|
|input_raw_3_out         |  out|   32|      ap_vld|                 input_raw_3_out|       pointer|
|input_raw_3_out_ap_vld  |  out|    1|      ap_vld|                 input_raw_3_out|       pointer|
|input_raw_2_out         |  out|   32|      ap_vld|                 input_raw_2_out|       pointer|
|input_raw_2_out_ap_vld  |  out|    1|      ap_vld|                 input_raw_2_out|       pointer|
|input_raw_1_out         |  out|   32|      ap_vld|                 input_raw_1_out|       pointer|
|input_raw_1_out_ap_vld  |  out|    1|      ap_vld|                 input_raw_1_out|       pointer|
|input_raw_out           |  out|   32|      ap_vld|                   input_raw_out|       pointer|
|input_raw_out_ap_vld    |  out|    1|      ap_vld|                   input_raw_out|       pointer|
+------------------------+-----+-----+------------+--------------------------------+--------------+

