

================================================================
== Vitis HLS Report for 'pb_predict'
================================================================
* Date:           Sun Mar 15 15:56:26 2026

* Version:        2022.1 (Build 3526262 on Mon Apr 18 15:48:16 MDT 2022)
* Project:        pickleball_hls
* Solution:       solution1 (Vivado IP Flow Target)
* Product family: zynquplus
* Target device:  xczu3eg-sbva484-1-e


================================================================
== Performance Estimates
================================================================
+ Timing: 
    * Summary: 
    +--------+----------+----------+------------+
    |  Clock |  Target  | Estimated| Uncertainty|
    +--------+----------+----------+------------+
    |ap_clk  |  10.00 ns|  7.345 ns|     2.70 ns|
    +--------+----------+----------+------------+

+ Latency: 
    * Summary: 
    +---------+---------+----------+----------+--------+--------+---------+
    |  Latency (cycles) |  Latency (absolute) |     Interval    | Pipeline|
    |   min   |   max   |    min   |    max   |   min  |   max  |   Type  |
    +---------+---------+----------+----------+--------+--------+---------+
    |   240227|   240227|  2.402 ms|  2.402 ms|  240228|  240228|       no|
    +---------+---------+----------+----------+--------+--------+---------+

    + Detail: 
        * Instance: 
        +---------------------------------------------+---------------------------------+---------+---------+-----------+-----------+-----+-----+---------+
        |                                             |                                 |  Latency (cycles) |   Latency (absolute)  |  Interval | Pipeline|
        |                   Instance                  |              Module             |   min   |   max   |    min    |    max    | min | max |   Type  |
        +---------------------------------------------+---------------------------------+---------+---------+-----------+-----------+-----+-----+---------+
        |grp_pb_predict_Pipeline_READ_INPUT_fu_1593   |pb_predict_Pipeline_READ_INPUT   |        8|        8|  80.000 ns|  80.000 ns|    8|    8|       no|
        |grp_pb_predict_Pipeline_SCALE_INPUT_fu_1611  |pb_predict_Pipeline_SCALE_INPUT  |       22|       22|   0.220 us|   0.220 us|   22|   22|       no|
        |grp_pb_predict_Pipeline_LAYER0_fu_1631       |pb_predict_Pipeline_LAYER0       |      563|      563|   5.630 us|   5.630 us|  563|  563|       no|
        |grp_pb_predict_Pipeline_L1_MAC_fu_1671       |pb_predict_Pipeline_L1_MAC       |      143|      143|   1.430 us|   1.430 us|  143|  143|       no|
        |grp_pb_predict_Pipeline_REG_H0_MAC_fu_1740   |pb_predict_Pipeline_REG_H0_MAC   |      143|      143|   1.430 us|   1.430 us|  143|  143|       no|
        |grp_pb_predict_Pipeline_REG_H1_MAC_fu_1809   |pb_predict_Pipeline_REG_H1_MAC   |       79|       79|   0.790 us|   0.790 us|   79|   79|       no|
        |grp_pb_predict_Pipeline_CLS_H0_MAC_fu_1878   |pb_predict_Pipeline_CLS_H0_MAC   |      143|      143|   1.430 us|   1.430 us|  143|  143|       no|
        |grp_pb_predict_Pipeline_CLS_H1_MAC_fu_1947   |pb_predict_Pipeline_CLS_H1_MAC   |       79|       79|   0.790 us|   0.790 us|   79|   79|       no|
        |grp_pb_predict_Pipeline_WRITE_REG_fu_2016    |pb_predict_Pipeline_WRITE_REG    |        8|        8|  80.000 ns|  80.000 ns|    8|    8|       no|
        |grp_pb_predict_Pipeline_WRITE_CLS_fu_2034    |pb_predict_Pipeline_WRITE_CLS    |        8|        8|  80.000 ns|  80.000 ns|    8|    8|       no|
        +---------------------------------------------+---------------------------------+---------+---------+-----------+-----------+-----+-----+---------+

        * Loop: 
        +---------------+---------+---------+----------+-----------+-----------+------+----------+
        |               |  Latency (cycles) | Iteration|  Initiation Interval  | Trip |          |
        |   Loop Name   |   min   |   max   |  Latency |  achieved |   target  | Count| Pipelined|
        +---------------+---------+---------+----------+-----------+-----------+------+----------+
        |- LAYER1       |   118784|   118784|       232|          -|          -|   512|        no|
        |- REG_HEAD_L0  |    59392|    59392|       232|          -|          -|   256|        no|
        |- REG_HEAD_L1  |     1044|     1044|       174|          -|          -|     6|        no|
        |- CLS_HEAD_L0  |    59392|    59392|       232|          -|          -|   256|        no|
        |- CLS_HEAD_L1  |      990|      990|       165|          -|          -|     6|        no|
        +---------------+---------+---------+----------+-----------+-----------+------+----------+



================================================================
== Utilization Estimates
================================================================
* Summary: 
+-----------------+---------+-----+--------+-------+-----+
|       Name      | BRAM_18K| DSP |   FF   |  LUT  | URAM|
+-----------------+---------+-----+--------+-------+-----+
|DSP              |        -|    -|       -|      -|    -|
|Expression       |        -|    -|       0|    425|    -|
|FIFO             |        -|    -|       -|      -|    -|
|Instance         |      256|   35|   15661|   9147|    0|
|Memory           |       32|    -|     736|    652|    0|
|Multiplexer      |        -|    -|       -|   6563|    -|
|Register         |        -|    -|    1205|      -|    -|
+-----------------+---------+-----+--------+-------+-----+
|Total            |      288|   35|   17602|  16787|    0|
+-----------------+---------+-----+--------+-------+-----+
|Available        |      432|  360|  141120|  70560|    0|
+-----------------+---------+-----+--------+-------+-----+
|Utilization (%)  |       66|    9|      12|     23|    0|
+-----------------+---------+-----+--------+-------+-----+

+ Detail: 
    * Instance: 
    +---------------------------------------------+------------------------------------+---------+----+------+------+-----+
    |                   Instance                  |               Module               | BRAM_18K| DSP|  FF  |  LUT | URAM|
    +---------------------------------------------+------------------------------------+---------+----+------+------+-----+
    |control_s_axi_U                              |control_s_axi                       |        0|   0|    36|    40|    0|
    |fadd_32ns_32ns_32_5_full_dsp_1_U415          |fadd_32ns_32ns_32_5_full_dsp_1      |        0|   2|   205|   206|    0|
    |fadd_32ns_32ns_32_5_full_dsp_1_U416          |fadd_32ns_32ns_32_5_full_dsp_1      |        0|   2|   205|   206|    0|
    |fadd_32ns_32ns_32_5_full_dsp_1_U417          |fadd_32ns_32ns_32_5_full_dsp_1      |        0|   2|   205|   206|    0|
    |faddfsub_32ns_32ns_32_5_full_dsp_1_U411      |faddfsub_32ns_32ns_32_5_full_dsp_1  |        0|   2|   205|   206|    0|
    |fcmp_32ns_32ns_1_2_no_dsp_1_U413             |fcmp_32ns_32ns_1_2_no_dsp_1         |        0|   0|     0|     0|    0|
    |fcmp_32ns_32ns_1_2_no_dsp_1_U414             |fcmp_32ns_32ns_1_2_no_dsp_1         |        0|   0|     0|     0|    0|
    |fmul_32ns_32ns_32_4_max_dsp_1_U412           |fmul_32ns_32ns_32_4_max_dsp_1       |        0|   3|   143|   140|    0|
    |fmul_32ns_32ns_32_4_max_dsp_1_U418           |fmul_32ns_32ns_32_4_max_dsp_1       |        0|   3|   143|   140|    0|
    |fmul_32ns_32ns_32_4_max_dsp_1_U419           |fmul_32ns_32ns_32_4_max_dsp_1       |        0|   3|   143|   140|    0|
    |fmul_32ns_32ns_32_4_max_dsp_1_U420           |fmul_32ns_32ns_32_4_max_dsp_1       |        0|   3|   143|   140|    0|
    |grp_pb_predict_Pipeline_CLS_H0_MAC_fu_1878   |pb_predict_Pipeline_CLS_H0_MAC      |       64|   0|  2139|   966|    0|
    |grp_pb_predict_Pipeline_CLS_H1_MAC_fu_1947   |pb_predict_Pipeline_CLS_H1_MAC      |        0|   0|  2261|  1152|    0|
    |grp_pb_predict_Pipeline_L1_MAC_fu_1671       |pb_predict_Pipeline_L1_MAC          |      128|   0|  2146|   966|    0|
    |grp_pb_predict_Pipeline_LAYER0_fu_1631       |pb_predict_Pipeline_LAYER0          |        0|  15|  2454|  2069|    0|
    |grp_pb_predict_Pipeline_READ_INPUT_fu_1593   |pb_predict_Pipeline_READ_INPUT      |        0|   0|   197|    58|    0|
    |grp_pb_predict_Pipeline_REG_H0_MAC_fu_1740   |pb_predict_Pipeline_REG_H0_MAC      |       64|   0|  2146|   966|    0|
    |grp_pb_predict_Pipeline_REG_H1_MAC_fu_1809   |pb_predict_Pipeline_REG_H1_MAC      |        0|   0|  2263|  1153|    0|
    |grp_pb_predict_Pipeline_SCALE_INPUT_fu_1611  |pb_predict_Pipeline_SCALE_INPUT     |        0|   0|   550|   189|    0|
    |grp_pb_predict_Pipeline_WRITE_CLS_fu_2034    |pb_predict_Pipeline_WRITE_CLS       |        0|   0|    39|   106|    0|
    |grp_pb_predict_Pipeline_WRITE_REG_fu_2016    |pb_predict_Pipeline_WRITE_REG       |        0|   0|    38|    98|    0|
    |sitofp_32s_32_4_no_dsp_1_U421                |sitofp_32s_32_4_no_dsp_1            |        0|   0|     0|     0|    0|
    |sitofp_32s_32_4_no_dsp_1_U422                |sitofp_32s_32_4_no_dsp_1            |        0|   0|     0|     0|    0|
    |sitofp_32s_32_4_no_dsp_1_U423                |sitofp_32s_32_4_no_dsp_1            |        0|   0|     0|     0|    0|
    |sitofp_32s_32_4_no_dsp_1_U424                |sitofp_32s_32_4_no_dsp_1            |        0|   0|     0|     0|    0|
    +---------------------------------------------+------------------------------------+---------+----+------+------+-----+
    |Total                                        |                                    |      256|  35| 15661|  9147|    0|
    +---------------------------------------------+------------------------------------+---------+----+------+------+-----+

    * DSP: 
    N/A

    * Memory: 
    +-------------------+----------------------------------+---------+----+-----+-----+------+-----+------+-------------+
    |       Memory      |              Module              | BRAM_18K| FF | LUT | URAM| Words| Bits| Banks| W*Bits*Banks|
    +-------------------+----------------------------------+---------+----+-----+-----+------+-----+------+-------------+
    |cls_head_0_bias_U  |cls_head_0_bias_ROM_1P_LUTRAM_1R  |        0|  32|  128|    0|   256|   32|     1|         8192|
    |cls_head_1_bias_U  |cls_head_1_bias_ROM_1P_LUTRAM_1R  |        0|  32|    3|    0|     6|   32|     1|          192|
    |h_a_U              |h_a_RAM_AUTO_1R1W                 |        1|   0|    0|    0|    32|   32|     1|         1024|
    |h_a_1_U            |h_a_RAM_AUTO_1R1W                 |        1|   0|    0|    0|    32|   32|     1|         1024|
    |h_a_2_U            |h_a_RAM_AUTO_1R1W                 |        1|   0|    0|    0|    32|   32|     1|         1024|
    |h_a_3_U            |h_a_RAM_AUTO_1R1W                 |        1|   0|    0|    0|    32|   32|     1|         1024|
    |h_a_4_U            |h_a_RAM_AUTO_1R1W                 |        1|   0|    0|    0|    32|   32|     1|         1024|
    |h_a_5_U            |h_a_RAM_AUTO_1R1W                 |        1|   0|    0|    0|    32|   32|     1|         1024|
    |h_a_6_U            |h_a_RAM_AUTO_1R1W                 |        1|   0|    0|    0|    32|   32|     1|         1024|
    |h_a_7_U            |h_a_RAM_AUTO_1R1W                 |        1|   0|    0|    0|    32|   32|     1|         1024|
    |h_a_8_U            |h_a_RAM_AUTO_1R1W                 |        1|   0|    0|    0|    32|   32|     1|         1024|
    |h_a_9_U            |h_a_RAM_AUTO_1R1W                 |        1|   0|    0|    0|    32|   32|     1|         1024|
    |h_a_10_U           |h_a_RAM_AUTO_1R1W                 |        1|   0|    0|    0|    32|   32|     1|         1024|
    |h_a_11_U           |h_a_RAM_AUTO_1R1W                 |        1|   0|    0|    0|    32|   32|     1|         1024|
    |h_a_12_U           |h_a_RAM_AUTO_1R1W                 |        1|   0|    0|    0|    32|   32|     1|         1024|
    |h_a_13_U           |h_a_RAM_AUTO_1R1W                 |        1|   0|    0|    0|    32|   32|     1|         1024|
    |h_a_14_U           |h_a_RAM_AUTO_1R1W                 |        1|   0|    0|    0|    32|   32|     1|         1024|
    |h_a_15_U           |h_a_RAM_AUTO_1R1W                 |        1|   0|    0|    0|    32|   32|     1|         1024|
    |h_b_U              |h_a_RAM_AUTO_1R1W                 |        1|   0|    0|    0|    32|   32|     1|         1024|
    |h_b_1_U            |h_a_RAM_AUTO_1R1W                 |        1|   0|    0|    0|    32|   32|     1|         1024|
    |h_b_2_U            |h_a_RAM_AUTO_1R1W                 |        1|   0|    0|    0|    32|   32|     1|         1024|
    |h_b_3_U            |h_a_RAM_AUTO_1R1W                 |        1|   0|    0|    0|    32|   32|     1|         1024|
    |h_b_4_U            |h_a_RAM_AUTO_1R1W                 |        1|   0|    0|    0|    32|   32|     1|         1024|
    |h_b_5_U            |h_a_RAM_AUTO_1R1W                 |        1|   0|    0|    0|    32|   32|     1|         1024|
    |h_b_6_U            |h_a_RAM_AUTO_1R1W                 |        1|   0|    0|    0|    32|   32|     1|         1024|
    |h_b_7_U            |h_a_RAM_AUTO_1R1W                 |        1|   0|    0|    0|    32|   32|     1|         1024|
    |h_b_8_U            |h_a_RAM_AUTO_1R1W                 |        1|   0|    0|    0|    32|   32|     1|         1024|
    |h_b_9_U            |h_a_RAM_AUTO_1R1W                 |        1|   0|    0|    0|    32|   32|     1|         1024|
    |h_b_10_U           |h_a_RAM_AUTO_1R1W                 |        1|   0|    0|    0|    32|   32|     1|         1024|
    |h_b_11_U           |h_a_RAM_AUTO_1R1W                 |        1|   0|    0|    0|    32|   32|     1|         1024|
    |h_b_12_U           |h_a_RAM_AUTO_1R1W                 |        1|   0|    0|    0|    32|   32|     1|         1024|
    |h_b_13_U           |h_a_RAM_AUTO_1R1W                 |        1|   0|    0|    0|    32|   32|     1|         1024|
    |h_b_14_U           |h_a_RAM_AUTO_1R1W                 |        1|   0|    0|    0|    32|   32|     1|         1024|
    |h_b_15_U           |h_a_RAM_AUTO_1R1W                 |        1|   0|    0|    0|    32|   32|     1|         1024|
    |head_buf_U         |head_buf_RAM_AUTO_1R1W            |        0|  32|    8|    0|    16|   32|     1|          512|
    |head_buf_1_U       |head_buf_RAM_AUTO_1R1W            |        0|  32|    8|    0|    16|   32|     1|          512|
    |head_buf_2_U       |head_buf_RAM_AUTO_1R1W            |        0|  32|    8|    0|    16|   32|     1|          512|
    |head_buf_3_U       |head_buf_RAM_AUTO_1R1W            |        0|  32|    8|    0|    16|   32|     1|          512|
    |head_buf_4_U       |head_buf_RAM_AUTO_1R1W            |        0|  32|    8|    0|    16|   32|     1|          512|
    |head_buf_5_U       |head_buf_RAM_AUTO_1R1W            |        0|  32|    8|    0|    16|   32|     1|          512|
    |head_buf_6_U       |head_buf_RAM_AUTO_1R1W            |        0|  32|    8|    0|    16|   32|     1|          512|
    |head_buf_7_U       |head_buf_RAM_AUTO_1R1W            |        0|  32|    8|    0|    16|   32|     1|          512|
    |head_buf_8_U       |head_buf_RAM_AUTO_1R1W            |        0|  32|    8|    0|    16|   32|     1|          512|
    |head_buf_9_U       |head_buf_RAM_AUTO_1R1W            |        0|  32|    8|    0|    16|   32|     1|          512|
    |head_buf_10_U      |head_buf_RAM_AUTO_1R1W            |        0|  32|    8|    0|    16|   32|     1|          512|
    |head_buf_11_U      |head_buf_RAM_AUTO_1R1W            |        0|  32|    8|    0|    16|   32|     1|          512|
    |head_buf_12_U      |head_buf_RAM_AUTO_1R1W            |        0|  32|    8|    0|    16|   32|     1|          512|
    |head_buf_13_U      |head_buf_RAM_AUTO_1R1W            |        0|  32|    8|    0|    16|   32|     1|          512|
    |head_buf_14_U      |head_buf_RAM_AUTO_1R1W            |        0|  32|    8|    0|    16|   32|     1|          512|
    |head_buf_15_U      |head_buf_RAM_AUTO_1R1W            |        0|  32|    8|    0|    16|   32|     1|          512|
    |reg_head_0_bias_U  |reg_head_0_bias_ROM_1P_LUTRAM_1R  |        0|  32|  128|    0|   256|   32|     1|         8192|
    |reg_head_1_bias_U  |reg_head_1_bias_ROM_1P_LUTRAM_1R  |        0|  32|    3|    0|     6|   32|     1|          192|
    |trunk_1_bias_U     |trunk_1_bias_ROM_1P_LUTRAM_1R     |        0|  32|  256|    0|   512|   32|     1|        16384|
    |y_scaler_mean_U    |y_scaler_mean_ROM_1P_LUTRAM_1R    |        0|  32|    3|    0|     6|   32|     1|          192|
    |y_scaler_scale_U   |y_scaler_scale_ROM_1P_LUTRAM_1R   |        0|  32|    3|    0|     6|   32|     1|          192|
    +-------------------+----------------------------------+---------+----+-----+-----+------+-----+------+-------------+
    |Total              |                                  |       32| 736|  652|    0|  2328| 1760|    55|        74496|
    +-------------------+----------------------------------+---------+----+-----+-----+------+-----+------+-------------+

    * FIFO: 
    N/A

    * Expression: 
    +----------------------------------------------------------------+----------+----+---+----+------------+------------+
    |                          Variable Name                         | Operation| DSP| FF| LUT| Bitwidth P0| Bitwidth P1|
    +----------------------------------------------------------------+----------+----+---+----+------------+------------+
    |add_ln128_fu_2162_p2                                            |         +|   0|  0|  17|          10|           1|
    |add_ln157_fu_2391_p2                                            |         +|   0|  0|  16|           9|           1|
    |add_ln186_fu_2615_p2                                            |         +|   0|  0|  10|           3|           1|
    |add_ln216_fu_2743_p2                                            |         +|   0|  0|  16|           9|           1|
    |add_ln245_fu_2968_p2                                            |         +|   0|  0|  10|           3|           1|
    |and_ln29_1_fu_2516_p2                                           |       and|   0|  0|   2|           1|           1|
    |and_ln29_2_fu_2868_p2                                           |       and|   0|  0|   2|           1|           1|
    |and_ln29_fu_2287_p2                                             |       and|   0|  0|   2|           1|           1|
    |and_ln30_2_fu_2305_p2                                           |       and|   0|  0|   2|           1|           1|
    |and_ln30_3_fu_2522_p2                                           |       and|   0|  0|   2|           1|           1|
    |and_ln30_4_fu_2534_p2                                           |       and|   0|  0|   2|           1|           1|
    |and_ln30_5_fu_2874_p2                                           |       and|   0|  0|   2|           1|           1|
    |and_ln30_6_fu_2886_p2                                           |       and|   0|  0|   2|           1|           1|
    |and_ln30_fu_2293_p2                                             |       and|   0|  0|   2|           1|           1|
    |grp_pb_predict_Pipeline_WRITE_CLS_fu_2034_output_stream_TREADY  |       and|   0|  0|   2|           1|           1|
    |grp_pb_predict_Pipeline_WRITE_REG_fu_2016_output_stream_TREADY  |       and|   0|  0|   2|           1|           1|
    |icmp_ln128_fu_2156_p2                                           |      icmp|   0|  0|  11|          10|          11|
    |icmp_ln157_fu_2385_p2                                           |      icmp|   0|  0|  11|           9|          10|
    |icmp_ln186_fu_2609_p2                                           |      icmp|   0|  0|   8|           3|           3|
    |icmp_ln216_fu_2737_p2                                           |      icmp|   0|  0|  11|           9|          10|
    |icmp_ln245_fu_2962_p2                                           |      icmp|   0|  0|   8|           3|           3|
    |icmp_ln29_2_fu_2275_p2                                          |      icmp|   0|  0|  16|          23|           1|
    |icmp_ln29_3_fu_2498_p2                                          |      icmp|   0|  0|  11|           8|           2|
    |icmp_ln29_4_fu_2504_p2                                          |      icmp|   0|  0|  16|          23|           1|
    |icmp_ln29_5_fu_2850_p2                                          |      icmp|   0|  0|  11|           8|           2|
    |icmp_ln29_6_fu_2856_p2                                          |      icmp|   0|  0|  16|          23|           1|
    |icmp_ln29_fu_2269_p2                                            |      icmp|   0|  0|  11|           8|           2|
    |or_ln29_1_fu_2510_p2                                            |        or|   0|  0|   2|           1|           1|
    |or_ln29_2_fu_2862_p2                                            |        or|   0|  0|   2|           1|           1|
    |or_ln29_fu_2281_p2                                              |        or|   0|  0|   2|           1|           1|
    |or_ln30_1_fu_2548_p2                                            |        or|   0|  0|   2|           1|           1|
    |or_ln30_2_fu_2900_p2                                            |        or|   0|  0|   2|           1|           1|
    |or_ln30_fu_2319_p2                                              |        or|   0|  0|   2|           1|           1|
    |select_ln30_2_fu_2325_p3                                        |    select|   0|  0|  32|           1|          32|
    |select_ln30_3_fu_2540_p3                                        |    select|   0|  0|  30|           1|          31|
    |select_ln30_4_fu_2554_p3                                        |    select|   0|  0|  32|           1|          32|
    |select_ln30_5_fu_2892_p3                                        |    select|   0|  0|  30|           1|          31|
    |select_ln30_6_fu_2906_p3                                        |    select|   0|  0|  32|           1|          32|
    |select_ln30_fu_2311_p3                                          |    select|   0|  0|  30|           1|          31|
    |xor_ln29_1_fu_2528_p2                                           |       xor|   0|  0|   2|           2|           1|
    |xor_ln29_2_fu_2880_p2                                           |       xor|   0|  0|   2|           2|           1|
    |xor_ln29_fu_2299_p2                                             |       xor|   0|  0|   2|           2|           1|
    +----------------------------------------------------------------+----------+----+---+----+------------+------------+
    |Total                                                           |          |   0|  0| 425|         190|         260|
    +----------------------------------------------------------------+----------+----+---+----+------------+------------+

    * Multiplexer: 
    +-----------------------------------+------+-----------+-----+-----------+
    |                Name               |  LUT | Input Size| Bits| Total Bits|
    +-----------------------------------+------+-----------+-----+-----------+
    |ap_NS_fsm                          |  2427|        461|    1|        461|
    |grp_fu_2052_ce                     |    43|          8|    1|          8|
    |grp_fu_2052_opcode                 |    49|          9|    2|         18|
    |grp_fu_2052_p0                     |    65|         15|   32|        480|
    |grp_fu_2052_p1                     |   454|         89|   32|       2848|
    |grp_fu_2057_ce                     |    37|          7|    1|          7|
    |grp_fu_2057_p0                     |    43|          8|   32|        256|
    |grp_fu_2057_p1                     |    65|         13|   32|        416|
    |grp_fu_2067_ce                     |     9|          2|    1|          2|
    |grp_fu_2067_opcode                 |    14|          3|    5|         15|
    |grp_fu_2067_p0                     |    14|          3|   32|         96|
    |grp_fu_2067_p1                     |    14|          3|   32|         96|
    |grp_fu_2072_ce                     |     9|          2|    1|          2|
    |grp_fu_2072_opcode                 |    14|          3|    5|         15|
    |grp_fu_2072_p0                     |    14|          3|   32|         96|
    |grp_fu_2072_p1                     |    14|          3|   32|         96|
    |grp_fu_4258_ce                     |    37|          7|    1|          7|
    |grp_fu_4258_p0                     |    37|          7|   32|        224|
    |grp_fu_4258_p1                     |    37|          7|   32|        224|
    |grp_fu_4262_ce                     |    37|          7|    1|          7|
    |grp_fu_4262_p0                     |    37|          7|   32|        224|
    |grp_fu_4262_p1                     |    37|          7|   32|        224|
    |grp_fu_4266_ce                     |    37|          7|    1|          7|
    |grp_fu_4266_p0                     |    37|          7|   32|        224|
    |grp_fu_4266_p1                     |    37|          7|   32|        224|
    |grp_fu_4270_ce                     |    37|          7|    1|          7|
    |grp_fu_4270_p0                     |    37|          7|   32|        224|
    |grp_fu_4270_p1                     |    37|          7|   32|        224|
    |grp_fu_4274_ce                     |    37|          7|    1|          7|
    |grp_fu_4274_p0                     |    37|          7|   32|        224|
    |grp_fu_4274_p1                     |    37|          7|   32|        224|
    |grp_fu_4278_ce                     |    37|          7|    1|          7|
    |grp_fu_4278_p0                     |    37|          7|   32|        224|
    |grp_fu_4278_p1                     |    37|          7|   32|        224|
    |grp_fu_4282_ce                     |    37|          7|    1|          7|
    |grp_fu_4282_p0                     |    37|          7|   32|        224|
    |grp_fu_4285_ce                     |    37|          7|    1|          7|
    |grp_fu_4285_p0                     |    37|          7|   32|        224|
    |grp_fu_4288_ce                     |    37|          7|    1|          7|
    |grp_fu_4288_p0                     |    37|          7|   32|        224|
    |grp_fu_4291_ce                     |    37|          7|    1|          7|
    |grp_fu_4291_p0                     |    37|          7|   32|        224|
    |h_a_10_address0                    |    14|          3|    5|         15|
    |h_a_10_ce0                         |    14|          3|    1|          3|
    |h_a_10_we0                         |     9|          2|    1|          2|
    |h_a_11_address0                    |    14|          3|    5|         15|
    |h_a_11_ce0                         |    14|          3|    1|          3|
    |h_a_11_we0                         |     9|          2|    1|          2|
    |h_a_12_address0                    |    14|          3|    5|         15|
    |h_a_12_ce0                         |    14|          3|    1|          3|
    |h_a_12_we0                         |     9|          2|    1|          2|
    |h_a_13_address0                    |    14|          3|    5|         15|
    |h_a_13_ce0                         |    14|          3|    1|          3|
    |h_a_13_we0                         |     9|          2|    1|          2|
    |h_a_14_address0                    |    14|          3|    5|         15|
    |h_a_14_ce0                         |    14|          3|    1|          3|
    |h_a_14_we0                         |     9|          2|    1|          2|
    |h_a_15_address0                    |    14|          3|    5|         15|
    |h_a_15_ce0                         |    14|          3|    1|          3|
    |h_a_15_we0                         |     9|          2|    1|          2|
    |h_a_1_address0                     |    14|          3|    5|         15|
    |h_a_1_ce0                          |    14|          3|    1|          3|
    |h_a_1_we0                          |     9|          2|    1|          2|
    |h_a_2_address0                     |    14|          3|    5|         15|
    |h_a_2_ce0                          |    14|          3|    1|          3|
    |h_a_2_we0                          |     9|          2|    1|          2|
    |h_a_3_address0                     |    14|          3|    5|         15|
    |h_a_3_ce0                          |    14|          3|    1|          3|
    |h_a_3_we0                          |     9|          2|    1|          2|
    |h_a_4_address0                     |    14|          3|    5|         15|
    |h_a_4_ce0                          |    14|          3|    1|          3|
    |h_a_4_we0                          |     9|          2|    1|          2|
    |h_a_5_address0                     |    14|          3|    5|         15|
    |h_a_5_ce0                          |    14|          3|    1|          3|
    |h_a_5_we0                          |     9|          2|    1|          2|
    |h_a_6_address0                     |    14|          3|    5|         15|
    |h_a_6_ce0                          |    14|          3|    1|          3|
    |h_a_6_we0                          |     9|          2|    1|          2|
    |h_a_7_address0                     |    14|          3|    5|         15|
    |h_a_7_ce0                          |    14|          3|    1|          3|
    |h_a_7_we0                          |     9|          2|    1|          2|
    |h_a_8_address0                     |    14|          3|    5|         15|
    |h_a_8_ce0                          |    14|          3|    1|          3|
    |h_a_8_we0                          |     9|          2|    1|          2|
    |h_a_9_address0                     |    14|          3|    5|         15|
    |h_a_9_ce0                          |    14|          3|    1|          3|
    |h_a_9_we0                          |     9|          2|    1|          2|
    |h_a_address0                       |    14|          3|    5|         15|
    |h_a_ce0                            |    14|          3|    1|          3|
    |h_a_we0                            |     9|          2|    1|          2|
    |h_b_10_address0                    |    20|          4|    5|         20|
    |h_b_10_ce0                         |    20|          4|    1|          4|
    |h_b_11_address0                    |    20|          4|    5|         20|
    |h_b_11_ce0                         |    20|          4|    1|          4|
    |h_b_12_address0                    |    20|          4|    5|         20|
    |h_b_12_ce0                         |    20|          4|    1|          4|
    |h_b_13_address0                    |    20|          4|    5|         20|
    |h_b_13_ce0                         |    20|          4|    1|          4|
    |h_b_14_address0                    |    20|          4|    5|         20|
    |h_b_14_ce0                         |    20|          4|    1|          4|
    |h_b_15_address0                    |    20|          4|    5|         20|
    |h_b_15_ce0                         |    20|          4|    1|          4|
    |h_b_1_address0                     |    20|          4|    5|         20|
    |h_b_1_ce0                          |    20|          4|    1|          4|
    |h_b_2_address0                     |    20|          4|    5|         20|
    |h_b_2_ce0                          |    20|          4|    1|          4|
    |h_b_3_address0                     |    20|          4|    5|         20|
    |h_b_3_ce0                          |    20|          4|    1|          4|
    |h_b_4_address0                     |    20|          4|    5|         20|
    |h_b_4_ce0                          |    20|          4|    1|          4|
    |h_b_5_address0                     |    20|          4|    5|         20|
    |h_b_5_ce0                          |    20|          4|    1|          4|
    |h_b_6_address0                     |    20|          4|    5|         20|
    |h_b_6_ce0                          |    20|          4|    1|          4|
    |h_b_7_address0                     |    20|          4|    5|         20|
    |h_b_7_ce0                          |    20|          4|    1|          4|
    |h_b_8_address0                     |    20|          4|    5|         20|
    |h_b_8_ce0                          |    20|          4|    1|          4|
    |h_b_9_address0                     |    20|          4|    5|         20|
    |h_b_9_ce0                          |    20|          4|    1|          4|
    |h_b_address0                       |    20|          4|    5|         20|
    |h_b_ce0                            |    20|          4|    1|          4|
    |head_buf_10_address0               |    26|          5|    4|         20|
    |head_buf_10_ce0                    |    20|          4|    1|          4|
    |head_buf_10_d0                     |    14|          3|   32|         96|
    |head_buf_11_address0               |    26|          5|    4|         20|
    |head_buf_11_ce0                    |    20|          4|    1|          4|
    |head_buf_11_d0                     |    14|          3|   32|         96|
    |head_buf_12_address0               |    26|          5|    4|         20|
    |head_buf_12_ce0                    |    20|          4|    1|          4|
    |head_buf_12_d0                     |    14|          3|   32|         96|
    |head_buf_13_address0               |    26|          5|    4|         20|
    |head_buf_13_ce0                    |    20|          4|    1|          4|
    |head_buf_13_d0                     |    14|          3|   32|         96|
    |head_buf_14_address0               |    26|          5|    4|         20|
    |head_buf_14_ce0                    |    20|          4|    1|          4|
    |head_buf_14_d0                     |    14|          3|   32|         96|
    |head_buf_15_address0               |    26|          5|    4|         20|
    |head_buf_15_ce0                    |    20|          4|    1|          4|
    |head_buf_15_d0                     |    14|          3|   32|         96|
    |head_buf_1_address0                |    26|          5|    4|         20|
    |head_buf_1_ce0                     |    20|          4|    1|          4|
    |head_buf_1_d0                      |    14|          3|   32|         96|
    |head_buf_2_address0                |    26|          5|    4|         20|
    |head_buf_2_ce0                     |    20|          4|    1|          4|
    |head_buf_2_d0                      |    14|          3|   32|         96|
    |head_buf_3_address0                |    26|          5|    4|         20|
    |head_buf_3_ce0                     |    20|          4|    1|          4|
    |head_buf_3_d0                      |    14|          3|   32|         96|
    |head_buf_4_address0                |    26|          5|    4|         20|
    |head_buf_4_ce0                     |    20|          4|    1|          4|
    |head_buf_4_d0                      |    14|          3|   32|         96|
    |head_buf_5_address0                |    26|          5|    4|         20|
    |head_buf_5_ce0                     |    20|          4|    1|          4|
    |head_buf_5_d0                      |    14|          3|   32|         96|
    |head_buf_6_address0                |    26|          5|    4|         20|
    |head_buf_6_ce0                     |    20|          4|    1|          4|
    |head_buf_6_d0                      |    14|          3|   32|         96|
    |head_buf_7_address0                |    26|          5|    4|         20|
    |head_buf_7_ce0                     |    20|          4|    1|          4|
    |head_buf_7_d0                      |    14|          3|   32|         96|
    |head_buf_8_address0                |    26|          5|    4|         20|
    |head_buf_8_ce0                     |    20|          4|    1|          4|
    |head_buf_8_d0                      |    14|          3|   32|         96|
    |head_buf_9_address0                |    26|          5|    4|         20|
    |head_buf_9_ce0                     |    20|          4|    1|          4|
    |head_buf_9_d0                      |    14|          3|   32|         96|
    |head_buf_address0                  |    26|          5|    4|         20|
    |head_buf_ce0                       |    20|          4|    1|          4|
    |head_buf_d0                        |    14|          3|   32|         96|
    |i_3_fu_378                         |     9|          2|   10|         20|
    |i_5_fu_946                         |     9|          2|    3|          6|
    |i_6_fu_974                         |     9|          2|    9|         18|
    |i_7_fu_978                         |     9|          2|    3|          6|
    |i_fu_942                           |     9|          2|    9|         18|
    |input_stream_TREADY_int_regslice   |     9|          2|    1|          2|
    |output_stream_TDATA_int_regslice   |    14|          3|   32|         96|
    |output_stream_TKEEP_int_regslice   |    14|          3|    4|         12|
    |output_stream_TLAST_int_regslice   |    14|          3|    1|          3|
    |output_stream_TSTRB_int_regslice   |    14|          3|    4|         12|
    |output_stream_TVALID_int_regslice  |    14|          3|    1|          3|
    +-----------------------------------+------+-----------+-----+-----------+
    |Total                              |  6563|       1289| 1672|      11386|
    +-----------------------------------+------+-----------+-----+-----------+

    * Register: 
    +----------------------------------------------------------+-----+----+-----+-----------+
    |                           Name                           |  FF | LUT| Bits| Const Bits|
    +----------------------------------------------------------+-----+----+-----+-----------+
    |add_ln128_reg_3723                                        |   10|   0|   10|          0|
    |add_ln157_reg_3810                                        |    9|   0|    9|          0|
    |add_ln186_reg_3939                                        |    3|   0|    3|          0|
    |add_ln216_reg_4037                                        |    9|   0|    9|          0|
    |add_ln245_reg_4159                                        |    3|   0|    3|          0|
    |ap_CS_fsm                                                 |  460|   0|  460|          0|
    |cls_head_0_bias_load_reg_4099                             |   32|   0|   32|          0|
    |cls_head_1_bias_load_reg_4187                             |   32|   0|   32|          0|
    |cls_out_1_fu_986                                          |   32|   0|   32|          0|
    |cls_out_2_fu_990                                          |   32|   0|   32|          0|
    |cls_out_3_fu_994                                          |   32|   0|   32|          0|
    |cls_out_4_fu_998                                          |   32|   0|   32|          0|
    |cls_out_5_fu_1002                                         |   32|   0|   32|          0|
    |cls_out_fu_982                                            |   32|   0|   32|          0|
    |grp_pb_predict_Pipeline_CLS_H0_MAC_fu_1878_ap_start_reg   |    1|   0|    1|          0|
    |grp_pb_predict_Pipeline_CLS_H1_MAC_fu_1947_ap_start_reg   |    1|   0|    1|          0|
    |grp_pb_predict_Pipeline_L1_MAC_fu_1671_ap_start_reg       |    1|   0|    1|          0|
    |grp_pb_predict_Pipeline_LAYER0_fu_1631_ap_start_reg       |    1|   0|    1|          0|
    |grp_pb_predict_Pipeline_READ_INPUT_fu_1593_ap_start_reg   |    1|   0|    1|          0|
    |grp_pb_predict_Pipeline_REG_H0_MAC_fu_1740_ap_start_reg   |    1|   0|    1|          0|
    |grp_pb_predict_Pipeline_REG_H1_MAC_fu_1809_ap_start_reg   |    1|   0|    1|          0|
    |grp_pb_predict_Pipeline_SCALE_INPUT_fu_1611_ap_start_reg  |    1|   0|    1|          0|
    |grp_pb_predict_Pipeline_WRITE_CLS_fu_2034_ap_start_reg    |    1|   0|    1|          0|
    |grp_pb_predict_Pipeline_WRITE_REG_fu_2016_ap_start_reg    |    1|   0|    1|          0|
    |i_11_reg_4152                                             |    3|   0|    3|          0|
    |i_3_fu_378                                                |   10|   0|   10|          0|
    |i_5_fu_946                                                |    3|   0|    3|          0|
    |i_6_fu_974                                                |    9|   0|    9|          0|
    |i_7_fu_978                                                |    3|   0|    3|          0|
    |i_9_reg_3925                                              |    3|   0|    3|          0|
    |i_fu_942                                                  |    9|   0|    9|          0|
    |lshr_ln2_reg_3733                                         |    5|   0|    5|          0|
    |lshr_ln4_reg_3820                                         |    4|   0|    4|          0|
    |lshr_ln7_reg_4047                                         |    4|   0|    4|          0|
    |reg_2077                                                  |   32|   0|   32|          0|
    |reg_2085                                                  |   32|   0|   32|          0|
    |reg_head_0_bias_load_reg_3872                             |   32|   0|   32|          0|
    |reg_out_1_fu_954                                          |   32|   0|   32|          0|
    |reg_out_2_fu_958                                          |   32|   0|   32|          0|
    |reg_out_3_fu_962                                          |   32|   0|   32|          0|
    |reg_out_4_fu_966                                          |   32|   0|   32|          0|
    |reg_out_5_fu_970                                          |   32|   0|   32|          0|
    |reg_out_fu_950                                            |   32|   0|   32|          0|
    |trunc_ln128_reg_3715                                      |    9|   0|    9|          0|
    |trunc_ln152_reg_3738                                      |    4|   0|    4|          0|
    |trunc_ln157_reg_3802                                      |    8|   0|    8|          0|
    |trunc_ln181_reg_3825                                      |    4|   0|    4|          0|
    |trunc_ln216_reg_4029                                      |    8|   0|    8|          0|
    |trunc_ln240_reg_4052                                      |    4|   0|    4|          0|
    |trunk_1_bias_load_reg_3749                                |   32|   0|   32|          0|
    |y_scaler_mean_load_reg_4024                               |   32|   0|   32|          0|
    |zext_ln186_reg_3929                                       |    3|   0|   64|         61|
    +----------------------------------------------------------+-----+----+-----+-----------+
    |Total                                                     | 1205|   0| 1266|         61|
    +----------------------------------------------------------+-----+----+-----+-----------+



================================================================
== Interface
================================================================
* Summary: 
+-----------------------+-----+-----+------------+------------------------+--------------+
|       RTL Ports       | Dir | Bits|  Protocol  |      Source Object     |    C Type    |
+-----------------------+-----+-----+------------+------------------------+--------------+
|s_axi_control_AWVALID  |   in|    1|       s_axi|                 control|   return void|
|s_axi_control_AWREADY  |  out|    1|       s_axi|                 control|   return void|
|s_axi_control_AWADDR   |   in|    4|       s_axi|                 control|   return void|
|s_axi_control_WVALID   |   in|    1|       s_axi|                 control|   return void|
|s_axi_control_WREADY   |  out|    1|       s_axi|                 control|   return void|
|s_axi_control_WDATA    |   in|   32|       s_axi|                 control|   return void|
|s_axi_control_WSTRB    |   in|    4|       s_axi|                 control|   return void|
|s_axi_control_ARVALID  |   in|    1|       s_axi|                 control|   return void|
|s_axi_control_ARREADY  |  out|    1|       s_axi|                 control|   return void|
|s_axi_control_ARADDR   |   in|    4|       s_axi|                 control|   return void|
|s_axi_control_RVALID   |  out|    1|       s_axi|                 control|   return void|
|s_axi_control_RREADY   |   in|    1|       s_axi|                 control|   return void|
|s_axi_control_RDATA    |  out|   32|       s_axi|                 control|   return void|
|s_axi_control_RRESP    |  out|    2|       s_axi|                 control|   return void|
|s_axi_control_BVALID   |  out|    1|       s_axi|                 control|   return void|
|s_axi_control_BREADY   |   in|    1|       s_axi|                 control|   return void|
|s_axi_control_BRESP    |  out|    2|       s_axi|                 control|   return void|
|ap_clk                 |   in|    1|  ap_ctrl_hs|              pb_predict|  return value|
|ap_rst_n               |   in|    1|  ap_ctrl_hs|              pb_predict|  return value|
|interrupt              |  out|    1|  ap_ctrl_hs|              pb_predict|  return value|
|input_stream_TDATA     |   in|   32|        axis|   input_stream_V_data_V|       pointer|
|input_stream_TVALID    |   in|    1|        axis|   input_stream_V_last_V|       pointer|
|input_stream_TREADY    |  out|    1|        axis|   input_stream_V_last_V|       pointer|
|input_stream_TLAST     |   in|    1|        axis|   input_stream_V_last_V|       pointer|
|input_stream_TKEEP     |   in|    4|        axis|   input_stream_V_keep_V|       pointer|
|input_stream_TSTRB     |   in|    4|        axis|   input_stream_V_strb_V|       pointer|
|output_stream_TDATA    |  out|   32|        axis|  output_stream_V_data_V|       pointer|
|output_stream_TVALID   |  out|    1|        axis|  output_stream_V_last_V|       pointer|
|output_stream_TREADY   |   in|    1|        axis|  output_stream_V_last_V|       pointer|
|output_stream_TLAST    |  out|    1|        axis|  output_stream_V_last_V|       pointer|
|output_stream_TKEEP    |  out|    4|        axis|  output_stream_V_keep_V|       pointer|
|output_stream_TSTRB    |  out|    4|        axis|  output_stream_V_strb_V|       pointer|
+-----------------------+-----+-----+------------+------------------------+--------------+

