

================================================================
== Vitis HLS Report for 'pb_predict_Pipeline_WRITE_CLS'
================================================================
* Date:           Sun Mar 15 15:56:25 2026

* Version:        2022.1 (Build 3526262 on Mon Apr 18 15:48:16 MDT 2022)
* Project:        pickleball_hls
* Solution:       solution1 (Vivado IP Flow Target)
* Product family: zynquplus
* Target device:  xczu3eg-sbva484-1-e


================================================================
== Performance Estimates
================================================================
+ Timing: 
    * Summary: 
    +--------+----------+----------+------------+
    |  Clock |  Target  | Estimated| Uncertainty|
    +--------+----------+----------+------------+
    |ap_clk  |  10.00 ns|  1.236 ns|     2.70 ns|
    +--------+----------+----------+------------+

+ Latency: 
    * Summary: 
    +---------+---------+-----------+-----------+-----+-----+---------+
    |  Latency (cycles) |   Latency (absolute)  |  Interval | Pipeline|
    |   min   |   max   |    min    |    max    | min | max |   Type  |
    +---------+---------+-----------+-----------+-----+-----+---------+
    |        8|        8|  80.000 ns|  80.000 ns|    8|    8|       no|
    +---------+---------+-----------+-----------+-----+-----+---------+

    + Detail: 
        * Instance: 
        N/A

        * Loop: 
        +-------------+---------+---------+----------+-----------+-----------+------+----------+
        |             |  Latency (cycles) | Iteration|  Initiation Interval  | Trip |          |
        |  Loop Name  |   min   |   max   |  Latency |  achieved |   target  | Count| Pipelined|
        +-------------+---------+---------+----------+-----------+-----------+------+----------+
        |- WRITE_CLS  |        6|        6|         2|          1|          1|     6|       yes|
        +-------------+---------+---------+----------+-----------+-----------+------+----------+



================================================================
== Utilization Estimates
================================================================
* Summary: 
+-----------------+---------+-----+--------+-------+-----+
|       Name      | BRAM_18K| DSP |   FF   |  LUT  | URAM|
+-----------------+---------+-----+--------+-------+-----+
|DSP              |        -|    -|       -|      -|    -|
|Expression       |        -|    -|       0|     30|    -|
|FIFO             |        -|    -|       -|      -|    -|
|Instance         |        -|    -|       0|     31|    -|
|Memory           |        -|    -|       -|      -|    -|
|Multiplexer      |        -|    -|       -|     45|    -|
|Register         |        -|    -|      39|      -|    -|
+-----------------+---------+-----+--------+-------+-----+
|Total            |        0|    0|      39|    106|    0|
+-----------------+---------+-----+--------+-------+-----+
|Available        |      432|  360|  141120|  70560|    0|
+-----------------+---------+-----+--------+-------+-----+
|Utilization (%)  |        0|    0|      ~0|     ~0|    0|
+-----------------+---------+-----+--------+-------+-----+

+ Detail: 
    * Instance: 
    +--------------------+---------------+---------+----+---+----+-----+
    |      Instance      |     Module    | BRAM_18K| DSP| FF| LUT| URAM|
    +--------------------+---------------+---------+----+---+----+-----+
    |mux_63_32_1_1_U400  |mux_63_32_1_1  |        0|   0|  0|  31|    0|
    +--------------------+---------------+---------+----+---+----+-----+
    |Total               |               |        0|   0|  0|  31|    0|
    +--------------------+---------------+---------+----+---+----+-----+

    * DSP: 
    N/A

    * Memory: 
    N/A

    * FIFO: 
    N/A

    * Expression: 
    +---------------------------+----------+----+---+----+------------+------------+
    |       Variable Name       | Operation| DSP| FF| LUT| Bitwidth P0| Bitwidth P1|
    +---------------------------+----------+----+---+----+------------+------------+
    |add_ln287_fu_132_p2        |         +|   0|  0|  10|           3|           1|
    |ap_block_pp0_stage0_01001  |       and|   0|  0|   2|           1|           1|
    |icmp_ln287_fu_126_p2       |      icmp|   0|  0|   8|           3|           3|
    |pkt_last_V_fu_156_p2       |      icmp|   0|  0|   8|           3|           3|
    |ap_enable_pp0              |       xor|   0|  0|   2|           1|           2|
    +---------------------------+----------+----+---+----+------------+------------+
    |Total                      |          |   0|  0|  30|          11|          10|
    +---------------------------+----------+----+---+----+------------+------------+

    * Multiplexer: 
    +---------------------------+----+-----------+-----+-----------+
    |            Name           | LUT| Input Size| Bits| Total Bits|
    +---------------------------+----+-----------+-----+-----------+
    |ap_done_int                |   9|          2|    1|          2|
    |ap_enable_reg_pp0_iter1    |   9|          2|    1|          2|
    |ap_sig_allocacmp_i_2       |   9|          2|    3|          6|
    |i_fu_60                    |   9|          2|    3|          6|
    |output_stream_TDATA_blk_n  |   9|          2|    1|          2|
    +---------------------------+----+-----------+-----+-----------+
    |Total                      |  45|         10|    9|         18|
    +---------------------------+----+-----------+-----+-----------+

    * Register: 
    +-------------------------+----+----+-----+-----------+
    |           Name          | FF | LUT| Bits| Const Bits|
    +-------------------------+----+----+-----+-----------+
    |ap_CS_fsm                |   1|   0|    1|          0|
    |ap_done_reg              |   1|   0|    1|          0|
    |ap_enable_reg_pp0_iter1  |   1|   0|    1|          0|
    |conv_reg_181             |  32|   0|   32|          0|
    |i_fu_60                  |   3|   0|    3|          0|
    |pkt_last_V_reg_186       |   1|   0|    1|          0|
    +-------------------------+----+----+-----+-----------+
    |Total                    |  39|   0|   39|          0|
    +-------------------------+----+----+-----+-----------+



================================================================
== Interface
================================================================
* Summary: 
+----------------------+-----+-----+------------+-------------------------------+--------------+
|       RTL Ports      | Dir | Bits|  Protocol  |         Source Object         |    C Type    |
+----------------------+-----+-----+------------+-------------------------------+--------------+
|ap_clk                |   in|    1|  ap_ctrl_hs|  pb_predict_Pipeline_WRITE_CLS|  return value|
|ap_rst                |   in|    1|  ap_ctrl_hs|  pb_predict_Pipeline_WRITE_CLS|  return value|
|ap_start              |   in|    1|  ap_ctrl_hs|  pb_predict_Pipeline_WRITE_CLS|  return value|
|ap_done               |  out|    1|  ap_ctrl_hs|  pb_predict_Pipeline_WRITE_CLS|  return value|
|ap_idle               |  out|    1|  ap_ctrl_hs|  pb_predict_Pipeline_WRITE_CLS|  return value|
|ap_ready              |  out|    1|  ap_ctrl_hs|  pb_predict_Pipeline_WRITE_CLS|  return value|
|output_stream_TREADY  |   in|    1|        axis|         output_stream_V_data_V|       pointer|
|output_stream_TDATA   |  out|   32|        axis|         output_stream_V_data_V|       pointer|
|cls_out               |   in|   32|     ap_none|                        cls_out|        scalar|
|cls_out_1             |   in|   32|     ap_none|                      cls_out_1|        scalar|
|cls_out_2             |   in|   32|     ap_none|                      cls_out_2|        scalar|
|cls_out_3             |   in|   32|     ap_none|                      cls_out_3|        scalar|
|cls_out_4             |   in|   32|     ap_none|                      cls_out_4|        scalar|
|cls_out_5             |   in|   32|     ap_none|                      cls_out_5|        scalar|
|output_stream_TVALID  |  out|    1|        axis|         output_stream_V_last_V|       pointer|
|output_stream_TLAST   |  out|    1|        axis|         output_stream_V_last_V|       pointer|
|output_stream_TKEEP   |  out|    4|        axis|         output_stream_V_keep_V|       pointer|
|output_stream_TSTRB   |  out|    4|        axis|         output_stream_V_strb_V|       pointer|
+----------------------+-----+-----+------------+-------------------------------+--------------+

============================================================
+ Verbose Summary: Synthesis Manager
============================================================
InlineROM: 1
ExposeGlobal: 0
============================================================
+ Verbose Summary: CDFG Model
============================================================
IsTopModel: 0
ResetActiveHigh: 1
IsCombinational: 2
IsDatapathOnly: 2
HasWiredReturn: 1
HasMFsm: 2
HasVarLatency: 1
IsPipeline: 0
IsRtlPipelined: 0
IsInstanceOverlapped: 0
IsDontTouch: 0
HasImplIP: 0
IsGatedGlobalClock: 0

+ Individual pipeline summary: 
  * Pipeline-0: initiation interval (II) = 1, depth = 2


============================================================
+ Verbose Summary: Schedule
============================================================
* Number of FSM states : 2
* Pipeline : 1
  Pipeline-0 : II = 1, D = 2, States = { 1 2 }
* Dataflow Pipeline: 0

* FSM state transitions: 
1 --> 2 
2 --> 

* FSM state operations: 

State 1 <SV = 0> <Delay = 1.23>
ST_1 : Operation 5 [1/1] (0.00ns)   --->   "%i = alloca i32 1"   --->   Operation 5 'alloca' 'i' <Predicate = true> <Delay = 0.00>
ST_1 : Operation 6 [1/1] (0.00ns)   --->   "%specinterface_ln0 = specinterface void @_ssdm_op_SpecInterface, i1 %output_stream_V_last_V, void @empty_0, i32 0, i32 0, void @empty_7, i32 0, i32 0, void @empty_15, void @empty_15, void @empty_15, i32 0, i32 0, i32 0, i32 0, void @empty_15, void @empty_15, i32 4294967295, i32 0"   --->   Operation 6 'specinterface' 'specinterface_ln0' <Predicate = true> <Delay = 0.00>
ST_1 : Operation 7 [1/1] (0.00ns)   --->   "%specinterface_ln0 = specinterface void @_ssdm_op_SpecInterface, i4 %output_stream_V_strb_V, void @empty_0, i32 0, i32 0, void @empty_7, i32 0, i32 0, void @empty_15, void @empty_15, void @empty_15, i32 0, i32 0, i32 0, i32 0, void @empty_15, void @empty_15, i32 4294967295, i32 0"   --->   Operation 7 'specinterface' 'specinterface_ln0' <Predicate = true> <Delay = 0.00>
ST_1 : Operation 8 [1/1] (0.00ns)   --->   "%specinterface_ln0 = specinterface void @_ssdm_op_SpecInterface, i4 %output_stream_V_keep_V, void @empty_0, i32 0, i32 0, void @empty_7, i32 0, i32 0, void @empty_15, void @empty_15, void @empty_15, i32 0, i32 0, i32 0, i32 0, void @empty_15, void @empty_15, i32 4294967295, i32 0"   --->   Operation 8 'specinterface' 'specinterface_ln0' <Predicate = true> <Delay = 0.00>
ST_1 : Operation 9 [1/1] (0.00ns)   --->   "%specinterface_ln0 = specinterface void @_ssdm_op_SpecInterface, i32 %output_stream_V_data_V, void @empty_0, i32 0, i32 0, void @empty_7, i32 0, i32 0, void @empty_15, void @empty_15, void @empty_15, i32 0, i32 0, i32 0, i32 0, void @empty_15, void @empty_15, i32 4294967295, i32 0"   --->   Operation 9 'specinterface' 'specinterface_ln0' <Predicate = true> <Delay = 0.00>
ST_1 : Operation 10 [1/1] (0.00ns)   --->   "%cls_out_5_read = read i32 @_ssdm_op_Read.ap_auto.float, i32 %cls_out_5"   --->   Operation 10 'read' 'cls_out_5_read' <Predicate = true> <Delay = 0.00>
ST_1 : Operation 11 [1/1] (0.00ns)   --->   "%cls_out_4_read = read i32 @_ssdm_op_Read.ap_auto.float, i32 %cls_out_4"   --->   Operation 11 'read' 'cls_out_4_read' <Predicate = true> <Delay = 0.00>
ST_1 : Operation 12 [1/1] (0.00ns)   --->   "%cls_out_3_read = read i32 @_ssdm_op_Read.ap_auto.float, i32 %cls_out_3"   --->   Operation 12 'read' 'cls_out_3_read' <Predicate = true> <Delay = 0.00>
ST_1 : Operation 13 [1/1] (0.00ns)   --->   "%cls_out_2_read = read i32 @_ssdm_op_Read.ap_auto.float, i32 %cls_out_2"   --->   Operation 13 'read' 'cls_out_2_read' <Predicate = true> <Delay = 0.00>
ST_1 : Operation 14 [1/1] (0.00ns)   --->   "%cls_out_1_read = read i32 @_ssdm_op_Read.ap_auto.float, i32 %cls_out_1"   --->   Operation 14 'read' 'cls_out_1_read' <Predicate = true> <Delay = 0.00>
ST_1 : Operation 15 [1/1] (0.00ns)   --->   "%cls_out_read = read i32 @_ssdm_op_Read.ap_auto.float, i32 %cls_out"   --->   Operation 15 'read' 'cls_out_read' <Predicate = true> <Delay = 0.00>
ST_1 : Operation 16 [1/1] (0.48ns)   --->   "%store_ln0 = store i3 0, i3 %i"   --->   Operation 16 'store' 'store_ln0' <Predicate = true> <Delay = 0.48>
ST_1 : Operation 17 [1/1] (0.00ns)   --->   "%br_ln0 = br void %for.inc1223"   --->   Operation 17 'br' 'br_ln0' <Predicate = true> <Delay = 0.00>
ST_1 : Operation 18 [1/1] (0.00ns)   --->   "%i_2 = load i3 %i" [pickleball_model.cpp:287]   --->   Operation 18 'load' 'i_2' <Predicate = true> <Delay = 0.00>
ST_1 : Operation 19 [1/1] (0.69ns)   --->   "%icmp_ln287 = icmp_eq  i3 %i_2, i3 6" [pickleball_model.cpp:287]   --->   Operation 19 'icmp' 'icmp_ln287' <Predicate = true> <Delay = 0.69> <CoreInst = "Cmp">   --->   Core 9 'Cmp' <Latency = 0> <II = 1> <Delay = 0.69> <FuncUnit> <Opcode : 'icmp'> <InPorts = 2> <OutPorts = 1>
ST_1 : Operation 20 [1/1] (0.00ns)   --->   "%empty = speclooptripcount i32 @_ssdm_op_SpecLoopTripCount, i64 6, i64 6, i64 6"   --->   Operation 20 'speclooptripcount' 'empty' <Predicate = true> <Delay = 0.00>
ST_1 : Operation 21 [1/1] (0.74ns)   --->   "%add_ln287 = add i3 %i_2, i3 1" [pickleball_model.cpp:287]   --->   Operation 21 'add' 'add_ln287' <Predicate = true> <Delay = 0.74> <CoreInst = "Adder">   --->   Core 1 'Adder' <Latency = 0> <II = 1> <Delay = 0.74> <FuncUnit> <Opcode : 'add' 'sub'> <InPorts = 2> <OutPorts = 1>
ST_1 : Operation 22 [1/1] (0.00ns)   --->   "%br_ln287 = br i1 %icmp_ln287, void %for.inc1223.split, void %for.end1225.exitStub" [pickleball_model.cpp:287]   --->   Operation 22 'br' 'br_ln287' <Predicate = true> <Delay = 0.00>
ST_1 : Operation 23 [1/1] (0.72ns)   --->   "%conv = mux i32 @_ssdm_op_Mux.ap_auto.6float.i3, i32 %cls_out_read, i32 %cls_out_1_read, i32 %cls_out_2_read, i32 %cls_out_3_read, i32 %cls_out_4_read, i32 %cls_out_5_read, i3 %i_2" [pickleball_model.cpp:291]   --->   Operation 23 'mux' 'conv' <Predicate = (!icmp_ln287)> <Delay = 0.72> <CoreInst = "Multiplexer">   --->   Core 76 'Multiplexer' <Latency = 0> <II = 1> <Delay = 0.72> <FuncUnit> <Opcode : 'mux'> <InPorts = 2> <OutPorts = 1>
ST_1 : Operation 24 [1/1] (0.69ns)   --->   "%pkt_last_V = icmp_eq  i3 %i_2, i3 5" [pickleball_model.cpp:295]   --->   Operation 24 'icmp' 'pkt_last_V' <Predicate = (!icmp_ln287)> <Delay = 0.69> <CoreInst = "Cmp">   --->   Core 9 'Cmp' <Latency = 0> <II = 1> <Delay = 0.69> <FuncUnit> <Opcode : 'icmp'> <InPorts = 2> <OutPorts = 1>
ST_1 : Operation 25 [1/1] (0.48ns)   --->   "%store_ln287 = store i3 %add_ln287, i3 %i" [pickleball_model.cpp:287]   --->   Operation 25 'store' 'store_ln287' <Predicate = (!icmp_ln287)> <Delay = 0.48>
ST_1 : Operation 31 [1/1] (0.00ns)   --->   "%ret_ln0 = ret"   --->   Operation 31 'ret' 'ret_ln0' <Predicate = (icmp_ln287)> <Delay = 0.00>

State 2 <SV = 1> <Delay = 0.00>
ST_2 : Operation 26 [1/1] (0.00ns)   --->   "%specpipeline_ln288 = specpipeline void @_ssdm_op_SpecPipeline, i32 1, i32 0, i32 0, i32 0, void @empty_15" [pickleball_model.cpp:288]   --->   Operation 26 'specpipeline' 'specpipeline_ln288' <Predicate = true> <Delay = 0.00>
ST_2 : Operation 27 [1/1] (0.00ns)   --->   "%specloopname_ln287 = specloopname void @_ssdm_op_SpecLoopName, void @empty" [pickleball_model.cpp:287]   --->   Operation 27 'specloopname' 'specloopname_ln287' <Predicate = true> <Delay = 0.00>
ST_2 : Operation 28 [1/1] (0.00ns)   --->   "%pkt_data_V = bitcast i32 %conv" [pickleball_model.cpp:292]   --->   Operation 28 'bitcast' 'pkt_data_V' <Predicate = true> <Delay = 0.00>
ST_2 : Operation 29 [1/1] (0.00ns)   --->   "%write_ln304 = write void @_ssdm_op_Write.axis.volatile.i32P0A.i4P0A.i4P0A.i1P0A, i32 %output_stream_V_data_V, i4 %output_stream_V_keep_V, i4 %output_stream_V_strb_V, i1 %output_stream_V_last_V, i32 %pkt_data_V, i4 15, i4 15, i1 %pkt_last_V"   --->   Operation 29 'write' 'write_ln304' <Predicate = true> <Delay = 0.00> <CoreInst = "axis">   --->   Core 123 'axis' <Latency = 0> <II = 1> <Delay = 1.00> <Adapter> <Opcode : >
ST_2 : Operation 30 [1/1] (0.00ns)   --->   "%br_ln287 = br void %for.inc1223" [pickleball_model.cpp:287]   --->   Operation 30 'br' 'br_ln287' <Predicate = true> <Delay = 0.00>


============================================================
+ Verbose Summary: Binding
============================================================
STG Binding: 
---------------- STG Properties BEGIN ----------------
- Is combinational: 0
- Is one-state seq: 0
- Is datapath-only: 0
- Is pipelined: 0
- Is top level: 0
Port [ Return ] is wired: 1; IO mode=ap_ctrl_hs:ce=0
Port [ cls_out]:  wired=1; compound=0; hidden=0; nouse=0; global=0; static=0; extern=0; dir=0; type=0; pingpong=0; private_global=0; IO mode=ap_none:ce=0
Port [ cls_out_1]:  wired=1; compound=0; hidden=0; nouse=0; global=0; static=0; extern=0; dir=0; type=0; pingpong=0; private_global=0; IO mode=ap_none:ce=0
Port [ cls_out_2]:  wired=1; compound=0; hidden=0; nouse=0; global=0; static=0; extern=0; dir=0; type=0; pingpong=0; private_global=0; IO mode=ap_none:ce=0
Port [ cls_out_3]:  wired=1; compound=0; hidden=0; nouse=0; global=0; static=0; extern=0; dir=0; type=0; pingpong=0; private_global=0; IO mode=ap_none:ce=0
Port [ cls_out_4]:  wired=1; compound=0; hidden=0; nouse=0; global=0; static=0; extern=0; dir=0; type=0; pingpong=0; private_global=0; IO mode=ap_none:ce=0
Port [ cls_out_5]:  wired=1; compound=0; hidden=0; nouse=0; global=0; static=0; extern=0; dir=0; type=0; pingpong=0; private_global=0; IO mode=ap_none:ce=0
Port [ output_stream_V_data_V]:  wired=1; compound=1; hidden=0; nouse=0; global=0; static=0; extern=0; dir=1; type=0; pingpong=0; private_global=0; IO mode=axis:ce=0
Port [ output_stream_V_keep_V]:  wired=1; compound=1; hidden=0; nouse=0; global=0; static=0; extern=0; dir=1; type=0; pingpong=0; private_global=0; IO mode=axis:ce=0
Port [ output_stream_V_strb_V]:  wired=1; compound=1; hidden=0; nouse=0; global=0; static=0; extern=0; dir=1; type=0; pingpong=0; private_global=0; IO mode=axis:ce=0
Port [ output_stream_V_last_V]:  wired=1; compound=1; hidden=0; nouse=0; global=0; static=0; extern=0; dir=1; type=0; pingpong=0; private_global=0; IO mode=axis:ce=0
---------------- STG Properties END ------------------

---------------- Datapath Model BEGIN ----------------

<LifeTime>
<method=bitvector/>
i                  (alloca           ) [ 010]
specinterface_ln0  (specinterface    ) [ 000]
specinterface_ln0  (specinterface    ) [ 000]
specinterface_ln0  (specinterface    ) [ 000]
specinterface_ln0  (specinterface    ) [ 000]
cls_out_5_read     (read             ) [ 000]
cls_out_4_read     (read             ) [ 000]
cls_out_3_read     (read             ) [ 000]
cls_out_2_read     (read             ) [ 000]
cls_out_1_read     (read             ) [ 000]
cls_out_read       (read             ) [ 000]
store_ln0          (store            ) [ 000]
br_ln0             (br               ) [ 000]
i_2                (load             ) [ 000]
icmp_ln287         (icmp             ) [ 010]
empty              (speclooptripcount) [ 000]
add_ln287          (add              ) [ 000]
br_ln287           (br               ) [ 000]
conv               (mux              ) [ 011]
pkt_last_V         (icmp             ) [ 011]
store_ln287        (store            ) [ 000]
specpipeline_ln288 (specpipeline     ) [ 000]
specloopname_ln287 (specloopname     ) [ 000]
pkt_data_V         (bitcast          ) [ 000]
write_ln304        (write            ) [ 000]
br_ln287           (br               ) [ 000]
ret_ln0            (ret              ) [ 000]
</LifeTime>

<model>

<comp_list>
<comp id="0" class="1000" name="cls_out">
<pin_list>
<pin id="1" dir="1" index="0" bw="1" slack="0"/>
</pin_list>
<bind>
<StgValue><ssdm name="cls_out"/></StgValue>
</bind>
</comp>

<comp id="2" class="1000" name="cls_out_1">
<pin_list>
<pin id="3" dir="1" index="0" bw="1" slack="0"/>
</pin_list>
<bind>
<StgValue><ssdm name="cls_out_1"/></StgValue>
</bind>
</comp>

<comp id="4" class="1000" name="cls_out_2">
<pin_list>
<pin id="5" dir="1" index="0" bw="1" slack="0"/>
</pin_list>
<bind>
<StgValue><ssdm name="cls_out_2"/></StgValue>
</bind>
</comp>

<comp id="6" class="1000" name="cls_out_3">
<pin_list>
<pin id="7" dir="1" index="0" bw="1" slack="0"/>
</pin_list>
<bind>
<StgValue><ssdm name="cls_out_3"/></StgValue>
</bind>
</comp>

<comp id="8" class="1000" name="cls_out_4">
<pin_list>
<pin id="9" dir="1" index="0" bw="1" slack="0"/>
</pin_list>
<bind>
<StgValue><ssdm name="cls_out_4"/></StgValue>
</bind>
</comp>

<comp id="10" class="1000" name="cls_out_5">
<pin_list>
<pin id="11" dir="1" index="0" bw="1" slack="0"/>
</pin_list>
<bind>
<StgValue><ssdm name="cls_out_5"/></StgValue>
</bind>
</comp>

<comp id="12" class="1000" name="output_stream_V_data_V">
<pin_list>
<pin id="13" dir="1" index="0" bw="1" slack="0"/>
</pin_list>
<bind>
<StgValue><ssdm name="output_stream_V_data_V"/></StgValue>
</bind>
</comp>

<comp id="14" class="1000" name="output_stream_V_keep_V">
<pin_list>
<pin id="15" dir="1" index="0" bw="1" slack="0"/>
</pin_list>
<bind>
<StgValue><ssdm name="output_stream_V_keep_V"/></StgValue>
</bind>
</comp>

<comp id="16" class="1000" name="output_stream_V_strb_V">
<pin_list>
<pin id="17" dir="1" index="0" bw="1" slack="0"/>
</pin_list>
<bind>
<StgValue><ssdm name="output_stream_V_strb_V"/></StgValue>
</bind>
</comp>

<comp id="18" class="1000" name="output_stream_V_last_V">
<pin_list>
<pin id="19" dir="1" index="0" bw="1" slack="0"/>
</pin_list>
<bind>
<StgValue><ssdm name="output_stream_V_last_V"/></StgValue>
</bind>
</comp>

<comp id="20" class="1001" name="const_20">
<pin_list>
<pin id="21" dir="1" index="0" bw="1" slack="0"/>
</pin_list>
<bind>
<StgValue><ssdm name=""/></StgValue>
</bind>
</comp>

<comp id="22" class="1001" name="const_22">
<pin_list>
<pin id="23" dir="1" index="0" bw="1" slack="2147483647"/>
</pin_list>
<bind>
<StgValue><ssdm name="_ssdm_op_SpecInterface"/></StgValue>
</bind>
</comp>

<comp id="24" class="1001" name="const_24">
<pin_list>
<pin id="25" dir="1" index="0" bw="1" slack="2147483647"/>
</pin_list>
<bind>
<StgValue><ssdm name="empty_0"/></StgValue>
</bind>
</comp>

<comp id="26" class="1001" name="const_26">
<pin_list>
<pin id="27" dir="1" index="0" bw="1" slack="2147483647"/>
</pin_list>
<bind>
<StgValue><ssdm name=""/></StgValue>
</bind>
</comp>

<comp id="28" class="1001" name="const_28">
<pin_list>
<pin id="29" dir="1" index="0" bw="1" slack="2147483647"/>
</pin_list>
<bind>
<StgValue><ssdm name="empty_7"/></StgValue>
</bind>
</comp>

<comp id="30" class="1001" name="const_30">
<pin_list>
<pin id="31" dir="1" index="0" bw="1" slack="2147483647"/>
</pin_list>
<bind>
<StgValue><ssdm name="empty_15"/></StgValue>
</bind>
</comp>

<comp id="32" class="1001" name="const_32">
<pin_list>
<pin id="33" dir="1" index="0" bw="1" slack="2147483647"/>
</pin_list>
<bind>
<StgValue><ssdm name=""/></StgValue>
</bind>
</comp>

<comp id="34" class="1001" name="const_34">
<pin_list>
<pin id="35" dir="1" index="0" bw="1" slack="0"/>
</pin_list>
<bind>
<StgValue><ssdm name="_ssdm_op_Read.ap_auto.float"/></StgValue>
</bind>
</comp>

<comp id="36" class="1001" name="const_36">
<pin_list>
<pin id="37" dir="1" index="0" bw="1" slack="0"/>
</pin_list>
<bind>
<StgValue><ssdm name=""/></StgValue>
</bind>
</comp>

<comp id="38" class="1001" name="const_38">
<pin_list>
<pin id="39" dir="1" index="0" bw="1" slack="0"/>
</pin_list>
<bind>
<StgValue><ssdm name=""/></StgValue>
</bind>
</comp>

<comp id="40" class="1001" name="const_40">
<pin_list>
<pin id="41" dir="1" index="0" bw="1" slack="2147483647"/>
</pin_list>
<bind>
<StgValue><ssdm name="_ssdm_op_SpecLoopTripCount"/></StgValue>
</bind>
</comp>

<comp id="42" class="1001" name="const_42">
<pin_list>
<pin id="43" dir="1" index="0" bw="1" slack="2147483647"/>
</pin_list>
<bind>
<StgValue><ssdm name=""/></StgValue>
</bind>
</comp>

<comp id="44" class="1001" name="const_44">
<pin_list>
<pin id="45" dir="1" index="0" bw="1" slack="0"/>
</pin_list>
<bind>
<StgValue><ssdm name=""/></StgValue>
</bind>
</comp>

<comp id="46" class="1001" name="const_46">
<pin_list>
<pin id="47" dir="1" index="0" bw="1" slack="0"/>
</pin_list>
<bind>
<StgValue><ssdm name="_ssdm_op_Mux.ap_auto.6float.i3"/></StgValue>
</bind>
</comp>

<comp id="48" class="1001" name="const_48">
<pin_list>
<pin id="49" dir="1" index="0" bw="1" slack="0"/>
</pin_list>
<bind>
<StgValue><ssdm name=""/></StgValue>
</bind>
</comp>

<comp id="50" class="1001" name="const_50">
<pin_list>
<pin id="51" dir="1" index="0" bw="1" slack="2147483647"/>
</pin_list>
<bind>
<StgValue><ssdm name="_ssdm_op_SpecPipeline"/></StgValue>
</bind>
</comp>

<comp id="52" class="1001" name="const_52">
<pin_list>
<pin id="53" dir="1" index="0" bw="1" slack="2147483647"/>
</pin_list>
<bind>
<StgValue><ssdm name="_ssdm_op_SpecLoopName"/></StgValue>
</bind>
</comp>

<comp id="54" class="1001" name="const_54">
<pin_list>
<pin id="55" dir="1" index="0" bw="1" slack="2147483647"/>
</pin_list>
<bind>
<StgValue><ssdm name="empty"/></StgValue>
</bind>
</comp>

<comp id="56" class="1001" name="const_56">
<pin_list>
<pin id="57" dir="1" index="0" bw="1" slack="0"/>
</pin_list>
<bind>
<StgValue><ssdm name="_ssdm_op_Write.axis.volatile.i32P0A.i4P0A.i4P0A.i1P0A"/></StgValue>
</bind>
</comp>

<comp id="58" class="1001" name="const_58">
<pin_list>
<pin id="59" dir="1" index="0" bw="1" slack="0"/>
</pin_list>
<bind>
<StgValue><ssdm name=""/></StgValue>
</bind>
</comp>

<comp id="60" class="1004" name="i_fu_60">
<pin_list>
<pin id="61" dir="0" index="0" bw="1" slack="0"/>
<pin id="62" dir="1" index="1" bw="3" slack="0"/>
</pin_list>
<bind>
<opcode="alloca(26) " fcode="alloca"/>
<opset="i/1 "/>
</bind>
</comp>

<comp id="64" class="1004" name="cls_out_5_read_read_fu_64">
<pin_list>
<pin id="65" dir="0" index="0" bw="32" slack="0"/>
<pin id="66" dir="0" index="1" bw="32" slack="0"/>
<pin id="67" dir="1" index="2" bw="32" slack="0"/>
</pin_list>
<bind>
<opcode="read(1150) " fcode="read"/>
<opset="cls_out_5_read/1 "/>
</bind>
</comp>

<comp id="70" class="1004" name="cls_out_4_read_read_fu_70">
<pin_list>
<pin id="71" dir="0" index="0" bw="32" slack="0"/>
<pin id="72" dir="0" index="1" bw="32" slack="0"/>
<pin id="73" dir="1" index="2" bw="32" slack="0"/>
</pin_list>
<bind>
<opcode="read(1150) " fcode="read"/>
<opset="cls_out_4_read/1 "/>
</bind>
</comp>

<comp id="76" class="1004" name="cls_out_3_read_read_fu_76">
<pin_list>
<pin id="77" dir="0" index="0" bw="32" slack="0"/>
<pin id="78" dir="0" index="1" bw="32" slack="0"/>
<pin id="79" dir="1" index="2" bw="32" slack="0"/>
</pin_list>
<bind>
<opcode="read(1150) " fcode="read"/>
<opset="cls_out_3_read/1 "/>
</bind>
</comp>

<comp id="82" class="1004" name="cls_out_2_read_read_fu_82">
<pin_list>
<pin id="83" dir="0" index="0" bw="32" slack="0"/>
<pin id="84" dir="0" index="1" bw="32" slack="0"/>
<pin id="85" dir="1" index="2" bw="32" slack="0"/>
</pin_list>
<bind>
<opcode="read(1150) " fcode="read"/>
<opset="cls_out_2_read/1 "/>
</bind>
</comp>

<comp id="88" class="1004" name="cls_out_1_read_read_fu_88">
<pin_list>
<pin id="89" dir="0" index="0" bw="32" slack="0"/>
<pin id="90" dir="0" index="1" bw="32" slack="0"/>
<pin id="91" dir="1" index="2" bw="32" slack="0"/>
</pin_list>
<bind>
<opcode="read(1150) " fcode="read"/>
<opset="cls_out_1_read/1 "/>
</bind>
</comp>

<comp id="94" class="1004" name="cls_out_read_read_fu_94">
<pin_list>
<pin id="95" dir="0" index="0" bw="32" slack="0"/>
<pin id="96" dir="0" index="1" bw="32" slack="0"/>
<pin id="97" dir="1" index="2" bw="32" slack="0"/>
</pin_list>
<bind>
<opcode="read(1150) " fcode="read"/>
<opset="cls_out_read/1 "/>
</bind>
</comp>

<comp id="100" class="1004" name="write_ln304_write_fu_100">
<pin_list>
<pin id="101" dir="0" index="0" bw="0" slack="0"/>
<pin id="102" dir="0" index="1" bw="32" slack="0"/>
<pin id="103" dir="0" index="2" bw="4" slack="0"/>
<pin id="104" dir="0" index="3" bw="4" slack="0"/>
<pin id="105" dir="0" index="4" bw="1" slack="0"/>
<pin id="106" dir="0" index="5" bw="32" slack="0"/>
<pin id="107" dir="0" index="6" bw="1" slack="0"/>
<pin id="108" dir="0" index="7" bw="1" slack="0"/>
<pin id="109" dir="0" index="8" bw="1" slack="1"/>
<pin id="110" dir="1" index="9" bw="0" slack="2147483647"/>
</pin_list>
<bind>
<opcode="write(1151) " fcode="write"/>
<opset="write_ln304/2 "/>
</bind>
</comp>

<comp id="118" class="1004" name="store_ln0_store_fu_118">
<pin_list>
<pin id="119" dir="0" index="0" bw="1" slack="0"/>
<pin id="120" dir="0" index="1" bw="3" slack="0"/>
<pin id="121" dir="1" index="2" bw="0" slack="2147483647"/>
</pin_list>
<bind>
<opcode="store(28) " fcode="store"/>
<opset="store_ln0/1 "/>
</bind>
</comp>

<comp id="123" class="1004" name="i_2_load_fu_123">
<pin_list>
<pin id="124" dir="0" index="0" bw="3" slack="0"/>
<pin id="125" dir="1" index="1" bw="3" slack="0"/>
</pin_list>
<bind>
<opcode="load(27) " fcode="load"/>
<opset="i_2/1 "/>
</bind>
</comp>

<comp id="126" class="1004" name="icmp_ln287_fu_126">
<pin_list>
<pin id="127" dir="0" index="0" bw="3" slack="0"/>
<pin id="128" dir="0" index="1" bw="3" slack="0"/>
<pin id="129" dir="1" index="2" bw="1" slack="2147483647"/>
</pin_list>
<bind>
<opcode="icmp(45) " fcode="icmp"/>
<opset="icmp_ln287/1 "/>
</bind>
</comp>

<comp id="132" class="1004" name="add_ln287_fu_132">
<pin_list>
<pin id="133" dir="0" index="0" bw="3" slack="0"/>
<pin id="134" dir="0" index="1" bw="1" slack="0"/>
<pin id="135" dir="1" index="2" bw="3" slack="0"/>
</pin_list>
<bind>
<opcode="add(8) " fcode="add"/>
<opset="add_ln287/1 "/>
</bind>
</comp>

<comp id="138" class="1004" name="conv_fu_138">
<pin_list>
<pin id="139" dir="0" index="0" bw="32" slack="0"/>
<pin id="140" dir="0" index="1" bw="32" slack="0"/>
<pin id="141" dir="0" index="2" bw="32" slack="0"/>
<pin id="142" dir="0" index="3" bw="32" slack="0"/>
<pin id="143" dir="0" index="4" bw="32" slack="0"/>
<pin id="144" dir="0" index="5" bw="32" slack="0"/>
<pin id="145" dir="0" index="6" bw="32" slack="0"/>
<pin id="146" dir="0" index="7" bw="3" slack="0"/>
<pin id="147" dir="1" index="8" bw="32" slack="1"/>
</pin_list>
<bind>
<opcode="mux(1196) " fcode="mux"/>
<opset="conv/1 "/>
</bind>
</comp>

<comp id="156" class="1004" name="pkt_last_V_fu_156">
<pin_list>
<pin id="157" dir="0" index="0" bw="3" slack="0"/>
<pin id="158" dir="0" index="1" bw="3" slack="0"/>
<pin id="159" dir="1" index="2" bw="1" slack="1"/>
</pin_list>
<bind>
<opcode="icmp(45) " fcode="icmp"/>
<opset="pkt_last_V/1 "/>
</bind>
</comp>

<comp id="162" class="1004" name="store_ln287_store_fu_162">
<pin_list>
<pin id="163" dir="0" index="0" bw="3" slack="0"/>
<pin id="164" dir="0" index="1" bw="3" slack="0"/>
<pin id="165" dir="1" index="2" bw="0" slack="2147483647"/>
</pin_list>
<bind>
<opcode="store(28) " fcode="store"/>
<opset="store_ln287/1 "/>
</bind>
</comp>

<comp id="167" class="1004" name="pkt_data_V_fu_167">
<pin_list>
<pin id="168" dir="0" index="0" bw="32" slack="1"/>
<pin id="169" dir="1" index="1" bw="32" slack="0"/>
</pin_list>
<bind>
<opcode="bitcast(44) " fcode="bitcast"/>
<opset="pkt_data_V/2 "/>
</bind>
</comp>

<comp id="171" class="1005" name="i_reg_171">
<pin_list>
<pin id="172" dir="0" index="0" bw="3" slack="0"/>
<pin id="173" dir="1" index="1" bw="3" slack="0"/>
</pin_list>
<bind>
<opset="i "/>
</bind>
</comp>

<comp id="181" class="1005" name="conv_reg_181">
<pin_list>
<pin id="182" dir="0" index="0" bw="32" slack="1"/>
<pin id="183" dir="1" index="1" bw="32" slack="1"/>
</pin_list>
<bind>
<opset="conv "/>
</bind>
</comp>

<comp id="186" class="1005" name="pkt_last_V_reg_186">
<pin_list>
<pin id="187" dir="0" index="0" bw="1" slack="1"/>
<pin id="188" dir="1" index="1" bw="1" slack="1"/>
</pin_list>
<bind>
<opset="pkt_last_V "/>
</bind>
</comp>

</comp_list>

<net_list>
<net id="63"><net_src comp="20" pin="0"/><net_sink comp="60" pin=0"/></net>

<net id="68"><net_src comp="34" pin="0"/><net_sink comp="64" pin=0"/></net>

<net id="69"><net_src comp="10" pin="0"/><net_sink comp="64" pin=1"/></net>

<net id="74"><net_src comp="34" pin="0"/><net_sink comp="70" pin=0"/></net>

<net id="75"><net_src comp="8" pin="0"/><net_sink comp="70" pin=1"/></net>

<net id="80"><net_src comp="34" pin="0"/><net_sink comp="76" pin=0"/></net>

<net id="81"><net_src comp="6" pin="0"/><net_sink comp="76" pin=1"/></net>

<net id="86"><net_src comp="34" pin="0"/><net_sink comp="82" pin=0"/></net>

<net id="87"><net_src comp="4" pin="0"/><net_sink comp="82" pin=1"/></net>

<net id="92"><net_src comp="34" pin="0"/><net_sink comp="88" pin=0"/></net>

<net id="93"><net_src comp="2" pin="0"/><net_sink comp="88" pin=1"/></net>

<net id="98"><net_src comp="34" pin="0"/><net_sink comp="94" pin=0"/></net>

<net id="99"><net_src comp="0" pin="0"/><net_sink comp="94" pin=1"/></net>

<net id="111"><net_src comp="56" pin="0"/><net_sink comp="100" pin=0"/></net>

<net id="112"><net_src comp="12" pin="0"/><net_sink comp="100" pin=1"/></net>

<net id="113"><net_src comp="14" pin="0"/><net_sink comp="100" pin=2"/></net>

<net id="114"><net_src comp="16" pin="0"/><net_sink comp="100" pin=3"/></net>

<net id="115"><net_src comp="18" pin="0"/><net_sink comp="100" pin=4"/></net>

<net id="116"><net_src comp="58" pin="0"/><net_sink comp="100" pin=6"/></net>

<net id="117"><net_src comp="58" pin="0"/><net_sink comp="100" pin=7"/></net>

<net id="122"><net_src comp="36" pin="0"/><net_sink comp="118" pin=0"/></net>

<net id="130"><net_src comp="123" pin="1"/><net_sink comp="126" pin=0"/></net>

<net id="131"><net_src comp="38" pin="0"/><net_sink comp="126" pin=1"/></net>

<net id="136"><net_src comp="123" pin="1"/><net_sink comp="132" pin=0"/></net>

<net id="137"><net_src comp="44" pin="0"/><net_sink comp="132" pin=1"/></net>

<net id="148"><net_src comp="46" pin="0"/><net_sink comp="138" pin=0"/></net>

<net id="149"><net_src comp="94" pin="2"/><net_sink comp="138" pin=1"/></net>

<net id="150"><net_src comp="88" pin="2"/><net_sink comp="138" pin=2"/></net>

<net id="151"><net_src comp="82" pin="2"/><net_sink comp="138" pin=3"/></net>

<net id="152"><net_src comp="76" pin="2"/><net_sink comp="138" pin=4"/></net>

<net id="153"><net_src comp="70" pin="2"/><net_sink comp="138" pin=5"/></net>

<net id="154"><net_src comp="64" pin="2"/><net_sink comp="138" pin=6"/></net>

<net id="155"><net_src comp="123" pin="1"/><net_sink comp="138" pin=7"/></net>

<net id="160"><net_src comp="123" pin="1"/><net_sink comp="156" pin=0"/></net>

<net id="161"><net_src comp="48" pin="0"/><net_sink comp="156" pin=1"/></net>

<net id="166"><net_src comp="132" pin="2"/><net_sink comp="162" pin=0"/></net>

<net id="170"><net_src comp="167" pin="1"/><net_sink comp="100" pin=5"/></net>

<net id="174"><net_src comp="60" pin="1"/><net_sink comp="171" pin=0"/></net>

<net id="175"><net_src comp="171" pin="1"/><net_sink comp="118" pin=1"/></net>

<net id="176"><net_src comp="171" pin="1"/><net_sink comp="123" pin=0"/></net>

<net id="177"><net_src comp="171" pin="1"/><net_sink comp="162" pin=1"/></net>

<net id="184"><net_src comp="138" pin="8"/><net_sink comp="181" pin=0"/></net>

<net id="185"><net_src comp="181" pin="1"/><net_sink comp="167" pin=0"/></net>

<net id="189"><net_src comp="156" pin="2"/><net_sink comp="186" pin=0"/></net>

<net id="190"><net_src comp="186" pin="1"/><net_sink comp="100" pin=8"/></net>

</net_list>

</model> 
---------------- Datapath Model END ------------------

* FSMD analyzer results:
  - Output states:
	Port: output_stream_V_data_V | {2 }
	Port: output_stream_V_keep_V | {2 }
	Port: output_stream_V_strb_V | {2 }
	Port: output_stream_V_last_V | {2 }
 - Input state : 
	Port: pb_predict_Pipeline_WRITE_CLS : cls_out | {1 }
	Port: pb_predict_Pipeline_WRITE_CLS : cls_out_1 | {1 }
	Port: pb_predict_Pipeline_WRITE_CLS : cls_out_2 | {1 }
	Port: pb_predict_Pipeline_WRITE_CLS : cls_out_3 | {1 }
	Port: pb_predict_Pipeline_WRITE_CLS : cls_out_4 | {1 }
	Port: pb_predict_Pipeline_WRITE_CLS : cls_out_5 | {1 }
	Port: pb_predict_Pipeline_WRITE_CLS : output_stream_V_data_V | {}
	Port: pb_predict_Pipeline_WRITE_CLS : output_stream_V_keep_V | {}
	Port: pb_predict_Pipeline_WRITE_CLS : output_stream_V_strb_V | {}
	Port: pb_predict_Pipeline_WRITE_CLS : output_stream_V_last_V | {}
  - Chain level:
	State 1
		store_ln0 : 1
		i_2 : 1
		icmp_ln287 : 2
		add_ln287 : 2
		br_ln287 : 3
		conv : 2
		pkt_last_V : 2
		store_ln287 : 3
	State 2
		write_ln304 : 1


============================================================
+ Verbose Summary: Datapath Resource usage 
============================================================

* Functional unit list:
|----------|---------------------------|---------|---------|
| Operation|      Functional Unit      |    FF   |   LUT   |
|----------|---------------------------|---------|---------|
|    mux   |        conv_fu_138        |    0    |    31   |
|----------|---------------------------|---------|---------|
|   icmp   |     icmp_ln287_fu_126     |    0    |    8    |
|          |     pkt_last_V_fu_156     |    0    |    8    |
|----------|---------------------------|---------|---------|
|    add   |      add_ln287_fu_132     |    0    |    10   |
|----------|---------------------------|---------|---------|
|          | cls_out_5_read_read_fu_64 |    0    |    0    |
|          | cls_out_4_read_read_fu_70 |    0    |    0    |
|   read   | cls_out_3_read_read_fu_76 |    0    |    0    |
|          | cls_out_2_read_read_fu_82 |    0    |    0    |
|          | cls_out_1_read_read_fu_88 |    0    |    0    |
|          |  cls_out_read_read_fu_94  |    0    |    0    |
|----------|---------------------------|---------|---------|
|   write  |  write_ln304_write_fu_100 |    0    |    0    |
|----------|---------------------------|---------|---------|
|   Total  |                           |    0    |    57   |
|----------|---------------------------|---------|---------|

Memories:
N/A

* Register list:
+------------------+--------+
|                  |   FF   |
+------------------+--------+
|   conv_reg_181   |   32   |
|     i_reg_171    |    3   |
|pkt_last_V_reg_186|    1   |
+------------------+--------+
|       Total      |   36   |
+------------------+--------+

* Multiplexer (MUX) list: 
|--------|------|------|------|--------|
|  Comp  |  Pin | Size |  BW  | S x BW |
|--------|------|------|------|--------|
|  Total |      |      |      |    0   |
|--------|------|------|------|--------|



* Summary:
+-----------+--------+--------+
|           |   FF   |   LUT  |
+-----------+--------+--------+
|  Function |    0   |   57   |
|   Memory  |    -   |    -   |
|Multiplexer|    -   |    -   |
|  Register |   36   |    -   |
+-----------+--------+--------+
|   Total   |   36   |   57   |
+-----------+--------+--------+
