

================================================================
== Vitis HLS Report for 'pb_predict_Pipeline_LAYER0'
================================================================
* Date:           Sun Mar 15 15:56:13 2026

* Version:        2022.1 (Build 3526262 on Mon Apr 18 15:48:16 MDT 2022)
* Project:        pickleball_hls
* Solution:       solution1 (Vivado IP Flow Target)
* Product family: zynquplus
* Target device:  xczu3eg-sbva484-1-e


================================================================
== Performance Estimates
================================================================
+ Timing: 
    * Summary: 
    +--------+----------+----------+------------+
    |  Clock |  Target  | Estimated| Uncertainty|
    +--------+----------+----------+------------+
    |ap_clk  |  10.00 ns|  6.675 ns|     2.70 ns|
    +--------+----------+----------+------------+

+ Latency: 
    * Summary: 
    +---------+---------+----------+----------+-----+-----+---------+
    |  Latency (cycles) |  Latency (absolute) |  Interval | Pipeline|
    |   min   |   max   |    min   |    max   | min | max |   Type  |
    +---------+---------+----------+----------+-----+-----+---------+
    |      563|      563|  5.630 us|  5.630 us|  563|  563|       no|
    +---------+---------+----------+----------+-----+-----+---------+

    + Detail: 
        * Instance: 
        N/A

        * Loop: 
        +----------+---------+---------+----------+-----------+-----------+------+----------+
        |          |  Latency (cycles) | Iteration|  Initiation Interval  | Trip |          |
        | Loop Name|   min   |   max   |  Latency |  achieved |   target  | Count| Pipelined|
        +----------+---------+---------+----------+-----------+-----------+------+----------+
        |- LAYER0  |      561|      561|        51|          1|          1|   512|       yes|
        +----------+---------+---------+----------+-----------+-----------+------+----------+

============================================================
+ Verbose Summary: Synthesis Manager
============================================================
InlineROM: 1
ExposeGlobal: 0
============================================================
+ Verbose Summary: CDFG Model
============================================================
IsTopModel: 0
ResetActiveHigh: 1
IsCombinational: 0
IsDatapathOnly: 0
HasWiredReturn: 1
HasMFsm: 2
HasVarLatency: 1
IsPipeline: 0
IsRtlPipelined: 0
IsInstanceOverlapped: 0
IsDontTouch: 0
HasImplIP: 0
IsGatedGlobalClock: 0

+ Individual pipeline summary: 
  * Pipeline-0: initiation interval (II) = 1, depth = 51


============================================================
+ Verbose Summary: Schedule
============================================================
* Number of FSM states : 51
* Pipeline : 1
  Pipeline-0 : II = 1, D = 51, States = { 1 2 3 4 5 6 7 8 9 10 11 12 13 14 15 16 17 18 19 20 21 22 23 24 25 26 27 28 29 30 31 32 33 34 35 36 37 38 39 40 41 42 43 44 45 46 47 48 49 50 51 }
* Dataflow Pipeline: 0

* FSM state transitions: 
1 --> 2 
2 --> 3 
3 --> 4 
4 --> 5 
5 --> 6 
6 --> 7 
7 --> 8 
8 --> 9 
9 --> 10 
10 --> 11 
11 --> 12 
12 --> 13 
13 --> 14 
14 --> 15 
15 --> 16 
16 --> 17 
17 --> 18 
18 --> 19 
19 --> 20 
20 --> 21 
21 --> 22 
22 --> 23 
23 --> 24 
24 --> 25 
25 --> 26 
26 --> 27 
27 --> 28 
28 --> 29 
29 --> 30 
30 --> 31 
31 --> 32 
32 --> 33 
33 --> 34 
34 --> 35 
35 --> 36 
36 --> 37 
37 --> 38 
38 --> 39 
39 --> 40 
40 --> 41 
41 --> 42 
42 --> 43 
43 --> 44 
44 --> 45 
45 --> 46 
46 --> 47 
47 --> 48 
48 --> 49 
49 --> 50 
50 --> 51 
51 --> 

* FSM state operations: 

State 1 <SV = 0> <Delay = 1.42>
ST_1 : Operation 54 [1/1] (0.00ns)   --->   "%i_2 = alloca i32 1"   --->   Operation 54 'alloca' 'i_2' <Predicate = true> <Delay = 0.00>
ST_1 : Operation 55 [1/1] (0.00ns)   --->   "%specmemcore_ln0 = specmemcore void @_ssdm_op_SpecMemCore, i32 %trunk_0_bias, i64 666, i64 34, i64 18446744073709551615"   --->   Operation 55 'specmemcore' 'specmemcore_ln0' <Predicate = true> <Delay = 0.00>
ST_1 : Operation 56 [1/1] (0.00ns)   --->   "%specmemcore_ln0 = specmemcore void @_ssdm_op_SpecMemCore, i8 %p_ZL16trunk_0_weight_q_0, i64 666, i64 34, i64 18446744073709551615"   --->   Operation 56 'specmemcore' 'specmemcore_ln0' <Predicate = true> <Delay = 0.00>
ST_1 : Operation 57 [1/1] (0.00ns)   --->   "%specmemcore_ln0 = specmemcore void @_ssdm_op_SpecMemCore, i8 %p_ZL16trunk_0_weight_q_1, i64 666, i64 34, i64 18446744073709551615"   --->   Operation 57 'specmemcore' 'specmemcore_ln0' <Predicate = true> <Delay = 0.00>
ST_1 : Operation 58 [1/1] (0.00ns)   --->   "%specmemcore_ln0 = specmemcore void @_ssdm_op_SpecMemCore, i8 %p_ZL16trunk_0_weight_q_2, i64 666, i64 34, i64 18446744073709551615"   --->   Operation 58 'specmemcore' 'specmemcore_ln0' <Predicate = true> <Delay = 0.00>
ST_1 : Operation 59 [1/1] (0.00ns)   --->   "%specmemcore_ln0 = specmemcore void @_ssdm_op_SpecMemCore, i8 %p_ZL16trunk_0_weight_q_3, i64 666, i64 34, i64 18446744073709551615"   --->   Operation 59 'specmemcore' 'specmemcore_ln0' <Predicate = true> <Delay = 0.00>
ST_1 : Operation 60 [1/1] (0.00ns)   --->   "%specmemcore_ln0 = specmemcore void @_ssdm_op_SpecMemCore, i8 %p_ZL16trunk_0_weight_q_4, i64 666, i64 34, i64 18446744073709551615"   --->   Operation 60 'specmemcore' 'specmemcore_ln0' <Predicate = true> <Delay = 0.00>
ST_1 : Operation 61 [1/1] (0.00ns)   --->   "%specmemcore_ln0 = specmemcore void @_ssdm_op_SpecMemCore, i8 %p_ZL16trunk_0_weight_q_5, i64 666, i64 34, i64 18446744073709551615"   --->   Operation 61 'specmemcore' 'specmemcore_ln0' <Predicate = true> <Delay = 0.00>
ST_1 : Operation 62 [1/1] (0.00ns)   --->   "%input_scaled_5_reload_read = read i32 @_ssdm_op_Read.ap_auto.float, i32 %input_scaled_5_reload"   --->   Operation 62 'read' 'input_scaled_5_reload_read' <Predicate = true> <Delay = 0.00>
ST_1 : Operation 63 [1/1] (0.00ns)   --->   "%input_scaled_4_reload_read = read i32 @_ssdm_op_Read.ap_auto.float, i32 %input_scaled_4_reload"   --->   Operation 63 'read' 'input_scaled_4_reload_read' <Predicate = true> <Delay = 0.00>
ST_1 : Operation 64 [1/1] (0.00ns)   --->   "%input_scaled_3_reload_read = read i32 @_ssdm_op_Read.ap_auto.float, i32 %input_scaled_3_reload"   --->   Operation 64 'read' 'input_scaled_3_reload_read' <Predicate = true> <Delay = 0.00>
ST_1 : Operation 65 [1/1] (0.00ns)   --->   "%input_scaled_2_reload_read = read i32 @_ssdm_op_Read.ap_auto.float, i32 %input_scaled_2_reload"   --->   Operation 65 'read' 'input_scaled_2_reload_read' <Predicate = true> <Delay = 0.00>
ST_1 : Operation 66 [1/1] (0.00ns)   --->   "%input_scaled_1_reload_read = read i32 @_ssdm_op_Read.ap_auto.float, i32 %input_scaled_1_reload"   --->   Operation 66 'read' 'input_scaled_1_reload_read' <Predicate = true> <Delay = 0.00>
ST_1 : Operation 67 [1/1] (0.00ns)   --->   "%input_scaled_reload_read = read i32 @_ssdm_op_Read.ap_auto.float, i32 %input_scaled_reload"   --->   Operation 67 'read' 'input_scaled_reload_read' <Predicate = true> <Delay = 0.00>
ST_1 : Operation 68 [1/1] (0.48ns)   --->   "%store_ln0 = store i10 0, i10 %i_2"   --->   Operation 68 'store' 'store_ln0' <Predicate = true> <Delay = 0.48>
ST_1 : Operation 69 [1/1] (0.00ns)   --->   "%br_ln0 = br void %for.inc34"   --->   Operation 69 'br' 'br_ln0' <Predicate = true> <Delay = 0.00>
ST_1 : Operation 70 [1/1] (0.00ns)   --->   "%i = load i10 %i_2" [pickleball_model.cpp:120]   --->   Operation 70 'load' 'i' <Predicate = true> <Delay = 0.00>
ST_1 : Operation 71 [1/1] (0.85ns)   --->   "%icmp_ln112 = icmp_eq  i10 %i, i10 512" [pickleball_model.cpp:112]   --->   Operation 71 'icmp' 'icmp_ln112' <Predicate = true> <Delay = 0.85> <CoreInst = "Cmp">   --->   Core 9 'Cmp' <Latency = 0> <II = 1> <Delay = 0.85> <FuncUnit> <Opcode : 'icmp'> <InPorts = 2> <OutPorts = 1>
ST_1 : Operation 72 [1/1] (0.00ns)   --->   "%empty = speclooptripcount i32 @_ssdm_op_SpecLoopTripCount, i64 512, i64 512, i64 512"   --->   Operation 72 'speclooptripcount' 'empty' <Predicate = true> <Delay = 0.00>
ST_1 : Operation 73 [1/1] (0.93ns)   --->   "%add_ln112 = add i10 %i, i10 1" [pickleball_model.cpp:112]   --->   Operation 73 'add' 'add_ln112' <Predicate = true> <Delay = 0.93> <CoreInst = "Adder">   --->   Core 1 'Adder' <Latency = 0> <II = 1> <Delay = 0.93> <FuncUnit> <Opcode : 'add' 'sub'> <InPorts = 2> <OutPorts = 1>
ST_1 : Operation 74 [1/1] (0.00ns)   --->   "%br_ln112 = br i1 %icmp_ln112, void %for.inc34.split_ifconv, void %L1_MAC.preheader.exitStub" [pickleball_model.cpp:112]   --->   Operation 74 'br' 'br_ln112' <Predicate = true> <Delay = 0.00>
ST_1 : Operation 75 [1/1] (0.00ns)   --->   "%zext_ln112 = zext i10 %i" [pickleball_model.cpp:112]   --->   Operation 75 'zext' 'zext_ln112' <Predicate = (!icmp_ln112)> <Delay = 0.00>
ST_1 : Operation 76 [1/1] (0.00ns)   --->   "%p_ZL16trunk_0_weight_q_0_addr = getelementptr i8 %p_ZL16trunk_0_weight_q_0, i64 0, i64 %zext_ln112" [pickleball_model.cpp:118]   --->   Operation 76 'getelementptr' 'p_ZL16trunk_0_weight_q_0_addr' <Predicate = (!icmp_ln112)> <Delay = 0.00>
ST_1 : Operation 77 [2/2] (0.79ns)   --->   "%p_ZL16trunk_0_weight_q_0_load = load i9 %p_ZL16trunk_0_weight_q_0_addr" [pickleball_model.cpp:118]   --->   Operation 77 'load' 'p_ZL16trunk_0_weight_q_0_load' <Predicate = (!icmp_ln112)> <Delay = 0.79> <CoreInst = "ROM_1P_LUTRAM">   --->   Core 103 'ROM_1P_LUTRAM' <Latency = 1> <II = 1> <Delay = 0.79> <Storage> <Opcode : 'load'> <Ports = 1> <Width = 8> <Depth = 512> <ROM>
ST_1 : Operation 78 [1/1] (0.00ns)   --->   "%lshr_ln = partselect i5 @_ssdm_op_PartSelect.i5.i10.i32.i32, i10 %i, i32 4, i32 8" [pickleball_model.cpp:120]   --->   Operation 78 'partselect' 'lshr_ln' <Predicate = (!icmp_ln112)> <Delay = 0.00>
ST_1 : Operation 79 [1/1] (0.00ns)   --->   "%trunc_ln120 = trunc i10 %i" [pickleball_model.cpp:120]   --->   Operation 79 'trunc' 'trunc_ln120' <Predicate = (!icmp_ln112)> <Delay = 0.00>
ST_1 : Operation 80 [1/1] (0.51ns)   --->   "%switch_ln120 = switch i4 %trunc_ln120, void %arrayidx43.case.15, i4 0, void %arrayidx43.case.0, i4 1, void %arrayidx43.case.1, i4 2, void %arrayidx43.case.2, i4 3, void %arrayidx43.case.3, i4 4, void %arrayidx43.case.4, i4 5, void %arrayidx43.case.5, i4 6, void %arrayidx43.case.6, i4 7, void %arrayidx43.case.7, i4 8, void %arrayidx43.case.8, i4 9, void %arrayidx43.case.9, i4 10, void %arrayidx43.case.10, i4 11, void %arrayidx43.case.11, i4 12, void %arrayidx43.case.12, i4 13, void %arrayidx43.case.13, i4 14, void %arrayidx43.case.14" [pickleball_model.cpp:120]   --->   Operation 80 'switch' 'switch_ln120' <Predicate = (!icmp_ln112)> <Delay = 0.51>
ST_1 : Operation 81 [1/1] (0.48ns)   --->   "%store_ln112 = store i10 %add_ln112, i10 %i_2" [pickleball_model.cpp:112]   --->   Operation 81 'store' 'store_ln112' <Predicate = (!icmp_ln112)> <Delay = 0.48>
ST_1 : Operation 82 [1/1] (0.00ns)   --->   "%br_ln112 = br void %for.inc34" [pickleball_model.cpp:112]   --->   Operation 82 'br' 'br_ln112' <Predicate = (!icmp_ln112)> <Delay = 0.00>

State 2 <SV = 1> <Delay = 0.79>
ST_2 : Operation 83 [1/2] (0.79ns)   --->   "%p_ZL16trunk_0_weight_q_0_load = load i9 %p_ZL16trunk_0_weight_q_0_addr" [pickleball_model.cpp:118]   --->   Operation 83 'load' 'p_ZL16trunk_0_weight_q_0_load' <Predicate = true> <Delay = 0.79> <CoreInst = "ROM_1P_LUTRAM">   --->   Core 103 'ROM_1P_LUTRAM' <Latency = 1> <II = 1> <Delay = 0.79> <Storage> <Opcode : 'load'> <Ports = 1> <Width = 8> <Depth = 512> <ROM>

State 3 <SV = 2> <Delay = 6.67>
ST_3 : Operation 84 [1/1] (0.00ns)   --->   "%sext_ln118 = sext i8 %p_ZL16trunk_0_weight_q_0_load" [pickleball_model.cpp:118]   --->   Operation 84 'sext' 'sext_ln118' <Predicate = true> <Delay = 0.00>
ST_3 : Operation 85 [4/4] (6.67ns)   --->   "%conv1 = sitofp i32 %sext_ln118" [pickleball_model.cpp:118]   --->   Operation 85 'sitofp' 'conv1' <Predicate = true> <Delay = 6.67> <CoreInst = "Int2Float">   --->   Core 62 'Int2Float' <Latency = 3> <II = 1> <Delay = 6.67> <FuncUnit> <Opcode : 'sitofp' 'uitofp'> <InPorts = 1> <OutPorts = 1>

State 4 <SV = 3> <Delay = 6.67>
ST_4 : Operation 86 [3/4] (6.67ns)   --->   "%conv1 = sitofp i32 %sext_ln118" [pickleball_model.cpp:118]   --->   Operation 86 'sitofp' 'conv1' <Predicate = true> <Delay = 6.67> <CoreInst = "Int2Float">   --->   Core 62 'Int2Float' <Latency = 3> <II = 1> <Delay = 6.67> <FuncUnit> <Opcode : 'sitofp' 'uitofp'> <InPorts = 1> <OutPorts = 1>

State 5 <SV = 4> <Delay = 6.67>
ST_5 : Operation 87 [2/4] (6.67ns)   --->   "%conv1 = sitofp i32 %sext_ln118" [pickleball_model.cpp:118]   --->   Operation 87 'sitofp' 'conv1' <Predicate = true> <Delay = 6.67> <CoreInst = "Int2Float">   --->   Core 62 'Int2Float' <Latency = 3> <II = 1> <Delay = 6.67> <FuncUnit> <Opcode : 'sitofp' 'uitofp'> <InPorts = 1> <OutPorts = 1>

State 6 <SV = 5> <Delay = 6.67>
ST_6 : Operation 88 [1/4] (6.67ns)   --->   "%conv1 = sitofp i32 %sext_ln118" [pickleball_model.cpp:118]   --->   Operation 88 'sitofp' 'conv1' <Predicate = true> <Delay = 6.67> <CoreInst = "Int2Float">   --->   Core 62 'Int2Float' <Latency = 3> <II = 1> <Delay = 6.67> <FuncUnit> <Opcode : 'sitofp' 'uitofp'> <InPorts = 1> <OutPorts = 1>
ST_6 : Operation 89 [1/1] (0.00ns)   --->   "%p_ZL16trunk_0_weight_q_1_addr = getelementptr i8 %p_ZL16trunk_0_weight_q_1, i64 0, i64 %zext_ln112" [pickleball_model.cpp:118]   --->   Operation 89 'getelementptr' 'p_ZL16trunk_0_weight_q_1_addr' <Predicate = true> <Delay = 0.00>
ST_6 : Operation 90 [2/2] (0.79ns)   --->   "%p_ZL16trunk_0_weight_q_1_load = load i9 %p_ZL16trunk_0_weight_q_1_addr" [pickleball_model.cpp:118]   --->   Operation 90 'load' 'p_ZL16trunk_0_weight_q_1_load' <Predicate = true> <Delay = 0.79> <CoreInst = "ROM_1P_LUTRAM">   --->   Core 103 'ROM_1P_LUTRAM' <Latency = 1> <II = 1> <Delay = 0.79> <Storage> <Opcode : 'load'> <Ports = 1> <Width = 8> <Depth = 512> <ROM>

State 7 <SV = 6> <Delay = 4.67>
ST_7 : Operation 91 [4/4] (4.67ns)   --->   "%mul = fmul i32 %conv1, i32 %input_scaled_reload_read" [pickleball_model.cpp:118]   --->   Operation 91 'fmul' 'mul' <Predicate = true> <Delay = 4.67> <CoreInst = "FMul_maxdsp">   --->   Core 30 'FMul_maxdsp' <Latency = 3> <II = 1> <Delay = 4.67> <FuncUnit> <Opcode : 'fmul'> <InPorts = 2> <OutPorts = 1>
ST_7 : Operation 92 [1/2] (0.79ns)   --->   "%p_ZL16trunk_0_weight_q_1_load = load i9 %p_ZL16trunk_0_weight_q_1_addr" [pickleball_model.cpp:118]   --->   Operation 92 'load' 'p_ZL16trunk_0_weight_q_1_load' <Predicate = true> <Delay = 0.79> <CoreInst = "ROM_1P_LUTRAM">   --->   Core 103 'ROM_1P_LUTRAM' <Latency = 1> <II = 1> <Delay = 0.79> <Storage> <Opcode : 'load'> <Ports = 1> <Width = 8> <Depth = 512> <ROM>

State 8 <SV = 7> <Delay = 6.67>
ST_8 : Operation 93 [3/4] (4.67ns)   --->   "%mul = fmul i32 %conv1, i32 %input_scaled_reload_read" [pickleball_model.cpp:118]   --->   Operation 93 'fmul' 'mul' <Predicate = true> <Delay = 4.67> <CoreInst = "FMul_maxdsp">   --->   Core 30 'FMul_maxdsp' <Latency = 3> <II = 1> <Delay = 4.67> <FuncUnit> <Opcode : 'fmul'> <InPorts = 2> <OutPorts = 1>
ST_8 : Operation 94 [1/1] (0.00ns)   --->   "%sext_ln118_1 = sext i8 %p_ZL16trunk_0_weight_q_1_load" [pickleball_model.cpp:118]   --->   Operation 94 'sext' 'sext_ln118_1' <Predicate = true> <Delay = 0.00>
ST_8 : Operation 95 [4/4] (6.67ns)   --->   "%conv29_1 = sitofp i32 %sext_ln118_1" [pickleball_model.cpp:118]   --->   Operation 95 'sitofp' 'conv29_1' <Predicate = true> <Delay = 6.67> <CoreInst = "Int2Float">   --->   Core 62 'Int2Float' <Latency = 3> <II = 1> <Delay = 6.67> <FuncUnit> <Opcode : 'sitofp' 'uitofp'> <InPorts = 1> <OutPorts = 1>

State 9 <SV = 8> <Delay = 6.67>
ST_9 : Operation 96 [2/4] (4.67ns)   --->   "%mul = fmul i32 %conv1, i32 %input_scaled_reload_read" [pickleball_model.cpp:118]   --->   Operation 96 'fmul' 'mul' <Predicate = true> <Delay = 4.67> <CoreInst = "FMul_maxdsp">   --->   Core 30 'FMul_maxdsp' <Latency = 3> <II = 1> <Delay = 4.67> <FuncUnit> <Opcode : 'fmul'> <InPorts = 2> <OutPorts = 1>
ST_9 : Operation 97 [3/4] (6.67ns)   --->   "%conv29_1 = sitofp i32 %sext_ln118_1" [pickleball_model.cpp:118]   --->   Operation 97 'sitofp' 'conv29_1' <Predicate = true> <Delay = 6.67> <CoreInst = "Int2Float">   --->   Core 62 'Int2Float' <Latency = 3> <II = 1> <Delay = 6.67> <FuncUnit> <Opcode : 'sitofp' 'uitofp'> <InPorts = 1> <OutPorts = 1>

State 10 <SV = 9> <Delay = 6.67>
ST_10 : Operation 98 [1/4] (4.67ns)   --->   "%mul = fmul i32 %conv1, i32 %input_scaled_reload_read" [pickleball_model.cpp:118]   --->   Operation 98 'fmul' 'mul' <Predicate = true> <Delay = 4.67> <CoreInst = "FMul_maxdsp">   --->   Core 30 'FMul_maxdsp' <Latency = 3> <II = 1> <Delay = 4.67> <FuncUnit> <Opcode : 'fmul'> <InPorts = 2> <OutPorts = 1>
ST_10 : Operation 99 [2/4] (6.67ns)   --->   "%conv29_1 = sitofp i32 %sext_ln118_1" [pickleball_model.cpp:118]   --->   Operation 99 'sitofp' 'conv29_1' <Predicate = true> <Delay = 6.67> <CoreInst = "Int2Float">   --->   Core 62 'Int2Float' <Latency = 3> <II = 1> <Delay = 6.67> <FuncUnit> <Opcode : 'sitofp' 'uitofp'> <InPorts = 1> <OutPorts = 1>

State 11 <SV = 10> <Delay = 6.67>
ST_11 : Operation 100 [5/5] (6.01ns)   --->   "%sum = fadd i32 %mul, i32 0" [pickleball_model.cpp:118]   --->   Operation 100 'fadd' 'sum' <Predicate = true> <Delay = 6.01> <CoreInst = "FAddSub_fulldsp">   --->   Core 18 'FAddSub_fulldsp' <Latency = 4> <II = 1> <Delay = 6.01> <FuncUnit> <Opcode : 'fadd' 'fsub'> <InPorts = 2> <OutPorts = 1>
ST_11 : Operation 101 [1/4] (6.67ns)   --->   "%conv29_1 = sitofp i32 %sext_ln118_1" [pickleball_model.cpp:118]   --->   Operation 101 'sitofp' 'conv29_1' <Predicate = true> <Delay = 6.67> <CoreInst = "Int2Float">   --->   Core 62 'Int2Float' <Latency = 3> <II = 1> <Delay = 6.67> <FuncUnit> <Opcode : 'sitofp' 'uitofp'> <InPorts = 1> <OutPorts = 1>
ST_11 : Operation 102 [1/1] (0.00ns)   --->   "%p_ZL16trunk_0_weight_q_2_addr = getelementptr i8 %p_ZL16trunk_0_weight_q_2, i64 0, i64 %zext_ln112" [pickleball_model.cpp:118]   --->   Operation 102 'getelementptr' 'p_ZL16trunk_0_weight_q_2_addr' <Predicate = true> <Delay = 0.00>
ST_11 : Operation 103 [2/2] (0.79ns)   --->   "%p_ZL16trunk_0_weight_q_2_load = load i9 %p_ZL16trunk_0_weight_q_2_addr" [pickleball_model.cpp:118]   --->   Operation 103 'load' 'p_ZL16trunk_0_weight_q_2_load' <Predicate = true> <Delay = 0.79> <CoreInst = "ROM_1P_LUTRAM">   --->   Core 103 'ROM_1P_LUTRAM' <Latency = 1> <II = 1> <Delay = 0.79> <Storage> <Opcode : 'load'> <Ports = 1> <Width = 8> <Depth = 512> <ROM>
ST_11 : Operation 104 [1/1] (0.00ns)   --->   "%p_ZL16trunk_0_weight_q_3_addr = getelementptr i8 %p_ZL16trunk_0_weight_q_3, i64 0, i64 %zext_ln112" [pickleball_model.cpp:118]   --->   Operation 104 'getelementptr' 'p_ZL16trunk_0_weight_q_3_addr' <Predicate = true> <Delay = 0.00>
ST_11 : Operation 105 [2/2] (0.79ns)   --->   "%p_ZL16trunk_0_weight_q_3_load = load i9 %p_ZL16trunk_0_weight_q_3_addr" [pickleball_model.cpp:118]   --->   Operation 105 'load' 'p_ZL16trunk_0_weight_q_3_load' <Predicate = true> <Delay = 0.79> <CoreInst = "ROM_1P_LUTRAM">   --->   Core 103 'ROM_1P_LUTRAM' <Latency = 1> <II = 1> <Delay = 0.79> <Storage> <Opcode : 'load'> <Ports = 1> <Width = 8> <Depth = 512> <ROM>
ST_11 : Operation 106 [1/1] (0.00ns)   --->   "%p_ZL16trunk_0_weight_q_4_addr = getelementptr i8 %p_ZL16trunk_0_weight_q_4, i64 0, i64 %zext_ln112" [pickleball_model.cpp:118]   --->   Operation 106 'getelementptr' 'p_ZL16trunk_0_weight_q_4_addr' <Predicate = true> <Delay = 0.00>
ST_11 : Operation 107 [2/2] (0.79ns)   --->   "%p_ZL16trunk_0_weight_q_4_load = load i9 %p_ZL16trunk_0_weight_q_4_addr" [pickleball_model.cpp:118]   --->   Operation 107 'load' 'p_ZL16trunk_0_weight_q_4_load' <Predicate = true> <Delay = 0.79> <CoreInst = "ROM_1P_LUTRAM">   --->   Core 103 'ROM_1P_LUTRAM' <Latency = 1> <II = 1> <Delay = 0.79> <Storage> <Opcode : 'load'> <Ports = 1> <Width = 8> <Depth = 512> <ROM>
ST_11 : Operation 108 [1/1] (0.00ns)   --->   "%p_ZL16trunk_0_weight_q_5_addr = getelementptr i8 %p_ZL16trunk_0_weight_q_5, i64 0, i64 %zext_ln112" [pickleball_model.cpp:118]   --->   Operation 108 'getelementptr' 'p_ZL16trunk_0_weight_q_5_addr' <Predicate = true> <Delay = 0.00>
ST_11 : Operation 109 [2/2] (0.79ns)   --->   "%p_ZL16trunk_0_weight_q_5_load = load i9 %p_ZL16trunk_0_weight_q_5_addr" [pickleball_model.cpp:118]   --->   Operation 109 'load' 'p_ZL16trunk_0_weight_q_5_load' <Predicate = true> <Delay = 0.79> <CoreInst = "ROM_1P_LUTRAM">   --->   Core 103 'ROM_1P_LUTRAM' <Latency = 1> <II = 1> <Delay = 0.79> <Storage> <Opcode : 'load'> <Ports = 1> <Width = 8> <Depth = 512> <ROM>
ST_11 : Operation 110 [1/1] (0.00ns)   --->   "%trunk_0_bias_addr = getelementptr i32 %trunk_0_bias, i64 0, i64 %zext_ln112" [pickleball_model.cpp:120]   --->   Operation 110 'getelementptr' 'trunk_0_bias_addr' <Predicate = true> <Delay = 0.00>
ST_11 : Operation 111 [2/2] (0.79ns)   --->   "%trunk_0_bias_load = load i9 %trunk_0_bias_addr" [pickleball_model.cpp:120]   --->   Operation 111 'load' 'trunk_0_bias_load' <Predicate = true> <Delay = 0.79> <CoreInst = "ROM_1P_LUTRAM">   --->   Core 103 'ROM_1P_LUTRAM' <Latency = 1> <II = 1> <Delay = 0.79> <Storage> <Opcode : 'load'> <Ports = 1> <Width = 32> <Depth = 512> <ROM>

State 12 <SV = 11> <Delay = 6.01>
ST_12 : Operation 112 [4/5] (6.01ns)   --->   "%sum = fadd i32 %mul, i32 0" [pickleball_model.cpp:118]   --->   Operation 112 'fadd' 'sum' <Predicate = true> <Delay = 6.01> <CoreInst = "FAddSub_fulldsp">   --->   Core 18 'FAddSub_fulldsp' <Latency = 4> <II = 1> <Delay = 6.01> <FuncUnit> <Opcode : 'fadd' 'fsub'> <InPorts = 2> <OutPorts = 1>
ST_12 : Operation 113 [4/4] (4.67ns)   --->   "%mul32_1 = fmul i32 %conv29_1, i32 %input_scaled_1_reload_read" [pickleball_model.cpp:118]   --->   Operation 113 'fmul' 'mul32_1' <Predicate = true> <Delay = 4.67> <CoreInst = "FMul_maxdsp">   --->   Core 30 'FMul_maxdsp' <Latency = 3> <II = 1> <Delay = 4.67> <FuncUnit> <Opcode : 'fmul'> <InPorts = 2> <OutPorts = 1>
ST_12 : Operation 114 [1/2] (0.79ns)   --->   "%p_ZL16trunk_0_weight_q_2_load = load i9 %p_ZL16trunk_0_weight_q_2_addr" [pickleball_model.cpp:118]   --->   Operation 114 'load' 'p_ZL16trunk_0_weight_q_2_load' <Predicate = true> <Delay = 0.79> <CoreInst = "ROM_1P_LUTRAM">   --->   Core 103 'ROM_1P_LUTRAM' <Latency = 1> <II = 1> <Delay = 0.79> <Storage> <Opcode : 'load'> <Ports = 1> <Width = 8> <Depth = 512> <ROM>
ST_12 : Operation 115 [1/2] (0.79ns)   --->   "%p_ZL16trunk_0_weight_q_3_load = load i9 %p_ZL16trunk_0_weight_q_3_addr" [pickleball_model.cpp:118]   --->   Operation 115 'load' 'p_ZL16trunk_0_weight_q_3_load' <Predicate = true> <Delay = 0.79> <CoreInst = "ROM_1P_LUTRAM">   --->   Core 103 'ROM_1P_LUTRAM' <Latency = 1> <II = 1> <Delay = 0.79> <Storage> <Opcode : 'load'> <Ports = 1> <Width = 8> <Depth = 512> <ROM>
ST_12 : Operation 116 [1/2] (0.79ns)   --->   "%p_ZL16trunk_0_weight_q_4_load = load i9 %p_ZL16trunk_0_weight_q_4_addr" [pickleball_model.cpp:118]   --->   Operation 116 'load' 'p_ZL16trunk_0_weight_q_4_load' <Predicate = true> <Delay = 0.79> <CoreInst = "ROM_1P_LUTRAM">   --->   Core 103 'ROM_1P_LUTRAM' <Latency = 1> <II = 1> <Delay = 0.79> <Storage> <Opcode : 'load'> <Ports = 1> <Width = 8> <Depth = 512> <ROM>
ST_12 : Operation 117 [1/2] (0.79ns)   --->   "%p_ZL16trunk_0_weight_q_5_load = load i9 %p_ZL16trunk_0_weight_q_5_addr" [pickleball_model.cpp:118]   --->   Operation 117 'load' 'p_ZL16trunk_0_weight_q_5_load' <Predicate = true> <Delay = 0.79> <CoreInst = "ROM_1P_LUTRAM">   --->   Core 103 'ROM_1P_LUTRAM' <Latency = 1> <II = 1> <Delay = 0.79> <Storage> <Opcode : 'load'> <Ports = 1> <Width = 8> <Depth = 512> <ROM>
ST_12 : Operation 118 [1/2] (0.79ns)   --->   "%trunk_0_bias_load = load i9 %trunk_0_bias_addr" [pickleball_model.cpp:120]   --->   Operation 118 'load' 'trunk_0_bias_load' <Predicate = true> <Delay = 0.79> <CoreInst = "ROM_1P_LUTRAM">   --->   Core 103 'ROM_1P_LUTRAM' <Latency = 1> <II = 1> <Delay = 0.79> <Storage> <Opcode : 'load'> <Ports = 1> <Width = 32> <Depth = 512> <ROM>

State 13 <SV = 12> <Delay = 6.67>
ST_13 : Operation 119 [3/5] (6.01ns)   --->   "%sum = fadd i32 %mul, i32 0" [pickleball_model.cpp:118]   --->   Operation 119 'fadd' 'sum' <Predicate = true> <Delay = 6.01> <CoreInst = "FAddSub_fulldsp">   --->   Core 18 'FAddSub_fulldsp' <Latency = 4> <II = 1> <Delay = 6.01> <FuncUnit> <Opcode : 'fadd' 'fsub'> <InPorts = 2> <OutPorts = 1>
ST_13 : Operation 120 [3/4] (4.67ns)   --->   "%mul32_1 = fmul i32 %conv29_1, i32 %input_scaled_1_reload_read" [pickleball_model.cpp:118]   --->   Operation 120 'fmul' 'mul32_1' <Predicate = true> <Delay = 4.67> <CoreInst = "FMul_maxdsp">   --->   Core 30 'FMul_maxdsp' <Latency = 3> <II = 1> <Delay = 4.67> <FuncUnit> <Opcode : 'fmul'> <InPorts = 2> <OutPorts = 1>
ST_13 : Operation 121 [1/1] (0.00ns)   --->   "%sext_ln118_2 = sext i8 %p_ZL16trunk_0_weight_q_2_load" [pickleball_model.cpp:118]   --->   Operation 121 'sext' 'sext_ln118_2' <Predicate = true> <Delay = 0.00>
ST_13 : Operation 122 [4/4] (6.67ns)   --->   "%conv29_2 = sitofp i32 %sext_ln118_2" [pickleball_model.cpp:118]   --->   Operation 122 'sitofp' 'conv29_2' <Predicate = true> <Delay = 6.67> <CoreInst = "Int2Float">   --->   Core 62 'Int2Float' <Latency = 3> <II = 1> <Delay = 6.67> <FuncUnit> <Opcode : 'sitofp' 'uitofp'> <InPorts = 1> <OutPorts = 1>

State 14 <SV = 13> <Delay = 6.67>
ST_14 : Operation 123 [2/5] (6.01ns)   --->   "%sum = fadd i32 %mul, i32 0" [pickleball_model.cpp:118]   --->   Operation 123 'fadd' 'sum' <Predicate = true> <Delay = 6.01> <CoreInst = "FAddSub_fulldsp">   --->   Core 18 'FAddSub_fulldsp' <Latency = 4> <II = 1> <Delay = 6.01> <FuncUnit> <Opcode : 'fadd' 'fsub'> <InPorts = 2> <OutPorts = 1>
ST_14 : Operation 124 [2/4] (4.67ns)   --->   "%mul32_1 = fmul i32 %conv29_1, i32 %input_scaled_1_reload_read" [pickleball_model.cpp:118]   --->   Operation 124 'fmul' 'mul32_1' <Predicate = true> <Delay = 4.67> <CoreInst = "FMul_maxdsp">   --->   Core 30 'FMul_maxdsp' <Latency = 3> <II = 1> <Delay = 4.67> <FuncUnit> <Opcode : 'fmul'> <InPorts = 2> <OutPorts = 1>
ST_14 : Operation 125 [3/4] (6.67ns)   --->   "%conv29_2 = sitofp i32 %sext_ln118_2" [pickleball_model.cpp:118]   --->   Operation 125 'sitofp' 'conv29_2' <Predicate = true> <Delay = 6.67> <CoreInst = "Int2Float">   --->   Core 62 'Int2Float' <Latency = 3> <II = 1> <Delay = 6.67> <FuncUnit> <Opcode : 'sitofp' 'uitofp'> <InPorts = 1> <OutPorts = 1>

State 15 <SV = 14> <Delay = 6.67>
ST_15 : Operation 126 [1/5] (6.01ns)   --->   "%sum = fadd i32 %mul, i32 0" [pickleball_model.cpp:118]   --->   Operation 126 'fadd' 'sum' <Predicate = true> <Delay = 6.01> <CoreInst = "FAddSub_fulldsp">   --->   Core 18 'FAddSub_fulldsp' <Latency = 4> <II = 1> <Delay = 6.01> <FuncUnit> <Opcode : 'fadd' 'fsub'> <InPorts = 2> <OutPorts = 1>
ST_15 : Operation 127 [1/4] (4.67ns)   --->   "%mul32_1 = fmul i32 %conv29_1, i32 %input_scaled_1_reload_read" [pickleball_model.cpp:118]   --->   Operation 127 'fmul' 'mul32_1' <Predicate = true> <Delay = 4.67> <CoreInst = "FMul_maxdsp">   --->   Core 30 'FMul_maxdsp' <Latency = 3> <II = 1> <Delay = 4.67> <FuncUnit> <Opcode : 'fmul'> <InPorts = 2> <OutPorts = 1>
ST_15 : Operation 128 [2/4] (6.67ns)   --->   "%conv29_2 = sitofp i32 %sext_ln118_2" [pickleball_model.cpp:118]   --->   Operation 128 'sitofp' 'conv29_2' <Predicate = true> <Delay = 6.67> <CoreInst = "Int2Float">   --->   Core 62 'Int2Float' <Latency = 3> <II = 1> <Delay = 6.67> <FuncUnit> <Opcode : 'sitofp' 'uitofp'> <InPorts = 1> <OutPorts = 1>

State 16 <SV = 15> <Delay = 6.67>
ST_16 : Operation 129 [5/5] (6.01ns)   --->   "%sum_1 = fadd i32 %sum, i32 %mul32_1" [pickleball_model.cpp:118]   --->   Operation 129 'fadd' 'sum_1' <Predicate = true> <Delay = 6.01> <CoreInst = "FAddSub_fulldsp">   --->   Core 18 'FAddSub_fulldsp' <Latency = 4> <II = 1> <Delay = 6.01> <FuncUnit> <Opcode : 'fadd' 'fsub'> <InPorts = 2> <OutPorts = 1>
ST_16 : Operation 130 [1/4] (6.67ns)   --->   "%conv29_2 = sitofp i32 %sext_ln118_2" [pickleball_model.cpp:118]   --->   Operation 130 'sitofp' 'conv29_2' <Predicate = true> <Delay = 6.67> <CoreInst = "Int2Float">   --->   Core 62 'Int2Float' <Latency = 3> <II = 1> <Delay = 6.67> <FuncUnit> <Opcode : 'sitofp' 'uitofp'> <InPorts = 1> <OutPorts = 1>

State 17 <SV = 16> <Delay = 6.01>
ST_17 : Operation 131 [4/5] (6.01ns)   --->   "%sum_1 = fadd i32 %sum, i32 %mul32_1" [pickleball_model.cpp:118]   --->   Operation 131 'fadd' 'sum_1' <Predicate = true> <Delay = 6.01> <CoreInst = "FAddSub_fulldsp">   --->   Core 18 'FAddSub_fulldsp' <Latency = 4> <II = 1> <Delay = 6.01> <FuncUnit> <Opcode : 'fadd' 'fsub'> <InPorts = 2> <OutPorts = 1>
ST_17 : Operation 132 [4/4] (4.67ns)   --->   "%mul32_2 = fmul i32 %conv29_2, i32 %input_scaled_2_reload_read" [pickleball_model.cpp:118]   --->   Operation 132 'fmul' 'mul32_2' <Predicate = true> <Delay = 4.67> <CoreInst = "FMul_maxdsp">   --->   Core 30 'FMul_maxdsp' <Latency = 3> <II = 1> <Delay = 4.67> <FuncUnit> <Opcode : 'fmul'> <InPorts = 2> <OutPorts = 1>

State 18 <SV = 17> <Delay = 6.67>
ST_18 : Operation 133 [3/5] (6.01ns)   --->   "%sum_1 = fadd i32 %sum, i32 %mul32_1" [pickleball_model.cpp:118]   --->   Operation 133 'fadd' 'sum_1' <Predicate = true> <Delay = 6.01> <CoreInst = "FAddSub_fulldsp">   --->   Core 18 'FAddSub_fulldsp' <Latency = 4> <II = 1> <Delay = 6.01> <FuncUnit> <Opcode : 'fadd' 'fsub'> <InPorts = 2> <OutPorts = 1>
ST_18 : Operation 134 [3/4] (4.67ns)   --->   "%mul32_2 = fmul i32 %conv29_2, i32 %input_scaled_2_reload_read" [pickleball_model.cpp:118]   --->   Operation 134 'fmul' 'mul32_2' <Predicate = true> <Delay = 4.67> <CoreInst = "FMul_maxdsp">   --->   Core 30 'FMul_maxdsp' <Latency = 3> <II = 1> <Delay = 4.67> <FuncUnit> <Opcode : 'fmul'> <InPorts = 2> <OutPorts = 1>
ST_18 : Operation 135 [1/1] (0.00ns)   --->   "%sext_ln118_3 = sext i8 %p_ZL16trunk_0_weight_q_3_load" [pickleball_model.cpp:118]   --->   Operation 135 'sext' 'sext_ln118_3' <Predicate = true> <Delay = 0.00>
ST_18 : Operation 136 [4/4] (6.67ns)   --->   "%conv29_3 = sitofp i32 %sext_ln118_3" [pickleball_model.cpp:118]   --->   Operation 136 'sitofp' 'conv29_3' <Predicate = true> <Delay = 6.67> <CoreInst = "Int2Float">   --->   Core 62 'Int2Float' <Latency = 3> <II = 1> <Delay = 6.67> <FuncUnit> <Opcode : 'sitofp' 'uitofp'> <InPorts = 1> <OutPorts = 1>

State 19 <SV = 18> <Delay = 6.67>
ST_19 : Operation 137 [2/5] (6.01ns)   --->   "%sum_1 = fadd i32 %sum, i32 %mul32_1" [pickleball_model.cpp:118]   --->   Operation 137 'fadd' 'sum_1' <Predicate = true> <Delay = 6.01> <CoreInst = "FAddSub_fulldsp">   --->   Core 18 'FAddSub_fulldsp' <Latency = 4> <II = 1> <Delay = 6.01> <FuncUnit> <Opcode : 'fadd' 'fsub'> <InPorts = 2> <OutPorts = 1>
ST_19 : Operation 138 [2/4] (4.67ns)   --->   "%mul32_2 = fmul i32 %conv29_2, i32 %input_scaled_2_reload_read" [pickleball_model.cpp:118]   --->   Operation 138 'fmul' 'mul32_2' <Predicate = true> <Delay = 4.67> <CoreInst = "FMul_maxdsp">   --->   Core 30 'FMul_maxdsp' <Latency = 3> <II = 1> <Delay = 4.67> <FuncUnit> <Opcode : 'fmul'> <InPorts = 2> <OutPorts = 1>
ST_19 : Operation 139 [3/4] (6.67ns)   --->   "%conv29_3 = sitofp i32 %sext_ln118_3" [pickleball_model.cpp:118]   --->   Operation 139 'sitofp' 'conv29_3' <Predicate = true> <Delay = 6.67> <CoreInst = "Int2Float">   --->   Core 62 'Int2Float' <Latency = 3> <II = 1> <Delay = 6.67> <FuncUnit> <Opcode : 'sitofp' 'uitofp'> <InPorts = 1> <OutPorts = 1>

State 20 <SV = 19> <Delay = 6.67>
ST_20 : Operation 140 [1/5] (6.01ns)   --->   "%sum_1 = fadd i32 %sum, i32 %mul32_1" [pickleball_model.cpp:118]   --->   Operation 140 'fadd' 'sum_1' <Predicate = true> <Delay = 6.01> <CoreInst = "FAddSub_fulldsp">   --->   Core 18 'FAddSub_fulldsp' <Latency = 4> <II = 1> <Delay = 6.01> <FuncUnit> <Opcode : 'fadd' 'fsub'> <InPorts = 2> <OutPorts = 1>
ST_20 : Operation 141 [1/4] (4.67ns)   --->   "%mul32_2 = fmul i32 %conv29_2, i32 %input_scaled_2_reload_read" [pickleball_model.cpp:118]   --->   Operation 141 'fmul' 'mul32_2' <Predicate = true> <Delay = 4.67> <CoreInst = "FMul_maxdsp">   --->   Core 30 'FMul_maxdsp' <Latency = 3> <II = 1> <Delay = 4.67> <FuncUnit> <Opcode : 'fmul'> <InPorts = 2> <OutPorts = 1>
ST_20 : Operation 142 [2/4] (6.67ns)   --->   "%conv29_3 = sitofp i32 %sext_ln118_3" [pickleball_model.cpp:118]   --->   Operation 142 'sitofp' 'conv29_3' <Predicate = true> <Delay = 6.67> <CoreInst = "Int2Float">   --->   Core 62 'Int2Float' <Latency = 3> <II = 1> <Delay = 6.67> <FuncUnit> <Opcode : 'sitofp' 'uitofp'> <InPorts = 1> <OutPorts = 1>

State 21 <SV = 20> <Delay = 6.67>
ST_21 : Operation 143 [5/5] (6.01ns)   --->   "%sum_2 = fadd i32 %sum_1, i32 %mul32_2" [pickleball_model.cpp:118]   --->   Operation 143 'fadd' 'sum_2' <Predicate = true> <Delay = 6.01> <CoreInst = "FAddSub_fulldsp">   --->   Core 18 'FAddSub_fulldsp' <Latency = 4> <II = 1> <Delay = 6.01> <FuncUnit> <Opcode : 'fadd' 'fsub'> <InPorts = 2> <OutPorts = 1>
ST_21 : Operation 144 [1/4] (6.67ns)   --->   "%conv29_3 = sitofp i32 %sext_ln118_3" [pickleball_model.cpp:118]   --->   Operation 144 'sitofp' 'conv29_3' <Predicate = true> <Delay = 6.67> <CoreInst = "Int2Float">   --->   Core 62 'Int2Float' <Latency = 3> <II = 1> <Delay = 6.67> <FuncUnit> <Opcode : 'sitofp' 'uitofp'> <InPorts = 1> <OutPorts = 1>

State 22 <SV = 21> <Delay = 6.01>
ST_22 : Operation 145 [4/5] (6.01ns)   --->   "%sum_2 = fadd i32 %sum_1, i32 %mul32_2" [pickleball_model.cpp:118]   --->   Operation 145 'fadd' 'sum_2' <Predicate = true> <Delay = 6.01> <CoreInst = "FAddSub_fulldsp">   --->   Core 18 'FAddSub_fulldsp' <Latency = 4> <II = 1> <Delay = 6.01> <FuncUnit> <Opcode : 'fadd' 'fsub'> <InPorts = 2> <OutPorts = 1>
ST_22 : Operation 146 [4/4] (4.67ns)   --->   "%mul32_3 = fmul i32 %conv29_3, i32 %input_scaled_3_reload_read" [pickleball_model.cpp:118]   --->   Operation 146 'fmul' 'mul32_3' <Predicate = true> <Delay = 4.67> <CoreInst = "FMul_maxdsp">   --->   Core 30 'FMul_maxdsp' <Latency = 3> <II = 1> <Delay = 4.67> <FuncUnit> <Opcode : 'fmul'> <InPorts = 2> <OutPorts = 1>

State 23 <SV = 22> <Delay = 6.67>
ST_23 : Operation 147 [3/5] (6.01ns)   --->   "%sum_2 = fadd i32 %sum_1, i32 %mul32_2" [pickleball_model.cpp:118]   --->   Operation 147 'fadd' 'sum_2' <Predicate = true> <Delay = 6.01> <CoreInst = "FAddSub_fulldsp">   --->   Core 18 'FAddSub_fulldsp' <Latency = 4> <II = 1> <Delay = 6.01> <FuncUnit> <Opcode : 'fadd' 'fsub'> <InPorts = 2> <OutPorts = 1>
ST_23 : Operation 148 [3/4] (4.67ns)   --->   "%mul32_3 = fmul i32 %conv29_3, i32 %input_scaled_3_reload_read" [pickleball_model.cpp:118]   --->   Operation 148 'fmul' 'mul32_3' <Predicate = true> <Delay = 4.67> <CoreInst = "FMul_maxdsp">   --->   Core 30 'FMul_maxdsp' <Latency = 3> <II = 1> <Delay = 4.67> <FuncUnit> <Opcode : 'fmul'> <InPorts = 2> <OutPorts = 1>
ST_23 : Operation 149 [1/1] (0.00ns)   --->   "%sext_ln118_4 = sext i8 %p_ZL16trunk_0_weight_q_4_load" [pickleball_model.cpp:118]   --->   Operation 149 'sext' 'sext_ln118_4' <Predicate = true> <Delay = 0.00>
ST_23 : Operation 150 [4/4] (6.67ns)   --->   "%conv29_4 = sitofp i32 %sext_ln118_4" [pickleball_model.cpp:118]   --->   Operation 150 'sitofp' 'conv29_4' <Predicate = true> <Delay = 6.67> <CoreInst = "Int2Float">   --->   Core 62 'Int2Float' <Latency = 3> <II = 1> <Delay = 6.67> <FuncUnit> <Opcode : 'sitofp' 'uitofp'> <InPorts = 1> <OutPorts = 1>

State 24 <SV = 23> <Delay = 6.67>
ST_24 : Operation 151 [2/5] (6.01ns)   --->   "%sum_2 = fadd i32 %sum_1, i32 %mul32_2" [pickleball_model.cpp:118]   --->   Operation 151 'fadd' 'sum_2' <Predicate = true> <Delay = 6.01> <CoreInst = "FAddSub_fulldsp">   --->   Core 18 'FAddSub_fulldsp' <Latency = 4> <II = 1> <Delay = 6.01> <FuncUnit> <Opcode : 'fadd' 'fsub'> <InPorts = 2> <OutPorts = 1>
ST_24 : Operation 152 [2/4] (4.67ns)   --->   "%mul32_3 = fmul i32 %conv29_3, i32 %input_scaled_3_reload_read" [pickleball_model.cpp:118]   --->   Operation 152 'fmul' 'mul32_3' <Predicate = true> <Delay = 4.67> <CoreInst = "FMul_maxdsp">   --->   Core 30 'FMul_maxdsp' <Latency = 3> <II = 1> <Delay = 4.67> <FuncUnit> <Opcode : 'fmul'> <InPorts = 2> <OutPorts = 1>
ST_24 : Operation 153 [3/4] (6.67ns)   --->   "%conv29_4 = sitofp i32 %sext_ln118_4" [pickleball_model.cpp:118]   --->   Operation 153 'sitofp' 'conv29_4' <Predicate = true> <Delay = 6.67> <CoreInst = "Int2Float">   --->   Core 62 'Int2Float' <Latency = 3> <II = 1> <Delay = 6.67> <FuncUnit> <Opcode : 'sitofp' 'uitofp'> <InPorts = 1> <OutPorts = 1>

State 25 <SV = 24> <Delay = 6.67>
ST_25 : Operation 154 [1/5] (6.01ns)   --->   "%sum_2 = fadd i32 %sum_1, i32 %mul32_2" [pickleball_model.cpp:118]   --->   Operation 154 'fadd' 'sum_2' <Predicate = true> <Delay = 6.01> <CoreInst = "FAddSub_fulldsp">   --->   Core 18 'FAddSub_fulldsp' <Latency = 4> <II = 1> <Delay = 6.01> <FuncUnit> <Opcode : 'fadd' 'fsub'> <InPorts = 2> <OutPorts = 1>
ST_25 : Operation 155 [1/4] (4.67ns)   --->   "%mul32_3 = fmul i32 %conv29_3, i32 %input_scaled_3_reload_read" [pickleball_model.cpp:118]   --->   Operation 155 'fmul' 'mul32_3' <Predicate = true> <Delay = 4.67> <CoreInst = "FMul_maxdsp">   --->   Core 30 'FMul_maxdsp' <Latency = 3> <II = 1> <Delay = 4.67> <FuncUnit> <Opcode : 'fmul'> <InPorts = 2> <OutPorts = 1>
ST_25 : Operation 156 [2/4] (6.67ns)   --->   "%conv29_4 = sitofp i32 %sext_ln118_4" [pickleball_model.cpp:118]   --->   Operation 156 'sitofp' 'conv29_4' <Predicate = true> <Delay = 6.67> <CoreInst = "Int2Float">   --->   Core 62 'Int2Float' <Latency = 3> <II = 1> <Delay = 6.67> <FuncUnit> <Opcode : 'sitofp' 'uitofp'> <InPorts = 1> <OutPorts = 1>

State 26 <SV = 25> <Delay = 6.67>
ST_26 : Operation 157 [5/5] (6.01ns)   --->   "%sum_3 = fadd i32 %sum_2, i32 %mul32_3" [pickleball_model.cpp:118]   --->   Operation 157 'fadd' 'sum_3' <Predicate = true> <Delay = 6.01> <CoreInst = "FAddSub_fulldsp">   --->   Core 18 'FAddSub_fulldsp' <Latency = 4> <II = 1> <Delay = 6.01> <FuncUnit> <Opcode : 'fadd' 'fsub'> <InPorts = 2> <OutPorts = 1>
ST_26 : Operation 158 [1/4] (6.67ns)   --->   "%conv29_4 = sitofp i32 %sext_ln118_4" [pickleball_model.cpp:118]   --->   Operation 158 'sitofp' 'conv29_4' <Predicate = true> <Delay = 6.67> <CoreInst = "Int2Float">   --->   Core 62 'Int2Float' <Latency = 3> <II = 1> <Delay = 6.67> <FuncUnit> <Opcode : 'sitofp' 'uitofp'> <InPorts = 1> <OutPorts = 1>

State 27 <SV = 26> <Delay = 6.01>
ST_27 : Operation 159 [4/5] (6.01ns)   --->   "%sum_3 = fadd i32 %sum_2, i32 %mul32_3" [pickleball_model.cpp:118]   --->   Operation 159 'fadd' 'sum_3' <Predicate = true> <Delay = 6.01> <CoreInst = "FAddSub_fulldsp">   --->   Core 18 'FAddSub_fulldsp' <Latency = 4> <II = 1> <Delay = 6.01> <FuncUnit> <Opcode : 'fadd' 'fsub'> <InPorts = 2> <OutPorts = 1>
ST_27 : Operation 160 [4/4] (4.67ns)   --->   "%mul32_4 = fmul i32 %conv29_4, i32 %input_scaled_4_reload_read" [pickleball_model.cpp:118]   --->   Operation 160 'fmul' 'mul32_4' <Predicate = true> <Delay = 4.67> <CoreInst = "FMul_maxdsp">   --->   Core 30 'FMul_maxdsp' <Latency = 3> <II = 1> <Delay = 4.67> <FuncUnit> <Opcode : 'fmul'> <InPorts = 2> <OutPorts = 1>

State 28 <SV = 27> <Delay = 6.67>
ST_28 : Operation 161 [3/5] (6.01ns)   --->   "%sum_3 = fadd i32 %sum_2, i32 %mul32_3" [pickleball_model.cpp:118]   --->   Operation 161 'fadd' 'sum_3' <Predicate = true> <Delay = 6.01> <CoreInst = "FAddSub_fulldsp">   --->   Core 18 'FAddSub_fulldsp' <Latency = 4> <II = 1> <Delay = 6.01> <FuncUnit> <Opcode : 'fadd' 'fsub'> <InPorts = 2> <OutPorts = 1>
ST_28 : Operation 162 [3/4] (4.67ns)   --->   "%mul32_4 = fmul i32 %conv29_4, i32 %input_scaled_4_reload_read" [pickleball_model.cpp:118]   --->   Operation 162 'fmul' 'mul32_4' <Predicate = true> <Delay = 4.67> <CoreInst = "FMul_maxdsp">   --->   Core 30 'FMul_maxdsp' <Latency = 3> <II = 1> <Delay = 4.67> <FuncUnit> <Opcode : 'fmul'> <InPorts = 2> <OutPorts = 1>
ST_28 : Operation 163 [1/1] (0.00ns)   --->   "%sext_ln118_5 = sext i8 %p_ZL16trunk_0_weight_q_5_load" [pickleball_model.cpp:118]   --->   Operation 163 'sext' 'sext_ln118_5' <Predicate = true> <Delay = 0.00>
ST_28 : Operation 164 [4/4] (6.67ns)   --->   "%conv29_5 = sitofp i32 %sext_ln118_5" [pickleball_model.cpp:118]   --->   Operation 164 'sitofp' 'conv29_5' <Predicate = true> <Delay = 6.67> <CoreInst = "Int2Float">   --->   Core 62 'Int2Float' <Latency = 3> <II = 1> <Delay = 6.67> <FuncUnit> <Opcode : 'sitofp' 'uitofp'> <InPorts = 1> <OutPorts = 1>

State 29 <SV = 28> <Delay = 6.67>
ST_29 : Operation 165 [2/5] (6.01ns)   --->   "%sum_3 = fadd i32 %sum_2, i32 %mul32_3" [pickleball_model.cpp:118]   --->   Operation 165 'fadd' 'sum_3' <Predicate = true> <Delay = 6.01> <CoreInst = "FAddSub_fulldsp">   --->   Core 18 'FAddSub_fulldsp' <Latency = 4> <II = 1> <Delay = 6.01> <FuncUnit> <Opcode : 'fadd' 'fsub'> <InPorts = 2> <OutPorts = 1>
ST_29 : Operation 166 [2/4] (4.67ns)   --->   "%mul32_4 = fmul i32 %conv29_4, i32 %input_scaled_4_reload_read" [pickleball_model.cpp:118]   --->   Operation 166 'fmul' 'mul32_4' <Predicate = true> <Delay = 4.67> <CoreInst = "FMul_maxdsp">   --->   Core 30 'FMul_maxdsp' <Latency = 3> <II = 1> <Delay = 4.67> <FuncUnit> <Opcode : 'fmul'> <InPorts = 2> <OutPorts = 1>
ST_29 : Operation 167 [3/4] (6.67ns)   --->   "%conv29_5 = sitofp i32 %sext_ln118_5" [pickleball_model.cpp:118]   --->   Operation 167 'sitofp' 'conv29_5' <Predicate = true> <Delay = 6.67> <CoreInst = "Int2Float">   --->   Core 62 'Int2Float' <Latency = 3> <II = 1> <Delay = 6.67> <FuncUnit> <Opcode : 'sitofp' 'uitofp'> <InPorts = 1> <OutPorts = 1>

State 30 <SV = 29> <Delay = 6.67>
ST_30 : Operation 168 [1/5] (6.01ns)   --->   "%sum_3 = fadd i32 %sum_2, i32 %mul32_3" [pickleball_model.cpp:118]   --->   Operation 168 'fadd' 'sum_3' <Predicate = true> <Delay = 6.01> <CoreInst = "FAddSub_fulldsp">   --->   Core 18 'FAddSub_fulldsp' <Latency = 4> <II = 1> <Delay = 6.01> <FuncUnit> <Opcode : 'fadd' 'fsub'> <InPorts = 2> <OutPorts = 1>
ST_30 : Operation 169 [1/4] (4.67ns)   --->   "%mul32_4 = fmul i32 %conv29_4, i32 %input_scaled_4_reload_read" [pickleball_model.cpp:118]   --->   Operation 169 'fmul' 'mul32_4' <Predicate = true> <Delay = 4.67> <CoreInst = "FMul_maxdsp">   --->   Core 30 'FMul_maxdsp' <Latency = 3> <II = 1> <Delay = 4.67> <FuncUnit> <Opcode : 'fmul'> <InPorts = 2> <OutPorts = 1>
ST_30 : Operation 170 [2/4] (6.67ns)   --->   "%conv29_5 = sitofp i32 %sext_ln118_5" [pickleball_model.cpp:118]   --->   Operation 170 'sitofp' 'conv29_5' <Predicate = true> <Delay = 6.67> <CoreInst = "Int2Float">   --->   Core 62 'Int2Float' <Latency = 3> <II = 1> <Delay = 6.67> <FuncUnit> <Opcode : 'sitofp' 'uitofp'> <InPorts = 1> <OutPorts = 1>

State 31 <SV = 30> <Delay = 6.67>
ST_31 : Operation 171 [5/5] (6.01ns)   --->   "%sum_4 = fadd i32 %sum_3, i32 %mul32_4" [pickleball_model.cpp:118]   --->   Operation 171 'fadd' 'sum_4' <Predicate = true> <Delay = 6.01> <CoreInst = "FAddSub_fulldsp">   --->   Core 18 'FAddSub_fulldsp' <Latency = 4> <II = 1> <Delay = 6.01> <FuncUnit> <Opcode : 'fadd' 'fsub'> <InPorts = 2> <OutPorts = 1>
ST_31 : Operation 172 [1/4] (6.67ns)   --->   "%conv29_5 = sitofp i32 %sext_ln118_5" [pickleball_model.cpp:118]   --->   Operation 172 'sitofp' 'conv29_5' <Predicate = true> <Delay = 6.67> <CoreInst = "Int2Float">   --->   Core 62 'Int2Float' <Latency = 3> <II = 1> <Delay = 6.67> <FuncUnit> <Opcode : 'sitofp' 'uitofp'> <InPorts = 1> <OutPorts = 1>

State 32 <SV = 31> <Delay = 6.01>
ST_32 : Operation 173 [4/5] (6.01ns)   --->   "%sum_4 = fadd i32 %sum_3, i32 %mul32_4" [pickleball_model.cpp:118]   --->   Operation 173 'fadd' 'sum_4' <Predicate = true> <Delay = 6.01> <CoreInst = "FAddSub_fulldsp">   --->   Core 18 'FAddSub_fulldsp' <Latency = 4> <II = 1> <Delay = 6.01> <FuncUnit> <Opcode : 'fadd' 'fsub'> <InPorts = 2> <OutPorts = 1>
ST_32 : Operation 174 [4/4] (4.67ns)   --->   "%mul32_5 = fmul i32 %conv29_5, i32 %input_scaled_5_reload_read" [pickleball_model.cpp:118]   --->   Operation 174 'fmul' 'mul32_5' <Predicate = true> <Delay = 4.67> <CoreInst = "FMul_maxdsp">   --->   Core 30 'FMul_maxdsp' <Latency = 3> <II = 1> <Delay = 4.67> <FuncUnit> <Opcode : 'fmul'> <InPorts = 2> <OutPorts = 1>

State 33 <SV = 32> <Delay = 6.01>
ST_33 : Operation 175 [3/5] (6.01ns)   --->   "%sum_4 = fadd i32 %sum_3, i32 %mul32_4" [pickleball_model.cpp:118]   --->   Operation 175 'fadd' 'sum_4' <Predicate = true> <Delay = 6.01> <CoreInst = "FAddSub_fulldsp">   --->   Core 18 'FAddSub_fulldsp' <Latency = 4> <II = 1> <Delay = 6.01> <FuncUnit> <Opcode : 'fadd' 'fsub'> <InPorts = 2> <OutPorts = 1>
ST_33 : Operation 176 [3/4] (4.67ns)   --->   "%mul32_5 = fmul i32 %conv29_5, i32 %input_scaled_5_reload_read" [pickleball_model.cpp:118]   --->   Operation 176 'fmul' 'mul32_5' <Predicate = true> <Delay = 4.67> <CoreInst = "FMul_maxdsp">   --->   Core 30 'FMul_maxdsp' <Latency = 3> <II = 1> <Delay = 4.67> <FuncUnit> <Opcode : 'fmul'> <InPorts = 2> <OutPorts = 1>

State 34 <SV = 33> <Delay = 6.01>
ST_34 : Operation 177 [2/5] (6.01ns)   --->   "%sum_4 = fadd i32 %sum_3, i32 %mul32_4" [pickleball_model.cpp:118]   --->   Operation 177 'fadd' 'sum_4' <Predicate = true> <Delay = 6.01> <CoreInst = "FAddSub_fulldsp">   --->   Core 18 'FAddSub_fulldsp' <Latency = 4> <II = 1> <Delay = 6.01> <FuncUnit> <Opcode : 'fadd' 'fsub'> <InPorts = 2> <OutPorts = 1>
ST_34 : Operation 178 [2/4] (4.67ns)   --->   "%mul32_5 = fmul i32 %conv29_5, i32 %input_scaled_5_reload_read" [pickleball_model.cpp:118]   --->   Operation 178 'fmul' 'mul32_5' <Predicate = true> <Delay = 4.67> <CoreInst = "FMul_maxdsp">   --->   Core 30 'FMul_maxdsp' <Latency = 3> <II = 1> <Delay = 4.67> <FuncUnit> <Opcode : 'fmul'> <InPorts = 2> <OutPorts = 1>

State 35 <SV = 34> <Delay = 6.01>
ST_35 : Operation 179 [1/5] (6.01ns)   --->   "%sum_4 = fadd i32 %sum_3, i32 %mul32_4" [pickleball_model.cpp:118]   --->   Operation 179 'fadd' 'sum_4' <Predicate = true> <Delay = 6.01> <CoreInst = "FAddSub_fulldsp">   --->   Core 18 'FAddSub_fulldsp' <Latency = 4> <II = 1> <Delay = 6.01> <FuncUnit> <Opcode : 'fadd' 'fsub'> <InPorts = 2> <OutPorts = 1>
ST_35 : Operation 180 [1/4] (4.67ns)   --->   "%mul32_5 = fmul i32 %conv29_5, i32 %input_scaled_5_reload_read" [pickleball_model.cpp:118]   --->   Operation 180 'fmul' 'mul32_5' <Predicate = true> <Delay = 4.67> <CoreInst = "FMul_maxdsp">   --->   Core 30 'FMul_maxdsp' <Latency = 3> <II = 1> <Delay = 4.67> <FuncUnit> <Opcode : 'fmul'> <InPorts = 2> <OutPorts = 1>

State 36 <SV = 35> <Delay = 6.01>
ST_36 : Operation 181 [5/5] (6.01ns)   --->   "%sum_5 = fadd i32 %sum_4, i32 %mul32_5" [pickleball_model.cpp:118]   --->   Operation 181 'fadd' 'sum_5' <Predicate = true> <Delay = 6.01> <CoreInst = "FAddSub_fulldsp">   --->   Core 18 'FAddSub_fulldsp' <Latency = 4> <II = 1> <Delay = 6.01> <FuncUnit> <Opcode : 'fadd' 'fsub'> <InPorts = 2> <OutPorts = 1>

State 37 <SV = 36> <Delay = 6.01>
ST_37 : Operation 182 [4/5] (6.01ns)   --->   "%sum_5 = fadd i32 %sum_4, i32 %mul32_5" [pickleball_model.cpp:118]   --->   Operation 182 'fadd' 'sum_5' <Predicate = true> <Delay = 6.01> <CoreInst = "FAddSub_fulldsp">   --->   Core 18 'FAddSub_fulldsp' <Latency = 4> <II = 1> <Delay = 6.01> <FuncUnit> <Opcode : 'fadd' 'fsub'> <InPorts = 2> <OutPorts = 1>

State 38 <SV = 37> <Delay = 6.01>
ST_38 : Operation 183 [3/5] (6.01ns)   --->   "%sum_5 = fadd i32 %sum_4, i32 %mul32_5" [pickleball_model.cpp:118]   --->   Operation 183 'fadd' 'sum_5' <Predicate = true> <Delay = 6.01> <CoreInst = "FAddSub_fulldsp">   --->   Core 18 'FAddSub_fulldsp' <Latency = 4> <II = 1> <Delay = 6.01> <FuncUnit> <Opcode : 'fadd' 'fsub'> <InPorts = 2> <OutPorts = 1>

State 39 <SV = 38> <Delay = 6.01>
ST_39 : Operation 184 [2/5] (6.01ns)   --->   "%sum_5 = fadd i32 %sum_4, i32 %mul32_5" [pickleball_model.cpp:118]   --->   Operation 184 'fadd' 'sum_5' <Predicate = true> <Delay = 6.01> <CoreInst = "FAddSub_fulldsp">   --->   Core 18 'FAddSub_fulldsp' <Latency = 4> <II = 1> <Delay = 6.01> <FuncUnit> <Opcode : 'fadd' 'fsub'> <InPorts = 2> <OutPorts = 1>

State 40 <SV = 39> <Delay = 6.01>
ST_40 : Operation 185 [1/5] (6.01ns)   --->   "%sum_5 = fadd i32 %sum_4, i32 %mul32_5" [pickleball_model.cpp:118]   --->   Operation 185 'fadd' 'sum_5' <Predicate = true> <Delay = 6.01> <CoreInst = "FAddSub_fulldsp">   --->   Core 18 'FAddSub_fulldsp' <Latency = 4> <II = 1> <Delay = 6.01> <FuncUnit> <Opcode : 'fadd' 'fsub'> <InPorts = 2> <OutPorts = 1>

State 41 <SV = 40> <Delay = 4.67>
ST_41 : Operation 186 [4/4] (4.67ns)   --->   "%mul1 = fmul i32 %sum_5, i32 0.00681809" [pickleball_model.cpp:120]   --->   Operation 186 'fmul' 'mul1' <Predicate = true> <Delay = 4.67> <CoreInst = "FMul_maxdsp">   --->   Core 30 'FMul_maxdsp' <Latency = 3> <II = 1> <Delay = 4.67> <FuncUnit> <Opcode : 'fmul'> <InPorts = 2> <OutPorts = 1>

State 42 <SV = 41> <Delay = 4.67>
ST_42 : Operation 187 [3/4] (4.67ns)   --->   "%mul1 = fmul i32 %sum_5, i32 0.00681809" [pickleball_model.cpp:120]   --->   Operation 187 'fmul' 'mul1' <Predicate = true> <Delay = 4.67> <CoreInst = "FMul_maxdsp">   --->   Core 30 'FMul_maxdsp' <Latency = 3> <II = 1> <Delay = 4.67> <FuncUnit> <Opcode : 'fmul'> <InPorts = 2> <OutPorts = 1>

State 43 <SV = 42> <Delay = 4.67>
ST_43 : Operation 188 [2/4] (4.67ns)   --->   "%mul1 = fmul i32 %sum_5, i32 0.00681809" [pickleball_model.cpp:120]   --->   Operation 188 'fmul' 'mul1' <Predicate = true> <Delay = 4.67> <CoreInst = "FMul_maxdsp">   --->   Core 30 'FMul_maxdsp' <Latency = 3> <II = 1> <Delay = 4.67> <FuncUnit> <Opcode : 'fmul'> <InPorts = 2> <OutPorts = 1>

State 44 <SV = 43> <Delay = 4.67>
ST_44 : Operation 189 [1/4] (4.67ns)   --->   "%mul1 = fmul i32 %sum_5, i32 0.00681809" [pickleball_model.cpp:120]   --->   Operation 189 'fmul' 'mul1' <Predicate = true> <Delay = 4.67> <CoreInst = "FMul_maxdsp">   --->   Core 30 'FMul_maxdsp' <Latency = 3> <II = 1> <Delay = 4.67> <FuncUnit> <Opcode : 'fmul'> <InPorts = 2> <OutPorts = 1>

State 45 <SV = 44> <Delay = 6.01>
ST_45 : Operation 190 [5/5] (6.01ns)   --->   "%x_assign = fadd i32 %mul1, i32 %trunk_0_bias_load" [pickleball_model.cpp:120]   --->   Operation 190 'fadd' 'x_assign' <Predicate = true> <Delay = 6.01> <CoreInst = "FAddSub_fulldsp">   --->   Core 18 'FAddSub_fulldsp' <Latency = 4> <II = 1> <Delay = 6.01> <FuncUnit> <Opcode : 'fadd' 'fsub'> <InPorts = 2> <OutPorts = 1>

State 46 <SV = 45> <Delay = 6.01>
ST_46 : Operation 191 [4/5] (6.01ns)   --->   "%x_assign = fadd i32 %mul1, i32 %trunk_0_bias_load" [pickleball_model.cpp:120]   --->   Operation 191 'fadd' 'x_assign' <Predicate = true> <Delay = 6.01> <CoreInst = "FAddSub_fulldsp">   --->   Core 18 'FAddSub_fulldsp' <Latency = 4> <II = 1> <Delay = 6.01> <FuncUnit> <Opcode : 'fadd' 'fsub'> <InPorts = 2> <OutPorts = 1>

State 47 <SV = 46> <Delay = 6.01>
ST_47 : Operation 192 [3/5] (6.01ns)   --->   "%x_assign = fadd i32 %mul1, i32 %trunk_0_bias_load" [pickleball_model.cpp:120]   --->   Operation 192 'fadd' 'x_assign' <Predicate = true> <Delay = 6.01> <CoreInst = "FAddSub_fulldsp">   --->   Core 18 'FAddSub_fulldsp' <Latency = 4> <II = 1> <Delay = 6.01> <FuncUnit> <Opcode : 'fadd' 'fsub'> <InPorts = 2> <OutPorts = 1>

State 48 <SV = 47> <Delay = 6.01>
ST_48 : Operation 193 [2/5] (6.01ns)   --->   "%x_assign = fadd i32 %mul1, i32 %trunk_0_bias_load" [pickleball_model.cpp:120]   --->   Operation 193 'fadd' 'x_assign' <Predicate = true> <Delay = 6.01> <CoreInst = "FAddSub_fulldsp">   --->   Core 18 'FAddSub_fulldsp' <Latency = 4> <II = 1> <Delay = 6.01> <FuncUnit> <Opcode : 'fadd' 'fsub'> <InPorts = 2> <OutPorts = 1>

State 49 <SV = 48> <Delay = 6.01>
ST_49 : Operation 194 [1/5] (6.01ns)   --->   "%x_assign = fadd i32 %mul1, i32 %trunk_0_bias_load" [pickleball_model.cpp:120]   --->   Operation 194 'fadd' 'x_assign' <Predicate = true> <Delay = 6.01> <CoreInst = "FAddSub_fulldsp">   --->   Core 18 'FAddSub_fulldsp' <Latency = 4> <II = 1> <Delay = 6.01> <FuncUnit> <Opcode : 'fadd' 'fsub'> <InPorts = 2> <OutPorts = 1>

State 50 <SV = 49> <Delay = 3.34>
ST_50 : Operation 195 [2/2] (3.34ns)   --->   "%tmp_2 = fcmp_olt  i32 %x_assign, i32 0" [pickleball_model.cpp:29]   --->   Operation 195 'fcmp' 'tmp_2' <Predicate = true> <Delay = 3.34> <CoreInst = "FCompare">   --->   Core 19 'FCompare' <Latency = 1> <II = 1> <Delay = 3.34> <FuncUnit> <Opcode : 'fcmp'> <InPorts = 2> <OutPorts = 1>
ST_50 : Operation 196 [2/2] (3.34ns)   --->   "%tmp_4 = fcmp_ogt  i32 %x_assign, i32 6" [pickleball_model.cpp:30]   --->   Operation 196 'fcmp' 'tmp_4' <Predicate = true> <Delay = 3.34> <CoreInst = "FCompare">   --->   Core 19 'FCompare' <Latency = 1> <II = 1> <Delay = 3.34> <FuncUnit> <Opcode : 'fcmp'> <InPorts = 2> <OutPorts = 1>
ST_50 : Operation 263 [1/1] (0.00ns)   --->   "%ret_ln0 = ret"   --->   Operation 263 'ret' 'ret_ln0' <Predicate = (icmp_ln112)> <Delay = 0.00>

State 51 <SV = 50> <Delay = 5.88>
ST_51 : Operation 197 [1/1] (0.00ns)   --->   "%specpipeline_ln113 = specpipeline void @_ssdm_op_SpecPipeline, i32 4294967295, i32 0, i32 0, i32 0, void @empty_15" [pickleball_model.cpp:113]   --->   Operation 197 'specpipeline' 'specpipeline_ln113' <Predicate = true> <Delay = 0.00>
ST_51 : Operation 198 [1/1] (0.00ns)   --->   "%specloopname_ln114 = specloopname void @_ssdm_op_SpecLoopName, void @empty_2" [pickleball_model.cpp:114]   --->   Operation 198 'specloopname' 'specloopname_ln114' <Predicate = true> <Delay = 0.00>
ST_51 : Operation 199 [1/1] (0.00ns)   --->   "%bitcast_ln29 = bitcast i32 %x_assign" [pickleball_model.cpp:29]   --->   Operation 199 'bitcast' 'bitcast_ln29' <Predicate = true> <Delay = 0.00>
ST_51 : Operation 200 [1/1] (0.00ns)   --->   "%tmp_1 = partselect i8 @_ssdm_op_PartSelect.i8.i32.i32.i32, i32 %bitcast_ln29, i32 23, i32 30" [pickleball_model.cpp:29]   --->   Operation 200 'partselect' 'tmp_1' <Predicate = true> <Delay = 0.00>
ST_51 : Operation 201 [1/1] (0.00ns)   --->   "%trunc_ln29 = trunc i32 %bitcast_ln29" [pickleball_model.cpp:29]   --->   Operation 201 'trunc' 'trunc_ln29' <Predicate = true> <Delay = 0.00>
ST_51 : Operation 202 [1/1] (0.85ns)   --->   "%icmp_ln29 = icmp_ne  i8 %tmp_1, i8 255" [pickleball_model.cpp:29]   --->   Operation 202 'icmp' 'icmp_ln29' <Predicate = true> <Delay = 0.85> <CoreInst = "Cmp">   --->   Core 9 'Cmp' <Latency = 0> <II = 1> <Delay = 0.85> <FuncUnit> <Opcode : 'icmp'> <InPorts = 2> <OutPorts = 1>
ST_51 : Operation 203 [1/1] (0.97ns)   --->   "%icmp_ln29_1 = icmp_eq  i23 %trunc_ln29, i23 0" [pickleball_model.cpp:29]   --->   Operation 203 'icmp' 'icmp_ln29_1' <Predicate = true> <Delay = 0.97> <CoreInst = "Cmp">   --->   Core 9 'Cmp' <Latency = 0> <II = 1> <Delay = 0.97> <FuncUnit> <Opcode : 'icmp'> <InPorts = 2> <OutPorts = 1>
ST_51 : Operation 204 [1/1] (0.33ns)   --->   "%or_ln29 = or i1 %icmp_ln29_1, i1 %icmp_ln29" [pickleball_model.cpp:29]   --->   Operation 204 'or' 'or_ln29' <Predicate = true> <Delay = 0.33> <CoreInst = "LogicGate">   --->   Core 74 'LogicGate' <Latency = 0> <II = 1> <Delay = 0.33> <FuncUnit> <Opcode : 'and' 'or' 'xor'> <InPorts = 2> <OutPorts = 1>
ST_51 : Operation 205 [1/2] (3.34ns)   --->   "%tmp_2 = fcmp_olt  i32 %x_assign, i32 0" [pickleball_model.cpp:29]   --->   Operation 205 'fcmp' 'tmp_2' <Predicate = true> <Delay = 3.34> <CoreInst = "FCompare">   --->   Core 19 'FCompare' <Latency = 1> <II = 1> <Delay = 3.34> <FuncUnit> <Opcode : 'fcmp'> <InPorts = 2> <OutPorts = 1>
ST_51 : Operation 206 [1/1] (0.33ns)   --->   "%and_ln29 = and i1 %or_ln29, i1 %tmp_2" [pickleball_model.cpp:29]   --->   Operation 206 'and' 'and_ln29' <Predicate = true> <Delay = 0.33> <CoreInst = "LogicGate">   --->   Core 74 'LogicGate' <Latency = 0> <II = 1> <Delay = 0.33> <FuncUnit> <Opcode : 'and' 'or' 'xor'> <InPorts = 2> <OutPorts = 1>
ST_51 : Operation 207 [1/2] (3.34ns)   --->   "%tmp_4 = fcmp_ogt  i32 %x_assign, i32 6" [pickleball_model.cpp:30]   --->   Operation 207 'fcmp' 'tmp_4' <Predicate = true> <Delay = 3.34> <CoreInst = "FCompare">   --->   Core 19 'FCompare' <Latency = 1> <II = 1> <Delay = 3.34> <FuncUnit> <Opcode : 'fcmp'> <InPorts = 2> <OutPorts = 1>
ST_51 : Operation 208 [1/1] (0.00ns) (grouped into LUT with out node and_ln30_1)   --->   "%and_ln30 = and i1 %or_ln29, i1 %tmp_4" [pickleball_model.cpp:30]   --->   Operation 208 'and' 'and_ln30' <Predicate = true> <Delay = 0.00> <CoreInst = "LogicGate">   --->   Core 74 'LogicGate' <Latency = 0> <II = 1> <Delay = 0.33> <FuncUnit> <Opcode : 'and' 'or' 'xor'> <InPorts = 2> <OutPorts = 1>
ST_51 : Operation 209 [1/1] (0.00ns) (grouped into LUT with out node and_ln30_1)   --->   "%xor_ln29 = xor i1 %and_ln29, i1 1" [pickleball_model.cpp:29]   --->   Operation 209 'xor' 'xor_ln29' <Predicate = true> <Delay = 0.00> <CoreInst = "LogicGate">   --->   Core 74 'LogicGate' <Latency = 0> <II = 1> <Delay = 0.33> <FuncUnit> <Opcode : 'and' 'or' 'xor'> <InPorts = 2> <OutPorts = 1>
ST_51 : Operation 210 [1/1] (0.33ns) (out node of the LUT)   --->   "%and_ln30_1 = and i1 %and_ln30, i1 %xor_ln29" [pickleball_model.cpp:30]   --->   Operation 210 'and' 'and_ln30_1' <Predicate = true> <Delay = 0.33> <CoreInst = "LogicGate">   --->   Core 74 'LogicGate' <Latency = 0> <II = 1> <Delay = 0.33> <FuncUnit> <Opcode : 'and' 'or' 'xor'> <InPorts = 2> <OutPorts = 1>
ST_51 : Operation 211 [1/1] (0.00ns) (grouped into LUT with out node select_ln30_1)   --->   "%select_ln30 = select i1 %and_ln30_1, i32 6, i32 0" [pickleball_model.cpp:30]   --->   Operation 211 'select' 'select_ln30' <Predicate = true> <Delay = 0.00> <CoreInst = "Sel">   --->   Core 73 'Sel' <Latency = 0> <II = 1> <Delay = 0.52> <FuncUnit> <Opcode : 'select'> <InPorts = 3> <OutPorts = 1>
ST_51 : Operation 212 [1/1] (0.00ns) (grouped into LUT with out node select_ln30_1)   --->   "%or_ln30 = or i1 %and_ln30_1, i1 %and_ln29" [pickleball_model.cpp:30]   --->   Operation 212 'or' 'or_ln30' <Predicate = true> <Delay = 0.00> <CoreInst = "LogicGate">   --->   Core 74 'LogicGate' <Latency = 0> <II = 1> <Delay = 0.33> <FuncUnit> <Opcode : 'and' 'or' 'xor'> <InPorts = 2> <OutPorts = 1>
ST_51 : Operation 213 [1/1] (0.52ns) (out node of the LUT)   --->   "%select_ln30_1 = select i1 %or_ln30, i32 %select_ln30, i32 %x_assign" [pickleball_model.cpp:30]   --->   Operation 213 'select' 'select_ln30_1' <Predicate = true> <Delay = 0.52> <CoreInst = "Sel">   --->   Core 73 'Sel' <Latency = 0> <II = 1> <Delay = 0.52> <FuncUnit> <Opcode : 'select'> <InPorts = 3> <OutPorts = 1>
ST_51 : Operation 214 [1/1] (0.00ns)   --->   "%zext_ln120 = zext i5 %lshr_ln" [pickleball_model.cpp:120]   --->   Operation 214 'zext' 'zext_ln120' <Predicate = true> <Delay = 0.00>
ST_51 : Operation 215 [1/1] (0.00ns)   --->   "%h_a_addr = getelementptr i32 %h_a, i64 0, i64 %zext_ln120" [pickleball_model.cpp:120]   --->   Operation 215 'getelementptr' 'h_a_addr' <Predicate = true> <Delay = 0.00>
ST_51 : Operation 216 [1/1] (0.00ns)   --->   "%h_a_1_addr = getelementptr i32 %h_a_1, i64 0, i64 %zext_ln120" [pickleball_model.cpp:120]   --->   Operation 216 'getelementptr' 'h_a_1_addr' <Predicate = true> <Delay = 0.00>
ST_51 : Operation 217 [1/1] (0.00ns)   --->   "%h_a_2_addr = getelementptr i32 %h_a_2, i64 0, i64 %zext_ln120" [pickleball_model.cpp:120]   --->   Operation 217 'getelementptr' 'h_a_2_addr' <Predicate = true> <Delay = 0.00>
ST_51 : Operation 218 [1/1] (0.00ns)   --->   "%h_a_3_addr = getelementptr i32 %h_a_3, i64 0, i64 %zext_ln120" [pickleball_model.cpp:120]   --->   Operation 218 'getelementptr' 'h_a_3_addr' <Predicate = true> <Delay = 0.00>
ST_51 : Operation 219 [1/1] (0.00ns)   --->   "%h_a_4_addr = getelementptr i32 %h_a_4, i64 0, i64 %zext_ln120" [pickleball_model.cpp:120]   --->   Operation 219 'getelementptr' 'h_a_4_addr' <Predicate = true> <Delay = 0.00>
ST_51 : Operation 220 [1/1] (0.00ns)   --->   "%h_a_5_addr = getelementptr i32 %h_a_5, i64 0, i64 %zext_ln120" [pickleball_model.cpp:120]   --->   Operation 220 'getelementptr' 'h_a_5_addr' <Predicate = true> <Delay = 0.00>
ST_51 : Operation 221 [1/1] (0.00ns)   --->   "%h_a_6_addr = getelementptr i32 %h_a_6, i64 0, i64 %zext_ln120" [pickleball_model.cpp:120]   --->   Operation 221 'getelementptr' 'h_a_6_addr' <Predicate = true> <Delay = 0.00>
ST_51 : Operation 222 [1/1] (0.00ns)   --->   "%h_a_7_addr = getelementptr i32 %h_a_7, i64 0, i64 %zext_ln120" [pickleball_model.cpp:120]   --->   Operation 222 'getelementptr' 'h_a_7_addr' <Predicate = true> <Delay = 0.00>
ST_51 : Operation 223 [1/1] (0.00ns)   --->   "%h_a_8_addr = getelementptr i32 %h_a_8, i64 0, i64 %zext_ln120" [pickleball_model.cpp:120]   --->   Operation 223 'getelementptr' 'h_a_8_addr' <Predicate = true> <Delay = 0.00>
ST_51 : Operation 224 [1/1] (0.00ns)   --->   "%h_a_9_addr = getelementptr i32 %h_a_9, i64 0, i64 %zext_ln120" [pickleball_model.cpp:120]   --->   Operation 224 'getelementptr' 'h_a_9_addr' <Predicate = true> <Delay = 0.00>
ST_51 : Operation 225 [1/1] (0.00ns)   --->   "%h_a_10_addr = getelementptr i32 %h_a_10, i64 0, i64 %zext_ln120" [pickleball_model.cpp:120]   --->   Operation 225 'getelementptr' 'h_a_10_addr' <Predicate = true> <Delay = 0.00>
ST_51 : Operation 226 [1/1] (0.00ns)   --->   "%h_a_11_addr = getelementptr i32 %h_a_11, i64 0, i64 %zext_ln120" [pickleball_model.cpp:120]   --->   Operation 226 'getelementptr' 'h_a_11_addr' <Predicate = true> <Delay = 0.00>
ST_51 : Operation 227 [1/1] (0.00ns)   --->   "%h_a_12_addr = getelementptr i32 %h_a_12, i64 0, i64 %zext_ln120" [pickleball_model.cpp:120]   --->   Operation 227 'getelementptr' 'h_a_12_addr' <Predicate = true> <Delay = 0.00>
ST_51 : Operation 228 [1/1] (0.00ns)   --->   "%h_a_13_addr = getelementptr i32 %h_a_13, i64 0, i64 %zext_ln120" [pickleball_model.cpp:120]   --->   Operation 228 'getelementptr' 'h_a_13_addr' <Predicate = true> <Delay = 0.00>
ST_51 : Operation 229 [1/1] (0.00ns)   --->   "%h_a_14_addr = getelementptr i32 %h_a_14, i64 0, i64 %zext_ln120" [pickleball_model.cpp:120]   --->   Operation 229 'getelementptr' 'h_a_14_addr' <Predicate = true> <Delay = 0.00>
ST_51 : Operation 230 [1/1] (0.00ns)   --->   "%h_a_15_addr = getelementptr i32 %h_a_15, i64 0, i64 %zext_ln120" [pickleball_model.cpp:120]   --->   Operation 230 'getelementptr' 'h_a_15_addr' <Predicate = true> <Delay = 0.00>
ST_51 : Operation 231 [1/1] (1.35ns)   --->   "%store_ln120 = store i32 %select_ln30_1, i5 %h_a_14_addr" [pickleball_model.cpp:120]   --->   Operation 231 'store' 'store_ln120' <Predicate = (trunc_ln120 == 14)> <Delay = 1.35> <CoreInst = "RAM">   --->   Core 83 'RAM' <Latency = 1> <II = 1> <Delay = 1.35> <Storage> <Opcode : 'load' 'store'> <Ports = 2> <Width = 32> <Depth = 32> <RAM>
ST_51 : Operation 232 [1/1] (0.00ns)   --->   "%br_ln120 = br void %arrayidx43.exit" [pickleball_model.cpp:120]   --->   Operation 232 'br' 'br_ln120' <Predicate = (trunc_ln120 == 14)> <Delay = 0.00>
ST_51 : Operation 233 [1/1] (1.35ns)   --->   "%store_ln120 = store i32 %select_ln30_1, i5 %h_a_13_addr" [pickleball_model.cpp:120]   --->   Operation 233 'store' 'store_ln120' <Predicate = (trunc_ln120 == 13)> <Delay = 1.35> <CoreInst = "RAM">   --->   Core 83 'RAM' <Latency = 1> <II = 1> <Delay = 1.35> <Storage> <Opcode : 'load' 'store'> <Ports = 2> <Width = 32> <Depth = 32> <RAM>
ST_51 : Operation 234 [1/1] (0.00ns)   --->   "%br_ln120 = br void %arrayidx43.exit" [pickleball_model.cpp:120]   --->   Operation 234 'br' 'br_ln120' <Predicate = (trunc_ln120 == 13)> <Delay = 0.00>
ST_51 : Operation 235 [1/1] (1.35ns)   --->   "%store_ln120 = store i32 %select_ln30_1, i5 %h_a_12_addr" [pickleball_model.cpp:120]   --->   Operation 235 'store' 'store_ln120' <Predicate = (trunc_ln120 == 12)> <Delay = 1.35> <CoreInst = "RAM">   --->   Core 83 'RAM' <Latency = 1> <II = 1> <Delay = 1.35> <Storage> <Opcode : 'load' 'store'> <Ports = 2> <Width = 32> <Depth = 32> <RAM>
ST_51 : Operation 236 [1/1] (0.00ns)   --->   "%br_ln120 = br void %arrayidx43.exit" [pickleball_model.cpp:120]   --->   Operation 236 'br' 'br_ln120' <Predicate = (trunc_ln120 == 12)> <Delay = 0.00>
ST_51 : Operation 237 [1/1] (1.35ns)   --->   "%store_ln120 = store i32 %select_ln30_1, i5 %h_a_11_addr" [pickleball_model.cpp:120]   --->   Operation 237 'store' 'store_ln120' <Predicate = (trunc_ln120 == 11)> <Delay = 1.35> <CoreInst = "RAM">   --->   Core 83 'RAM' <Latency = 1> <II = 1> <Delay = 1.35> <Storage> <Opcode : 'load' 'store'> <Ports = 2> <Width = 32> <Depth = 32> <RAM>
ST_51 : Operation 238 [1/1] (0.00ns)   --->   "%br_ln120 = br void %arrayidx43.exit" [pickleball_model.cpp:120]   --->   Operation 238 'br' 'br_ln120' <Predicate = (trunc_ln120 == 11)> <Delay = 0.00>
ST_51 : Operation 239 [1/1] (1.35ns)   --->   "%store_ln120 = store i32 %select_ln30_1, i5 %h_a_10_addr" [pickleball_model.cpp:120]   --->   Operation 239 'store' 'store_ln120' <Predicate = (trunc_ln120 == 10)> <Delay = 1.35> <CoreInst = "RAM">   --->   Core 83 'RAM' <Latency = 1> <II = 1> <Delay = 1.35> <Storage> <Opcode : 'load' 'store'> <Ports = 2> <Width = 32> <Depth = 32> <RAM>
ST_51 : Operation 240 [1/1] (0.00ns)   --->   "%br_ln120 = br void %arrayidx43.exit" [pickleball_model.cpp:120]   --->   Operation 240 'br' 'br_ln120' <Predicate = (trunc_ln120 == 10)> <Delay = 0.00>
ST_51 : Operation 241 [1/1] (1.35ns)   --->   "%store_ln120 = store i32 %select_ln30_1, i5 %h_a_9_addr" [pickleball_model.cpp:120]   --->   Operation 241 'store' 'store_ln120' <Predicate = (trunc_ln120 == 9)> <Delay = 1.35> <CoreInst = "RAM">   --->   Core 83 'RAM' <Latency = 1> <II = 1> <Delay = 1.35> <Storage> <Opcode : 'load' 'store'> <Ports = 2> <Width = 32> <Depth = 32> <RAM>
ST_51 : Operation 242 [1/1] (0.00ns)   --->   "%br_ln120 = br void %arrayidx43.exit" [pickleball_model.cpp:120]   --->   Operation 242 'br' 'br_ln120' <Predicate = (trunc_ln120 == 9)> <Delay = 0.00>
ST_51 : Operation 243 [1/1] (1.35ns)   --->   "%store_ln120 = store i32 %select_ln30_1, i5 %h_a_8_addr" [pickleball_model.cpp:120]   --->   Operation 243 'store' 'store_ln120' <Predicate = (trunc_ln120 == 8)> <Delay = 1.35> <CoreInst = "RAM">   --->   Core 83 'RAM' <Latency = 1> <II = 1> <Delay = 1.35> <Storage> <Opcode : 'load' 'store'> <Ports = 2> <Width = 32> <Depth = 32> <RAM>
ST_51 : Operation 244 [1/1] (0.00ns)   --->   "%br_ln120 = br void %arrayidx43.exit" [pickleball_model.cpp:120]   --->   Operation 244 'br' 'br_ln120' <Predicate = (trunc_ln120 == 8)> <Delay = 0.00>
ST_51 : Operation 245 [1/1] (1.35ns)   --->   "%store_ln120 = store i32 %select_ln30_1, i5 %h_a_7_addr" [pickleball_model.cpp:120]   --->   Operation 245 'store' 'store_ln120' <Predicate = (trunc_ln120 == 7)> <Delay = 1.35> <CoreInst = "RAM">   --->   Core 83 'RAM' <Latency = 1> <II = 1> <Delay = 1.35> <Storage> <Opcode : 'load' 'store'> <Ports = 2> <Width = 32> <Depth = 32> <RAM>
ST_51 : Operation 246 [1/1] (0.00ns)   --->   "%br_ln120 = br void %arrayidx43.exit" [pickleball_model.cpp:120]   --->   Operation 246 'br' 'br_ln120' <Predicate = (trunc_ln120 == 7)> <Delay = 0.00>
ST_51 : Operation 247 [1/1] (1.35ns)   --->   "%store_ln120 = store i32 %select_ln30_1, i5 %h_a_6_addr" [pickleball_model.cpp:120]   --->   Operation 247 'store' 'store_ln120' <Predicate = (trunc_ln120 == 6)> <Delay = 1.35> <CoreInst = "RAM">   --->   Core 83 'RAM' <Latency = 1> <II = 1> <Delay = 1.35> <Storage> <Opcode : 'load' 'store'> <Ports = 2> <Width = 32> <Depth = 32> <RAM>
ST_51 : Operation 248 [1/1] (0.00ns)   --->   "%br_ln120 = br void %arrayidx43.exit" [pickleball_model.cpp:120]   --->   Operation 248 'br' 'br_ln120' <Predicate = (trunc_ln120 == 6)> <Delay = 0.00>
ST_51 : Operation 249 [1/1] (1.35ns)   --->   "%store_ln120 = store i32 %select_ln30_1, i5 %h_a_5_addr" [pickleball_model.cpp:120]   --->   Operation 249 'store' 'store_ln120' <Predicate = (trunc_ln120 == 5)> <Delay = 1.35> <CoreInst = "RAM">   --->   Core 83 'RAM' <Latency = 1> <II = 1> <Delay = 1.35> <Storage> <Opcode : 'load' 'store'> <Ports = 2> <Width = 32> <Depth = 32> <RAM>
ST_51 : Operation 250 [1/1] (0.00ns)   --->   "%br_ln120 = br void %arrayidx43.exit" [pickleball_model.cpp:120]   --->   Operation 250 'br' 'br_ln120' <Predicate = (trunc_ln120 == 5)> <Delay = 0.00>
ST_51 : Operation 251 [1/1] (1.35ns)   --->   "%store_ln120 = store i32 %select_ln30_1, i5 %h_a_4_addr" [pickleball_model.cpp:120]   --->   Operation 251 'store' 'store_ln120' <Predicate = (trunc_ln120 == 4)> <Delay = 1.35> <CoreInst = "RAM">   --->   Core 83 'RAM' <Latency = 1> <II = 1> <Delay = 1.35> <Storage> <Opcode : 'load' 'store'> <Ports = 2> <Width = 32> <Depth = 32> <RAM>
ST_51 : Operation 252 [1/1] (0.00ns)   --->   "%br_ln120 = br void %arrayidx43.exit" [pickleball_model.cpp:120]   --->   Operation 252 'br' 'br_ln120' <Predicate = (trunc_ln120 == 4)> <Delay = 0.00>
ST_51 : Operation 253 [1/1] (1.35ns)   --->   "%store_ln120 = store i32 %select_ln30_1, i5 %h_a_3_addr" [pickleball_model.cpp:120]   --->   Operation 253 'store' 'store_ln120' <Predicate = (trunc_ln120 == 3)> <Delay = 1.35> <CoreInst = "RAM">   --->   Core 83 'RAM' <Latency = 1> <II = 1> <Delay = 1.35> <Storage> <Opcode : 'load' 'store'> <Ports = 2> <Width = 32> <Depth = 32> <RAM>
ST_51 : Operation 254 [1/1] (0.00ns)   --->   "%br_ln120 = br void %arrayidx43.exit" [pickleball_model.cpp:120]   --->   Operation 254 'br' 'br_ln120' <Predicate = (trunc_ln120 == 3)> <Delay = 0.00>
ST_51 : Operation 255 [1/1] (1.35ns)   --->   "%store_ln120 = store i32 %select_ln30_1, i5 %h_a_2_addr" [pickleball_model.cpp:120]   --->   Operation 255 'store' 'store_ln120' <Predicate = (trunc_ln120 == 2)> <Delay = 1.35> <CoreInst = "RAM">   --->   Core 83 'RAM' <Latency = 1> <II = 1> <Delay = 1.35> <Storage> <Opcode : 'load' 'store'> <Ports = 2> <Width = 32> <Depth = 32> <RAM>
ST_51 : Operation 256 [1/1] (0.00ns)   --->   "%br_ln120 = br void %arrayidx43.exit" [pickleball_model.cpp:120]   --->   Operation 256 'br' 'br_ln120' <Predicate = (trunc_ln120 == 2)> <Delay = 0.00>
ST_51 : Operation 257 [1/1] (1.35ns)   --->   "%store_ln120 = store i32 %select_ln30_1, i5 %h_a_1_addr" [pickleball_model.cpp:120]   --->   Operation 257 'store' 'store_ln120' <Predicate = (trunc_ln120 == 1)> <Delay = 1.35> <CoreInst = "RAM">   --->   Core 83 'RAM' <Latency = 1> <II = 1> <Delay = 1.35> <Storage> <Opcode : 'load' 'store'> <Ports = 2> <Width = 32> <Depth = 32> <RAM>
ST_51 : Operation 258 [1/1] (0.00ns)   --->   "%br_ln120 = br void %arrayidx43.exit" [pickleball_model.cpp:120]   --->   Operation 258 'br' 'br_ln120' <Predicate = (trunc_ln120 == 1)> <Delay = 0.00>
ST_51 : Operation 259 [1/1] (1.35ns)   --->   "%store_ln120 = store i32 %select_ln30_1, i5 %h_a_addr" [pickleball_model.cpp:120]   --->   Operation 259 'store' 'store_ln120' <Predicate = (trunc_ln120 == 0)> <Delay = 1.35> <CoreInst = "RAM">   --->   Core 83 'RAM' <Latency = 1> <II = 1> <Delay = 1.35> <Storage> <Opcode : 'load' 'store'> <Ports = 2> <Width = 32> <Depth = 32> <RAM>
ST_51 : Operation 260 [1/1] (0.00ns)   --->   "%br_ln120 = br void %arrayidx43.exit" [pickleball_model.cpp:120]   --->   Operation 260 'br' 'br_ln120' <Predicate = (trunc_ln120 == 0)> <Delay = 0.00>
ST_51 : Operation 261 [1/1] (1.35ns)   --->   "%store_ln120 = store i32 %select_ln30_1, i5 %h_a_15_addr" [pickleball_model.cpp:120]   --->   Operation 261 'store' 'store_ln120' <Predicate = (trunc_ln120 == 15)> <Delay = 1.35> <CoreInst = "RAM">   --->   Core 83 'RAM' <Latency = 1> <II = 1> <Delay = 1.35> <Storage> <Opcode : 'load' 'store'> <Ports = 2> <Width = 32> <Depth = 32> <RAM>
ST_51 : Operation 262 [1/1] (0.00ns)   --->   "%br_ln120 = br void %arrayidx43.exit" [pickleball_model.cpp:120]   --->   Operation 262 'br' 'br_ln120' <Predicate = (trunc_ln120 == 15)> <Delay = 0.00>


============================================================
+ Verbose Summary: Timing violations
============================================================
Target clock period: 10ns, clock uncertainty: 2.7ns.

 <State 1>: 1.42ns
The critical path consists of the following:
	'alloca' operation ('i') [30]  (0 ns)
	'load' operation ('i', pickleball_model.cpp:120) on local variable 'i' [47]  (0 ns)
	'add' operation ('add_ln112', pickleball_model.cpp:112) [50]  (0.934 ns)
	'store' operation ('store_ln112', pickleball_model.cpp:112) of variable 'add_ln112', pickleball_model.cpp:112 on local variable 'i' [180]  (0.489 ns)

 <State 2>: 0.79ns
The critical path consists of the following:
	'load' operation ('p_ZL16trunk_0_weight_q_0_load', pickleball_model.cpp:118) on array 'p_ZL16trunk_0_weight_q_0' [57]  (0.79 ns)

 <State 3>: 6.67ns
The critical path consists of the following:
	'sitofp' operation ('conv1', pickleball_model.cpp:118) [59]  (6.67 ns)

 <State 4>: 6.67ns
The critical path consists of the following:
	'sitofp' operation ('conv1', pickleball_model.cpp:118) [59]  (6.67 ns)

 <State 5>: 6.67ns
The critical path consists of the following:
	'sitofp' operation ('conv1', pickleball_model.cpp:118) [59]  (6.67 ns)

 <State 6>: 6.67ns
The critical path consists of the following:
	'sitofp' operation ('conv1', pickleball_model.cpp:118) [59]  (6.67 ns)

 <State 7>: 4.67ns
The critical path consists of the following:
	'fmul' operation ('mul', pickleball_model.cpp:118) [60]  (4.67 ns)

 <State 8>: 6.67ns
The critical path consists of the following:
	'sitofp' operation ('conv29_1', pickleball_model.cpp:118) [65]  (6.67 ns)

 <State 9>: 6.67ns
The critical path consists of the following:
	'sitofp' operation ('conv29_1', pickleball_model.cpp:118) [65]  (6.67 ns)

 <State 10>: 6.67ns
The critical path consists of the following:
	'sitofp' operation ('conv29_1', pickleball_model.cpp:118) [65]  (6.67 ns)

 <State 11>: 6.67ns
The critical path consists of the following:
	'sitofp' operation ('conv29_1', pickleball_model.cpp:118) [65]  (6.67 ns)

 <State 12>: 6.02ns
The critical path consists of the following:
	'fadd' operation ('sum', pickleball_model.cpp:118) [61]  (6.02 ns)

 <State 13>: 6.67ns
The critical path consists of the following:
	'sitofp' operation ('conv29_2', pickleball_model.cpp:118) [71]  (6.67 ns)

 <State 14>: 6.67ns
The critical path consists of the following:
	'sitofp' operation ('conv29_2', pickleball_model.cpp:118) [71]  (6.67 ns)

 <State 15>: 6.67ns
The critical path consists of the following:
	'sitofp' operation ('conv29_2', pickleball_model.cpp:118) [71]  (6.67 ns)

 <State 16>: 6.67ns
The critical path consists of the following:
	'sitofp' operation ('conv29_2', pickleball_model.cpp:118) [71]  (6.67 ns)

 <State 17>: 6.02ns
The critical path consists of the following:
	'fadd' operation ('sum', pickleball_model.cpp:118) [67]  (6.02 ns)

 <State 18>: 6.67ns
The critical path consists of the following:
	'sitofp' operation ('conv29_3', pickleball_model.cpp:118) [77]  (6.67 ns)

 <State 19>: 6.67ns
The critical path consists of the following:
	'sitofp' operation ('conv29_3', pickleball_model.cpp:118) [77]  (6.67 ns)

 <State 20>: 6.67ns
The critical path consists of the following:
	'sitofp' operation ('conv29_3', pickleball_model.cpp:118) [77]  (6.67 ns)

 <State 21>: 6.67ns
The critical path consists of the following:
	'sitofp' operation ('conv29_3', pickleball_model.cpp:118) [77]  (6.67 ns)

 <State 22>: 6.02ns
The critical path consists of the following:
	'fadd' operation ('sum', pickleball_model.cpp:118) [73]  (6.02 ns)

 <State 23>: 6.67ns
The critical path consists of the following:
	'sitofp' operation ('conv29_4', pickleball_model.cpp:118) [83]  (6.67 ns)

 <State 24>: 6.67ns
The critical path consists of the following:
	'sitofp' operation ('conv29_4', pickleball_model.cpp:118) [83]  (6.67 ns)

 <State 25>: 6.67ns
The critical path consists of the following:
	'sitofp' operation ('conv29_4', pickleball_model.cpp:118) [83]  (6.67 ns)

 <State 26>: 6.67ns
The critical path consists of the following:
	'sitofp' operation ('conv29_4', pickleball_model.cpp:118) [83]  (6.67 ns)

 <State 27>: 6.02ns
The critical path consists of the following:
	'fadd' operation ('sum', pickleball_model.cpp:118) [79]  (6.02 ns)

 <State 28>: 6.67ns
The critical path consists of the following:
	'sitofp' operation ('conv29_5', pickleball_model.cpp:118) [89]  (6.67 ns)

 <State 29>: 6.67ns
The critical path consists of the following:
	'sitofp' operation ('conv29_5', pickleball_model.cpp:118) [89]  (6.67 ns)

 <State 30>: 6.67ns
The critical path consists of the following:
	'sitofp' operation ('conv29_5', pickleball_model.cpp:118) [89]  (6.67 ns)

 <State 31>: 6.67ns
The critical path consists of the following:
	'sitofp' operation ('conv29_5', pickleball_model.cpp:118) [89]  (6.67 ns)

 <State 32>: 6.02ns
The critical path consists of the following:
	'fadd' operation ('sum', pickleball_model.cpp:118) [85]  (6.02 ns)

 <State 33>: 6.02ns
The critical path consists of the following:
	'fadd' operation ('sum', pickleball_model.cpp:118) [85]  (6.02 ns)

 <State 34>: 6.02ns
The critical path consists of the following:
	'fadd' operation ('sum', pickleball_model.cpp:118) [85]  (6.02 ns)

 <State 35>: 6.02ns
The critical path consists of the following:
	'fadd' operation ('sum', pickleball_model.cpp:118) [85]  (6.02 ns)

 <State 36>: 6.02ns
The critical path consists of the following:
	'fadd' operation ('sum', pickleball_model.cpp:118) [91]  (6.02 ns)

 <State 37>: 6.02ns
The critical path consists of the following:
	'fadd' operation ('sum', pickleball_model.cpp:118) [91]  (6.02 ns)

 <State 38>: 6.02ns
The critical path consists of the following:
	'fadd' operation ('sum', pickleball_model.cpp:118) [91]  (6.02 ns)

 <State 39>: 6.02ns
The critical path consists of the following:
	'fadd' operation ('sum', pickleball_model.cpp:118) [91]  (6.02 ns)

 <State 40>: 6.02ns
The critical path consists of the following:
	'fadd' operation ('sum', pickleball_model.cpp:118) [91]  (6.02 ns)

 <State 41>: 4.67ns
The critical path consists of the following:
	'fmul' operation ('mul1', pickleball_model.cpp:120) [92]  (4.67 ns)

 <State 42>: 4.67ns
The critical path consists of the following:
	'fmul' operation ('mul1', pickleball_model.cpp:120) [92]  (4.67 ns)

 <State 43>: 4.67ns
The critical path consists of the following:
	'fmul' operation ('mul1', pickleball_model.cpp:120) [92]  (4.67 ns)

 <State 44>: 4.67ns
The critical path consists of the following:
	'fmul' operation ('mul1', pickleball_model.cpp:120) [92]  (4.67 ns)

 <State 45>: 6.02ns
The critical path consists of the following:
	'fadd' operation ('x', pickleball_model.cpp:120) [95]  (6.02 ns)

 <State 46>: 6.02ns
The critical path consists of the following:
	'fadd' operation ('x', pickleball_model.cpp:120) [95]  (6.02 ns)

 <State 47>: 6.02ns
The critical path consists of the following:
	'fadd' operation ('x', pickleball_model.cpp:120) [95]  (6.02 ns)

 <State 48>: 6.02ns
The critical path consists of the following:
	'fadd' operation ('x', pickleball_model.cpp:120) [95]  (6.02 ns)

 <State 49>: 6.02ns
The critical path consists of the following:
	'fadd' operation ('x', pickleball_model.cpp:120) [95]  (6.02 ns)

 <State 50>: 3.35ns
The critical path consists of the following:
	'fcmp' operation ('tmp_2', pickleball_model.cpp:29) [102]  (3.35 ns)

 <State 51>: 5.89ns
The critical path consists of the following:
	'fcmp' operation ('tmp_2', pickleball_model.cpp:29) [102]  (3.35 ns)
	'and' operation ('and_ln29', pickleball_model.cpp:29) [103]  (0.331 ns)
	'xor' operation ('xor_ln29', pickleball_model.cpp:29) [106]  (0 ns)
	'and' operation ('and_ln30_1', pickleball_model.cpp:30) [107]  (0.331 ns)
	'select' operation ('select_ln30', pickleball_model.cpp:30) [108]  (0 ns)
	'select' operation ('select_ln30_1', pickleball_model.cpp:30) [110]  (0.525 ns)
	'store' operation ('store_ln120', pickleball_model.cpp:120) of variable 'select_ln30_1', pickleball_model.cpp:30 on array 'h_a_5' [159]  (1.35 ns)


============================================================
+ Verbose Summary: Binding
============================================================
N/A
* FSMD analyzer results:
  - Output states:
 - Input state : 
  - Chain level:
	State 1
	State 2
	State 3
	State 4
	State 5
	State 6
	State 7
	State 8
	State 9
	State 10
	State 11
	State 12
	State 13
	State 14
	State 15
	State 16
	State 17
	State 18
	State 19
	State 20
	State 21
	State 22
	State 23
	State 24
	State 25
	State 26
	State 27
	State 28
	State 29
	State 30
	State 31
	State 32
	State 33
	State 34
	State 35
	State 36
	State 37
	State 38
	State 39
	State 40
	State 41
	State 42
	State 43
	State 44
	State 45
	State 46
	State 47
	State 48
	State 49
	State 50
	State 51


============================================================
+ Verbose Summary: Datapath Resource usage 
============================================================
N/A
