

================================================================
== Vitis HLS Report for 'pb_predict_Pipeline_SCALE_INPUT'
================================================================
* Date:           Sun Mar 15 15:56:13 2026

* Version:        2022.1 (Build 3526262 on Mon Apr 18 15:48:16 MDT 2022)
* Project:        pickleball_hls
* Solution:       solution1 (Vivado IP Flow Target)
* Product family: zynquplus
* Target device:  xczu3eg-sbva484-1-e


================================================================
== Performance Estimates
================================================================
+ Timing: 
    * Summary: 
    +--------+----------+----------+------------+
    |  Clock |  Target  | Estimated| Uncertainty|
    +--------+----------+----------+------------+
    |ap_clk  |  10.00 ns|  6.808 ns|     2.70 ns|
    +--------+----------+----------+------------+

+ Latency: 
    * Summary: 
    +---------+---------+----------+----------+-----+-----+---------+
    |  Latency (cycles) |  Latency (absolute) |  Interval | Pipeline|
    |   min   |   max   |    min   |    max   | min | max |   Type  |
    +---------+---------+----------+----------+-----+-----+---------+
    |       22|       22|  0.220 us|  0.220 us|   22|   22|       no|
    +---------+---------+----------+----------+-----+-----+---------+

    + Detail: 
        * Instance: 
        N/A

        * Loop: 
        +---------------+---------+---------+----------+-----------+-----------+------+----------+
        |               |  Latency (cycles) | Iteration|  Initiation Interval  | Trip |          |
        |   Loop Name   |   min   |   max   |  Latency |  achieved |   target  | Count| Pipelined|
        +---------------+---------+---------+----------+-----------+-----------+------+----------+
        |- SCALE_INPUT  |       20|       20|        16|          1|          1|     6|       yes|
        +---------------+---------+---------+----------+-----------+-----------+------+----------+

============================================================
+ Verbose Summary: Synthesis Manager
============================================================
InlineROM: 1
ExposeGlobal: 0
============================================================
+ Verbose Summary: CDFG Model
============================================================
IsTopModel: 0
ResetActiveHigh: 1
IsCombinational: 0
IsDatapathOnly: 0
HasWiredReturn: 1
HasMFsm: 2
HasVarLatency: 1
IsPipeline: 0
IsRtlPipelined: 0
IsInstanceOverlapped: 0
IsDontTouch: 0
HasImplIP: 0
IsGatedGlobalClock: 0

+ Individual pipeline summary: 
  * Pipeline-0: initiation interval (II) = 1, depth = 16


============================================================
+ Verbose Summary: Schedule
============================================================
* Number of FSM states : 16
* Pipeline : 1
  Pipeline-0 : II = 1, D = 16, States = { 1 2 3 4 5 6 7 8 9 10 11 12 13 14 15 16 }
* Dataflow Pipeline: 0

* FSM state transitions: 
1 --> 2 
2 --> 3 
3 --> 4 
4 --> 5 
5 --> 6 
6 --> 7 
7 --> 8 
8 --> 9 
9 --> 10 
10 --> 11 
11 --> 12 
12 --> 13 
13 --> 14 
14 --> 15 
15 --> 16 
16 --> 

* FSM state operations: 

State 1 <SV = 0> <Delay = 1.23>
ST_1 : Operation 19 [1/1] (0.00ns)   --->   "%i_1 = alloca i32 1"   --->   Operation 19 'alloca' 'i_1' <Predicate = true> <Delay = 0.00>
ST_1 : Operation 20 [1/1] (0.00ns)   --->   "%input_scaled = alloca i32 1"   --->   Operation 20 'alloca' 'input_scaled' <Predicate = true> <Delay = 0.00>
ST_1 : Operation 21 [1/1] (0.00ns)   --->   "%input_scaled_1 = alloca i32 1"   --->   Operation 21 'alloca' 'input_scaled_1' <Predicate = true> <Delay = 0.00>
ST_1 : Operation 22 [1/1] (0.00ns)   --->   "%input_scaled_2 = alloca i32 1"   --->   Operation 22 'alloca' 'input_scaled_2' <Predicate = true> <Delay = 0.00>
ST_1 : Operation 23 [1/1] (0.00ns)   --->   "%input_scaled_3 = alloca i32 1"   --->   Operation 23 'alloca' 'input_scaled_3' <Predicate = true> <Delay = 0.00>
ST_1 : Operation 24 [1/1] (0.00ns)   --->   "%input_scaled_4 = alloca i32 1"   --->   Operation 24 'alloca' 'input_scaled_4' <Predicate = true> <Delay = 0.00>
ST_1 : Operation 25 [1/1] (0.00ns)   --->   "%input_scaled_5 = alloca i32 1"   --->   Operation 25 'alloca' 'input_scaled_5' <Predicate = true> <Delay = 0.00>
ST_1 : Operation 26 [1/1] (0.00ns)   --->   "%specmemcore_ln0 = specmemcore void @_ssdm_op_SpecMemCore, i32 %x_scaler_scale, i64 666, i64 34, i64 18446744073709551615"   --->   Operation 26 'specmemcore' 'specmemcore_ln0' <Predicate = true> <Delay = 0.00>
ST_1 : Operation 27 [1/1] (0.00ns)   --->   "%specmemcore_ln0 = specmemcore void @_ssdm_op_SpecMemCore, i32 %x_scaler_mean, i64 666, i64 34, i64 18446744073709551615"   --->   Operation 27 'specmemcore' 'specmemcore_ln0' <Predicate = true> <Delay = 0.00>
ST_1 : Operation 28 [1/1] (0.00ns)   --->   "%input_raw_5_reload_read = read i32 @_ssdm_op_Read.ap_auto.float, i32 %input_raw_5_reload"   --->   Operation 28 'read' 'input_raw_5_reload_read' <Predicate = true> <Delay = 0.00>
ST_1 : Operation 29 [1/1] (0.00ns)   --->   "%input_raw_4_reload_read = read i32 @_ssdm_op_Read.ap_auto.float, i32 %input_raw_4_reload"   --->   Operation 29 'read' 'input_raw_4_reload_read' <Predicate = true> <Delay = 0.00>
ST_1 : Operation 30 [1/1] (0.00ns)   --->   "%input_raw_3_reload_read = read i32 @_ssdm_op_Read.ap_auto.float, i32 %input_raw_3_reload"   --->   Operation 30 'read' 'input_raw_3_reload_read' <Predicate = true> <Delay = 0.00>
ST_1 : Operation 31 [1/1] (0.00ns)   --->   "%input_raw_2_reload_read = read i32 @_ssdm_op_Read.ap_auto.float, i32 %input_raw_2_reload"   --->   Operation 31 'read' 'input_raw_2_reload_read' <Predicate = true> <Delay = 0.00>
ST_1 : Operation 32 [1/1] (0.00ns)   --->   "%input_raw_1_reload_read = read i32 @_ssdm_op_Read.ap_auto.float, i32 %input_raw_1_reload"   --->   Operation 32 'read' 'input_raw_1_reload_read' <Predicate = true> <Delay = 0.00>
ST_1 : Operation 33 [1/1] (0.00ns)   --->   "%input_raw_reload_read = read i32 @_ssdm_op_Read.ap_auto.float, i32 %input_raw_reload"   --->   Operation 33 'read' 'input_raw_reload_read' <Predicate = true> <Delay = 0.00>
ST_1 : Operation 34 [1/1] (0.48ns)   --->   "%store_ln0 = store i3 0, i3 %i_1"   --->   Operation 34 'store' 'store_ln0' <Predicate = true> <Delay = 0.48>
ST_1 : Operation 35 [1/1] (0.00ns)   --->   "%br_ln0 = br void %for.inc15"   --->   Operation 35 'br' 'br_ln0' <Predicate = true> <Delay = 0.00>
ST_1 : Operation 36 [1/1] (0.00ns)   --->   "%i = load i3 %i_1" [pickleball_model.cpp:102]   --->   Operation 36 'load' 'i' <Predicate = true> <Delay = 0.00>
ST_1 : Operation 37 [1/1] (0.69ns)   --->   "%icmp_ln102 = icmp_eq  i3 %i, i3 6" [pickleball_model.cpp:102]   --->   Operation 37 'icmp' 'icmp_ln102' <Predicate = true> <Delay = 0.69> <CoreInst = "Cmp">   --->   Core 9 'Cmp' <Latency = 0> <II = 1> <Delay = 0.69> <FuncUnit> <Opcode : 'icmp'> <InPorts = 2> <OutPorts = 1>
ST_1 : Operation 38 [1/1] (0.00ns)   --->   "%empty = speclooptripcount i32 @_ssdm_op_SpecLoopTripCount, i64 6, i64 6, i64 6"   --->   Operation 38 'speclooptripcount' 'empty' <Predicate = true> <Delay = 0.00>
ST_1 : Operation 39 [1/1] (0.74ns)   --->   "%add_ln102 = add i3 %i, i3 1" [pickleball_model.cpp:102]   --->   Operation 39 'add' 'add_ln102' <Predicate = true> <Delay = 0.74> <CoreInst = "Adder">   --->   Core 1 'Adder' <Latency = 0> <II = 1> <Delay = 0.74> <FuncUnit> <Opcode : 'add' 'sub'> <InPorts = 2> <OutPorts = 1>
ST_1 : Operation 40 [1/1] (0.00ns)   --->   "%br_ln102 = br i1 %icmp_ln102, void %for.inc15.split, void %for.inc34.preheader.exitStub" [pickleball_model.cpp:102]   --->   Operation 40 'br' 'br_ln102' <Predicate = true> <Delay = 0.00>
ST_1 : Operation 41 [1/1] (0.00ns)   --->   "%zext_ln102 = zext i3 %i" [pickleball_model.cpp:102]   --->   Operation 41 'zext' 'zext_ln102' <Predicate = (!icmp_ln102)> <Delay = 0.00>
ST_1 : Operation 42 [1/1] (0.00ns)   --->   "%x_scaler_mean_addr = getelementptr i32 %x_scaler_mean, i64 0, i64 %zext_ln102" [pickleball_model.cpp:104]   --->   Operation 42 'getelementptr' 'x_scaler_mean_addr' <Predicate = (!icmp_ln102)> <Delay = 0.00>
ST_1 : Operation 43 [2/2] (0.79ns)   --->   "%x_scaler_mean_load = load i3 %x_scaler_mean_addr" [pickleball_model.cpp:104]   --->   Operation 43 'load' 'x_scaler_mean_load' <Predicate = (!icmp_ln102)> <Delay = 0.79> <CoreInst = "ROM_1P_LUTRAM">   --->   Core 103 'ROM_1P_LUTRAM' <Latency = 1> <II = 1> <Delay = 0.79> <Storage> <Opcode : 'load'> <Ports = 1> <Width = 32> <Depth = 6> <ROM>
ST_1 : Operation 44 [1/1] (0.00ns)   --->   "%x_scaler_scale_addr = getelementptr i32 %x_scaler_scale, i64 0, i64 %zext_ln102" [pickleball_model.cpp:104]   --->   Operation 44 'getelementptr' 'x_scaler_scale_addr' <Predicate = (!icmp_ln102)> <Delay = 0.00>
ST_1 : Operation 45 [2/2] (0.79ns)   --->   "%x_scaler_scale_load = load i3 %x_scaler_scale_addr" [pickleball_model.cpp:104]   --->   Operation 45 'load' 'x_scaler_scale_load' <Predicate = (!icmp_ln102)> <Delay = 0.79> <CoreInst = "ROM_1P_LUTRAM">   --->   Core 103 'ROM_1P_LUTRAM' <Latency = 1> <II = 1> <Delay = 0.79> <Storage> <Opcode : 'load'> <Ports = 1> <Width = 32> <Depth = 6> <ROM>
ST_1 : Operation 46 [1/1] (0.51ns)   --->   "%switch_ln104 = switch i3 %i, void %arrayidx14.case.5, i3 0, void %for.inc15.split.arrayidx14.exit_crit_edge, i3 1, void %for.inc15.split.arrayidx14.exit_crit_edge7, i3 2, void %arrayidx14.case.2, i3 3, void %arrayidx14.case.3, i3 4, void %arrayidx14.case.4" [pickleball_model.cpp:104]   --->   Operation 46 'switch' 'switch_ln104' <Predicate = (!icmp_ln102)> <Delay = 0.51>
ST_1 : Operation 47 [1/1] (0.48ns)   --->   "%store_ln102 = store i3 %add_ln102, i3 %i_1" [pickleball_model.cpp:102]   --->   Operation 47 'store' 'store_ln102' <Predicate = (!icmp_ln102)> <Delay = 0.48>
ST_1 : Operation 48 [1/1] (0.00ns)   --->   "%br_ln102 = br void %for.inc15" [pickleball_model.cpp:102]   --->   Operation 48 'br' 'br_ln102' <Predicate = (!icmp_ln102)> <Delay = 0.00>

State 2 <SV = 1> <Delay = 6.80>
ST_2 : Operation 49 [1/1] (0.72ns)   --->   "%tmp = mux i32 @_ssdm_op_Mux.ap_auto.6float.i3, i32 %input_raw_reload_read, i32 %input_raw_1_reload_read, i32 %input_raw_2_reload_read, i32 %input_raw_3_reload_read, i32 %input_raw_4_reload_read, i32 %input_raw_5_reload_read, i3 %i" [pickleball_model.cpp:104]   --->   Operation 49 'mux' 'tmp' <Predicate = true> <Delay = 0.72> <CoreInst = "Multiplexer">   --->   Core 76 'Multiplexer' <Latency = 0> <II = 1> <Delay = 0.72> <FuncUnit> <Opcode : 'mux'> <InPorts = 2> <OutPorts = 1>
ST_2 : Operation 50 [1/2] (0.79ns)   --->   "%x_scaler_mean_load = load i3 %x_scaler_mean_addr" [pickleball_model.cpp:104]   --->   Operation 50 'load' 'x_scaler_mean_load' <Predicate = true> <Delay = 0.79> <CoreInst = "ROM_1P_LUTRAM">   --->   Core 103 'ROM_1P_LUTRAM' <Latency = 1> <II = 1> <Delay = 0.79> <Storage> <Opcode : 'load'> <Ports = 1> <Width = 32> <Depth = 6> <ROM>
ST_2 : Operation 51 [5/5] (6.01ns)   --->   "%sub = fsub i32 %tmp, i32 %x_scaler_mean_load" [pickleball_model.cpp:104]   --->   Operation 51 'fsub' 'sub' <Predicate = true> <Delay = 6.01> <CoreInst = "FAddSub_fulldsp">   --->   Core 18 'FAddSub_fulldsp' <Latency = 4> <II = 1> <Delay = 6.01> <FuncUnit> <Opcode : 'fadd' 'fsub'> <InPorts = 2> <OutPorts = 1>
ST_2 : Operation 52 [1/2] (0.79ns)   --->   "%x_scaler_scale_load = load i3 %x_scaler_scale_addr" [pickleball_model.cpp:104]   --->   Operation 52 'load' 'x_scaler_scale_load' <Predicate = true> <Delay = 0.79> <CoreInst = "ROM_1P_LUTRAM">   --->   Core 103 'ROM_1P_LUTRAM' <Latency = 1> <II = 1> <Delay = 0.79> <Storage> <Opcode : 'load'> <Ports = 1> <Width = 32> <Depth = 6> <ROM>

State 3 <SV = 2> <Delay = 6.01>
ST_3 : Operation 53 [4/5] (6.01ns)   --->   "%sub = fsub i32 %tmp, i32 %x_scaler_mean_load" [pickleball_model.cpp:104]   --->   Operation 53 'fsub' 'sub' <Predicate = true> <Delay = 6.01> <CoreInst = "FAddSub_fulldsp">   --->   Core 18 'FAddSub_fulldsp' <Latency = 4> <II = 1> <Delay = 6.01> <FuncUnit> <Opcode : 'fadd' 'fsub'> <InPorts = 2> <OutPorts = 1>

State 4 <SV = 3> <Delay = 6.01>
ST_4 : Operation 54 [3/5] (6.01ns)   --->   "%sub = fsub i32 %tmp, i32 %x_scaler_mean_load" [pickleball_model.cpp:104]   --->   Operation 54 'fsub' 'sub' <Predicate = true> <Delay = 6.01> <CoreInst = "FAddSub_fulldsp">   --->   Core 18 'FAddSub_fulldsp' <Latency = 4> <II = 1> <Delay = 6.01> <FuncUnit> <Opcode : 'fadd' 'fsub'> <InPorts = 2> <OutPorts = 1>

State 5 <SV = 4> <Delay = 6.01>
ST_5 : Operation 55 [2/5] (6.01ns)   --->   "%sub = fsub i32 %tmp, i32 %x_scaler_mean_load" [pickleball_model.cpp:104]   --->   Operation 55 'fsub' 'sub' <Predicate = true> <Delay = 6.01> <CoreInst = "FAddSub_fulldsp">   --->   Core 18 'FAddSub_fulldsp' <Latency = 4> <II = 1> <Delay = 6.01> <FuncUnit> <Opcode : 'fadd' 'fsub'> <InPorts = 2> <OutPorts = 1>

State 6 <SV = 5> <Delay = 6.01>
ST_6 : Operation 56 [1/5] (6.01ns)   --->   "%sub = fsub i32 %tmp, i32 %x_scaler_mean_load" [pickleball_model.cpp:104]   --->   Operation 56 'fsub' 'sub' <Predicate = true> <Delay = 6.01> <CoreInst = "FAddSub_fulldsp">   --->   Core 18 'FAddSub_fulldsp' <Latency = 4> <II = 1> <Delay = 6.01> <FuncUnit> <Opcode : 'fadd' 'fsub'> <InPorts = 2> <OutPorts = 1>

State 7 <SV = 6> <Delay = 6.70>
ST_7 : Operation 57 [10/10] (6.70ns)   --->   "%input_scaled_6 = fdiv i32 %sub, i32 %x_scaler_scale_load" [pickleball_model.cpp:104]   --->   Operation 57 'fdiv' 'input_scaled_6' <Predicate = true> <Delay = 6.70> <CoreInst = "FDiv">   --->   Core 20 'FDiv' <Latency = 9> <II = 1> <Delay = 6.70> <FuncUnit> <Opcode : 'fdiv' 'frem'> <InPorts = 2> <OutPorts = 1>

State 8 <SV = 7> <Delay = 6.70>
ST_8 : Operation 58 [9/10] (6.70ns)   --->   "%input_scaled_6 = fdiv i32 %sub, i32 %x_scaler_scale_load" [pickleball_model.cpp:104]   --->   Operation 58 'fdiv' 'input_scaled_6' <Predicate = true> <Delay = 6.70> <CoreInst = "FDiv">   --->   Core 20 'FDiv' <Latency = 9> <II = 1> <Delay = 6.70> <FuncUnit> <Opcode : 'fdiv' 'frem'> <InPorts = 2> <OutPorts = 1>

State 9 <SV = 8> <Delay = 6.70>
ST_9 : Operation 59 [8/10] (6.70ns)   --->   "%input_scaled_6 = fdiv i32 %sub, i32 %x_scaler_scale_load" [pickleball_model.cpp:104]   --->   Operation 59 'fdiv' 'input_scaled_6' <Predicate = true> <Delay = 6.70> <CoreInst = "FDiv">   --->   Core 20 'FDiv' <Latency = 9> <II = 1> <Delay = 6.70> <FuncUnit> <Opcode : 'fdiv' 'frem'> <InPorts = 2> <OutPorts = 1>

State 10 <SV = 9> <Delay = 6.70>
ST_10 : Operation 60 [7/10] (6.70ns)   --->   "%input_scaled_6 = fdiv i32 %sub, i32 %x_scaler_scale_load" [pickleball_model.cpp:104]   --->   Operation 60 'fdiv' 'input_scaled_6' <Predicate = true> <Delay = 6.70> <CoreInst = "FDiv">   --->   Core 20 'FDiv' <Latency = 9> <II = 1> <Delay = 6.70> <FuncUnit> <Opcode : 'fdiv' 'frem'> <InPorts = 2> <OutPorts = 1>

State 11 <SV = 10> <Delay = 6.70>
ST_11 : Operation 61 [6/10] (6.70ns)   --->   "%input_scaled_6 = fdiv i32 %sub, i32 %x_scaler_scale_load" [pickleball_model.cpp:104]   --->   Operation 61 'fdiv' 'input_scaled_6' <Predicate = true> <Delay = 6.70> <CoreInst = "FDiv">   --->   Core 20 'FDiv' <Latency = 9> <II = 1> <Delay = 6.70> <FuncUnit> <Opcode : 'fdiv' 'frem'> <InPorts = 2> <OutPorts = 1>

State 12 <SV = 11> <Delay = 6.70>
ST_12 : Operation 62 [5/10] (6.70ns)   --->   "%input_scaled_6 = fdiv i32 %sub, i32 %x_scaler_scale_load" [pickleball_model.cpp:104]   --->   Operation 62 'fdiv' 'input_scaled_6' <Predicate = true> <Delay = 6.70> <CoreInst = "FDiv">   --->   Core 20 'FDiv' <Latency = 9> <II = 1> <Delay = 6.70> <FuncUnit> <Opcode : 'fdiv' 'frem'> <InPorts = 2> <OutPorts = 1>

State 13 <SV = 12> <Delay = 6.70>
ST_13 : Operation 63 [4/10] (6.70ns)   --->   "%input_scaled_6 = fdiv i32 %sub, i32 %x_scaler_scale_load" [pickleball_model.cpp:104]   --->   Operation 63 'fdiv' 'input_scaled_6' <Predicate = true> <Delay = 6.70> <CoreInst = "FDiv">   --->   Core 20 'FDiv' <Latency = 9> <II = 1> <Delay = 6.70> <FuncUnit> <Opcode : 'fdiv' 'frem'> <InPorts = 2> <OutPorts = 1>

State 14 <SV = 13> <Delay = 6.70>
ST_14 : Operation 64 [3/10] (6.70ns)   --->   "%input_scaled_6 = fdiv i32 %sub, i32 %x_scaler_scale_load" [pickleball_model.cpp:104]   --->   Operation 64 'fdiv' 'input_scaled_6' <Predicate = true> <Delay = 6.70> <CoreInst = "FDiv">   --->   Core 20 'FDiv' <Latency = 9> <II = 1> <Delay = 6.70> <FuncUnit> <Opcode : 'fdiv' 'frem'> <InPorts = 2> <OutPorts = 1>

State 15 <SV = 14> <Delay = 6.70>
ST_15 : Operation 65 [2/10] (6.70ns)   --->   "%input_scaled_6 = fdiv i32 %sub, i32 %x_scaler_scale_load" [pickleball_model.cpp:104]   --->   Operation 65 'fdiv' 'input_scaled_6' <Predicate = true> <Delay = 6.70> <CoreInst = "FDiv">   --->   Core 20 'FDiv' <Latency = 9> <II = 1> <Delay = 6.70> <FuncUnit> <Opcode : 'fdiv' 'frem'> <InPorts = 2> <OutPorts = 1>
ST_15 : Operation 81 [1/1] (0.00ns)   --->   "%input_scaled_load = load i32 %input_scaled"   --->   Operation 81 'load' 'input_scaled_load' <Predicate = (icmp_ln102)> <Delay = 0.00>
ST_15 : Operation 82 [1/1] (0.00ns)   --->   "%input_scaled_1_load = load i32 %input_scaled_1"   --->   Operation 82 'load' 'input_scaled_1_load' <Predicate = (icmp_ln102)> <Delay = 0.00>
ST_15 : Operation 83 [1/1] (0.00ns)   --->   "%input_scaled_2_load = load i32 %input_scaled_2"   --->   Operation 83 'load' 'input_scaled_2_load' <Predicate = (icmp_ln102)> <Delay = 0.00>
ST_15 : Operation 84 [1/1] (0.00ns)   --->   "%input_scaled_3_load = load i32 %input_scaled_3"   --->   Operation 84 'load' 'input_scaled_3_load' <Predicate = (icmp_ln102)> <Delay = 0.00>
ST_15 : Operation 85 [1/1] (0.00ns)   --->   "%input_scaled_4_load = load i32 %input_scaled_4"   --->   Operation 85 'load' 'input_scaled_4_load' <Predicate = (icmp_ln102)> <Delay = 0.00>
ST_15 : Operation 86 [1/1] (0.00ns)   --->   "%input_scaled_5_load = load i32 %input_scaled_5"   --->   Operation 86 'load' 'input_scaled_5_load' <Predicate = (icmp_ln102)> <Delay = 0.00>
ST_15 : Operation 87 [1/1] (0.00ns)   --->   "%write_ln0 = write void @_ssdm_op_Write.ap_auto.floatP0A, i32 %input_scaled_5_out, i32 %input_scaled_5_load"   --->   Operation 87 'write' 'write_ln0' <Predicate = (icmp_ln102)> <Delay = 0.00>
ST_15 : Operation 88 [1/1] (0.00ns)   --->   "%write_ln0 = write void @_ssdm_op_Write.ap_auto.floatP0A, i32 %input_scaled_4_out, i32 %input_scaled_4_load"   --->   Operation 88 'write' 'write_ln0' <Predicate = (icmp_ln102)> <Delay = 0.00>
ST_15 : Operation 89 [1/1] (0.00ns)   --->   "%write_ln0 = write void @_ssdm_op_Write.ap_auto.floatP0A, i32 %input_scaled_3_out, i32 %input_scaled_3_load"   --->   Operation 89 'write' 'write_ln0' <Predicate = (icmp_ln102)> <Delay = 0.00>
ST_15 : Operation 90 [1/1] (0.00ns)   --->   "%write_ln0 = write void @_ssdm_op_Write.ap_auto.floatP0A, i32 %input_scaled_2_out, i32 %input_scaled_2_load"   --->   Operation 90 'write' 'write_ln0' <Predicate = (icmp_ln102)> <Delay = 0.00>
ST_15 : Operation 91 [1/1] (0.00ns)   --->   "%write_ln0 = write void @_ssdm_op_Write.ap_auto.floatP0A, i32 %input_scaled_1_out, i32 %input_scaled_1_load"   --->   Operation 91 'write' 'write_ln0' <Predicate = (icmp_ln102)> <Delay = 0.00>
ST_15 : Operation 92 [1/1] (0.00ns)   --->   "%write_ln0 = write void @_ssdm_op_Write.ap_auto.floatP0A, i32 %input_scaled_out, i32 %input_scaled_load"   --->   Operation 92 'write' 'write_ln0' <Predicate = (icmp_ln102)> <Delay = 0.00>
ST_15 : Operation 93 [1/1] (0.00ns)   --->   "%ret_ln0 = ret"   --->   Operation 93 'ret' 'ret_ln0' <Predicate = (icmp_ln102)> <Delay = 0.00>

State 16 <SV = 15> <Delay = 6.70>
ST_16 : Operation 66 [1/1] (0.00ns)   --->   "%specpipeline_ln103 = specpipeline void @_ssdm_op_SpecPipeline, i32 1, i32 0, i32 0, i32 0, void @empty_15" [pickleball_model.cpp:103]   --->   Operation 66 'specpipeline' 'specpipeline_ln103' <Predicate = true> <Delay = 0.00>
ST_16 : Operation 67 [1/1] (0.00ns)   --->   "%specloopname_ln44 = specloopname void @_ssdm_op_SpecLoopName, void @empty_5" [pickleball_model.cpp:44]   --->   Operation 67 'specloopname' 'specloopname_ln44' <Predicate = true> <Delay = 0.00>
ST_16 : Operation 68 [1/10] (6.70ns)   --->   "%input_scaled_6 = fdiv i32 %sub, i32 %x_scaler_scale_load" [pickleball_model.cpp:104]   --->   Operation 68 'fdiv' 'input_scaled_6' <Predicate = true> <Delay = 6.70> <CoreInst = "FDiv">   --->   Core 20 'FDiv' <Latency = 9> <II = 1> <Delay = 6.70> <FuncUnit> <Opcode : 'fdiv' 'frem'> <InPorts = 2> <OutPorts = 1>
ST_16 : Operation 69 [1/1] (0.00ns)   --->   "%store_ln104 = store i32 %input_scaled_6, i32 %input_scaled_4" [pickleball_model.cpp:104]   --->   Operation 69 'store' 'store_ln104' <Predicate = (i == 4)> <Delay = 0.00>
ST_16 : Operation 70 [1/1] (0.00ns)   --->   "%br_ln104 = br void %arrayidx14.exit" [pickleball_model.cpp:104]   --->   Operation 70 'br' 'br_ln104' <Predicate = (i == 4)> <Delay = 0.00>
ST_16 : Operation 71 [1/1] (0.00ns)   --->   "%store_ln104 = store i32 %input_scaled_6, i32 %input_scaled_3" [pickleball_model.cpp:104]   --->   Operation 71 'store' 'store_ln104' <Predicate = (i == 3)> <Delay = 0.00>
ST_16 : Operation 72 [1/1] (0.00ns)   --->   "%br_ln104 = br void %arrayidx14.exit" [pickleball_model.cpp:104]   --->   Operation 72 'br' 'br_ln104' <Predicate = (i == 3)> <Delay = 0.00>
ST_16 : Operation 73 [1/1] (0.00ns)   --->   "%store_ln104 = store i32 %input_scaled_6, i32 %input_scaled_2" [pickleball_model.cpp:104]   --->   Operation 73 'store' 'store_ln104' <Predicate = (i == 2)> <Delay = 0.00>
ST_16 : Operation 74 [1/1] (0.00ns)   --->   "%br_ln104 = br void %arrayidx14.exit" [pickleball_model.cpp:104]   --->   Operation 74 'br' 'br_ln104' <Predicate = (i == 2)> <Delay = 0.00>
ST_16 : Operation 75 [1/1] (0.00ns)   --->   "%store_ln104 = store i32 %input_scaled_6, i32 %input_scaled_1" [pickleball_model.cpp:104]   --->   Operation 75 'store' 'store_ln104' <Predicate = (i == 1)> <Delay = 0.00>
ST_16 : Operation 76 [1/1] (0.00ns)   --->   "%br_ln104 = br void %arrayidx14.exit" [pickleball_model.cpp:104]   --->   Operation 76 'br' 'br_ln104' <Predicate = (i == 1)> <Delay = 0.00>
ST_16 : Operation 77 [1/1] (0.00ns)   --->   "%store_ln104 = store i32 %input_scaled_6, i32 %input_scaled" [pickleball_model.cpp:104]   --->   Operation 77 'store' 'store_ln104' <Predicate = (i == 0)> <Delay = 0.00>
ST_16 : Operation 78 [1/1] (0.00ns)   --->   "%br_ln104 = br void %arrayidx14.exit" [pickleball_model.cpp:104]   --->   Operation 78 'br' 'br_ln104' <Predicate = (i == 0)> <Delay = 0.00>
ST_16 : Operation 79 [1/1] (0.00ns)   --->   "%store_ln104 = store i32 %input_scaled_6, i32 %input_scaled_5" [pickleball_model.cpp:104]   --->   Operation 79 'store' 'store_ln104' <Predicate = (i == 7) | (i == 6) | (i == 5)> <Delay = 0.00>
ST_16 : Operation 80 [1/1] (0.00ns)   --->   "%br_ln104 = br void %arrayidx14.exit" [pickleball_model.cpp:104]   --->   Operation 80 'br' 'br_ln104' <Predicate = (i == 7) | (i == 6) | (i == 5)> <Delay = 0.00>


============================================================
+ Verbose Summary: Binding
============================================================
STG Binding: 
---------------- STG Properties BEGIN ----------------
- Is combinational: 0
- Is one-state seq: 0
- Is datapath-only: 0
- Is pipelined: 0
- Is top level: 0
Port [ Return ] is wired: 1; IO mode=ap_ctrl_hs:ce=0
Port [ input_raw_reload]:  wired=1; compound=0; hidden=0; nouse=0; global=0; static=0; extern=0; dir=0; type=0; pingpong=0; private_global=0; IO mode=ap_none:ce=0
Port [ input_raw_1_reload]:  wired=1; compound=0; hidden=0; nouse=0; global=0; static=0; extern=0; dir=0; type=0; pingpong=0; private_global=0; IO mode=ap_none:ce=0
Port [ input_raw_2_reload]:  wired=1; compound=0; hidden=0; nouse=0; global=0; static=0; extern=0; dir=0; type=0; pingpong=0; private_global=0; IO mode=ap_none:ce=0
Port [ input_raw_3_reload]:  wired=1; compound=0; hidden=0; nouse=0; global=0; static=0; extern=0; dir=0; type=0; pingpong=0; private_global=0; IO mode=ap_none:ce=0
Port [ input_raw_4_reload]:  wired=1; compound=0; hidden=0; nouse=0; global=0; static=0; extern=0; dir=0; type=0; pingpong=0; private_global=0; IO mode=ap_none:ce=0
Port [ input_raw_5_reload]:  wired=1; compound=0; hidden=0; nouse=0; global=0; static=0; extern=0; dir=0; type=0; pingpong=0; private_global=0; IO mode=ap_none:ce=0
Port [ input_scaled_5_out]:  wired=1; compound=0; hidden=0; nouse=0; global=0; static=0; extern=0; dir=1; type=0; pingpong=0; private_global=0; IO mode=ap_vld:ce=0
Port [ input_scaled_4_out]:  wired=1; compound=0; hidden=0; nouse=0; global=0; static=0; extern=0; dir=1; type=0; pingpong=0; private_global=0; IO mode=ap_vld:ce=0
Port [ input_scaled_3_out]:  wired=1; compound=0; hidden=0; nouse=0; global=0; static=0; extern=0; dir=1; type=0; pingpong=0; private_global=0; IO mode=ap_vld:ce=0
Port [ input_scaled_2_out]:  wired=1; compound=0; hidden=0; nouse=0; global=0; static=0; extern=0; dir=1; type=0; pingpong=0; private_global=0; IO mode=ap_vld:ce=0
Port [ input_scaled_1_out]:  wired=1; compound=0; hidden=0; nouse=0; global=0; static=0; extern=0; dir=1; type=0; pingpong=0; private_global=0; IO mode=ap_vld:ce=0
Port [ input_scaled_out]:  wired=1; compound=0; hidden=0; nouse=0; global=0; static=0; extern=0; dir=1; type=0; pingpong=0; private_global=0; IO mode=ap_vld:ce=0
Port [ x_scaler_mean]:  wired=0; compound=1; hidden=1; nouse=0; global=1; static=1; extern=0; dir=0; type=1; pingpong=0; private_global=1; MemPort=[1]; IO mode=ap_memory:ce=0
Port [ x_scaler_scale]:  wired=0; compound=1; hidden=1; nouse=0; global=1; static=1; extern=0; dir=0; type=1; pingpong=0; private_global=1; MemPort=[1]; IO mode=ap_memory:ce=0
---------------- STG Properties END ------------------

---------------- Datapath Model BEGIN ----------------

<LifeTime>
<method=bitvector/>
i_1                     (alloca           ) [ 01000000000000000]
input_scaled            (alloca           ) [ 01111111111111111]
input_scaled_1          (alloca           ) [ 01111111111111111]
input_scaled_2          (alloca           ) [ 01111111111111111]
input_scaled_3          (alloca           ) [ 01111111111111111]
input_scaled_4          (alloca           ) [ 01111111111111111]
input_scaled_5          (alloca           ) [ 01111111111111111]
specmemcore_ln0         (specmemcore      ) [ 00000000000000000]
specmemcore_ln0         (specmemcore      ) [ 00000000000000000]
input_raw_5_reload_read (read             ) [ 01100000000000000]
input_raw_4_reload_read (read             ) [ 01100000000000000]
input_raw_3_reload_read (read             ) [ 01100000000000000]
input_raw_2_reload_read (read             ) [ 01100000000000000]
input_raw_1_reload_read (read             ) [ 01100000000000000]
input_raw_reload_read   (read             ) [ 01100000000000000]
store_ln0               (store            ) [ 00000000000000000]
br_ln0                  (br               ) [ 00000000000000000]
i                       (load             ) [ 01111111111111111]
icmp_ln102              (icmp             ) [ 01111111111111110]
empty                   (speclooptripcount) [ 00000000000000000]
add_ln102               (add              ) [ 00000000000000000]
br_ln102                (br               ) [ 00000000000000000]
zext_ln102              (zext             ) [ 00000000000000000]
x_scaler_mean_addr      (getelementptr    ) [ 01100000000000000]
x_scaler_scale_addr     (getelementptr    ) [ 01100000000000000]
switch_ln104            (switch           ) [ 00000000000000000]
store_ln102             (store            ) [ 00000000000000000]
br_ln102                (br               ) [ 00000000000000000]
tmp                     (mux              ) [ 01011110000000000]
x_scaler_mean_load      (load             ) [ 01011110000000000]
x_scaler_scale_load     (load             ) [ 01011111111111111]
sub                     (fsub             ) [ 01000001111111111]
specpipeline_ln103      (specpipeline     ) [ 00000000000000000]
specloopname_ln44       (specloopname     ) [ 00000000000000000]
input_scaled_6          (fdiv             ) [ 00000000000000000]
store_ln104             (store            ) [ 00000000000000000]
br_ln104                (br               ) [ 00000000000000000]
store_ln104             (store            ) [ 00000000000000000]
br_ln104                (br               ) [ 00000000000000000]
store_ln104             (store            ) [ 00000000000000000]
br_ln104                (br               ) [ 00000000000000000]
store_ln104             (store            ) [ 00000000000000000]
br_ln104                (br               ) [ 00000000000000000]
store_ln104             (store            ) [ 00000000000000000]
br_ln104                (br               ) [ 00000000000000000]
store_ln104             (store            ) [ 00000000000000000]
br_ln104                (br               ) [ 00000000000000000]
input_scaled_load       (load             ) [ 00000000000000000]
input_scaled_1_load     (load             ) [ 00000000000000000]
input_scaled_2_load     (load             ) [ 00000000000000000]
input_scaled_3_load     (load             ) [ 00000000000000000]
input_scaled_4_load     (load             ) [ 00000000000000000]
input_scaled_5_load     (load             ) [ 00000000000000000]
write_ln0               (write            ) [ 00000000000000000]
write_ln0               (write            ) [ 00000000000000000]
write_ln0               (write            ) [ 00000000000000000]
write_ln0               (write            ) [ 00000000000000000]
write_ln0               (write            ) [ 00000000000000000]
write_ln0               (write            ) [ 00000000000000000]
ret_ln0                 (ret              ) [ 00000000000000000]
</LifeTime>

<model>

<comp_list>
<comp id="0" class="1000" name="input_raw_reload">
<pin_list>
<pin id="1" dir="1" index="0" bw="1" slack="0"/>
</pin_list>
<bind>
<StgValue><ssdm name="input_raw_reload"/></StgValue>
</bind>
</comp>

<comp id="2" class="1000" name="input_raw_1_reload">
<pin_list>
<pin id="3" dir="1" index="0" bw="1" slack="0"/>
</pin_list>
<bind>
<StgValue><ssdm name="input_raw_1_reload"/></StgValue>
</bind>
</comp>

<comp id="4" class="1000" name="input_raw_2_reload">
<pin_list>
<pin id="5" dir="1" index="0" bw="1" slack="0"/>
</pin_list>
<bind>
<StgValue><ssdm name="input_raw_2_reload"/></StgValue>
</bind>
</comp>

<comp id="6" class="1000" name="input_raw_3_reload">
<pin_list>
<pin id="7" dir="1" index="0" bw="1" slack="0"/>
</pin_list>
<bind>
<StgValue><ssdm name="input_raw_3_reload"/></StgValue>
</bind>
</comp>

<comp id="8" class="1000" name="input_raw_4_reload">
<pin_list>
<pin id="9" dir="1" index="0" bw="1" slack="0"/>
</pin_list>
<bind>
<StgValue><ssdm name="input_raw_4_reload"/></StgValue>
</bind>
</comp>

<comp id="10" class="1000" name="input_raw_5_reload">
<pin_list>
<pin id="11" dir="1" index="0" bw="1" slack="0"/>
</pin_list>
<bind>
<StgValue><ssdm name="input_raw_5_reload"/></StgValue>
</bind>
</comp>

<comp id="12" class="1000" name="input_scaled_5_out">
<pin_list>
<pin id="13" dir="1" index="0" bw="1" slack="0"/>
</pin_list>
<bind>
<StgValue><ssdm name="input_scaled_5_out"/></StgValue>
</bind>
</comp>

<comp id="14" class="1000" name="input_scaled_4_out">
<pin_list>
<pin id="15" dir="1" index="0" bw="1" slack="0"/>
</pin_list>
<bind>
<StgValue><ssdm name="input_scaled_4_out"/></StgValue>
</bind>
</comp>

<comp id="16" class="1000" name="input_scaled_3_out">
<pin_list>
<pin id="17" dir="1" index="0" bw="1" slack="0"/>
</pin_list>
<bind>
<StgValue><ssdm name="input_scaled_3_out"/></StgValue>
</bind>
</comp>

<comp id="18" class="1000" name="input_scaled_2_out">
<pin_list>
<pin id="19" dir="1" index="0" bw="1" slack="0"/>
</pin_list>
<bind>
<StgValue><ssdm name="input_scaled_2_out"/></StgValue>
</bind>
</comp>

<comp id="20" class="1000" name="input_scaled_1_out">
<pin_list>
<pin id="21" dir="1" index="0" bw="1" slack="0"/>
</pin_list>
<bind>
<StgValue><ssdm name="input_scaled_1_out"/></StgValue>
</bind>
</comp>

<comp id="22" class="1000" name="input_scaled_out">
<pin_list>
<pin id="23" dir="1" index="0" bw="1" slack="0"/>
</pin_list>
<bind>
<StgValue><ssdm name="input_scaled_out"/></StgValue>
</bind>
</comp>

<comp id="24" class="1000" name="x_scaler_mean">
<pin_list>
<pin id="25" dir="1" index="0" bw="1" slack="0"/>
</pin_list>
<bind>
<StgValue><ssdm name="x_scaler_mean"/><MemPortTyVec>1 </MemPortTyVec>
</StgValue>
</bind>
</comp>

<comp id="26" class="1000" name="x_scaler_scale">
<pin_list>
<pin id="27" dir="1" index="0" bw="1" slack="0"/>
</pin_list>
<bind>
<StgValue><ssdm name="x_scaler_scale"/><MemPortTyVec>1 </MemPortTyVec>
</StgValue>
</bind>
</comp>

<comp id="28" class="1001" name="const_28">
<pin_list>
<pin id="29" dir="1" index="0" bw="1" slack="0"/>
</pin_list>
<bind>
<StgValue><ssdm name=""/></StgValue>
</bind>
</comp>

<comp id="30" class="1001" name="const_30">
<pin_list>
<pin id="31" dir="1" index="0" bw="1" slack="2147483647"/>
</pin_list>
<bind>
<StgValue><ssdm name="_ssdm_op_SpecMemCore"/></StgValue>
</bind>
</comp>

<comp id="32" class="1001" name="const_32">
<pin_list>
<pin id="33" dir="1" index="0" bw="1" slack="2147483647"/>
</pin_list>
<bind>
<StgValue><ssdm name=""/></StgValue>
</bind>
</comp>

<comp id="34" class="1001" name="const_34">
<pin_list>
<pin id="35" dir="1" index="0" bw="1" slack="2147483647"/>
</pin_list>
<bind>
<StgValue><ssdm name=""/></StgValue>
</bind>
</comp>

<comp id="36" class="1001" name="const_36">
<pin_list>
<pin id="37" dir="1" index="0" bw="1" slack="2147483647"/>
</pin_list>
<bind>
<StgValue><ssdm name=""/></StgValue>
</bind>
</comp>

<comp id="38" class="1001" name="const_38">
<pin_list>
<pin id="39" dir="1" index="0" bw="1" slack="0"/>
</pin_list>
<bind>
<StgValue><ssdm name="_ssdm_op_Read.ap_auto.float"/></StgValue>
</bind>
</comp>

<comp id="40" class="1001" name="const_40">
<pin_list>
<pin id="41" dir="1" index="0" bw="1" slack="0"/>
</pin_list>
<bind>
<StgValue><ssdm name=""/></StgValue>
</bind>
</comp>

<comp id="42" class="1001" name="const_42">
<pin_list>
<pin id="43" dir="1" index="0" bw="1" slack="0"/>
</pin_list>
<bind>
<StgValue><ssdm name=""/></StgValue>
</bind>
</comp>

<comp id="44" class="1001" name="const_44">
<pin_list>
<pin id="45" dir="1" index="0" bw="1" slack="2147483647"/>
</pin_list>
<bind>
<StgValue><ssdm name="_ssdm_op_SpecLoopTripCount"/></StgValue>
</bind>
</comp>

<comp id="46" class="1001" name="const_46">
<pin_list>
<pin id="47" dir="1" index="0" bw="1" slack="2147483647"/>
</pin_list>
<bind>
<StgValue><ssdm name=""/></StgValue>
</bind>
</comp>

<comp id="48" class="1001" name="const_48">
<pin_list>
<pin id="49" dir="1" index="0" bw="1" slack="0"/>
</pin_list>
<bind>
<StgValue><ssdm name=""/></StgValue>
</bind>
</comp>

<comp id="50" class="1001" name="const_50">
<pin_list>
<pin id="51" dir="1" index="0" bw="1" slack="0"/>
</pin_list>
<bind>
<StgValue><ssdm name=""/></StgValue>
</bind>
</comp>

<comp id="52" class="1001" name="const_52">
<pin_list>
<pin id="53" dir="1" index="0" bw="1" slack="2147483647"/>
</pin_list>
<bind>
<StgValue><ssdm name=""/></StgValue>
</bind>
</comp>

<comp id="54" class="1001" name="const_54">
<pin_list>
<pin id="55" dir="1" index="0" bw="1" slack="2147483647"/>
</pin_list>
<bind>
<StgValue><ssdm name=""/></StgValue>
</bind>
</comp>

<comp id="56" class="1001" name="const_56">
<pin_list>
<pin id="57" dir="1" index="0" bw="1" slack="2147483647"/>
</pin_list>
<bind>
<StgValue><ssdm name=""/></StgValue>
</bind>
</comp>

<comp id="58" class="1001" name="const_58">
<pin_list>
<pin id="59" dir="1" index="0" bw="1" slack="0"/>
</pin_list>
<bind>
<StgValue><ssdm name="_ssdm_op_Mux.ap_auto.6float.i3"/></StgValue>
</bind>
</comp>

<comp id="60" class="1001" name="const_60">
<pin_list>
<pin id="61" dir="1" index="0" bw="1" slack="2147483647"/>
</pin_list>
<bind>
<StgValue><ssdm name="_ssdm_op_SpecPipeline"/></StgValue>
</bind>
</comp>

<comp id="62" class="1001" name="const_62">
<pin_list>
<pin id="63" dir="1" index="0" bw="1" slack="2147483647"/>
</pin_list>
<bind>
<StgValue><ssdm name=""/></StgValue>
</bind>
</comp>

<comp id="64" class="1001" name="const_64">
<pin_list>
<pin id="65" dir="1" index="0" bw="1" slack="2147483647"/>
</pin_list>
<bind>
<StgValue><ssdm name="empty_15"/></StgValue>
</bind>
</comp>

<comp id="66" class="1001" name="const_66">
<pin_list>
<pin id="67" dir="1" index="0" bw="1" slack="2147483647"/>
</pin_list>
<bind>
<StgValue><ssdm name="_ssdm_op_SpecLoopName"/></StgValue>
</bind>
</comp>

<comp id="68" class="1001" name="const_68">
<pin_list>
<pin id="69" dir="1" index="0" bw="1" slack="2147483647"/>
</pin_list>
<bind>
<StgValue><ssdm name="empty_5"/></StgValue>
</bind>
</comp>

<comp id="70" class="1001" name="const_70">
<pin_list>
<pin id="71" dir="1" index="0" bw="1" slack="0"/>
</pin_list>
<bind>
<StgValue><ssdm name="_ssdm_op_Write.ap_auto.floatP0A"/></StgValue>
</bind>
</comp>

<comp id="72" class="1004" name="i_1_fu_72">
<pin_list>
<pin id="73" dir="0" index="0" bw="1" slack="0"/>
<pin id="74" dir="1" index="1" bw="3" slack="0"/>
</pin_list>
<bind>
<opcode="alloca(26) " fcode="alloca"/>
<opset="i_1/1 "/>
</bind>
</comp>

<comp id="76" class="1004" name="input_scaled_fu_76">
<pin_list>
<pin id="77" dir="0" index="0" bw="1" slack="0"/>
<pin id="78" dir="1" index="1" bw="32" slack="14"/>
</pin_list>
<bind>
<opcode="alloca(26) " fcode="alloca"/>
<opset="input_scaled/1 "/>
</bind>
</comp>

<comp id="80" class="1004" name="input_scaled_1_fu_80">
<pin_list>
<pin id="81" dir="0" index="0" bw="1" slack="0"/>
<pin id="82" dir="1" index="1" bw="32" slack="14"/>
</pin_list>
<bind>
<opcode="alloca(26) " fcode="alloca"/>
<opset="input_scaled_1/1 "/>
</bind>
</comp>

<comp id="84" class="1004" name="input_scaled_2_fu_84">
<pin_list>
<pin id="85" dir="0" index="0" bw="1" slack="0"/>
<pin id="86" dir="1" index="1" bw="32" slack="14"/>
</pin_list>
<bind>
<opcode="alloca(26) " fcode="alloca"/>
<opset="input_scaled_2/1 "/>
</bind>
</comp>

<comp id="88" class="1004" name="input_scaled_3_fu_88">
<pin_list>
<pin id="89" dir="0" index="0" bw="1" slack="0"/>
<pin id="90" dir="1" index="1" bw="32" slack="14"/>
</pin_list>
<bind>
<opcode="alloca(26) " fcode="alloca"/>
<opset="input_scaled_3/1 "/>
</bind>
</comp>

<comp id="92" class="1004" name="input_scaled_4_fu_92">
<pin_list>
<pin id="93" dir="0" index="0" bw="1" slack="0"/>
<pin id="94" dir="1" index="1" bw="32" slack="14"/>
</pin_list>
<bind>
<opcode="alloca(26) " fcode="alloca"/>
<opset="input_scaled_4/1 "/>
</bind>
</comp>

<comp id="96" class="1004" name="input_scaled_5_fu_96">
<pin_list>
<pin id="97" dir="0" index="0" bw="1" slack="0"/>
<pin id="98" dir="1" index="1" bw="32" slack="14"/>
</pin_list>
<bind>
<opcode="alloca(26) " fcode="alloca"/>
<opset="input_scaled_5/1 "/>
</bind>
</comp>

<comp id="100" class="1004" name="input_raw_5_reload_read_read_fu_100">
<pin_list>
<pin id="101" dir="0" index="0" bw="32" slack="0"/>
<pin id="102" dir="0" index="1" bw="32" slack="0"/>
<pin id="103" dir="1" index="2" bw="32" slack="1"/>
</pin_list>
<bind>
<opcode="read(1150) " fcode="read"/>
<opset="input_raw_5_reload_read/1 "/>
</bind>
</comp>

<comp id="106" class="1004" name="input_raw_4_reload_read_read_fu_106">
<pin_list>
<pin id="107" dir="0" index="0" bw="32" slack="0"/>
<pin id="108" dir="0" index="1" bw="32" slack="0"/>
<pin id="109" dir="1" index="2" bw="32" slack="1"/>
</pin_list>
<bind>
<opcode="read(1150) " fcode="read"/>
<opset="input_raw_4_reload_read/1 "/>
</bind>
</comp>

<comp id="112" class="1004" name="input_raw_3_reload_read_read_fu_112">
<pin_list>
<pin id="113" dir="0" index="0" bw="32" slack="0"/>
<pin id="114" dir="0" index="1" bw="32" slack="0"/>
<pin id="115" dir="1" index="2" bw="32" slack="1"/>
</pin_list>
<bind>
<opcode="read(1150) " fcode="read"/>
<opset="input_raw_3_reload_read/1 "/>
</bind>
</comp>

<comp id="118" class="1004" name="input_raw_2_reload_read_read_fu_118">
<pin_list>
<pin id="119" dir="0" index="0" bw="32" slack="0"/>
<pin id="120" dir="0" index="1" bw="32" slack="0"/>
<pin id="121" dir="1" index="2" bw="32" slack="1"/>
</pin_list>
<bind>
<opcode="read(1150) " fcode="read"/>
<opset="input_raw_2_reload_read/1 "/>
</bind>
</comp>

<comp id="124" class="1004" name="input_raw_1_reload_read_read_fu_124">
<pin_list>
<pin id="125" dir="0" index="0" bw="32" slack="0"/>
<pin id="126" dir="0" index="1" bw="32" slack="0"/>
<pin id="127" dir="1" index="2" bw="32" slack="1"/>
</pin_list>
<bind>
<opcode="read(1150) " fcode="read"/>
<opset="input_raw_1_reload_read/1 "/>
</bind>
</comp>

<comp id="130" class="1004" name="input_raw_reload_read_read_fu_130">
<pin_list>
<pin id="131" dir="0" index="0" bw="32" slack="0"/>
<pin id="132" dir="0" index="1" bw="32" slack="0"/>
<pin id="133" dir="1" index="2" bw="32" slack="1"/>
</pin_list>
<bind>
<opcode="read(1150) " fcode="read"/>
<opset="input_raw_reload_read/1 "/>
</bind>
</comp>

<comp id="136" class="1004" name="write_ln0_write_fu_136">
<pin_list>
<pin id="137" dir="0" index="0" bw="0" slack="0"/>
<pin id="138" dir="0" index="1" bw="32" slack="0"/>
<pin id="139" dir="0" index="2" bw="32" slack="0"/>
<pin id="140" dir="1" index="3" bw="0" slack="2147483647"/>
</pin_list>
<bind>
<opcode="write(1151) " fcode="write"/>
<opset="write_ln0/15 "/>
</bind>
</comp>

<comp id="143" class="1004" name="write_ln0_write_fu_143">
<pin_list>
<pin id="144" dir="0" index="0" bw="0" slack="0"/>
<pin id="145" dir="0" index="1" bw="32" slack="0"/>
<pin id="146" dir="0" index="2" bw="32" slack="0"/>
<pin id="147" dir="1" index="3" bw="0" slack="2147483647"/>
</pin_list>
<bind>
<opcode="write(1151) " fcode="write"/>
<opset="write_ln0/15 "/>
</bind>
</comp>

<comp id="150" class="1004" name="write_ln0_write_fu_150">
<pin_list>
<pin id="151" dir="0" index="0" bw="0" slack="0"/>
<pin id="152" dir="0" index="1" bw="32" slack="0"/>
<pin id="153" dir="0" index="2" bw="32" slack="0"/>
<pin id="154" dir="1" index="3" bw="0" slack="2147483647"/>
</pin_list>
<bind>
<opcode="write(1151) " fcode="write"/>
<opset="write_ln0/15 "/>
</bind>
</comp>

<comp id="157" class="1004" name="write_ln0_write_fu_157">
<pin_list>
<pin id="158" dir="0" index="0" bw="0" slack="0"/>
<pin id="159" dir="0" index="1" bw="32" slack="0"/>
<pin id="160" dir="0" index="2" bw="32" slack="0"/>
<pin id="161" dir="1" index="3" bw="0" slack="2147483647"/>
</pin_list>
<bind>
<opcode="write(1151) " fcode="write"/>
<opset="write_ln0/15 "/>
</bind>
</comp>

<comp id="164" class="1004" name="write_ln0_write_fu_164">
<pin_list>
<pin id="165" dir="0" index="0" bw="0" slack="0"/>
<pin id="166" dir="0" index="1" bw="32" slack="0"/>
<pin id="167" dir="0" index="2" bw="32" slack="0"/>
<pin id="168" dir="1" index="3" bw="0" slack="2147483647"/>
</pin_list>
<bind>
<opcode="write(1151) " fcode="write"/>
<opset="write_ln0/15 "/>
</bind>
</comp>

<comp id="171" class="1004" name="write_ln0_write_fu_171">
<pin_list>
<pin id="172" dir="0" index="0" bw="0" slack="0"/>
<pin id="173" dir="0" index="1" bw="32" slack="0"/>
<pin id="174" dir="0" index="2" bw="32" slack="0"/>
<pin id="175" dir="1" index="3" bw="0" slack="2147483647"/>
</pin_list>
<bind>
<opcode="write(1151) " fcode="write"/>
<opset="write_ln0/15 "/>
</bind>
</comp>

<comp id="178" class="1004" name="x_scaler_mean_addr_gep_fu_178">
<pin_list>
<pin id="179" dir="0" index="0" bw="32" slack="0"/>
<pin id="180" dir="0" index="1" bw="1" slack="0"/>
<pin id="181" dir="0" index="2" bw="3" slack="0"/>
<pin id="182" dir="1" index="3" bw="3" slack="0"/>
</pin_list>
<bind>
<opcode="getelementptr(29) " fcode="getelementptr"/>
<opset="x_scaler_mean_addr/1 "/>
</bind>
</comp>

<comp id="185" class="1004" name="grp_access_fu_185">
<pin_list>
<pin id="186" dir="0" index="0" bw="3" slack="0"/>
<pin id="187" dir="0" index="1" bw="32" slack="2147483647"/>
<pin id="188" dir="0" index="2" bw="0" slack="2147483647"/>
<pin id="189" dir="1" index="3" bw="32" slack="0"/>
</pin_list>
<bind>
<opcode="load(27) " fcode="load"/>
<opset="x_scaler_mean_load/1 "/>
</bind>
</comp>

<comp id="191" class="1004" name="x_scaler_scale_addr_gep_fu_191">
<pin_list>
<pin id="192" dir="0" index="0" bw="32" slack="0"/>
<pin id="193" dir="0" index="1" bw="1" slack="0"/>
<pin id="194" dir="0" index="2" bw="3" slack="0"/>
<pin id="195" dir="1" index="3" bw="3" slack="0"/>
</pin_list>
<bind>
<opcode="getelementptr(29) " fcode="getelementptr"/>
<opset="x_scaler_scale_addr/1 "/>
</bind>
</comp>

<comp id="198" class="1004" name="grp_access_fu_198">
<pin_list>
<pin id="199" dir="0" index="0" bw="3" slack="0"/>
<pin id="200" dir="0" index="1" bw="32" slack="2147483647"/>
<pin id="201" dir="0" index="2" bw="0" slack="2147483647"/>
<pin id="202" dir="1" index="3" bw="32" slack="5"/>
</pin_list>
<bind>
<opcode="load(27) " fcode="load"/>
<opset="x_scaler_scale_load/1 "/>
</bind>
</comp>

<comp id="204" class="1004" name="grp_fu_204">
<pin_list>
<pin id="205" dir="0" index="0" bw="32" slack="0"/>
<pin id="206" dir="0" index="1" bw="32" slack="0"/>
<pin id="207" dir="1" index="2" bw="32" slack="1"/>
</pin_list>
<bind>
<opcode="fsub(11) " fcode="fadd"/>
<opset="sub/2 "/>
</bind>
</comp>

<comp id="209" class="1004" name="grp_fu_209">
<pin_list>
<pin id="210" dir="0" index="0" bw="32" slack="1"/>
<pin id="211" dir="0" index="1" bw="32" slack="5"/>
<pin id="212" dir="1" index="2" bw="32" slack="0"/>
</pin_list>
<bind>
<opcode="fdiv(16) " fcode="fdiv"/>
<opset="input_scaled_6/7 "/>
</bind>
</comp>

<comp id="213" class="1004" name="store_ln0_store_fu_213">
<pin_list>
<pin id="214" dir="0" index="0" bw="1" slack="0"/>
<pin id="215" dir="0" index="1" bw="3" slack="0"/>
<pin id="216" dir="1" index="2" bw="0" slack="2147483647"/>
</pin_list>
<bind>
<opcode="store(28) " fcode="store"/>
<opset="store_ln0/1 "/>
</bind>
</comp>

<comp id="218" class="1004" name="i_load_fu_218">
<pin_list>
<pin id="219" dir="0" index="0" bw="3" slack="0"/>
<pin id="220" dir="1" index="1" bw="3" slack="0"/>
</pin_list>
<bind>
<opcode="load(27) " fcode="load"/>
<opset="i/1 "/>
</bind>
</comp>

<comp id="221" class="1004" name="icmp_ln102_fu_221">
<pin_list>
<pin id="222" dir="0" index="0" bw="3" slack="0"/>
<pin id="223" dir="0" index="1" bw="2" slack="0"/>
<pin id="224" dir="1" index="2" bw="1" slack="14"/>
</pin_list>
<bind>
<opcode="icmp(45) " fcode="icmp"/>
<opset="icmp_ln102/1 "/>
</bind>
</comp>

<comp id="227" class="1004" name="add_ln102_fu_227">
<pin_list>
<pin id="228" dir="0" index="0" bw="3" slack="0"/>
<pin id="229" dir="0" index="1" bw="1" slack="0"/>
<pin id="230" dir="1" index="2" bw="3" slack="0"/>
</pin_list>
<bind>
<opcode="add(8) " fcode="add"/>
<opset="add_ln102/1 "/>
</bind>
</comp>

<comp id="233" class="1004" name="zext_ln102_fu_233">
<pin_list>
<pin id="234" dir="0" index="0" bw="3" slack="0"/>
<pin id="235" dir="1" index="1" bw="64" slack="0"/>
</pin_list>
<bind>
<opcode="zext(34) " fcode="zext"/>
<opset="zext_ln102/1 "/>
</bind>
</comp>

<comp id="239" class="1004" name="store_ln102_store_fu_239">
<pin_list>
<pin id="240" dir="0" index="0" bw="3" slack="0"/>
<pin id="241" dir="0" index="1" bw="3" slack="0"/>
<pin id="242" dir="1" index="2" bw="0" slack="2147483647"/>
</pin_list>
<bind>
<opcode="store(28) " fcode="store"/>
<opset="store_ln102/1 "/>
</bind>
</comp>

<comp id="244" class="1004" name="tmp_fu_244">
<pin_list>
<pin id="245" dir="0" index="0" bw="32" slack="0"/>
<pin id="246" dir="0" index="1" bw="32" slack="1"/>
<pin id="247" dir="0" index="2" bw="32" slack="1"/>
<pin id="248" dir="0" index="3" bw="32" slack="1"/>
<pin id="249" dir="0" index="4" bw="32" slack="1"/>
<pin id="250" dir="0" index="5" bw="32" slack="1"/>
<pin id="251" dir="0" index="6" bw="32" slack="1"/>
<pin id="252" dir="0" index="7" bw="3" slack="1"/>
<pin id="253" dir="1" index="8" bw="32" slack="0"/>
</pin_list>
<bind>
<opcode="mux(1196) " fcode="mux"/>
<opset="tmp/2 "/>
</bind>
</comp>

<comp id="256" class="1004" name="store_ln104_store_fu_256">
<pin_list>
<pin id="257" dir="0" index="0" bw="32" slack="0"/>
<pin id="258" dir="0" index="1" bw="32" slack="15"/>
<pin id="259" dir="1" index="2" bw="0" slack="2147483647"/>
</pin_list>
<bind>
<opcode="store(28) " fcode="store"/>
<opset="store_ln104/16 "/>
</bind>
</comp>

<comp id="261" class="1004" name="store_ln104_store_fu_261">
<pin_list>
<pin id="262" dir="0" index="0" bw="32" slack="0"/>
<pin id="263" dir="0" index="1" bw="32" slack="15"/>
<pin id="264" dir="1" index="2" bw="0" slack="2147483647"/>
</pin_list>
<bind>
<opcode="store(28) " fcode="store"/>
<opset="store_ln104/16 "/>
</bind>
</comp>

<comp id="266" class="1004" name="store_ln104_store_fu_266">
<pin_list>
<pin id="267" dir="0" index="0" bw="32" slack="0"/>
<pin id="268" dir="0" index="1" bw="32" slack="15"/>
<pin id="269" dir="1" index="2" bw="0" slack="2147483647"/>
</pin_list>
<bind>
<opcode="store(28) " fcode="store"/>
<opset="store_ln104/16 "/>
</bind>
</comp>

<comp id="271" class="1004" name="store_ln104_store_fu_271">
<pin_list>
<pin id="272" dir="0" index="0" bw="32" slack="0"/>
<pin id="273" dir="0" index="1" bw="32" slack="15"/>
<pin id="274" dir="1" index="2" bw="0" slack="2147483647"/>
</pin_list>
<bind>
<opcode="store(28) " fcode="store"/>
<opset="store_ln104/16 "/>
</bind>
</comp>

<comp id="276" class="1004" name="store_ln104_store_fu_276">
<pin_list>
<pin id="277" dir="0" index="0" bw="32" slack="0"/>
<pin id="278" dir="0" index="1" bw="32" slack="15"/>
<pin id="279" dir="1" index="2" bw="0" slack="2147483647"/>
</pin_list>
<bind>
<opcode="store(28) " fcode="store"/>
<opset="store_ln104/16 "/>
</bind>
</comp>

<comp id="281" class="1004" name="store_ln104_store_fu_281">
<pin_list>
<pin id="282" dir="0" index="0" bw="32" slack="0"/>
<pin id="283" dir="0" index="1" bw="32" slack="15"/>
<pin id="284" dir="1" index="2" bw="0" slack="2147483647"/>
</pin_list>
<bind>
<opcode="store(28) " fcode="store"/>
<opset="store_ln104/16 "/>
</bind>
</comp>

<comp id="286" class="1004" name="input_scaled_load_load_fu_286">
<pin_list>
<pin id="287" dir="0" index="0" bw="32" slack="14"/>
<pin id="288" dir="1" index="1" bw="32" slack="0"/>
</pin_list>
<bind>
<opcode="load(27) " fcode="load"/>
<opset="input_scaled_load/15 "/>
</bind>
</comp>

<comp id="290" class="1004" name="input_scaled_1_load_load_fu_290">
<pin_list>
<pin id="291" dir="0" index="0" bw="32" slack="14"/>
<pin id="292" dir="1" index="1" bw="32" slack="0"/>
</pin_list>
<bind>
<opcode="load(27) " fcode="load"/>
<opset="input_scaled_1_load/15 "/>
</bind>
</comp>

<comp id="294" class="1004" name="input_scaled_2_load_load_fu_294">
<pin_list>
<pin id="295" dir="0" index="0" bw="32" slack="14"/>
<pin id="296" dir="1" index="1" bw="32" slack="0"/>
</pin_list>
<bind>
<opcode="load(27) " fcode="load"/>
<opset="input_scaled_2_load/15 "/>
</bind>
</comp>

<comp id="298" class="1004" name="input_scaled_3_load_load_fu_298">
<pin_list>
<pin id="299" dir="0" index="0" bw="32" slack="14"/>
<pin id="300" dir="1" index="1" bw="32" slack="0"/>
</pin_list>
<bind>
<opcode="load(27) " fcode="load"/>
<opset="input_scaled_3_load/15 "/>
</bind>
</comp>

<comp id="302" class="1004" name="input_scaled_4_load_load_fu_302">
<pin_list>
<pin id="303" dir="0" index="0" bw="32" slack="14"/>
<pin id="304" dir="1" index="1" bw="32" slack="0"/>
</pin_list>
<bind>
<opcode="load(27) " fcode="load"/>
<opset="input_scaled_4_load/15 "/>
</bind>
</comp>

<comp id="306" class="1004" name="input_scaled_5_load_load_fu_306">
<pin_list>
<pin id="307" dir="0" index="0" bw="32" slack="14"/>
<pin id="308" dir="1" index="1" bw="32" slack="0"/>
</pin_list>
<bind>
<opcode="load(27) " fcode="load"/>
<opset="input_scaled_5_load/15 "/>
</bind>
</comp>

<comp id="310" class="1005" name="i_1_reg_310">
<pin_list>
<pin id="311" dir="0" index="0" bw="3" slack="0"/>
<pin id="312" dir="1" index="1" bw="3" slack="0"/>
</pin_list>
<bind>
<opset="i_1 "/>
</bind>
</comp>

<comp id="317" class="1005" name="input_scaled_reg_317">
<pin_list>
<pin id="318" dir="0" index="0" bw="32" slack="14"/>
<pin id="319" dir="1" index="1" bw="32" slack="14"/>
</pin_list>
<bind>
<opset="input_scaled "/>
</bind>
</comp>

<comp id="323" class="1005" name="input_scaled_1_reg_323">
<pin_list>
<pin id="324" dir="0" index="0" bw="32" slack="14"/>
<pin id="325" dir="1" index="1" bw="32" slack="14"/>
</pin_list>
<bind>
<opset="input_scaled_1 "/>
</bind>
</comp>

<comp id="329" class="1005" name="input_scaled_2_reg_329">
<pin_list>
<pin id="330" dir="0" index="0" bw="32" slack="14"/>
<pin id="331" dir="1" index="1" bw="32" slack="14"/>
</pin_list>
<bind>
<opset="input_scaled_2 "/>
</bind>
</comp>

<comp id="335" class="1005" name="input_scaled_3_reg_335">
<pin_list>
<pin id="336" dir="0" index="0" bw="32" slack="14"/>
<pin id="337" dir="1" index="1" bw="32" slack="14"/>
</pin_list>
<bind>
<opset="input_scaled_3 "/>
</bind>
</comp>

<comp id="341" class="1005" name="input_scaled_4_reg_341">
<pin_list>
<pin id="342" dir="0" index="0" bw="32" slack="14"/>
<pin id="343" dir="1" index="1" bw="32" slack="14"/>
</pin_list>
<bind>
<opset="input_scaled_4 "/>
</bind>
</comp>

<comp id="347" class="1005" name="input_scaled_5_reg_347">
<pin_list>
<pin id="348" dir="0" index="0" bw="32" slack="14"/>
<pin id="349" dir="1" index="1" bw="32" slack="14"/>
</pin_list>
<bind>
<opset="input_scaled_5 "/>
</bind>
</comp>

<comp id="353" class="1005" name="input_raw_5_reload_read_reg_353">
<pin_list>
<pin id="354" dir="0" index="0" bw="32" slack="1"/>
<pin id="355" dir="1" index="1" bw="32" slack="1"/>
</pin_list>
<bind>
<opset="input_raw_5_reload_read "/>
</bind>
</comp>

<comp id="358" class="1005" name="input_raw_4_reload_read_reg_358">
<pin_list>
<pin id="359" dir="0" index="0" bw="32" slack="1"/>
<pin id="360" dir="1" index="1" bw="32" slack="1"/>
</pin_list>
<bind>
<opset="input_raw_4_reload_read "/>
</bind>
</comp>

<comp id="363" class="1005" name="input_raw_3_reload_read_reg_363">
<pin_list>
<pin id="364" dir="0" index="0" bw="32" slack="1"/>
<pin id="365" dir="1" index="1" bw="32" slack="1"/>
</pin_list>
<bind>
<opset="input_raw_3_reload_read "/>
</bind>
</comp>

<comp id="368" class="1005" name="input_raw_2_reload_read_reg_368">
<pin_list>
<pin id="369" dir="0" index="0" bw="32" slack="1"/>
<pin id="370" dir="1" index="1" bw="32" slack="1"/>
</pin_list>
<bind>
<opset="input_raw_2_reload_read "/>
</bind>
</comp>

<comp id="373" class="1005" name="input_raw_1_reload_read_reg_373">
<pin_list>
<pin id="374" dir="0" index="0" bw="32" slack="1"/>
<pin id="375" dir="1" index="1" bw="32" slack="1"/>
</pin_list>
<bind>
<opset="input_raw_1_reload_read "/>
</bind>
</comp>

<comp id="378" class="1005" name="input_raw_reload_read_reg_378">
<pin_list>
<pin id="379" dir="0" index="0" bw="32" slack="1"/>
<pin id="380" dir="1" index="1" bw="32" slack="1"/>
</pin_list>
<bind>
<opset="input_raw_reload_read "/>
</bind>
</comp>

<comp id="383" class="1005" name="i_reg_383">
<pin_list>
<pin id="384" dir="0" index="0" bw="3" slack="1"/>
<pin id="385" dir="1" index="1" bw="3" slack="1"/>
</pin_list>
<bind>
<opset="i "/>
</bind>
</comp>

<comp id="388" class="1005" name="icmp_ln102_reg_388">
<pin_list>
<pin id="389" dir="0" index="0" bw="1" slack="14"/>
<pin id="390" dir="1" index="1" bw="1" slack="2147483647"/>
</pin_list>
<bind>
<opset="icmp_ln102 "/>
</bind>
</comp>

<comp id="392" class="1005" name="x_scaler_mean_addr_reg_392">
<pin_list>
<pin id="393" dir="0" index="0" bw="3" slack="1"/>
<pin id="394" dir="1" index="1" bw="3" slack="1"/>
</pin_list>
<bind>
<opset="x_scaler_mean_addr "/>
</bind>
</comp>

<comp id="397" class="1005" name="x_scaler_scale_addr_reg_397">
<pin_list>
<pin id="398" dir="0" index="0" bw="3" slack="1"/>
<pin id="399" dir="1" index="1" bw="3" slack="1"/>
</pin_list>
<bind>
<opset="x_scaler_scale_addr "/>
</bind>
</comp>

<comp id="402" class="1005" name="tmp_reg_402">
<pin_list>
<pin id="403" dir="0" index="0" bw="32" slack="1"/>
<pin id="404" dir="1" index="1" bw="32" slack="1"/>
</pin_list>
<bind>
<opset="tmp "/>
</bind>
</comp>

<comp id="407" class="1005" name="x_scaler_mean_load_reg_407">
<pin_list>
<pin id="408" dir="0" index="0" bw="32" slack="1"/>
<pin id="409" dir="1" index="1" bw="32" slack="1"/>
</pin_list>
<bind>
<opset="x_scaler_mean_load "/>
</bind>
</comp>

<comp id="412" class="1005" name="x_scaler_scale_load_reg_412">
<pin_list>
<pin id="413" dir="0" index="0" bw="32" slack="5"/>
<pin id="414" dir="1" index="1" bw="32" slack="5"/>
</pin_list>
<bind>
<opset="x_scaler_scale_load "/>
</bind>
</comp>

<comp id="417" class="1005" name="sub_reg_417">
<pin_list>
<pin id="418" dir="0" index="0" bw="32" slack="1"/>
<pin id="419" dir="1" index="1" bw="32" slack="1"/>
</pin_list>
<bind>
<opset="sub "/>
</bind>
</comp>

</comp_list>

<net_list>
<net id="75"><net_src comp="28" pin="0"/><net_sink comp="72" pin=0"/></net>

<net id="79"><net_src comp="28" pin="0"/><net_sink comp="76" pin=0"/></net>

<net id="83"><net_src comp="28" pin="0"/><net_sink comp="80" pin=0"/></net>

<net id="87"><net_src comp="28" pin="0"/><net_sink comp="84" pin=0"/></net>

<net id="91"><net_src comp="28" pin="0"/><net_sink comp="88" pin=0"/></net>

<net id="95"><net_src comp="28" pin="0"/><net_sink comp="92" pin=0"/></net>

<net id="99"><net_src comp="28" pin="0"/><net_sink comp="96" pin=0"/></net>

<net id="104"><net_src comp="38" pin="0"/><net_sink comp="100" pin=0"/></net>

<net id="105"><net_src comp="10" pin="0"/><net_sink comp="100" pin=1"/></net>

<net id="110"><net_src comp="38" pin="0"/><net_sink comp="106" pin=0"/></net>

<net id="111"><net_src comp="8" pin="0"/><net_sink comp="106" pin=1"/></net>

<net id="116"><net_src comp="38" pin="0"/><net_sink comp="112" pin=0"/></net>

<net id="117"><net_src comp="6" pin="0"/><net_sink comp="112" pin=1"/></net>

<net id="122"><net_src comp="38" pin="0"/><net_sink comp="118" pin=0"/></net>

<net id="123"><net_src comp="4" pin="0"/><net_sink comp="118" pin=1"/></net>

<net id="128"><net_src comp="38" pin="0"/><net_sink comp="124" pin=0"/></net>

<net id="129"><net_src comp="2" pin="0"/><net_sink comp="124" pin=1"/></net>

<net id="134"><net_src comp="38" pin="0"/><net_sink comp="130" pin=0"/></net>

<net id="135"><net_src comp="0" pin="0"/><net_sink comp="130" pin=1"/></net>

<net id="141"><net_src comp="70" pin="0"/><net_sink comp="136" pin=0"/></net>

<net id="142"><net_src comp="12" pin="0"/><net_sink comp="136" pin=1"/></net>

<net id="148"><net_src comp="70" pin="0"/><net_sink comp="143" pin=0"/></net>

<net id="149"><net_src comp="14" pin="0"/><net_sink comp="143" pin=1"/></net>

<net id="155"><net_src comp="70" pin="0"/><net_sink comp="150" pin=0"/></net>

<net id="156"><net_src comp="16" pin="0"/><net_sink comp="150" pin=1"/></net>

<net id="162"><net_src comp="70" pin="0"/><net_sink comp="157" pin=0"/></net>

<net id="163"><net_src comp="18" pin="0"/><net_sink comp="157" pin=1"/></net>

<net id="169"><net_src comp="70" pin="0"/><net_sink comp="164" pin=0"/></net>

<net id="170"><net_src comp="20" pin="0"/><net_sink comp="164" pin=1"/></net>

<net id="176"><net_src comp="70" pin="0"/><net_sink comp="171" pin=0"/></net>

<net id="177"><net_src comp="22" pin="0"/><net_sink comp="171" pin=1"/></net>

<net id="183"><net_src comp="24" pin="0"/><net_sink comp="178" pin=0"/></net>

<net id="184"><net_src comp="50" pin="0"/><net_sink comp="178" pin=1"/></net>

<net id="190"><net_src comp="178" pin="3"/><net_sink comp="185" pin=0"/></net>

<net id="196"><net_src comp="26" pin="0"/><net_sink comp="191" pin=0"/></net>

<net id="197"><net_src comp="50" pin="0"/><net_sink comp="191" pin=1"/></net>

<net id="203"><net_src comp="191" pin="3"/><net_sink comp="198" pin=0"/></net>

<net id="208"><net_src comp="185" pin="3"/><net_sink comp="204" pin=1"/></net>

<net id="217"><net_src comp="40" pin="0"/><net_sink comp="213" pin=0"/></net>

<net id="225"><net_src comp="218" pin="1"/><net_sink comp="221" pin=0"/></net>

<net id="226"><net_src comp="42" pin="0"/><net_sink comp="221" pin=1"/></net>

<net id="231"><net_src comp="218" pin="1"/><net_sink comp="227" pin=0"/></net>

<net id="232"><net_src comp="48" pin="0"/><net_sink comp="227" pin=1"/></net>

<net id="236"><net_src comp="218" pin="1"/><net_sink comp="233" pin=0"/></net>

<net id="237"><net_src comp="233" pin="1"/><net_sink comp="178" pin=2"/></net>

<net id="238"><net_src comp="233" pin="1"/><net_sink comp="191" pin=2"/></net>

<net id="243"><net_src comp="227" pin="2"/><net_sink comp="239" pin=0"/></net>

<net id="254"><net_src comp="58" pin="0"/><net_sink comp="244" pin=0"/></net>

<net id="255"><net_src comp="244" pin="8"/><net_sink comp="204" pin=0"/></net>

<net id="260"><net_src comp="209" pin="2"/><net_sink comp="256" pin=0"/></net>

<net id="265"><net_src comp="209" pin="2"/><net_sink comp="261" pin=0"/></net>

<net id="270"><net_src comp="209" pin="2"/><net_sink comp="266" pin=0"/></net>

<net id="275"><net_src comp="209" pin="2"/><net_sink comp="271" pin=0"/></net>

<net id="280"><net_src comp="209" pin="2"/><net_sink comp="276" pin=0"/></net>

<net id="285"><net_src comp="209" pin="2"/><net_sink comp="281" pin=0"/></net>

<net id="289"><net_src comp="286" pin="1"/><net_sink comp="171" pin=2"/></net>

<net id="293"><net_src comp="290" pin="1"/><net_sink comp="164" pin=2"/></net>

<net id="297"><net_src comp="294" pin="1"/><net_sink comp="157" pin=2"/></net>

<net id="301"><net_src comp="298" pin="1"/><net_sink comp="150" pin=2"/></net>

<net id="305"><net_src comp="302" pin="1"/><net_sink comp="143" pin=2"/></net>

<net id="309"><net_src comp="306" pin="1"/><net_sink comp="136" pin=2"/></net>

<net id="313"><net_src comp="72" pin="1"/><net_sink comp="310" pin=0"/></net>

<net id="314"><net_src comp="310" pin="1"/><net_sink comp="213" pin=1"/></net>

<net id="315"><net_src comp="310" pin="1"/><net_sink comp="218" pin=0"/></net>

<net id="316"><net_src comp="310" pin="1"/><net_sink comp="239" pin=1"/></net>

<net id="320"><net_src comp="76" pin="1"/><net_sink comp="317" pin=0"/></net>

<net id="321"><net_src comp="317" pin="1"/><net_sink comp="276" pin=1"/></net>

<net id="322"><net_src comp="317" pin="1"/><net_sink comp="286" pin=0"/></net>

<net id="326"><net_src comp="80" pin="1"/><net_sink comp="323" pin=0"/></net>

<net id="327"><net_src comp="323" pin="1"/><net_sink comp="271" pin=1"/></net>

<net id="328"><net_src comp="323" pin="1"/><net_sink comp="290" pin=0"/></net>

<net id="332"><net_src comp="84" pin="1"/><net_sink comp="329" pin=0"/></net>

<net id="333"><net_src comp="329" pin="1"/><net_sink comp="266" pin=1"/></net>

<net id="334"><net_src comp="329" pin="1"/><net_sink comp="294" pin=0"/></net>

<net id="338"><net_src comp="88" pin="1"/><net_sink comp="335" pin=0"/></net>

<net id="339"><net_src comp="335" pin="1"/><net_sink comp="261" pin=1"/></net>

<net id="340"><net_src comp="335" pin="1"/><net_sink comp="298" pin=0"/></net>

<net id="344"><net_src comp="92" pin="1"/><net_sink comp="341" pin=0"/></net>

<net id="345"><net_src comp="341" pin="1"/><net_sink comp="256" pin=1"/></net>

<net id="346"><net_src comp="341" pin="1"/><net_sink comp="302" pin=0"/></net>

<net id="350"><net_src comp="96" pin="1"/><net_sink comp="347" pin=0"/></net>

<net id="351"><net_src comp="347" pin="1"/><net_sink comp="281" pin=1"/></net>

<net id="352"><net_src comp="347" pin="1"/><net_sink comp="306" pin=0"/></net>

<net id="356"><net_src comp="100" pin="2"/><net_sink comp="353" pin=0"/></net>

<net id="357"><net_src comp="353" pin="1"/><net_sink comp="244" pin=6"/></net>

<net id="361"><net_src comp="106" pin="2"/><net_sink comp="358" pin=0"/></net>

<net id="362"><net_src comp="358" pin="1"/><net_sink comp="244" pin=5"/></net>

<net id="366"><net_src comp="112" pin="2"/><net_sink comp="363" pin=0"/></net>

<net id="367"><net_src comp="363" pin="1"/><net_sink comp="244" pin=4"/></net>

<net id="371"><net_src comp="118" pin="2"/><net_sink comp="368" pin=0"/></net>

<net id="372"><net_src comp="368" pin="1"/><net_sink comp="244" pin=3"/></net>

<net id="376"><net_src comp="124" pin="2"/><net_sink comp="373" pin=0"/></net>

<net id="377"><net_src comp="373" pin="1"/><net_sink comp="244" pin=2"/></net>

<net id="381"><net_src comp="130" pin="2"/><net_sink comp="378" pin=0"/></net>

<net id="382"><net_src comp="378" pin="1"/><net_sink comp="244" pin=1"/></net>

<net id="386"><net_src comp="218" pin="1"/><net_sink comp="383" pin=0"/></net>

<net id="387"><net_src comp="383" pin="1"/><net_sink comp="244" pin=7"/></net>

<net id="391"><net_src comp="221" pin="2"/><net_sink comp="388" pin=0"/></net>

<net id="395"><net_src comp="178" pin="3"/><net_sink comp="392" pin=0"/></net>

<net id="396"><net_src comp="392" pin="1"/><net_sink comp="185" pin=0"/></net>

<net id="400"><net_src comp="191" pin="3"/><net_sink comp="397" pin=0"/></net>

<net id="401"><net_src comp="397" pin="1"/><net_sink comp="198" pin=0"/></net>

<net id="405"><net_src comp="244" pin="8"/><net_sink comp="402" pin=0"/></net>

<net id="406"><net_src comp="402" pin="1"/><net_sink comp="204" pin=0"/></net>

<net id="410"><net_src comp="185" pin="3"/><net_sink comp="407" pin=0"/></net>

<net id="411"><net_src comp="407" pin="1"/><net_sink comp="204" pin=1"/></net>

<net id="415"><net_src comp="198" pin="3"/><net_sink comp="412" pin=0"/></net>

<net id="416"><net_src comp="412" pin="1"/><net_sink comp="209" pin=1"/></net>

<net id="420"><net_src comp="204" pin="2"/><net_sink comp="417" pin=0"/></net>

<net id="421"><net_src comp="417" pin="1"/><net_sink comp="209" pin=0"/></net>

</net_list>

</model> 
---------------- Datapath Model END ------------------

* FSMD analyzer results:
  - Output states:
	Port: input_scaled_5_out | {15 }
	Port: input_scaled_4_out | {15 }
	Port: input_scaled_3_out | {15 }
	Port: input_scaled_2_out | {15 }
	Port: input_scaled_1_out | {15 }
	Port: input_scaled_out | {15 }
 - Input state : 
	Port: pb_predict_Pipeline_SCALE_INPUT : input_raw_reload | {1 }
	Port: pb_predict_Pipeline_SCALE_INPUT : input_raw_1_reload | {1 }
	Port: pb_predict_Pipeline_SCALE_INPUT : input_raw_2_reload | {1 }
	Port: pb_predict_Pipeline_SCALE_INPUT : input_raw_3_reload | {1 }
	Port: pb_predict_Pipeline_SCALE_INPUT : input_raw_4_reload | {1 }
	Port: pb_predict_Pipeline_SCALE_INPUT : input_raw_5_reload | {1 }
	Port: pb_predict_Pipeline_SCALE_INPUT : x_scaler_mean | {1 2 }
	Port: pb_predict_Pipeline_SCALE_INPUT : x_scaler_scale | {1 2 }
  - Chain level:
	State 1
		store_ln0 : 1
		i : 1
		icmp_ln102 : 2
		add_ln102 : 2
		br_ln102 : 3
		zext_ln102 : 2
		x_scaler_mean_addr : 3
		x_scaler_mean_load : 4
		x_scaler_scale_addr : 3
		x_scaler_scale_load : 4
		switch_ln104 : 2
		store_ln102 : 3
	State 2
		sub : 1
	State 3
	State 4
	State 5
	State 6
	State 7
	State 8
	State 9
	State 10
	State 11
	State 12
	State 13
	State 14
	State 15
		write_ln0 : 1
		write_ln0 : 1
		write_ln0 : 1
		write_ln0 : 1
		write_ln0 : 1
		write_ln0 : 1
	State 16
		store_ln104 : 1
		store_ln104 : 1
		store_ln104 : 1
		store_ln104 : 1
		store_ln104 : 1
		store_ln104 : 1


============================================================
+ Verbose Summary: Datapath Resource usage 
============================================================

* Functional unit list:
|----------|-------------------------------------|---------|---------|---------|
| Operation|           Functional Unit           |   DSP   |    FF   |   LUT   |
|----------|-------------------------------------|---------|---------|---------|
|   fadd   |              grp_fu_204             |    2    |   205   |   206   |
|----------|-------------------------------------|---------|---------|---------|
|    mux   |              tmp_fu_244             |    0    |    0    |    31   |
|----------|-------------------------------------|---------|---------|---------|
|    add   |           add_ln102_fu_227          |    0    |    0    |    10   |
|----------|-------------------------------------|---------|---------|---------|
|   icmp   |          icmp_ln102_fu_221          |    0    |    0    |    8    |
|----------|-------------------------------------|---------|---------|---------|
|          | input_raw_5_reload_read_read_fu_100 |    0    |    0    |    0    |
|          | input_raw_4_reload_read_read_fu_106 |    0    |    0    |    0    |
|   read   | input_raw_3_reload_read_read_fu_112 |    0    |    0    |    0    |
|          | input_raw_2_reload_read_read_fu_118 |    0    |    0    |    0    |
|          | input_raw_1_reload_read_read_fu_124 |    0    |    0    |    0    |
|          |  input_raw_reload_read_read_fu_130  |    0    |    0    |    0    |
|----------|-------------------------------------|---------|---------|---------|
|          |        write_ln0_write_fu_136       |    0    |    0    |    0    |
|          |        write_ln0_write_fu_143       |    0    |    0    |    0    |
|   write  |        write_ln0_write_fu_150       |    0    |    0    |    0    |
|          |        write_ln0_write_fu_157       |    0    |    0    |    0    |
|          |        write_ln0_write_fu_164       |    0    |    0    |    0    |
|          |        write_ln0_write_fu_171       |    0    |    0    |    0    |
|----------|-------------------------------------|---------|---------|---------|
|   fdiv   |              grp_fu_209             |    0    |    0    |    0    |
|----------|-------------------------------------|---------|---------|---------|
|   zext   |          zext_ln102_fu_233          |    0    |    0    |    0    |
|----------|-------------------------------------|---------|---------|---------|
|   Total  |                                     |    2    |   205   |   255   |
|----------|-------------------------------------|---------|---------|---------|

Memories:
N/A

* Register list:
+-------------------------------+--------+
|                               |   FF   |
+-------------------------------+--------+
|          i_1_reg_310          |    3   |
|           i_reg_383           |    3   |
|       icmp_ln102_reg_388      |    1   |
|input_raw_1_reload_read_reg_373|   32   |
|input_raw_2_reload_read_reg_368|   32   |
|input_raw_3_reload_read_reg_363|   32   |
|input_raw_4_reload_read_reg_358|   32   |
|input_raw_5_reload_read_reg_353|   32   |
| input_raw_reload_read_reg_378 |   32   |
|     input_scaled_1_reg_323    |   32   |
|     input_scaled_2_reg_329    |   32   |
|     input_scaled_3_reg_335    |   32   |
|     input_scaled_4_reg_341    |   32   |
|     input_scaled_5_reg_347    |   32   |
|      input_scaled_reg_317     |   32   |
|          sub_reg_417          |   32   |
|          tmp_reg_402          |   32   |
|   x_scaler_mean_addr_reg_392  |    3   |
|   x_scaler_mean_load_reg_407  |   32   |
|  x_scaler_scale_addr_reg_397  |    3   |
|  x_scaler_scale_load_reg_412  |   32   |
+-------------------------------+--------+
|             Total             |   525  |
+-------------------------------+--------+

* Multiplexer (MUX) list: 
|-------------------|------|------|------|--------||---------||---------|
|        Comp       |  Pin | Size |  BW  | S x BW ||  Delay  ||   LUT   |
|-------------------|------|------|------|--------||---------||---------|
| grp_access_fu_185 |  p0  |   2  |   3  |    6   ||    9    |
| grp_access_fu_198 |  p0  |   2  |   3  |    6   ||    9    |
|     grp_fu_204    |  p0  |   2  |  32  |   64   ||    9    |
|     grp_fu_204    |  p1  |   2  |  32  |   64   ||    9    |
|-------------------|------|------|------|--------||---------||---------|
|       Total       |      |      |      |   140  ||  1.956  ||    36   |
|-------------------|------|------|------|--------||---------||---------|



* Summary:
+-----------+--------+--------+--------+--------+
|           |   DSP  |  Delay |   FF   |   LUT  |
+-----------+--------+--------+--------+--------+
|  Function |    2   |    -   |   205  |   255  |
|   Memory  |    -   |    -   |    -   |    -   |
|Multiplexer|    -   |    1   |    -   |   36   |
|  Register |    -   |    -   |   525  |    -   |
+-----------+--------+--------+--------+--------+
|   Total   |    2   |    1   |   730  |   291  |
+-----------+--------+--------+--------+--------+
