

================================================================
== Vitis HLS Report for 'pb_predict_Pipeline_WRITE_CLS'
================================================================
* Date:           Sun Mar 15 15:56:17 2026

* Version:        2022.1 (Build 3526262 on Mon Apr 18 15:48:16 MDT 2022)
* Project:        pickleball_hls
* Solution:       solution1 (Vivado IP Flow Target)
* Product family: zynquplus
* Target device:  xczu3eg-sbva484-1-e


================================================================
== Performance Estimates
================================================================
+ Timing: 
    * Summary: 
    +--------+----------+----------+------------+
    |  Clock |  Target  | Estimated| Uncertainty|
    +--------+----------+----------+------------+
    |ap_clk  |  10.00 ns|  1.236 ns|     2.70 ns|
    +--------+----------+----------+------------+

+ Latency: 
    * Summary: 
    +---------+---------+-----------+-----------+-----+-----+---------+
    |  Latency (cycles) |   Latency (absolute)  |  Interval | Pipeline|
    |   min   |   max   |    min    |    max    | min | max |   Type  |
    +---------+---------+-----------+-----------+-----+-----+---------+
    |        8|        8|  80.000 ns|  80.000 ns|    8|    8|       no|
    +---------+---------+-----------+-----------+-----+-----+---------+

    + Detail: 
        * Instance: 
        N/A

        * Loop: 
        +-------------+---------+---------+----------+-----------+-----------+------+----------+
        |             |  Latency (cycles) | Iteration|  Initiation Interval  | Trip |          |
        |  Loop Name  |   min   |   max   |  Latency |  achieved |   target  | Count| Pipelined|
        +-------------+---------+---------+----------+-----------+-----------+------+----------+
        |- WRITE_CLS  |        6|        6|         2|          1|          1|     6|       yes|
        +-------------+---------+---------+----------+-----------+-----------+------+----------+

============================================================
+ Verbose Summary: Synthesis Manager
============================================================
InlineROM: 1
ExposeGlobal: 0
============================================================
+ Verbose Summary: CDFG Model
============================================================
IsTopModel: 0
ResetActiveHigh: 1
IsCombinational: 0
IsDatapathOnly: 0
HasWiredReturn: 1
HasMFsm: 2
HasVarLatency: 1
IsPipeline: 0
IsRtlPipelined: 0
IsInstanceOverlapped: 0
IsDontTouch: 0
HasImplIP: 0
IsGatedGlobalClock: 0

+ Individual pipeline summary: 
  * Pipeline-0: initiation interval (II) = 1, depth = 2


============================================================
+ Verbose Summary: Schedule
============================================================
* Number of FSM states : 2
* Pipeline : 1
  Pipeline-0 : II = 1, D = 2, States = { 1 2 }
* Dataflow Pipeline: 0

* FSM state transitions: 
1 --> 2 
2 --> 

* FSM state operations: 

State 1 <SV = 0> <Delay = 1.23>
ST_1 : Operation 5 [1/1] (0.00ns)   --->   "%i = alloca i32 1"   --->   Operation 5 'alloca' 'i' <Predicate = true> <Delay = 0.00>
ST_1 : Operation 6 [1/1] (0.00ns)   --->   "%specinterface_ln0 = specinterface void @_ssdm_op_SpecInterface, i1 %output_stream_V_last_V, void @empty_0, i32 0, i32 0, void @empty_7, i32 0, i32 0, void @empty_15, void @empty_15, void @empty_15, i32 0, i32 0, i32 0, i32 0, void @empty_15, void @empty_15, i32 4294967295, i32 0"   --->   Operation 6 'specinterface' 'specinterface_ln0' <Predicate = true> <Delay = 0.00>
ST_1 : Operation 7 [1/1] (0.00ns)   --->   "%specinterface_ln0 = specinterface void @_ssdm_op_SpecInterface, i4 %output_stream_V_strb_V, void @empty_0, i32 0, i32 0, void @empty_7, i32 0, i32 0, void @empty_15, void @empty_15, void @empty_15, i32 0, i32 0, i32 0, i32 0, void @empty_15, void @empty_15, i32 4294967295, i32 0"   --->   Operation 7 'specinterface' 'specinterface_ln0' <Predicate = true> <Delay = 0.00>
ST_1 : Operation 8 [1/1] (0.00ns)   --->   "%specinterface_ln0 = specinterface void @_ssdm_op_SpecInterface, i4 %output_stream_V_keep_V, void @empty_0, i32 0, i32 0, void @empty_7, i32 0, i32 0, void @empty_15, void @empty_15, void @empty_15, i32 0, i32 0, i32 0, i32 0, void @empty_15, void @empty_15, i32 4294967295, i32 0"   --->   Operation 8 'specinterface' 'specinterface_ln0' <Predicate = true> <Delay = 0.00>
ST_1 : Operation 9 [1/1] (0.00ns)   --->   "%specinterface_ln0 = specinterface void @_ssdm_op_SpecInterface, i32 %output_stream_V_data_V, void @empty_0, i32 0, i32 0, void @empty_7, i32 0, i32 0, void @empty_15, void @empty_15, void @empty_15, i32 0, i32 0, i32 0, i32 0, void @empty_15, void @empty_15, i32 4294967295, i32 0"   --->   Operation 9 'specinterface' 'specinterface_ln0' <Predicate = true> <Delay = 0.00>
ST_1 : Operation 10 [1/1] (0.00ns)   --->   "%cls_out_5_read = read i32 @_ssdm_op_Read.ap_auto.float, i32 %cls_out_5"   --->   Operation 10 'read' 'cls_out_5_read' <Predicate = true> <Delay = 0.00>
ST_1 : Operation 11 [1/1] (0.00ns)   --->   "%cls_out_4_read = read i32 @_ssdm_op_Read.ap_auto.float, i32 %cls_out_4"   --->   Operation 11 'read' 'cls_out_4_read' <Predicate = true> <Delay = 0.00>
ST_1 : Operation 12 [1/1] (0.00ns)   --->   "%cls_out_3_read = read i32 @_ssdm_op_Read.ap_auto.float, i32 %cls_out_3"   --->   Operation 12 'read' 'cls_out_3_read' <Predicate = true> <Delay = 0.00>
ST_1 : Operation 13 [1/1] (0.00ns)   --->   "%cls_out_2_read = read i32 @_ssdm_op_Read.ap_auto.float, i32 %cls_out_2"   --->   Operation 13 'read' 'cls_out_2_read' <Predicate = true> <Delay = 0.00>
ST_1 : Operation 14 [1/1] (0.00ns)   --->   "%cls_out_1_read = read i32 @_ssdm_op_Read.ap_auto.float, i32 %cls_out_1"   --->   Operation 14 'read' 'cls_out_1_read' <Predicate = true> <Delay = 0.00>
ST_1 : Operation 15 [1/1] (0.00ns)   --->   "%cls_out_read = read i32 @_ssdm_op_Read.ap_auto.float, i32 %cls_out"   --->   Operation 15 'read' 'cls_out_read' <Predicate = true> <Delay = 0.00>
ST_1 : Operation 16 [1/1] (0.48ns)   --->   "%store_ln0 = store i3 0, i3 %i"   --->   Operation 16 'store' 'store_ln0' <Predicate = true> <Delay = 0.48>
ST_1 : Operation 17 [1/1] (0.00ns)   --->   "%br_ln0 = br void %for.inc1223"   --->   Operation 17 'br' 'br_ln0' <Predicate = true> <Delay = 0.00>
ST_1 : Operation 18 [1/1] (0.00ns)   --->   "%i_2 = load i3 %i" [pickleball_model.cpp:287]   --->   Operation 18 'load' 'i_2' <Predicate = true> <Delay = 0.00>
ST_1 : Operation 19 [1/1] (0.69ns)   --->   "%icmp_ln287 = icmp_eq  i3 %i_2, i3 6" [pickleball_model.cpp:287]   --->   Operation 19 'icmp' 'icmp_ln287' <Predicate = true> <Delay = 0.69> <CoreInst = "Cmp">   --->   Core 9 'Cmp' <Latency = 0> <II = 1> <Delay = 0.69> <FuncUnit> <Opcode : 'icmp'> <InPorts = 2> <OutPorts = 1>
ST_1 : Operation 20 [1/1] (0.00ns)   --->   "%empty = speclooptripcount i32 @_ssdm_op_SpecLoopTripCount, i64 6, i64 6, i64 6"   --->   Operation 20 'speclooptripcount' 'empty' <Predicate = true> <Delay = 0.00>
ST_1 : Operation 21 [1/1] (0.74ns)   --->   "%add_ln287 = add i3 %i_2, i3 1" [pickleball_model.cpp:287]   --->   Operation 21 'add' 'add_ln287' <Predicate = true> <Delay = 0.74> <CoreInst = "Adder">   --->   Core 1 'Adder' <Latency = 0> <II = 1> <Delay = 0.74> <FuncUnit> <Opcode : 'add' 'sub'> <InPorts = 2> <OutPorts = 1>
ST_1 : Operation 22 [1/1] (0.00ns)   --->   "%br_ln287 = br i1 %icmp_ln287, void %for.inc1223.split, void %for.end1225.exitStub" [pickleball_model.cpp:287]   --->   Operation 22 'br' 'br_ln287' <Predicate = true> <Delay = 0.00>
ST_1 : Operation 23 [1/1] (0.72ns)   --->   "%conv = mux i32 @_ssdm_op_Mux.ap_auto.6float.i3, i32 %cls_out_read, i32 %cls_out_1_read, i32 %cls_out_2_read, i32 %cls_out_3_read, i32 %cls_out_4_read, i32 %cls_out_5_read, i3 %i_2" [pickleball_model.cpp:291]   --->   Operation 23 'mux' 'conv' <Predicate = (!icmp_ln287)> <Delay = 0.72> <CoreInst = "Multiplexer">   --->   Core 76 'Multiplexer' <Latency = 0> <II = 1> <Delay = 0.72> <FuncUnit> <Opcode : 'mux'> <InPorts = 2> <OutPorts = 1>
ST_1 : Operation 24 [1/1] (0.69ns)   --->   "%pkt_last_V = icmp_eq  i3 %i_2, i3 5" [pickleball_model.cpp:295]   --->   Operation 24 'icmp' 'pkt_last_V' <Predicate = (!icmp_ln287)> <Delay = 0.69> <CoreInst = "Cmp">   --->   Core 9 'Cmp' <Latency = 0> <II = 1> <Delay = 0.69> <FuncUnit> <Opcode : 'icmp'> <InPorts = 2> <OutPorts = 1>
ST_1 : Operation 25 [1/1] (0.48ns)   --->   "%store_ln287 = store i3 %add_ln287, i3 %i" [pickleball_model.cpp:287]   --->   Operation 25 'store' 'store_ln287' <Predicate = (!icmp_ln287)> <Delay = 0.48>
ST_1 : Operation 31 [1/1] (0.00ns)   --->   "%ret_ln0 = ret"   --->   Operation 31 'ret' 'ret_ln0' <Predicate = (icmp_ln287)> <Delay = 0.00>

State 2 <SV = 1> <Delay = 0.00>
ST_2 : Operation 26 [1/1] (0.00ns)   --->   "%specpipeline_ln288 = specpipeline void @_ssdm_op_SpecPipeline, i32 1, i32 0, i32 0, i32 0, void @empty_15" [pickleball_model.cpp:288]   --->   Operation 26 'specpipeline' 'specpipeline_ln288' <Predicate = true> <Delay = 0.00>
ST_2 : Operation 27 [1/1] (0.00ns)   --->   "%specloopname_ln287 = specloopname void @_ssdm_op_SpecLoopName, void @empty" [pickleball_model.cpp:287]   --->   Operation 27 'specloopname' 'specloopname_ln287' <Predicate = true> <Delay = 0.00>
ST_2 : Operation 28 [1/1] (0.00ns)   --->   "%pkt_data_V = bitcast i32 %conv" [pickleball_model.cpp:292]   --->   Operation 28 'bitcast' 'pkt_data_V' <Predicate = true> <Delay = 0.00>
ST_2 : Operation 29 [1/1] (0.00ns)   --->   "%write_ln304 = write void @_ssdm_op_Write.axis.volatile.i32P0A.i4P0A.i4P0A.i1P0A, i32 %output_stream_V_data_V, i4 %output_stream_V_keep_V, i4 %output_stream_V_strb_V, i1 %output_stream_V_last_V, i32 %pkt_data_V, i4 15, i4 15, i1 %pkt_last_V"   --->   Operation 29 'write' 'write_ln304' <Predicate = true> <Delay = 0.00> <CoreInst = "axis">   --->   Core 123 'axis' <Latency = 0> <II = 1> <Delay = 1.00> <Adapter> <Opcode : >
ST_2 : Operation 30 [1/1] (0.00ns)   --->   "%br_ln287 = br void %for.inc1223" [pickleball_model.cpp:287]   --->   Operation 30 'br' 'br_ln287' <Predicate = true> <Delay = 0.00>


============================================================
+ Verbose Summary: Timing violations
============================================================
Target clock period: 10ns, clock uncertainty: 2.7ns.

 <State 1>: 1.24ns
The critical path consists of the following:
	'alloca' operation ('i') [11]  (0 ns)
	'load' operation ('i', pickleball_model.cpp:287) on local variable 'i' [25]  (0 ns)
	'add' operation ('add_ln287', pickleball_model.cpp:287) [28]  (0.746 ns)
	'store' operation ('store_ln287', pickleball_model.cpp:287) of variable 'add_ln287', pickleball_model.cpp:287 on local variable 'i' [37]  (0.489 ns)

 <State 2>: 0ns
The critical path consists of the following:


============================================================
+ Verbose Summary: Binding
============================================================
N/A
* FSMD analyzer results:
  - Output states:
 - Input state : 
  - Chain level:
	State 1
	State 2


============================================================
+ Verbose Summary: Datapath Resource usage 
============================================================
N/A
