

================================================================
== Vitis HLS Report for 'pb_predict_Pipeline_READ_INPUT'
================================================================
* Date:           Sun Mar 15 15:56:20 2026

* Version:        2022.1 (Build 3526262 on Mon Apr 18 15:48:16 MDT 2022)
* Project:        pickleball_hls
* Solution:       solution1 (Vivado IP Flow Target)
* Product family: zynquplus
* Target device:  xczu3eg-sbva484-1-e


================================================================
== Performance Estimates
================================================================
+ Timing: 
    * Summary: 
    +--------+----------+----------+------------+
    |  Clock |  Target  | Estimated| Uncertainty|
    +--------+----------+----------+------------+
    |ap_clk  |  10.00 ns|  1.236 ns|     2.70 ns|
    +--------+----------+----------+------------+

+ Latency: 
    * Summary: 
    +---------+---------+-----------+-----------+-----+-----+---------+
    |  Latency (cycles) |   Latency (absolute)  |  Interval | Pipeline|
    |   min   |   max   |    min    |    max    | min | max |   Type  |
    +---------+---------+-----------+-----------+-----+-----+---------+
    |        8|        8|  80.000 ns|  80.000 ns|    8|    8|       no|
    +---------+---------+-----------+-----------+-----+-----+---------+

    + Detail: 
        * Instance: 
        N/A

        * Loop: 
        +--------------+---------+---------+----------+-----------+-----------+------+----------+
        |              |  Latency (cycles) | Iteration|  Initiation Interval  | Trip |          |
        |   Loop Name  |   min   |   max   |  Latency |  achieved |   target  | Count| Pipelined|
        +--------------+---------+---------+----------+-----------+-----------+------+----------+
        |- READ_INPUT  |        6|        6|         1|          1|          1|     6|       yes|
        +--------------+---------+---------+----------+-----------+-----------+------+----------+



================================================================
== Utilization Estimates
================================================================
* Summary: 
+-----------------+---------+-----+--------+-------+-----+
|       Name      | BRAM_18K| DSP |   FF   |  LUT  | URAM|
+-----------------+---------+-----+--------+-------+-----+
|DSP              |        -|    -|       -|      -|    -|
|Expression       |        -|    -|       0|     22|    -|
|FIFO             |        -|    -|       -|      -|    -|
|Instance         |        -|    -|       -|      -|    -|
|Memory           |        -|    -|       -|      -|    -|
|Multiplexer      |        -|    -|       -|     36|    -|
|Register         |        -|    -|     197|      -|    -|
+-----------------+---------+-----+--------+-------+-----+
|Total            |        0|    0|     197|     58|    0|
+-----------------+---------+-----+--------+-------+-----+
|Available        |      432|  360|  141120|  70560|    0|
+-----------------+---------+-----+--------+-------+-----+
|Utilization (%)  |        0|    0|      ~0|     ~0|    0|
+-----------------+---------+-----+--------+-------+-----+

+ Detail: 
    * Instance: 
    N/A

    * DSP: 
    N/A

    * Memory: 
    N/A

    * FIFO: 
    N/A

    * Expression: 
    +----------------------------------+----------+----+---+----+------------+------------+
    |           Variable Name          | Operation| DSP| FF| LUT| Bitwidth P0| Bitwidth P1|
    +----------------------------------+----------+----+---+----+------------+------------+
    |add_ln92_fu_156_p2                |         +|   0|  0|  10|           3|           1|
    |ap_condition_167                  |       and|   0|  0|   2|           1|           1|
    |icmp_ln92_fu_150_p2               |      icmp|   0|  0|   8|           3|           3|
    |ap_block_state1_pp0_stage0_iter0  |        or|   0|  0|   2|           1|           1|
    +----------------------------------+----------+----+---+----+------------+------------+
    |Total                             |          |   0|  0|  22|           8|           6|
    +----------------------------------+----------+----+---+----+------------+------------+

    * Multiplexer: 
    +--------------------------+----+-----------+-----+-----------+
    |           Name           | LUT| Input Size| Bits| Total Bits|
    +--------------------------+----+-----------+-----+-----------+
    |ap_done_int               |   9|          2|    1|          2|
    |ap_sig_allocacmp_i_3      |   9|          2|    3|          6|
    |i_fu_60                   |   9|          2|    3|          6|
    |input_stream_TDATA_blk_n  |   9|          2|    1|          2|
    +--------------------------+----+-----------+-----+-----------+
    |Total                     |  36|          8|    8|         16|
    +--------------------------+----+-----------+-----+-----------+

    * Register: 
    +-------------------+----+----+-----+-----------+
    |        Name       | FF | LUT| Bits| Const Bits|
    +-------------------+----+----+-----+-----------+
    |ap_CS_fsm          |   1|   0|    1|          0|
    |ap_done_reg        |   1|   0|    1|          0|
    |i_fu_60            |   3|   0|    3|          0|
    |input_raw_1_fu_68  |  32|   0|   32|          0|
    |input_raw_2_fu_72  |  32|   0|   32|          0|
    |input_raw_3_fu_76  |  32|   0|   32|          0|
    |input_raw_4_fu_80  |  32|   0|   32|          0|
    |input_raw_5_fu_84  |  32|   0|   32|          0|
    |input_raw_fu_64    |  32|   0|   32|          0|
    +-------------------+----+----+-----+-----------+
    |Total              | 197|   0|  197|          0|
    +-------------------+----+----+-----+-----------+



================================================================
== Interface
================================================================
* Summary: 
+------------------------+-----+-----+------------+--------------------------------+--------------+
|        RTL Ports       | Dir | Bits|  Protocol  |          Source Object         |    C Type    |
+------------------------+-----+-----+------------+--------------------------------+--------------+
|ap_clk                  |   in|    1|  ap_ctrl_hs|  pb_predict_Pipeline_READ_INPUT|  return value|
|ap_rst                  |   in|    1|  ap_ctrl_hs|  pb_predict_Pipeline_READ_INPUT|  return value|
|ap_start                |   in|    1|  ap_ctrl_hs|  pb_predict_Pipeline_READ_INPUT|  return value|
|ap_done                 |  out|    1|  ap_ctrl_hs|  pb_predict_Pipeline_READ_INPUT|  return value|
|ap_idle                 |  out|    1|  ap_ctrl_hs|  pb_predict_Pipeline_READ_INPUT|  return value|
|ap_ready                |  out|    1|  ap_ctrl_hs|  pb_predict_Pipeline_READ_INPUT|  return value|
|input_stream_TVALID     |   in|    1|        axis|           input_stream_V_data_V|       pointer|
|input_stream_TDATA      |   in|   32|        axis|           input_stream_V_data_V|       pointer|
|input_stream_TREADY     |  out|    1|        axis|           input_stream_V_last_V|       pointer|
|input_stream_TLAST      |   in|    1|        axis|           input_stream_V_last_V|       pointer|
|input_stream_TKEEP      |   in|    4|        axis|           input_stream_V_keep_V|       pointer|
|input_stream_TSTRB      |   in|    4|        axis|           input_stream_V_strb_V|       pointer|
|input_raw_5_out         |  out|   32|      ap_vld|                 input_raw_5_out|       pointer|
|input_raw_5_out_ap_vld  |  out|    1|      ap_vld|                 input_raw_5_out|       pointer|
|input_raw_4_out         |  out|   32|      ap_vld|                 input_raw_4_out|       pointer|
|input_raw_4_out_ap_vld  |  out|    1|      ap_vld|                 input_raw_4_out|       pointer|
|input_raw_3_out         |  out|   32|      ap_vld|                 input_raw_3_out|       pointer|
|input_raw_3_out_ap_vld  |  out|    1|      ap_vld|                 input_raw_3_out|       pointer|
|input_raw_2_out         |  out|   32|      ap_vld|                 input_raw_2_out|       pointer|
|input_raw_2_out_ap_vld  |  out|    1|      ap_vld|                 input_raw_2_out|       pointer|
|input_raw_1_out         |  out|   32|      ap_vld|                 input_raw_1_out|       pointer|
|input_raw_1_out_ap_vld  |  out|    1|      ap_vld|                 input_raw_1_out|       pointer|
|input_raw_out           |  out|   32|      ap_vld|                   input_raw_out|       pointer|
|input_raw_out_ap_vld    |  out|    1|      ap_vld|                   input_raw_out|       pointer|
+------------------------+-----+-----+------------+--------------------------------+--------------+

============================================================
+ Verbose Summary: Synthesis Manager
============================================================
InlineROM: 1
ExposeGlobal: 0
============================================================
+ Verbose Summary: CDFG Model
============================================================
IsTopModel: 0
ResetActiveHigh: 1
IsCombinational: 2
IsDatapathOnly: 2
HasWiredReturn: 1
HasMFsm: 2
HasVarLatency: 1
IsPipeline: 0
IsRtlPipelined: 0
IsInstanceOverlapped: 0
IsDontTouch: 0
HasImplIP: 0
IsGatedGlobalClock: 0

+ Individual pipeline summary: 
  * Pipeline-0: initiation interval (II) = 1, depth = 1


============================================================
+ Verbose Summary: Schedule
============================================================
* Number of FSM states : 1
* Pipeline : 1
  Pipeline-0 : II = 1, D = 1, States = { 1 }
* Dataflow Pipeline: 0

* FSM state transitions: 
1 --> 

* FSM state operations: 

State 1 <SV = 0> <Delay = 1.23>
ST_1 : Operation 4 [1/1] (0.00ns)   --->   "%i = alloca i32 1"   --->   Operation 4 'alloca' 'i' <Predicate = true> <Delay = 0.00>
ST_1 : Operation 5 [1/1] (0.00ns)   --->   "%input_raw = alloca i32 1"   --->   Operation 5 'alloca' 'input_raw' <Predicate = true> <Delay = 0.00>
ST_1 : Operation 6 [1/1] (0.00ns)   --->   "%input_raw_1 = alloca i32 1"   --->   Operation 6 'alloca' 'input_raw_1' <Predicate = true> <Delay = 0.00>
ST_1 : Operation 7 [1/1] (0.00ns)   --->   "%input_raw_2 = alloca i32 1"   --->   Operation 7 'alloca' 'input_raw_2' <Predicate = true> <Delay = 0.00>
ST_1 : Operation 8 [1/1] (0.00ns)   --->   "%input_raw_3 = alloca i32 1"   --->   Operation 8 'alloca' 'input_raw_3' <Predicate = true> <Delay = 0.00>
ST_1 : Operation 9 [1/1] (0.00ns)   --->   "%input_raw_4 = alloca i32 1"   --->   Operation 9 'alloca' 'input_raw_4' <Predicate = true> <Delay = 0.00>
ST_1 : Operation 10 [1/1] (0.00ns)   --->   "%input_raw_5 = alloca i32 1"   --->   Operation 10 'alloca' 'input_raw_5' <Predicate = true> <Delay = 0.00>
ST_1 : Operation 11 [1/1] (0.00ns)   --->   "%specinterface_ln0 = specinterface void @_ssdm_op_SpecInterface, i1 %input_stream_V_last_V, i4 %input_stream_V_strb_V, i4 %input_stream_V_keep_V, i32 %input_stream_V_data_V, void @empty_0, i32 0, i32 0, void @empty_7, i32 0, i32 0, void @empty_15, void @empty_15, void @empty_15, i32 0, i32 0, i32 0, i32 0, void @empty_15, void @empty_15, i32 4294967295, i32 0"   --->   Operation 11 'specinterface' 'specinterface_ln0' <Predicate = true> <Delay = 0.00>
ST_1 : Operation 12 [1/1] (0.48ns)   --->   "%store_ln0 = store i3 0, i3 %i"   --->   Operation 12 'store' 'store_ln0' <Predicate = true> <Delay = 0.48>
ST_1 : Operation 13 [1/1] (0.00ns)   --->   "%br_ln0 = br void %for.inc"   --->   Operation 13 'br' 'br_ln0' <Predicate = true> <Delay = 0.00>
ST_1 : Operation 14 [1/1] (0.00ns)   --->   "%i_3 = load i3 %i" [pickleball_model.cpp:92]   --->   Operation 14 'load' 'i_3' <Predicate = true> <Delay = 0.00>
ST_1 : Operation 15 [1/1] (0.69ns)   --->   "%icmp_ln92 = icmp_eq  i3 %i_3, i3 6" [pickleball_model.cpp:92]   --->   Operation 15 'icmp' 'icmp_ln92' <Predicate = true> <Delay = 0.69> <CoreInst = "Cmp">   --->   Core 9 'Cmp' <Latency = 0> <II = 1> <Delay = 0.69> <FuncUnit> <Opcode : 'icmp'> <InPorts = 2> <OutPorts = 1>
ST_1 : Operation 16 [1/1] (0.00ns)   --->   "%empty = speclooptripcount i32 @_ssdm_op_SpecLoopTripCount, i64 6, i64 6, i64 6"   --->   Operation 16 'speclooptripcount' 'empty' <Predicate = true> <Delay = 0.00>
ST_1 : Operation 17 [1/1] (0.74ns)   --->   "%add_ln92 = add i3 %i_3, i3 1" [pickleball_model.cpp:92]   --->   Operation 17 'add' 'add_ln92' <Predicate = true> <Delay = 0.74> <CoreInst = "Adder">   --->   Core 1 'Adder' <Latency = 0> <II = 1> <Delay = 0.74> <FuncUnit> <Opcode : 'add' 'sub'> <InPorts = 2> <OutPorts = 1>
ST_1 : Operation 18 [1/1] (0.00ns)   --->   "%br_ln92 = br i1 %icmp_ln92, void %for.inc.split, void %for.inc15.preheader.exitStub" [pickleball_model.cpp:92]   --->   Operation 18 'br' 'br_ln92' <Predicate = true> <Delay = 0.00>
ST_1 : Operation 19 [1/1] (0.00ns)   --->   "%specpipeline_ln93 = specpipeline void @_ssdm_op_SpecPipeline, i32 1, i32 0, i32 0, i32 0, void @empty_15" [pickleball_model.cpp:93]   --->   Operation 19 'specpipeline' 'specpipeline_ln93' <Predicate = (!icmp_ln92)> <Delay = 0.00>
ST_1 : Operation 20 [1/1] (0.00ns)   --->   "%specloopname_ln43 = specloopname void @_ssdm_op_SpecLoopName, void @empty_6" [pickleball_model.cpp:43]   --->   Operation 20 'specloopname' 'specloopname_ln43' <Predicate = (!icmp_ln92)> <Delay = 0.00>
ST_1 : Operation 21 [1/1] (0.00ns)   --->   "%empty_29 = read i41 @_ssdm_op_Read.axis.volatile.i32P0A.i4P0A.i4P0A.i1P0A, i32 %input_stream_V_data_V, i4 %input_stream_V_keep_V, i4 %input_stream_V_strb_V, i1 %input_stream_V_last_V"   --->   Operation 21 'read' 'empty_29' <Predicate = (!icmp_ln92)> <Delay = 0.00> <CoreInst = "axis">   --->   Core 123 'axis' <Latency = 0> <II = 1> <Delay = 1.00> <Adapter> <Opcode : >
ST_1 : Operation 22 [1/1] (0.00ns)   --->   "%tmp_data_V = extractvalue i41 %empty_29"   --->   Operation 22 'extractvalue' 'tmp_data_V' <Predicate = (!icmp_ln92)> <Delay = 0.00>
ST_1 : Operation 23 [1/1] (0.00ns)   --->   "%input_raw_6 = bitcast i32 %tmp_data_V" [pickleball_model.cpp:97]   --->   Operation 23 'bitcast' 'input_raw_6' <Predicate = (!icmp_ln92)> <Delay = 0.00>
ST_1 : Operation 24 [1/1] (0.51ns)   --->   "%switch_ln97 = switch i3 %i_3, void %arrayidx.case.5, i3 0, void %for.inc.split.arrayidx.exit_crit_edge, i3 1, void %for.inc.split.arrayidx.exit_crit_edge4, i3 2, void %arrayidx.case.2, i3 3, void %arrayidx.case.3, i3 4, void %arrayidx.case.4" [pickleball_model.cpp:97]   --->   Operation 24 'switch' 'switch_ln97' <Predicate = (!icmp_ln92)> <Delay = 0.51>
ST_1 : Operation 25 [1/1] (0.00ns)   --->   "%store_ln97 = store i32 %input_raw_6, i32 %input_raw_4" [pickleball_model.cpp:97]   --->   Operation 25 'store' 'store_ln97' <Predicate = (!icmp_ln92 & i_3 == 4)> <Delay = 0.00>
ST_1 : Operation 26 [1/1] (0.00ns)   --->   "%br_ln97 = br void %arrayidx.exit" [pickleball_model.cpp:97]   --->   Operation 26 'br' 'br_ln97' <Predicate = (!icmp_ln92 & i_3 == 4)> <Delay = 0.00>
ST_1 : Operation 27 [1/1] (0.00ns)   --->   "%store_ln97 = store i32 %input_raw_6, i32 %input_raw_3" [pickleball_model.cpp:97]   --->   Operation 27 'store' 'store_ln97' <Predicate = (!icmp_ln92 & i_3 == 3)> <Delay = 0.00>
ST_1 : Operation 28 [1/1] (0.00ns)   --->   "%br_ln97 = br void %arrayidx.exit" [pickleball_model.cpp:97]   --->   Operation 28 'br' 'br_ln97' <Predicate = (!icmp_ln92 & i_3 == 3)> <Delay = 0.00>
ST_1 : Operation 29 [1/1] (0.00ns)   --->   "%store_ln97 = store i32 %input_raw_6, i32 %input_raw_2" [pickleball_model.cpp:97]   --->   Operation 29 'store' 'store_ln97' <Predicate = (!icmp_ln92 & i_3 == 2)> <Delay = 0.00>
ST_1 : Operation 30 [1/1] (0.00ns)   --->   "%br_ln97 = br void %arrayidx.exit" [pickleball_model.cpp:97]   --->   Operation 30 'br' 'br_ln97' <Predicate = (!icmp_ln92 & i_3 == 2)> <Delay = 0.00>
ST_1 : Operation 31 [1/1] (0.00ns)   --->   "%store_ln97 = store i32 %input_raw_6, i32 %input_raw_1" [pickleball_model.cpp:97]   --->   Operation 31 'store' 'store_ln97' <Predicate = (!icmp_ln92 & i_3 == 1)> <Delay = 0.00>
ST_1 : Operation 32 [1/1] (0.00ns)   --->   "%br_ln97 = br void %arrayidx.exit" [pickleball_model.cpp:97]   --->   Operation 32 'br' 'br_ln97' <Predicate = (!icmp_ln92 & i_3 == 1)> <Delay = 0.00>
ST_1 : Operation 33 [1/1] (0.00ns)   --->   "%store_ln97 = store i32 %input_raw_6, i32 %input_raw" [pickleball_model.cpp:97]   --->   Operation 33 'store' 'store_ln97' <Predicate = (!icmp_ln92 & i_3 == 0)> <Delay = 0.00>
ST_1 : Operation 34 [1/1] (0.00ns)   --->   "%br_ln97 = br void %arrayidx.exit" [pickleball_model.cpp:97]   --->   Operation 34 'br' 'br_ln97' <Predicate = (!icmp_ln92 & i_3 == 0)> <Delay = 0.00>
ST_1 : Operation 35 [1/1] (0.00ns)   --->   "%store_ln97 = store i32 %input_raw_6, i32 %input_raw_5" [pickleball_model.cpp:97]   --->   Operation 35 'store' 'store_ln97' <Predicate = (!icmp_ln92 & i_3 != 0 & i_3 != 1 & i_3 != 2 & i_3 != 3 & i_3 != 4)> <Delay = 0.00>
ST_1 : Operation 36 [1/1] (0.00ns)   --->   "%br_ln97 = br void %arrayidx.exit" [pickleball_model.cpp:97]   --->   Operation 36 'br' 'br_ln97' <Predicate = (!icmp_ln92 & i_3 != 0 & i_3 != 1 & i_3 != 2 & i_3 != 3 & i_3 != 4)> <Delay = 0.00>
ST_1 : Operation 37 [1/1] (0.48ns)   --->   "%store_ln92 = store i3 %add_ln92, i3 %i" [pickleball_model.cpp:92]   --->   Operation 37 'store' 'store_ln92' <Predicate = (!icmp_ln92)> <Delay = 0.48>
ST_1 : Operation 38 [1/1] (0.00ns)   --->   "%br_ln92 = br void %for.inc" [pickleball_model.cpp:92]   --->   Operation 38 'br' 'br_ln92' <Predicate = (!icmp_ln92)> <Delay = 0.00>
ST_1 : Operation 39 [1/1] (0.00ns)   --->   "%input_raw_load = load i32 %input_raw"   --->   Operation 39 'load' 'input_raw_load' <Predicate = (icmp_ln92)> <Delay = 0.00>
ST_1 : Operation 40 [1/1] (0.00ns)   --->   "%input_raw_1_load = load i32 %input_raw_1"   --->   Operation 40 'load' 'input_raw_1_load' <Predicate = (icmp_ln92)> <Delay = 0.00>
ST_1 : Operation 41 [1/1] (0.00ns)   --->   "%input_raw_2_load = load i32 %input_raw_2"   --->   Operation 41 'load' 'input_raw_2_load' <Predicate = (icmp_ln92)> <Delay = 0.00>
ST_1 : Operation 42 [1/1] (0.00ns)   --->   "%input_raw_3_load = load i32 %input_raw_3"   --->   Operation 42 'load' 'input_raw_3_load' <Predicate = (icmp_ln92)> <Delay = 0.00>
ST_1 : Operation 43 [1/1] (0.00ns)   --->   "%input_raw_4_load = load i32 %input_raw_4"   --->   Operation 43 'load' 'input_raw_4_load' <Predicate = (icmp_ln92)> <Delay = 0.00>
ST_1 : Operation 44 [1/1] (0.00ns)   --->   "%input_raw_5_load = load i32 %input_raw_5"   --->   Operation 44 'load' 'input_raw_5_load' <Predicate = (icmp_ln92)> <Delay = 0.00>
ST_1 : Operation 45 [1/1] (0.00ns)   --->   "%write_ln0 = write void @_ssdm_op_Write.ap_auto.floatP0A, i32 %input_raw_5_out, i32 %input_raw_5_load"   --->   Operation 45 'write' 'write_ln0' <Predicate = (icmp_ln92)> <Delay = 0.00>
ST_1 : Operation 46 [1/1] (0.00ns)   --->   "%write_ln0 = write void @_ssdm_op_Write.ap_auto.floatP0A, i32 %input_raw_4_out, i32 %input_raw_4_load"   --->   Operation 46 'write' 'write_ln0' <Predicate = (icmp_ln92)> <Delay = 0.00>
ST_1 : Operation 47 [1/1] (0.00ns)   --->   "%write_ln0 = write void @_ssdm_op_Write.ap_auto.floatP0A, i32 %input_raw_3_out, i32 %input_raw_3_load"   --->   Operation 47 'write' 'write_ln0' <Predicate = (icmp_ln92)> <Delay = 0.00>
ST_1 : Operation 48 [1/1] (0.00ns)   --->   "%write_ln0 = write void @_ssdm_op_Write.ap_auto.floatP0A, i32 %input_raw_2_out, i32 %input_raw_2_load"   --->   Operation 48 'write' 'write_ln0' <Predicate = (icmp_ln92)> <Delay = 0.00>
ST_1 : Operation 49 [1/1] (0.00ns)   --->   "%write_ln0 = write void @_ssdm_op_Write.ap_auto.floatP0A, i32 %input_raw_1_out, i32 %input_raw_1_load"   --->   Operation 49 'write' 'write_ln0' <Predicate = (icmp_ln92)> <Delay = 0.00>
ST_1 : Operation 50 [1/1] (0.00ns)   --->   "%write_ln0 = write void @_ssdm_op_Write.ap_auto.floatP0A, i32 %input_raw_out, i32 %input_raw_load"   --->   Operation 50 'write' 'write_ln0' <Predicate = (icmp_ln92)> <Delay = 0.00>
ST_1 : Operation 51 [1/1] (0.00ns)   --->   "%ret_ln0 = ret"   --->   Operation 51 'ret' 'ret_ln0' <Predicate = (icmp_ln92)> <Delay = 0.00>


============================================================
+ Verbose Summary: Binding
============================================================
STG Binding: 
---------------- STG Properties BEGIN ----------------
- Is combinational: 0
- Is one-state seq: 0
- Is datapath-only: 0
- Is pipelined: 0
- Is top level: 0
Port [ Return ] is wired: 1; IO mode=ap_ctrl_hs:ce=0
Port [ input_stream_V_data_V]:  wired=1; compound=1; hidden=0; nouse=0; global=0; static=0; extern=0; dir=0; type=0; pingpong=0; private_global=0; IO mode=axis:ce=0
Port [ input_stream_V_keep_V]:  wired=1; compound=1; hidden=0; nouse=0; global=0; static=0; extern=0; dir=0; type=0; pingpong=0; private_global=0; IO mode=axis:ce=0
Port [ input_stream_V_strb_V]:  wired=1; compound=1; hidden=0; nouse=0; global=0; static=0; extern=0; dir=0; type=0; pingpong=0; private_global=0; IO mode=axis:ce=0
Port [ input_stream_V_last_V]:  wired=1; compound=1; hidden=0; nouse=0; global=0; static=0; extern=0; dir=0; type=0; pingpong=0; private_global=0; IO mode=axis:ce=0
Port [ input_raw_5_out]:  wired=1; compound=0; hidden=0; nouse=0; global=0; static=0; extern=0; dir=1; type=0; pingpong=0; private_global=0; IO mode=ap_vld:ce=0
Port [ input_raw_4_out]:  wired=1; compound=0; hidden=0; nouse=0; global=0; static=0; extern=0; dir=1; type=0; pingpong=0; private_global=0; IO mode=ap_vld:ce=0
Port [ input_raw_3_out]:  wired=1; compound=0; hidden=0; nouse=0; global=0; static=0; extern=0; dir=1; type=0; pingpong=0; private_global=0; IO mode=ap_vld:ce=0
Port [ input_raw_2_out]:  wired=1; compound=0; hidden=0; nouse=0; global=0; static=0; extern=0; dir=1; type=0; pingpong=0; private_global=0; IO mode=ap_vld:ce=0
Port [ input_raw_1_out]:  wired=1; compound=0; hidden=0; nouse=0; global=0; static=0; extern=0; dir=1; type=0; pingpong=0; private_global=0; IO mode=ap_vld:ce=0
Port [ input_raw_out]:  wired=1; compound=0; hidden=0; nouse=0; global=0; static=0; extern=0; dir=1; type=0; pingpong=0; private_global=0; IO mode=ap_vld:ce=0
---------------- STG Properties END ------------------

---------------- Datapath Model BEGIN ----------------

<LifeTime>
<method=bitvector/>
i                 (alloca           ) [ 01]
input_raw         (alloca           ) [ 01]
input_raw_1       (alloca           ) [ 01]
input_raw_2       (alloca           ) [ 01]
input_raw_3       (alloca           ) [ 01]
input_raw_4       (alloca           ) [ 01]
input_raw_5       (alloca           ) [ 01]
specinterface_ln0 (specinterface    ) [ 00]
store_ln0         (store            ) [ 00]
br_ln0            (br               ) [ 00]
i_3               (load             ) [ 01]
icmp_ln92         (icmp             ) [ 01]
empty             (speclooptripcount) [ 00]
add_ln92          (add              ) [ 00]
br_ln92           (br               ) [ 00]
specpipeline_ln93 (specpipeline     ) [ 00]
specloopname_ln43 (specloopname     ) [ 00]
empty_29          (read             ) [ 00]
tmp_data_V        (extractvalue     ) [ 00]
input_raw_6       (bitcast          ) [ 00]
switch_ln97       (switch           ) [ 00]
store_ln97        (store            ) [ 00]
br_ln97           (br               ) [ 00]
store_ln97        (store            ) [ 00]
br_ln97           (br               ) [ 00]
store_ln97        (store            ) [ 00]
br_ln97           (br               ) [ 00]
store_ln97        (store            ) [ 00]
br_ln97           (br               ) [ 00]
store_ln97        (store            ) [ 00]
br_ln97           (br               ) [ 00]
store_ln97        (store            ) [ 00]
br_ln97           (br               ) [ 00]
store_ln92        (store            ) [ 00]
br_ln92           (br               ) [ 00]
input_raw_load    (load             ) [ 00]
input_raw_1_load  (load             ) [ 00]
input_raw_2_load  (load             ) [ 00]
input_raw_3_load  (load             ) [ 00]
input_raw_4_load  (load             ) [ 00]
input_raw_5_load  (load             ) [ 00]
write_ln0         (write            ) [ 00]
write_ln0         (write            ) [ 00]
write_ln0         (write            ) [ 00]
write_ln0         (write            ) [ 00]
write_ln0         (write            ) [ 00]
write_ln0         (write            ) [ 00]
ret_ln0           (ret              ) [ 00]
</LifeTime>

<model>

<comp_list>
<comp id="0" class="1000" name="input_stream_V_data_V">
<pin_list>
<pin id="1" dir="1" index="0" bw="1" slack="0"/>
</pin_list>
<bind>
<StgValue><ssdm name="input_stream_V_data_V"/></StgValue>
</bind>
</comp>

<comp id="2" class="1000" name="input_stream_V_keep_V">
<pin_list>
<pin id="3" dir="1" index="0" bw="1" slack="0"/>
</pin_list>
<bind>
<StgValue><ssdm name="input_stream_V_keep_V"/></StgValue>
</bind>
</comp>

<comp id="4" class="1000" name="input_stream_V_strb_V">
<pin_list>
<pin id="5" dir="1" index="0" bw="1" slack="0"/>
</pin_list>
<bind>
<StgValue><ssdm name="input_stream_V_strb_V"/></StgValue>
</bind>
</comp>

<comp id="6" class="1000" name="input_stream_V_last_V">
<pin_list>
<pin id="7" dir="1" index="0" bw="1" slack="0"/>
</pin_list>
<bind>
<StgValue><ssdm name="input_stream_V_last_V"/></StgValue>
</bind>
</comp>

<comp id="8" class="1000" name="input_raw_5_out">
<pin_list>
<pin id="9" dir="1" index="0" bw="1" slack="0"/>
</pin_list>
<bind>
<StgValue><ssdm name="input_raw_5_out"/></StgValue>
</bind>
</comp>

<comp id="10" class="1000" name="input_raw_4_out">
<pin_list>
<pin id="11" dir="1" index="0" bw="1" slack="0"/>
</pin_list>
<bind>
<StgValue><ssdm name="input_raw_4_out"/></StgValue>
</bind>
</comp>

<comp id="12" class="1000" name="input_raw_3_out">
<pin_list>
<pin id="13" dir="1" index="0" bw="1" slack="0"/>
</pin_list>
<bind>
<StgValue><ssdm name="input_raw_3_out"/></StgValue>
</bind>
</comp>

<comp id="14" class="1000" name="input_raw_2_out">
<pin_list>
<pin id="15" dir="1" index="0" bw="1" slack="0"/>
</pin_list>
<bind>
<StgValue><ssdm name="input_raw_2_out"/></StgValue>
</bind>
</comp>

<comp id="16" class="1000" name="input_raw_1_out">
<pin_list>
<pin id="17" dir="1" index="0" bw="1" slack="0"/>
</pin_list>
<bind>
<StgValue><ssdm name="input_raw_1_out"/></StgValue>
</bind>
</comp>

<comp id="18" class="1000" name="input_raw_out">
<pin_list>
<pin id="19" dir="1" index="0" bw="1" slack="0"/>
</pin_list>
<bind>
<StgValue><ssdm name="input_raw_out"/></StgValue>
</bind>
</comp>

<comp id="20" class="1001" name="const_20">
<pin_list>
<pin id="21" dir="1" index="0" bw="1" slack="0"/>
</pin_list>
<bind>
<StgValue><ssdm name=""/></StgValue>
</bind>
</comp>

<comp id="22" class="1001" name="const_22">
<pin_list>
<pin id="23" dir="1" index="0" bw="1" slack="2147483647"/>
</pin_list>
<bind>
<StgValue><ssdm name="_ssdm_op_SpecInterface"/></StgValue>
</bind>
</comp>

<comp id="24" class="1001" name="const_24">
<pin_list>
<pin id="25" dir="1" index="0" bw="1" slack="2147483647"/>
</pin_list>
<bind>
<StgValue><ssdm name="empty_0"/></StgValue>
</bind>
</comp>

<comp id="26" class="1001" name="const_26">
<pin_list>
<pin id="27" dir="1" index="0" bw="1" slack="2147483647"/>
</pin_list>
<bind>
<StgValue><ssdm name=""/></StgValue>
</bind>
</comp>

<comp id="28" class="1001" name="const_28">
<pin_list>
<pin id="29" dir="1" index="0" bw="1" slack="2147483647"/>
</pin_list>
<bind>
<StgValue><ssdm name="empty_7"/></StgValue>
</bind>
</comp>

<comp id="30" class="1001" name="const_30">
<pin_list>
<pin id="31" dir="1" index="0" bw="1" slack="2147483647"/>
</pin_list>
<bind>
<StgValue><ssdm name="empty_15"/></StgValue>
</bind>
</comp>

<comp id="32" class="1001" name="const_32">
<pin_list>
<pin id="33" dir="1" index="0" bw="1" slack="2147483647"/>
</pin_list>
<bind>
<StgValue><ssdm name=""/></StgValue>
</bind>
</comp>

<comp id="34" class="1001" name="const_34">
<pin_list>
<pin id="35" dir="1" index="0" bw="1" slack="0"/>
</pin_list>
<bind>
<StgValue><ssdm name=""/></StgValue>
</bind>
</comp>

<comp id="36" class="1001" name="const_36">
<pin_list>
<pin id="37" dir="1" index="0" bw="1" slack="0"/>
</pin_list>
<bind>
<StgValue><ssdm name=""/></StgValue>
</bind>
</comp>

<comp id="38" class="1001" name="const_38">
<pin_list>
<pin id="39" dir="1" index="0" bw="1" slack="2147483647"/>
</pin_list>
<bind>
<StgValue><ssdm name="_ssdm_op_SpecLoopTripCount"/></StgValue>
</bind>
</comp>

<comp id="40" class="1001" name="const_40">
<pin_list>
<pin id="41" dir="1" index="0" bw="1" slack="2147483647"/>
</pin_list>
<bind>
<StgValue><ssdm name=""/></StgValue>
</bind>
</comp>

<comp id="42" class="1001" name="const_42">
<pin_list>
<pin id="43" dir="1" index="0" bw="1" slack="0"/>
</pin_list>
<bind>
<StgValue><ssdm name=""/></StgValue>
</bind>
</comp>

<comp id="44" class="1001" name="const_44">
<pin_list>
<pin id="45" dir="1" index="0" bw="1" slack="2147483647"/>
</pin_list>
<bind>
<StgValue><ssdm name="_ssdm_op_SpecPipeline"/></StgValue>
</bind>
</comp>

<comp id="46" class="1001" name="const_46">
<pin_list>
<pin id="47" dir="1" index="0" bw="1" slack="2147483647"/>
</pin_list>
<bind>
<StgValue><ssdm name="_ssdm_op_SpecLoopName"/></StgValue>
</bind>
</comp>

<comp id="48" class="1001" name="const_48">
<pin_list>
<pin id="49" dir="1" index="0" bw="1" slack="2147483647"/>
</pin_list>
<bind>
<StgValue><ssdm name="empty_6"/></StgValue>
</bind>
</comp>

<comp id="50" class="1001" name="const_50">
<pin_list>
<pin id="51" dir="1" index="0" bw="1" slack="0"/>
</pin_list>
<bind>
<StgValue><ssdm name="_ssdm_op_Read.axis.volatile.i32P0A.i4P0A.i4P0A.i1P0A"/></StgValue>
</bind>
</comp>

<comp id="52" class="1001" name="const_52">
<pin_list>
<pin id="53" dir="1" index="0" bw="1" slack="2147483647"/>
</pin_list>
<bind>
<StgValue><ssdm name=""/></StgValue>
</bind>
</comp>

<comp id="54" class="1001" name="const_54">
<pin_list>
<pin id="55" dir="1" index="0" bw="1" slack="2147483647"/>
</pin_list>
<bind>
<StgValue><ssdm name=""/></StgValue>
</bind>
</comp>

<comp id="56" class="1001" name="const_56">
<pin_list>
<pin id="57" dir="1" index="0" bw="1" slack="2147483647"/>
</pin_list>
<bind>
<StgValue><ssdm name=""/></StgValue>
</bind>
</comp>

<comp id="58" class="1001" name="const_58">
<pin_list>
<pin id="59" dir="1" index="0" bw="1" slack="0"/>
</pin_list>
<bind>
<StgValue><ssdm name="_ssdm_op_Write.ap_auto.floatP0A"/></StgValue>
</bind>
</comp>

<comp id="60" class="1004" name="i_fu_60">
<pin_list>
<pin id="61" dir="0" index="0" bw="1" slack="0"/>
<pin id="62" dir="1" index="1" bw="3" slack="0"/>
</pin_list>
<bind>
<opcode="alloca(26) " fcode="alloca"/>
<opset="i/1 "/>
</bind>
</comp>

<comp id="64" class="1004" name="input_raw_fu_64">
<pin_list>
<pin id="65" dir="0" index="0" bw="1" slack="0"/>
<pin id="66" dir="1" index="1" bw="32" slack="0"/>
</pin_list>
<bind>
<opcode="alloca(26) " fcode="alloca"/>
<opset="input_raw/1 "/>
</bind>
</comp>

<comp id="68" class="1004" name="input_raw_1_fu_68">
<pin_list>
<pin id="69" dir="0" index="0" bw="1" slack="0"/>
<pin id="70" dir="1" index="1" bw="32" slack="0"/>
</pin_list>
<bind>
<opcode="alloca(26) " fcode="alloca"/>
<opset="input_raw_1/1 "/>
</bind>
</comp>

<comp id="72" class="1004" name="input_raw_2_fu_72">
<pin_list>
<pin id="73" dir="0" index="0" bw="1" slack="0"/>
<pin id="74" dir="1" index="1" bw="32" slack="0"/>
</pin_list>
<bind>
<opcode="alloca(26) " fcode="alloca"/>
<opset="input_raw_2/1 "/>
</bind>
</comp>

<comp id="76" class="1004" name="input_raw_3_fu_76">
<pin_list>
<pin id="77" dir="0" index="0" bw="1" slack="0"/>
<pin id="78" dir="1" index="1" bw="32" slack="0"/>
</pin_list>
<bind>
<opcode="alloca(26) " fcode="alloca"/>
<opset="input_raw_3/1 "/>
</bind>
</comp>

<comp id="80" class="1004" name="input_raw_4_fu_80">
<pin_list>
<pin id="81" dir="0" index="0" bw="1" slack="0"/>
<pin id="82" dir="1" index="1" bw="32" slack="0"/>
</pin_list>
<bind>
<opcode="alloca(26) " fcode="alloca"/>
<opset="input_raw_4/1 "/>
</bind>
</comp>

<comp id="84" class="1004" name="input_raw_5_fu_84">
<pin_list>
<pin id="85" dir="0" index="0" bw="1" slack="0"/>
<pin id="86" dir="1" index="1" bw="32" slack="0"/>
</pin_list>
<bind>
<opcode="alloca(26) " fcode="alloca"/>
<opset="input_raw_5/1 "/>
</bind>
</comp>

<comp id="88" class="1004" name="empty_29_read_fu_88">
<pin_list>
<pin id="89" dir="0" index="0" bw="41" slack="0"/>
<pin id="90" dir="0" index="1" bw="32" slack="0"/>
<pin id="91" dir="0" index="2" bw="4" slack="0"/>
<pin id="92" dir="0" index="3" bw="4" slack="0"/>
<pin id="93" dir="0" index="4" bw="1" slack="0"/>
<pin id="94" dir="1" index="5" bw="41" slack="0"/>
</pin_list>
<bind>
<opcode="read(1150) " fcode="read"/>
<opset="empty_29/1 "/>
</bind>
</comp>

<comp id="100" class="1004" name="write_ln0_write_fu_100">
<pin_list>
<pin id="101" dir="0" index="0" bw="0" slack="0"/>
<pin id="102" dir="0" index="1" bw="32" slack="0"/>
<pin id="103" dir="0" index="2" bw="32" slack="0"/>
<pin id="104" dir="1" index="3" bw="0" slack="2147483647"/>
</pin_list>
<bind>
<opcode="write(1151) " fcode="write"/>
<opset="write_ln0/1 "/>
</bind>
</comp>

<comp id="107" class="1004" name="write_ln0_write_fu_107">
<pin_list>
<pin id="108" dir="0" index="0" bw="0" slack="0"/>
<pin id="109" dir="0" index="1" bw="32" slack="0"/>
<pin id="110" dir="0" index="2" bw="32" slack="0"/>
<pin id="111" dir="1" index="3" bw="0" slack="2147483647"/>
</pin_list>
<bind>
<opcode="write(1151) " fcode="write"/>
<opset="write_ln0/1 "/>
</bind>
</comp>

<comp id="114" class="1004" name="write_ln0_write_fu_114">
<pin_list>
<pin id="115" dir="0" index="0" bw="0" slack="0"/>
<pin id="116" dir="0" index="1" bw="32" slack="0"/>
<pin id="117" dir="0" index="2" bw="32" slack="0"/>
<pin id="118" dir="1" index="3" bw="0" slack="2147483647"/>
</pin_list>
<bind>
<opcode="write(1151) " fcode="write"/>
<opset="write_ln0/1 "/>
</bind>
</comp>

<comp id="121" class="1004" name="write_ln0_write_fu_121">
<pin_list>
<pin id="122" dir="0" index="0" bw="0" slack="0"/>
<pin id="123" dir="0" index="1" bw="32" slack="0"/>
<pin id="124" dir="0" index="2" bw="32" slack="0"/>
<pin id="125" dir="1" index="3" bw="0" slack="2147483647"/>
</pin_list>
<bind>
<opcode="write(1151) " fcode="write"/>
<opset="write_ln0/1 "/>
</bind>
</comp>

<comp id="128" class="1004" name="write_ln0_write_fu_128">
<pin_list>
<pin id="129" dir="0" index="0" bw="0" slack="0"/>
<pin id="130" dir="0" index="1" bw="32" slack="0"/>
<pin id="131" dir="0" index="2" bw="32" slack="0"/>
<pin id="132" dir="1" index="3" bw="0" slack="2147483647"/>
</pin_list>
<bind>
<opcode="write(1151) " fcode="write"/>
<opset="write_ln0/1 "/>
</bind>
</comp>

<comp id="135" class="1004" name="write_ln0_write_fu_135">
<pin_list>
<pin id="136" dir="0" index="0" bw="0" slack="0"/>
<pin id="137" dir="0" index="1" bw="32" slack="0"/>
<pin id="138" dir="0" index="2" bw="32" slack="0"/>
<pin id="139" dir="1" index="3" bw="0" slack="2147483647"/>
</pin_list>
<bind>
<opcode="write(1151) " fcode="write"/>
<opset="write_ln0/1 "/>
</bind>
</comp>

<comp id="142" class="1004" name="store_ln0_store_fu_142">
<pin_list>
<pin id="143" dir="0" index="0" bw="1" slack="0"/>
<pin id="144" dir="0" index="1" bw="3" slack="0"/>
<pin id="145" dir="1" index="2" bw="0" slack="2147483647"/>
</pin_list>
<bind>
<opcode="store(28) " fcode="store"/>
<opset="store_ln0/1 "/>
</bind>
</comp>

<comp id="147" class="1004" name="i_3_load_fu_147">
<pin_list>
<pin id="148" dir="0" index="0" bw="3" slack="0"/>
<pin id="149" dir="1" index="1" bw="3" slack="0"/>
</pin_list>
<bind>
<opcode="load(27) " fcode="load"/>
<opset="i_3/1 "/>
</bind>
</comp>

<comp id="150" class="1004" name="icmp_ln92_fu_150">
<pin_list>
<pin id="151" dir="0" index="0" bw="3" slack="0"/>
<pin id="152" dir="0" index="1" bw="3" slack="0"/>
<pin id="153" dir="1" index="2" bw="1" slack="2147483647"/>
</pin_list>
<bind>
<opcode="icmp(45) " fcode="icmp"/>
<opset="icmp_ln92/1 "/>
</bind>
</comp>

<comp id="156" class="1004" name="add_ln92_fu_156">
<pin_list>
<pin id="157" dir="0" index="0" bw="3" slack="0"/>
<pin id="158" dir="0" index="1" bw="1" slack="0"/>
<pin id="159" dir="1" index="2" bw="3" slack="0"/>
</pin_list>
<bind>
<opcode="add(8) " fcode="add"/>
<opset="add_ln92/1 "/>
</bind>
</comp>

<comp id="162" class="1004" name="tmp_data_V_fu_162">
<pin_list>
<pin id="163" dir="0" index="0" bw="41" slack="0"/>
<pin id="164" dir="1" index="1" bw="32" slack="0"/>
</pin_list>
<bind>
<opcode="extractvalue(56) " fcode="extractvalue"/>
<opset="tmp_data_V/1 "/>
</bind>
</comp>

<comp id="166" class="1004" name="input_raw_6_fu_166">
<pin_list>
<pin id="167" dir="0" index="0" bw="32" slack="0"/>
<pin id="168" dir="1" index="1" bw="32" slack="0"/>
</pin_list>
<bind>
<opcode="bitcast(44) " fcode="bitcast"/>
<opset="input_raw_6/1 "/>
</bind>
</comp>

<comp id="170" class="1004" name="store_ln97_store_fu_170">
<pin_list>
<pin id="171" dir="0" index="0" bw="32" slack="0"/>
<pin id="172" dir="0" index="1" bw="32" slack="0"/>
<pin id="173" dir="1" index="2" bw="0" slack="2147483647"/>
</pin_list>
<bind>
<opcode="store(28) " fcode="store"/>
<opset="store_ln97/1 "/>
</bind>
</comp>

<comp id="175" class="1004" name="store_ln97_store_fu_175">
<pin_list>
<pin id="176" dir="0" index="0" bw="32" slack="0"/>
<pin id="177" dir="0" index="1" bw="32" slack="0"/>
<pin id="178" dir="1" index="2" bw="0" slack="2147483647"/>
</pin_list>
<bind>
<opcode="store(28) " fcode="store"/>
<opset="store_ln97/1 "/>
</bind>
</comp>

<comp id="180" class="1004" name="store_ln97_store_fu_180">
<pin_list>
<pin id="181" dir="0" index="0" bw="32" slack="0"/>
<pin id="182" dir="0" index="1" bw="32" slack="0"/>
<pin id="183" dir="1" index="2" bw="0" slack="2147483647"/>
</pin_list>
<bind>
<opcode="store(28) " fcode="store"/>
<opset="store_ln97/1 "/>
</bind>
</comp>

<comp id="185" class="1004" name="store_ln97_store_fu_185">
<pin_list>
<pin id="186" dir="0" index="0" bw="32" slack="0"/>
<pin id="187" dir="0" index="1" bw="32" slack="0"/>
<pin id="188" dir="1" index="2" bw="0" slack="2147483647"/>
</pin_list>
<bind>
<opcode="store(28) " fcode="store"/>
<opset="store_ln97/1 "/>
</bind>
</comp>

<comp id="190" class="1004" name="store_ln97_store_fu_190">
<pin_list>
<pin id="191" dir="0" index="0" bw="32" slack="0"/>
<pin id="192" dir="0" index="1" bw="32" slack="0"/>
<pin id="193" dir="1" index="2" bw="0" slack="2147483647"/>
</pin_list>
<bind>
<opcode="store(28) " fcode="store"/>
<opset="store_ln97/1 "/>
</bind>
</comp>

<comp id="195" class="1004" name="store_ln97_store_fu_195">
<pin_list>
<pin id="196" dir="0" index="0" bw="32" slack="0"/>
<pin id="197" dir="0" index="1" bw="32" slack="0"/>
<pin id="198" dir="1" index="2" bw="0" slack="2147483647"/>
</pin_list>
<bind>
<opcode="store(28) " fcode="store"/>
<opset="store_ln97/1 "/>
</bind>
</comp>

<comp id="200" class="1004" name="store_ln92_store_fu_200">
<pin_list>
<pin id="201" dir="0" index="0" bw="3" slack="0"/>
<pin id="202" dir="0" index="1" bw="3" slack="0"/>
<pin id="203" dir="1" index="2" bw="0" slack="2147483647"/>
</pin_list>
<bind>
<opcode="store(28) " fcode="store"/>
<opset="store_ln92/1 "/>
</bind>
</comp>

<comp id="205" class="1004" name="input_raw_load_load_fu_205">
<pin_list>
<pin id="206" dir="0" index="0" bw="32" slack="0"/>
<pin id="207" dir="1" index="1" bw="32" slack="0"/>
</pin_list>
<bind>
<opcode="load(27) " fcode="load"/>
<opset="input_raw_load/1 "/>
</bind>
</comp>

<comp id="209" class="1004" name="input_raw_1_load_load_fu_209">
<pin_list>
<pin id="210" dir="0" index="0" bw="32" slack="0"/>
<pin id="211" dir="1" index="1" bw="32" slack="0"/>
</pin_list>
<bind>
<opcode="load(27) " fcode="load"/>
<opset="input_raw_1_load/1 "/>
</bind>
</comp>

<comp id="213" class="1004" name="input_raw_2_load_load_fu_213">
<pin_list>
<pin id="214" dir="0" index="0" bw="32" slack="0"/>
<pin id="215" dir="1" index="1" bw="32" slack="0"/>
</pin_list>
<bind>
<opcode="load(27) " fcode="load"/>
<opset="input_raw_2_load/1 "/>
</bind>
</comp>

<comp id="217" class="1004" name="input_raw_3_load_load_fu_217">
<pin_list>
<pin id="218" dir="0" index="0" bw="32" slack="0"/>
<pin id="219" dir="1" index="1" bw="32" slack="0"/>
</pin_list>
<bind>
<opcode="load(27) " fcode="load"/>
<opset="input_raw_3_load/1 "/>
</bind>
</comp>

<comp id="221" class="1004" name="input_raw_4_load_load_fu_221">
<pin_list>
<pin id="222" dir="0" index="0" bw="32" slack="0"/>
<pin id="223" dir="1" index="1" bw="32" slack="0"/>
</pin_list>
<bind>
<opcode="load(27) " fcode="load"/>
<opset="input_raw_4_load/1 "/>
</bind>
</comp>

<comp id="225" class="1004" name="input_raw_5_load_load_fu_225">
<pin_list>
<pin id="226" dir="0" index="0" bw="32" slack="0"/>
<pin id="227" dir="1" index="1" bw="32" slack="0"/>
</pin_list>
<bind>
<opcode="load(27) " fcode="load"/>
<opset="input_raw_5_load/1 "/>
</bind>
</comp>

<comp id="229" class="1005" name="i_reg_229">
<pin_list>
<pin id="230" dir="0" index="0" bw="3" slack="0"/>
<pin id="231" dir="1" index="1" bw="3" slack="0"/>
</pin_list>
<bind>
<opset="i "/>
</bind>
</comp>

<comp id="236" class="1005" name="input_raw_reg_236">
<pin_list>
<pin id="237" dir="0" index="0" bw="32" slack="0"/>
<pin id="238" dir="1" index="1" bw="32" slack="0"/>
</pin_list>
<bind>
<opset="input_raw "/>
</bind>
</comp>

<comp id="242" class="1005" name="input_raw_1_reg_242">
<pin_list>
<pin id="243" dir="0" index="0" bw="32" slack="0"/>
<pin id="244" dir="1" index="1" bw="32" slack="0"/>
</pin_list>
<bind>
<opset="input_raw_1 "/>
</bind>
</comp>

<comp id="248" class="1005" name="input_raw_2_reg_248">
<pin_list>
<pin id="249" dir="0" index="0" bw="32" slack="0"/>
<pin id="250" dir="1" index="1" bw="32" slack="0"/>
</pin_list>
<bind>
<opset="input_raw_2 "/>
</bind>
</comp>

<comp id="254" class="1005" name="input_raw_3_reg_254">
<pin_list>
<pin id="255" dir="0" index="0" bw="32" slack="0"/>
<pin id="256" dir="1" index="1" bw="32" slack="0"/>
</pin_list>
<bind>
<opset="input_raw_3 "/>
</bind>
</comp>

<comp id="260" class="1005" name="input_raw_4_reg_260">
<pin_list>
<pin id="261" dir="0" index="0" bw="32" slack="0"/>
<pin id="262" dir="1" index="1" bw="32" slack="0"/>
</pin_list>
<bind>
<opset="input_raw_4 "/>
</bind>
</comp>

<comp id="266" class="1005" name="input_raw_5_reg_266">
<pin_list>
<pin id="267" dir="0" index="0" bw="32" slack="0"/>
<pin id="268" dir="1" index="1" bw="32" slack="0"/>
</pin_list>
<bind>
<opset="input_raw_5 "/>
</bind>
</comp>

</comp_list>

<net_list>
<net id="63"><net_src comp="20" pin="0"/><net_sink comp="60" pin=0"/></net>

<net id="67"><net_src comp="20" pin="0"/><net_sink comp="64" pin=0"/></net>

<net id="71"><net_src comp="20" pin="0"/><net_sink comp="68" pin=0"/></net>

<net id="75"><net_src comp="20" pin="0"/><net_sink comp="72" pin=0"/></net>

<net id="79"><net_src comp="20" pin="0"/><net_sink comp="76" pin=0"/></net>

<net id="83"><net_src comp="20" pin="0"/><net_sink comp="80" pin=0"/></net>

<net id="87"><net_src comp="20" pin="0"/><net_sink comp="84" pin=0"/></net>

<net id="95"><net_src comp="50" pin="0"/><net_sink comp="88" pin=0"/></net>

<net id="96"><net_src comp="0" pin="0"/><net_sink comp="88" pin=1"/></net>

<net id="97"><net_src comp="2" pin="0"/><net_sink comp="88" pin=2"/></net>

<net id="98"><net_src comp="4" pin="0"/><net_sink comp="88" pin=3"/></net>

<net id="99"><net_src comp="6" pin="0"/><net_sink comp="88" pin=4"/></net>

<net id="105"><net_src comp="58" pin="0"/><net_sink comp="100" pin=0"/></net>

<net id="106"><net_src comp="8" pin="0"/><net_sink comp="100" pin=1"/></net>

<net id="112"><net_src comp="58" pin="0"/><net_sink comp="107" pin=0"/></net>

<net id="113"><net_src comp="10" pin="0"/><net_sink comp="107" pin=1"/></net>

<net id="119"><net_src comp="58" pin="0"/><net_sink comp="114" pin=0"/></net>

<net id="120"><net_src comp="12" pin="0"/><net_sink comp="114" pin=1"/></net>

<net id="126"><net_src comp="58" pin="0"/><net_sink comp="121" pin=0"/></net>

<net id="127"><net_src comp="14" pin="0"/><net_sink comp="121" pin=1"/></net>

<net id="133"><net_src comp="58" pin="0"/><net_sink comp="128" pin=0"/></net>

<net id="134"><net_src comp="16" pin="0"/><net_sink comp="128" pin=1"/></net>

<net id="140"><net_src comp="58" pin="0"/><net_sink comp="135" pin=0"/></net>

<net id="141"><net_src comp="18" pin="0"/><net_sink comp="135" pin=1"/></net>

<net id="146"><net_src comp="34" pin="0"/><net_sink comp="142" pin=0"/></net>

<net id="154"><net_src comp="147" pin="1"/><net_sink comp="150" pin=0"/></net>

<net id="155"><net_src comp="36" pin="0"/><net_sink comp="150" pin=1"/></net>

<net id="160"><net_src comp="147" pin="1"/><net_sink comp="156" pin=0"/></net>

<net id="161"><net_src comp="42" pin="0"/><net_sink comp="156" pin=1"/></net>

<net id="165"><net_src comp="88" pin="5"/><net_sink comp="162" pin=0"/></net>

<net id="169"><net_src comp="162" pin="1"/><net_sink comp="166" pin=0"/></net>

<net id="174"><net_src comp="166" pin="1"/><net_sink comp="170" pin=0"/></net>

<net id="179"><net_src comp="166" pin="1"/><net_sink comp="175" pin=0"/></net>

<net id="184"><net_src comp="166" pin="1"/><net_sink comp="180" pin=0"/></net>

<net id="189"><net_src comp="166" pin="1"/><net_sink comp="185" pin=0"/></net>

<net id="194"><net_src comp="166" pin="1"/><net_sink comp="190" pin=0"/></net>

<net id="199"><net_src comp="166" pin="1"/><net_sink comp="195" pin=0"/></net>

<net id="204"><net_src comp="156" pin="2"/><net_sink comp="200" pin=0"/></net>

<net id="208"><net_src comp="205" pin="1"/><net_sink comp="135" pin=2"/></net>

<net id="212"><net_src comp="209" pin="1"/><net_sink comp="128" pin=2"/></net>

<net id="216"><net_src comp="213" pin="1"/><net_sink comp="121" pin=2"/></net>

<net id="220"><net_src comp="217" pin="1"/><net_sink comp="114" pin=2"/></net>

<net id="224"><net_src comp="221" pin="1"/><net_sink comp="107" pin=2"/></net>

<net id="228"><net_src comp="225" pin="1"/><net_sink comp="100" pin=2"/></net>

<net id="232"><net_src comp="60" pin="1"/><net_sink comp="229" pin=0"/></net>

<net id="233"><net_src comp="229" pin="1"/><net_sink comp="142" pin=1"/></net>

<net id="234"><net_src comp="229" pin="1"/><net_sink comp="147" pin=0"/></net>

<net id="235"><net_src comp="229" pin="1"/><net_sink comp="200" pin=1"/></net>

<net id="239"><net_src comp="64" pin="1"/><net_sink comp="236" pin=0"/></net>

<net id="240"><net_src comp="236" pin="1"/><net_sink comp="190" pin=1"/></net>

<net id="241"><net_src comp="236" pin="1"/><net_sink comp="205" pin=0"/></net>

<net id="245"><net_src comp="68" pin="1"/><net_sink comp="242" pin=0"/></net>

<net id="246"><net_src comp="242" pin="1"/><net_sink comp="185" pin=1"/></net>

<net id="247"><net_src comp="242" pin="1"/><net_sink comp="209" pin=0"/></net>

<net id="251"><net_src comp="72" pin="1"/><net_sink comp="248" pin=0"/></net>

<net id="252"><net_src comp="248" pin="1"/><net_sink comp="180" pin=1"/></net>

<net id="253"><net_src comp="248" pin="1"/><net_sink comp="213" pin=0"/></net>

<net id="257"><net_src comp="76" pin="1"/><net_sink comp="254" pin=0"/></net>

<net id="258"><net_src comp="254" pin="1"/><net_sink comp="175" pin=1"/></net>

<net id="259"><net_src comp="254" pin="1"/><net_sink comp="217" pin=0"/></net>

<net id="263"><net_src comp="80" pin="1"/><net_sink comp="260" pin=0"/></net>

<net id="264"><net_src comp="260" pin="1"/><net_sink comp="170" pin=1"/></net>

<net id="265"><net_src comp="260" pin="1"/><net_sink comp="221" pin=0"/></net>

<net id="269"><net_src comp="84" pin="1"/><net_sink comp="266" pin=0"/></net>

<net id="270"><net_src comp="266" pin="1"/><net_sink comp="195" pin=1"/></net>

<net id="271"><net_src comp="266" pin="1"/><net_sink comp="225" pin=0"/></net>

</net_list>

</model> 
---------------- Datapath Model END ------------------

* FSMD analyzer results:
  - Output states:
	Port: input_stream_V_data_V | {}
	Port: input_stream_V_keep_V | {}
	Port: input_stream_V_strb_V | {}
	Port: input_stream_V_last_V | {}
	Port: input_raw_5_out | {1 }
	Port: input_raw_4_out | {1 }
	Port: input_raw_3_out | {1 }
	Port: input_raw_2_out | {1 }
	Port: input_raw_1_out | {1 }
	Port: input_raw_out | {1 }
 - Input state : 
	Port: pb_predict_Pipeline_READ_INPUT : input_stream_V_data_V | {1 }
	Port: pb_predict_Pipeline_READ_INPUT : input_stream_V_keep_V | {1 }
	Port: pb_predict_Pipeline_READ_INPUT : input_stream_V_strb_V | {1 }
	Port: pb_predict_Pipeline_READ_INPUT : input_stream_V_last_V | {1 }
  - Chain level:
	State 1
		store_ln0 : 1
		i_3 : 1
		icmp_ln92 : 2
		add_ln92 : 2
		br_ln92 : 3
		input_raw_6 : 1
		switch_ln97 : 2
		store_ln97 : 2
		store_ln97 : 2
		store_ln97 : 2
		store_ln97 : 2
		store_ln97 : 2
		store_ln97 : 2
		store_ln92 : 3
		input_raw_load : 1
		input_raw_1_load : 1
		input_raw_2_load : 1
		input_raw_3_load : 1
		input_raw_4_load : 1
		input_raw_5_load : 1
		write_ln0 : 2
		write_ln0 : 2
		write_ln0 : 2
		write_ln0 : 2
		write_ln0 : 2
		write_ln0 : 2


============================================================
+ Verbose Summary: Datapath Resource usage 
============================================================

* Functional unit list:
|----------|------------------------|---------|---------|
| Operation|     Functional Unit    |    FF   |   LUT   |
|----------|------------------------|---------|---------|
|    add   |     add_ln92_fu_156    |    0    |    10   |
|----------|------------------------|---------|---------|
|   icmp   |    icmp_ln92_fu_150    |    0    |    8    |
|----------|------------------------|---------|---------|
|   read   |   empty_29_read_fu_88  |    0    |    0    |
|----------|------------------------|---------|---------|
|          | write_ln0_write_fu_100 |    0    |    0    |
|          | write_ln0_write_fu_107 |    0    |    0    |
|   write  | write_ln0_write_fu_114 |    0    |    0    |
|          | write_ln0_write_fu_121 |    0    |    0    |
|          | write_ln0_write_fu_128 |    0    |    0    |
|          | write_ln0_write_fu_135 |    0    |    0    |
|----------|------------------------|---------|---------|
|extractvalue|    tmp_data_V_fu_162   |    0    |    0    |
|----------|------------------------|---------|---------|
|   Total  |                        |    0    |    18   |
|----------|------------------------|---------|---------|

Memories:
N/A

* Register list:
+-------------------+--------+
|                   |   FF   |
+-------------------+--------+
|     i_reg_229     |    3   |
|input_raw_1_reg_242|   32   |
|input_raw_2_reg_248|   32   |
|input_raw_3_reg_254|   32   |
|input_raw_4_reg_260|   32   |
|input_raw_5_reg_266|   32   |
| input_raw_reg_236 |   32   |
+-------------------+--------+
|       Total       |   195  |
+-------------------+--------+

* Multiplexer (MUX) list: 
|--------|------|------|------|--------|
|  Comp  |  Pin | Size |  BW  | S x BW |
|--------|------|------|------|--------|
|  Total |      |      |      |    0   |
|--------|------|------|------|--------|



* Summary:
+-----------+--------+--------+
|           |   FF   |   LUT  |
+-----------+--------+--------+
|  Function |    0   |   18   |
|   Memory  |    -   |    -   |
|Multiplexer|    -   |    -   |
|  Register |   195  |    -   |
+-----------+--------+--------+
|   Total   |   195  |   18   |
+-----------+--------+--------+
