

================================================================
== Vitis HLS Report for 'pb_predict_Pipeline_SCALE_INPUT'
================================================================
* Date:           Sun Mar 15 15:56:13 2026

* Version:        2022.1 (Build 3526262 on Mon Apr 18 15:48:16 MDT 2022)
* Project:        pickleball_hls
* Solution:       solution1 (Vivado IP Flow Target)
* Product family: zynquplus
* Target device:  xczu3eg-sbva484-1-e


================================================================
== Performance Estimates
================================================================
+ Timing: 
    * Summary: 
    +--------+----------+----------+------------+
    |  Clock |  Target  | Estimated| Uncertainty|
    +--------+----------+----------+------------+
    |ap_clk  |  10.00 ns|  6.808 ns|     2.70 ns|
    +--------+----------+----------+------------+

+ Latency: 
    * Summary: 
    +---------+---------+----------+----------+-----+-----+---------+
    |  Latency (cycles) |  Latency (absolute) |  Interval | Pipeline|
    |   min   |   max   |    min   |    max   | min | max |   Type  |
    +---------+---------+----------+----------+-----+-----+---------+
    |       22|       22|  0.220 us|  0.220 us|   22|   22|       no|
    +---------+---------+----------+----------+-----+-----+---------+

    + Detail: 
        * Instance: 
        N/A

        * Loop: 
        +---------------+---------+---------+----------+-----------+-----------+------+----------+
        |               |  Latency (cycles) | Iteration|  Initiation Interval  | Trip |          |
        |   Loop Name   |   min   |   max   |  Latency |  achieved |   target  | Count| Pipelined|
        +---------------+---------+---------+----------+-----------+-----------+------+----------+
        |- SCALE_INPUT  |       20|       20|        16|          1|          1|     6|       yes|
        +---------------+---------+---------+----------+-----------+-----------+------+----------+

============================================================
+ Verbose Summary: Synthesis Manager
============================================================
InlineROM: 1
ExposeGlobal: 0
============================================================
+ Verbose Summary: CDFG Model
============================================================
IsTopModel: 0
ResetActiveHigh: 1
IsCombinational: 0
IsDatapathOnly: 0
HasWiredReturn: 1
HasMFsm: 2
HasVarLatency: 1
IsPipeline: 0
IsRtlPipelined: 0
IsInstanceOverlapped: 0
IsDontTouch: 0
HasImplIP: 0
IsGatedGlobalClock: 0

+ Individual pipeline summary: 
  * Pipeline-0: initiation interval (II) = 1, depth = 16


============================================================
+ Verbose Summary: Schedule
============================================================
* Number of FSM states : 16
* Pipeline : 1
  Pipeline-0 : II = 1, D = 16, States = { 1 2 3 4 5 6 7 8 9 10 11 12 13 14 15 16 }
* Dataflow Pipeline: 0

* FSM state transitions: 
1 --> 2 
2 --> 3 
3 --> 4 
4 --> 5 
5 --> 6 
6 --> 7 
7 --> 8 
8 --> 9 
9 --> 10 
10 --> 11 
11 --> 12 
12 --> 13 
13 --> 14 
14 --> 15 
15 --> 16 
16 --> 

* FSM state operations: 

State 1 <SV = 0> <Delay = 1.23>
ST_1 : Operation 19 [1/1] (0.00ns)   --->   "%i_1 = alloca i32 1"   --->   Operation 19 'alloca' 'i_1' <Predicate = true> <Delay = 0.00>
ST_1 : Operation 20 [1/1] (0.00ns)   --->   "%input_scaled = alloca i32 1"   --->   Operation 20 'alloca' 'input_scaled' <Predicate = true> <Delay = 0.00>
ST_1 : Operation 21 [1/1] (0.00ns)   --->   "%input_scaled_1 = alloca i32 1"   --->   Operation 21 'alloca' 'input_scaled_1' <Predicate = true> <Delay = 0.00>
ST_1 : Operation 22 [1/1] (0.00ns)   --->   "%input_scaled_2 = alloca i32 1"   --->   Operation 22 'alloca' 'input_scaled_2' <Predicate = true> <Delay = 0.00>
ST_1 : Operation 23 [1/1] (0.00ns)   --->   "%input_scaled_3 = alloca i32 1"   --->   Operation 23 'alloca' 'input_scaled_3' <Predicate = true> <Delay = 0.00>
ST_1 : Operation 24 [1/1] (0.00ns)   --->   "%input_scaled_4 = alloca i32 1"   --->   Operation 24 'alloca' 'input_scaled_4' <Predicate = true> <Delay = 0.00>
ST_1 : Operation 25 [1/1] (0.00ns)   --->   "%input_scaled_5 = alloca i32 1"   --->   Operation 25 'alloca' 'input_scaled_5' <Predicate = true> <Delay = 0.00>
ST_1 : Operation 26 [1/1] (0.00ns)   --->   "%specmemcore_ln0 = specmemcore void @_ssdm_op_SpecMemCore, i32 %x_scaler_scale, i64 666, i64 34, i64 18446744073709551615"   --->   Operation 26 'specmemcore' 'specmemcore_ln0' <Predicate = true> <Delay = 0.00>
ST_1 : Operation 27 [1/1] (0.00ns)   --->   "%specmemcore_ln0 = specmemcore void @_ssdm_op_SpecMemCore, i32 %x_scaler_mean, i64 666, i64 34, i64 18446744073709551615"   --->   Operation 27 'specmemcore' 'specmemcore_ln0' <Predicate = true> <Delay = 0.00>
ST_1 : Operation 28 [1/1] (0.00ns)   --->   "%input_raw_5_reload_read = read i32 @_ssdm_op_Read.ap_auto.float, i32 %input_raw_5_reload"   --->   Operation 28 'read' 'input_raw_5_reload_read' <Predicate = true> <Delay = 0.00>
ST_1 : Operation 29 [1/1] (0.00ns)   --->   "%input_raw_4_reload_read = read i32 @_ssdm_op_Read.ap_auto.float, i32 %input_raw_4_reload"   --->   Operation 29 'read' 'input_raw_4_reload_read' <Predicate = true> <Delay = 0.00>
ST_1 : Operation 30 [1/1] (0.00ns)   --->   "%input_raw_3_reload_read = read i32 @_ssdm_op_Read.ap_auto.float, i32 %input_raw_3_reload"   --->   Operation 30 'read' 'input_raw_3_reload_read' <Predicate = true> <Delay = 0.00>
ST_1 : Operation 31 [1/1] (0.00ns)   --->   "%input_raw_2_reload_read = read i32 @_ssdm_op_Read.ap_auto.float, i32 %input_raw_2_reload"   --->   Operation 31 'read' 'input_raw_2_reload_read' <Predicate = true> <Delay = 0.00>
ST_1 : Operation 32 [1/1] (0.00ns)   --->   "%input_raw_1_reload_read = read i32 @_ssdm_op_Read.ap_auto.float, i32 %input_raw_1_reload"   --->   Operation 32 'read' 'input_raw_1_reload_read' <Predicate = true> <Delay = 0.00>
ST_1 : Operation 33 [1/1] (0.00ns)   --->   "%input_raw_reload_read = read i32 @_ssdm_op_Read.ap_auto.float, i32 %input_raw_reload"   --->   Operation 33 'read' 'input_raw_reload_read' <Predicate = true> <Delay = 0.00>
ST_1 : Operation 34 [1/1] (0.48ns)   --->   "%store_ln0 = store i3 0, i3 %i_1"   --->   Operation 34 'store' 'store_ln0' <Predicate = true> <Delay = 0.48>
ST_1 : Operation 35 [1/1] (0.00ns)   --->   "%br_ln0 = br void %for.inc15"   --->   Operation 35 'br' 'br_ln0' <Predicate = true> <Delay = 0.00>
ST_1 : Operation 36 [1/1] (0.00ns)   --->   "%i = load i3 %i_1" [pickleball_model.cpp:102]   --->   Operation 36 'load' 'i' <Predicate = true> <Delay = 0.00>
ST_1 : Operation 37 [1/1] (0.69ns)   --->   "%icmp_ln102 = icmp_eq  i3 %i, i3 6" [pickleball_model.cpp:102]   --->   Operation 37 'icmp' 'icmp_ln102' <Predicate = true> <Delay = 0.69> <CoreInst = "Cmp">   --->   Core 9 'Cmp' <Latency = 0> <II = 1> <Delay = 0.69> <FuncUnit> <Opcode : 'icmp'> <InPorts = 2> <OutPorts = 1>
ST_1 : Operation 38 [1/1] (0.00ns)   --->   "%empty = speclooptripcount i32 @_ssdm_op_SpecLoopTripCount, i64 6, i64 6, i64 6"   --->   Operation 38 'speclooptripcount' 'empty' <Predicate = true> <Delay = 0.00>
ST_1 : Operation 39 [1/1] (0.74ns)   --->   "%add_ln102 = add i3 %i, i3 1" [pickleball_model.cpp:102]   --->   Operation 39 'add' 'add_ln102' <Predicate = true> <Delay = 0.74> <CoreInst = "Adder">   --->   Core 1 'Adder' <Latency = 0> <II = 1> <Delay = 0.74> <FuncUnit> <Opcode : 'add' 'sub'> <InPorts = 2> <OutPorts = 1>
ST_1 : Operation 40 [1/1] (0.00ns)   --->   "%br_ln102 = br i1 %icmp_ln102, void %for.inc15.split, void %for.inc34.preheader.exitStub" [pickleball_model.cpp:102]   --->   Operation 40 'br' 'br_ln102' <Predicate = true> <Delay = 0.00>
ST_1 : Operation 41 [1/1] (0.00ns)   --->   "%zext_ln102 = zext i3 %i" [pickleball_model.cpp:102]   --->   Operation 41 'zext' 'zext_ln102' <Predicate = (!icmp_ln102)> <Delay = 0.00>
ST_1 : Operation 42 [1/1] (0.00ns)   --->   "%x_scaler_mean_addr = getelementptr i32 %x_scaler_mean, i64 0, i64 %zext_ln102" [pickleball_model.cpp:104]   --->   Operation 42 'getelementptr' 'x_scaler_mean_addr' <Predicate = (!icmp_ln102)> <Delay = 0.00>
ST_1 : Operation 43 [2/2] (0.79ns)   --->   "%x_scaler_mean_load = load i3 %x_scaler_mean_addr" [pickleball_model.cpp:104]   --->   Operation 43 'load' 'x_scaler_mean_load' <Predicate = (!icmp_ln102)> <Delay = 0.79> <CoreInst = "ROM_1P_LUTRAM">   --->   Core 103 'ROM_1P_LUTRAM' <Latency = 1> <II = 1> <Delay = 0.79> <Storage> <Opcode : 'load'> <Ports = 1> <Width = 32> <Depth = 6> <ROM>
ST_1 : Operation 44 [1/1] (0.00ns)   --->   "%x_scaler_scale_addr = getelementptr i32 %x_scaler_scale, i64 0, i64 %zext_ln102" [pickleball_model.cpp:104]   --->   Operation 44 'getelementptr' 'x_scaler_scale_addr' <Predicate = (!icmp_ln102)> <Delay = 0.00>
ST_1 : Operation 45 [2/2] (0.79ns)   --->   "%x_scaler_scale_load = load i3 %x_scaler_scale_addr" [pickleball_model.cpp:104]   --->   Operation 45 'load' 'x_scaler_scale_load' <Predicate = (!icmp_ln102)> <Delay = 0.79> <CoreInst = "ROM_1P_LUTRAM">   --->   Core 103 'ROM_1P_LUTRAM' <Latency = 1> <II = 1> <Delay = 0.79> <Storage> <Opcode : 'load'> <Ports = 1> <Width = 32> <Depth = 6> <ROM>
ST_1 : Operation 46 [1/1] (0.51ns)   --->   "%switch_ln104 = switch i3 %i, void %arrayidx14.case.5, i3 0, void %for.inc15.split.arrayidx14.exit_crit_edge, i3 1, void %for.inc15.split.arrayidx14.exit_crit_edge7, i3 2, void %arrayidx14.case.2, i3 3, void %arrayidx14.case.3, i3 4, void %arrayidx14.case.4" [pickleball_model.cpp:104]   --->   Operation 46 'switch' 'switch_ln104' <Predicate = (!icmp_ln102)> <Delay = 0.51>
ST_1 : Operation 47 [1/1] (0.48ns)   --->   "%store_ln102 = store i3 %add_ln102, i3 %i_1" [pickleball_model.cpp:102]   --->   Operation 47 'store' 'store_ln102' <Predicate = (!icmp_ln102)> <Delay = 0.48>
ST_1 : Operation 48 [1/1] (0.00ns)   --->   "%br_ln102 = br void %for.inc15" [pickleball_model.cpp:102]   --->   Operation 48 'br' 'br_ln102' <Predicate = (!icmp_ln102)> <Delay = 0.00>

State 2 <SV = 1> <Delay = 6.80>
ST_2 : Operation 49 [1/1] (0.72ns)   --->   "%tmp = mux i32 @_ssdm_op_Mux.ap_auto.6float.i3, i32 %input_raw_reload_read, i32 %input_raw_1_reload_read, i32 %input_raw_2_reload_read, i32 %input_raw_3_reload_read, i32 %input_raw_4_reload_read, i32 %input_raw_5_reload_read, i3 %i" [pickleball_model.cpp:104]   --->   Operation 49 'mux' 'tmp' <Predicate = true> <Delay = 0.72> <CoreInst = "Multiplexer">   --->   Core 76 'Multiplexer' <Latency = 0> <II = 1> <Delay = 0.72> <FuncUnit> <Opcode : 'mux'> <InPorts = 2> <OutPorts = 1>
ST_2 : Operation 50 [1/2] (0.79ns)   --->   "%x_scaler_mean_load = load i3 %x_scaler_mean_addr" [pickleball_model.cpp:104]   --->   Operation 50 'load' 'x_scaler_mean_load' <Predicate = true> <Delay = 0.79> <CoreInst = "ROM_1P_LUTRAM">   --->   Core 103 'ROM_1P_LUTRAM' <Latency = 1> <II = 1> <Delay = 0.79> <Storage> <Opcode : 'load'> <Ports = 1> <Width = 32> <Depth = 6> <ROM>
ST_2 : Operation 51 [5/5] (6.01ns)   --->   "%sub = fsub i32 %tmp, i32 %x_scaler_mean_load" [pickleball_model.cpp:104]   --->   Operation 51 'fsub' 'sub' <Predicate = true> <Delay = 6.01> <CoreInst = "FAddSub_fulldsp">   --->   Core 18 'FAddSub_fulldsp' <Latency = 4> <II = 1> <Delay = 6.01> <FuncUnit> <Opcode : 'fadd' 'fsub'> <InPorts = 2> <OutPorts = 1>
ST_2 : Operation 52 [1/2] (0.79ns)   --->   "%x_scaler_scale_load = load i3 %x_scaler_scale_addr" [pickleball_model.cpp:104]   --->   Operation 52 'load' 'x_scaler_scale_load' <Predicate = true> <Delay = 0.79> <CoreInst = "ROM_1P_LUTRAM">   --->   Core 103 'ROM_1P_LUTRAM' <Latency = 1> <II = 1> <Delay = 0.79> <Storage> <Opcode : 'load'> <Ports = 1> <Width = 32> <Depth = 6> <ROM>

State 3 <SV = 2> <Delay = 6.01>
ST_3 : Operation 53 [4/5] (6.01ns)   --->   "%sub = fsub i32 %tmp, i32 %x_scaler_mean_load" [pickleball_model.cpp:104]   --->   Operation 53 'fsub' 'sub' <Predicate = true> <Delay = 6.01> <CoreInst = "FAddSub_fulldsp">   --->   Core 18 'FAddSub_fulldsp' <Latency = 4> <II = 1> <Delay = 6.01> <FuncUnit> <Opcode : 'fadd' 'fsub'> <InPorts = 2> <OutPorts = 1>

State 4 <SV = 3> <Delay = 6.01>
ST_4 : Operation 54 [3/5] (6.01ns)   --->   "%sub = fsub i32 %tmp, i32 %x_scaler_mean_load" [pickleball_model.cpp:104]   --->   Operation 54 'fsub' 'sub' <Predicate = true> <Delay = 6.01> <CoreInst = "FAddSub_fulldsp">   --->   Core 18 'FAddSub_fulldsp' <Latency = 4> <II = 1> <Delay = 6.01> <FuncUnit> <Opcode : 'fadd' 'fsub'> <InPorts = 2> <OutPorts = 1>

State 5 <SV = 4> <Delay = 6.01>
ST_5 : Operation 55 [2/5] (6.01ns)   --->   "%sub = fsub i32 %tmp, i32 %x_scaler_mean_load" [pickleball_model.cpp:104]   --->   Operation 55 'fsub' 'sub' <Predicate = true> <Delay = 6.01> <CoreInst = "FAddSub_fulldsp">   --->   Core 18 'FAddSub_fulldsp' <Latency = 4> <II = 1> <Delay = 6.01> <FuncUnit> <Opcode : 'fadd' 'fsub'> <InPorts = 2> <OutPorts = 1>

State 6 <SV = 5> <Delay = 6.01>
ST_6 : Operation 56 [1/5] (6.01ns)   --->   "%sub = fsub i32 %tmp, i32 %x_scaler_mean_load" [pickleball_model.cpp:104]   --->   Operation 56 'fsub' 'sub' <Predicate = true> <Delay = 6.01> <CoreInst = "FAddSub_fulldsp">   --->   Core 18 'FAddSub_fulldsp' <Latency = 4> <II = 1> <Delay = 6.01> <FuncUnit> <Opcode : 'fadd' 'fsub'> <InPorts = 2> <OutPorts = 1>

State 7 <SV = 6> <Delay = 6.70>
ST_7 : Operation 57 [10/10] (6.70ns)   --->   "%input_scaled_6 = fdiv i32 %sub, i32 %x_scaler_scale_load" [pickleball_model.cpp:104]   --->   Operation 57 'fdiv' 'input_scaled_6' <Predicate = true> <Delay = 6.70> <CoreInst = "FDiv">   --->   Core 20 'FDiv' <Latency = 9> <II = 1> <Delay = 6.70> <FuncUnit> <Opcode : 'fdiv' 'frem'> <InPorts = 2> <OutPorts = 1>

State 8 <SV = 7> <Delay = 6.70>
ST_8 : Operation 58 [9/10] (6.70ns)   --->   "%input_scaled_6 = fdiv i32 %sub, i32 %x_scaler_scale_load" [pickleball_model.cpp:104]   --->   Operation 58 'fdiv' 'input_scaled_6' <Predicate = true> <Delay = 6.70> <CoreInst = "FDiv">   --->   Core 20 'FDiv' <Latency = 9> <II = 1> <Delay = 6.70> <FuncUnit> <Opcode : 'fdiv' 'frem'> <InPorts = 2> <OutPorts = 1>

State 9 <SV = 8> <Delay = 6.70>
ST_9 : Operation 59 [8/10] (6.70ns)   --->   "%input_scaled_6 = fdiv i32 %sub, i32 %x_scaler_scale_load" [pickleball_model.cpp:104]   --->   Operation 59 'fdiv' 'input_scaled_6' <Predicate = true> <Delay = 6.70> <CoreInst = "FDiv">   --->   Core 20 'FDiv' <Latency = 9> <II = 1> <Delay = 6.70> <FuncUnit> <Opcode : 'fdiv' 'frem'> <InPorts = 2> <OutPorts = 1>

State 10 <SV = 9> <Delay = 6.70>
ST_10 : Operation 60 [7/10] (6.70ns)   --->   "%input_scaled_6 = fdiv i32 %sub, i32 %x_scaler_scale_load" [pickleball_model.cpp:104]   --->   Operation 60 'fdiv' 'input_scaled_6' <Predicate = true> <Delay = 6.70> <CoreInst = "FDiv">   --->   Core 20 'FDiv' <Latency = 9> <II = 1> <Delay = 6.70> <FuncUnit> <Opcode : 'fdiv' 'frem'> <InPorts = 2> <OutPorts = 1>

State 11 <SV = 10> <Delay = 6.70>
ST_11 : Operation 61 [6/10] (6.70ns)   --->   "%input_scaled_6 = fdiv i32 %sub, i32 %x_scaler_scale_load" [pickleball_model.cpp:104]   --->   Operation 61 'fdiv' 'input_scaled_6' <Predicate = true> <Delay = 6.70> <CoreInst = "FDiv">   --->   Core 20 'FDiv' <Latency = 9> <II = 1> <Delay = 6.70> <FuncUnit> <Opcode : 'fdiv' 'frem'> <InPorts = 2> <OutPorts = 1>

State 12 <SV = 11> <Delay = 6.70>
ST_12 : Operation 62 [5/10] (6.70ns)   --->   "%input_scaled_6 = fdiv i32 %sub, i32 %x_scaler_scale_load" [pickleball_model.cpp:104]   --->   Operation 62 'fdiv' 'input_scaled_6' <Predicate = true> <Delay = 6.70> <CoreInst = "FDiv">   --->   Core 20 'FDiv' <Latency = 9> <II = 1> <Delay = 6.70> <FuncUnit> <Opcode : 'fdiv' 'frem'> <InPorts = 2> <OutPorts = 1>

State 13 <SV = 12> <Delay = 6.70>
ST_13 : Operation 63 [4/10] (6.70ns)   --->   "%input_scaled_6 = fdiv i32 %sub, i32 %x_scaler_scale_load" [pickleball_model.cpp:104]   --->   Operation 63 'fdiv' 'input_scaled_6' <Predicate = true> <Delay = 6.70> <CoreInst = "FDiv">   --->   Core 20 'FDiv' <Latency = 9> <II = 1> <Delay = 6.70> <FuncUnit> <Opcode : 'fdiv' 'frem'> <InPorts = 2> <OutPorts = 1>

State 14 <SV = 13> <Delay = 6.70>
ST_14 : Operation 64 [3/10] (6.70ns)   --->   "%input_scaled_6 = fdiv i32 %sub, i32 %x_scaler_scale_load" [pickleball_model.cpp:104]   --->   Operation 64 'fdiv' 'input_scaled_6' <Predicate = true> <Delay = 6.70> <CoreInst = "FDiv">   --->   Core 20 'FDiv' <Latency = 9> <II = 1> <Delay = 6.70> <FuncUnit> <Opcode : 'fdiv' 'frem'> <InPorts = 2> <OutPorts = 1>

State 15 <SV = 14> <Delay = 6.70>
ST_15 : Operation 65 [2/10] (6.70ns)   --->   "%input_scaled_6 = fdiv i32 %sub, i32 %x_scaler_scale_load" [pickleball_model.cpp:104]   --->   Operation 65 'fdiv' 'input_scaled_6' <Predicate = true> <Delay = 6.70> <CoreInst = "FDiv">   --->   Core 20 'FDiv' <Latency = 9> <II = 1> <Delay = 6.70> <FuncUnit> <Opcode : 'fdiv' 'frem'> <InPorts = 2> <OutPorts = 1>
ST_15 : Operation 81 [1/1] (0.00ns)   --->   "%input_scaled_load = load i32 %input_scaled"   --->   Operation 81 'load' 'input_scaled_load' <Predicate = (icmp_ln102)> <Delay = 0.00>
ST_15 : Operation 82 [1/1] (0.00ns)   --->   "%input_scaled_1_load = load i32 %input_scaled_1"   --->   Operation 82 'load' 'input_scaled_1_load' <Predicate = (icmp_ln102)> <Delay = 0.00>
ST_15 : Operation 83 [1/1] (0.00ns)   --->   "%input_scaled_2_load = load i32 %input_scaled_2"   --->   Operation 83 'load' 'input_scaled_2_load' <Predicate = (icmp_ln102)> <Delay = 0.00>
ST_15 : Operation 84 [1/1] (0.00ns)   --->   "%input_scaled_3_load = load i32 %input_scaled_3"   --->   Operation 84 'load' 'input_scaled_3_load' <Predicate = (icmp_ln102)> <Delay = 0.00>
ST_15 : Operation 85 [1/1] (0.00ns)   --->   "%input_scaled_4_load = load i32 %input_scaled_4"   --->   Operation 85 'load' 'input_scaled_4_load' <Predicate = (icmp_ln102)> <Delay = 0.00>
ST_15 : Operation 86 [1/1] (0.00ns)   --->   "%input_scaled_5_load = load i32 %input_scaled_5"   --->   Operation 86 'load' 'input_scaled_5_load' <Predicate = (icmp_ln102)> <Delay = 0.00>
ST_15 : Operation 87 [1/1] (0.00ns)   --->   "%write_ln0 = write void @_ssdm_op_Write.ap_auto.floatP0A, i32 %input_scaled_5_out, i32 %input_scaled_5_load"   --->   Operation 87 'write' 'write_ln0' <Predicate = (icmp_ln102)> <Delay = 0.00>
ST_15 : Operation 88 [1/1] (0.00ns)   --->   "%write_ln0 = write void @_ssdm_op_Write.ap_auto.floatP0A, i32 %input_scaled_4_out, i32 %input_scaled_4_load"   --->   Operation 88 'write' 'write_ln0' <Predicate = (icmp_ln102)> <Delay = 0.00>
ST_15 : Operation 89 [1/1] (0.00ns)   --->   "%write_ln0 = write void @_ssdm_op_Write.ap_auto.floatP0A, i32 %input_scaled_3_out, i32 %input_scaled_3_load"   --->   Operation 89 'write' 'write_ln0' <Predicate = (icmp_ln102)> <Delay = 0.00>
ST_15 : Operation 90 [1/1] (0.00ns)   --->   "%write_ln0 = write void @_ssdm_op_Write.ap_auto.floatP0A, i32 %input_scaled_2_out, i32 %input_scaled_2_load"   --->   Operation 90 'write' 'write_ln0' <Predicate = (icmp_ln102)> <Delay = 0.00>
ST_15 : Operation 91 [1/1] (0.00ns)   --->   "%write_ln0 = write void @_ssdm_op_Write.ap_auto.floatP0A, i32 %input_scaled_1_out, i32 %input_scaled_1_load"   --->   Operation 91 'write' 'write_ln0' <Predicate = (icmp_ln102)> <Delay = 0.00>
ST_15 : Operation 92 [1/1] (0.00ns)   --->   "%write_ln0 = write void @_ssdm_op_Write.ap_auto.floatP0A, i32 %input_scaled_out, i32 %input_scaled_load"   --->   Operation 92 'write' 'write_ln0' <Predicate = (icmp_ln102)> <Delay = 0.00>
ST_15 : Operation 93 [1/1] (0.00ns)   --->   "%ret_ln0 = ret"   --->   Operation 93 'ret' 'ret_ln0' <Predicate = (icmp_ln102)> <Delay = 0.00>

State 16 <SV = 15> <Delay = 6.70>
ST_16 : Operation 66 [1/1] (0.00ns)   --->   "%specpipeline_ln103 = specpipeline void @_ssdm_op_SpecPipeline, i32 1, i32 0, i32 0, i32 0, void @empty_15" [pickleball_model.cpp:103]   --->   Operation 66 'specpipeline' 'specpipeline_ln103' <Predicate = true> <Delay = 0.00>
ST_16 : Operation 67 [1/1] (0.00ns)   --->   "%specloopname_ln44 = specloopname void @_ssdm_op_SpecLoopName, void @empty_5" [pickleball_model.cpp:44]   --->   Operation 67 'specloopname' 'specloopname_ln44' <Predicate = true> <Delay = 0.00>
ST_16 : Operation 68 [1/10] (6.70ns)   --->   "%input_scaled_6 = fdiv i32 %sub, i32 %x_scaler_scale_load" [pickleball_model.cpp:104]   --->   Operation 68 'fdiv' 'input_scaled_6' <Predicate = true> <Delay = 6.70> <CoreInst = "FDiv">   --->   Core 20 'FDiv' <Latency = 9> <II = 1> <Delay = 6.70> <FuncUnit> <Opcode : 'fdiv' 'frem'> <InPorts = 2> <OutPorts = 1>
ST_16 : Operation 69 [1/1] (0.00ns)   --->   "%store_ln104 = store i32 %input_scaled_6, i32 %input_scaled_4" [pickleball_model.cpp:104]   --->   Operation 69 'store' 'store_ln104' <Predicate = (i == 4)> <Delay = 0.00>
ST_16 : Operation 70 [1/1] (0.00ns)   --->   "%br_ln104 = br void %arrayidx14.exit" [pickleball_model.cpp:104]   --->   Operation 70 'br' 'br_ln104' <Predicate = (i == 4)> <Delay = 0.00>
ST_16 : Operation 71 [1/1] (0.00ns)   --->   "%store_ln104 = store i32 %input_scaled_6, i32 %input_scaled_3" [pickleball_model.cpp:104]   --->   Operation 71 'store' 'store_ln104' <Predicate = (i == 3)> <Delay = 0.00>
ST_16 : Operation 72 [1/1] (0.00ns)   --->   "%br_ln104 = br void %arrayidx14.exit" [pickleball_model.cpp:104]   --->   Operation 72 'br' 'br_ln104' <Predicate = (i == 3)> <Delay = 0.00>
ST_16 : Operation 73 [1/1] (0.00ns)   --->   "%store_ln104 = store i32 %input_scaled_6, i32 %input_scaled_2" [pickleball_model.cpp:104]   --->   Operation 73 'store' 'store_ln104' <Predicate = (i == 2)> <Delay = 0.00>
ST_16 : Operation 74 [1/1] (0.00ns)   --->   "%br_ln104 = br void %arrayidx14.exit" [pickleball_model.cpp:104]   --->   Operation 74 'br' 'br_ln104' <Predicate = (i == 2)> <Delay = 0.00>
ST_16 : Operation 75 [1/1] (0.00ns)   --->   "%store_ln104 = store i32 %input_scaled_6, i32 %input_scaled_1" [pickleball_model.cpp:104]   --->   Operation 75 'store' 'store_ln104' <Predicate = (i == 1)> <Delay = 0.00>
ST_16 : Operation 76 [1/1] (0.00ns)   --->   "%br_ln104 = br void %arrayidx14.exit" [pickleball_model.cpp:104]   --->   Operation 76 'br' 'br_ln104' <Predicate = (i == 1)> <Delay = 0.00>
ST_16 : Operation 77 [1/1] (0.00ns)   --->   "%store_ln104 = store i32 %input_scaled_6, i32 %input_scaled" [pickleball_model.cpp:104]   --->   Operation 77 'store' 'store_ln104' <Predicate = (i == 0)> <Delay = 0.00>
ST_16 : Operation 78 [1/1] (0.00ns)   --->   "%br_ln104 = br void %arrayidx14.exit" [pickleball_model.cpp:104]   --->   Operation 78 'br' 'br_ln104' <Predicate = (i == 0)> <Delay = 0.00>
ST_16 : Operation 79 [1/1] (0.00ns)   --->   "%store_ln104 = store i32 %input_scaled_6, i32 %input_scaled_5" [pickleball_model.cpp:104]   --->   Operation 79 'store' 'store_ln104' <Predicate = (i == 7) | (i == 6) | (i == 5)> <Delay = 0.00>
ST_16 : Operation 80 [1/1] (0.00ns)   --->   "%br_ln104 = br void %arrayidx14.exit" [pickleball_model.cpp:104]   --->   Operation 80 'br' 'br_ln104' <Predicate = (i == 7) | (i == 6) | (i == 5)> <Delay = 0.00>


============================================================
+ Verbose Summary: Timing violations
============================================================
Target clock period: 10ns, clock uncertainty: 2.7ns.

 <State 1>: 1.24ns
The critical path consists of the following:
	'alloca' operation ('i') [15]  (0 ns)
	'load' operation ('i', pickleball_model.cpp:102) on local variable 'i' [33]  (0 ns)
	'add' operation ('add_ln102', pickleball_model.cpp:102) [36]  (0.746 ns)
	'store' operation ('store_ln102', pickleball_model.cpp:102) of variable 'add_ln102', pickleball_model.cpp:102 on local variable 'i' [69]  (0.489 ns)

 <State 2>: 6.81ns
The critical path consists of the following:
	'load' operation ('x_scaler_mean_load', pickleball_model.cpp:104) on array 'x_scaler_mean' [44]  (0.79 ns)
	'fsub' operation ('sub', pickleball_model.cpp:104) [45]  (6.02 ns)

 <State 3>: 6.02ns
The critical path consists of the following:
	'fsub' operation ('sub', pickleball_model.cpp:104) [45]  (6.02 ns)

 <State 4>: 6.02ns
The critical path consists of the following:
	'fsub' operation ('sub', pickleball_model.cpp:104) [45]  (6.02 ns)

 <State 5>: 6.02ns
The critical path consists of the following:
	'fsub' operation ('sub', pickleball_model.cpp:104) [45]  (6.02 ns)

 <State 6>: 6.02ns
The critical path consists of the following:
	'fsub' operation ('sub', pickleball_model.cpp:104) [45]  (6.02 ns)

 <State 7>: 6.71ns
The critical path consists of the following:
	'fdiv' operation ('input_scaled', pickleball_model.cpp:104) [48]  (6.71 ns)

 <State 8>: 6.71ns
The critical path consists of the following:
	'fdiv' operation ('input_scaled', pickleball_model.cpp:104) [48]  (6.71 ns)

 <State 9>: 6.71ns
The critical path consists of the following:
	'fdiv' operation ('input_scaled', pickleball_model.cpp:104) [48]  (6.71 ns)

 <State 10>: 6.71ns
The critical path consists of the following:
	'fdiv' operation ('input_scaled', pickleball_model.cpp:104) [48]  (6.71 ns)

 <State 11>: 6.71ns
The critical path consists of the following:
	'fdiv' operation ('input_scaled', pickleball_model.cpp:104) [48]  (6.71 ns)

 <State 12>: 6.71ns
The critical path consists of the following:
	'fdiv' operation ('input_scaled', pickleball_model.cpp:104) [48]  (6.71 ns)

 <State 13>: 6.71ns
The critical path consists of the following:
	'fdiv' operation ('input_scaled', pickleball_model.cpp:104) [48]  (6.71 ns)

 <State 14>: 6.71ns
The critical path consists of the following:
	'fdiv' operation ('input_scaled', pickleball_model.cpp:104) [48]  (6.71 ns)

 <State 15>: 6.71ns
The critical path consists of the following:
	'fdiv' operation ('input_scaled', pickleball_model.cpp:104) [48]  (6.71 ns)

 <State 16>: 6.71ns
The critical path consists of the following:
	'fdiv' operation ('input_scaled', pickleball_model.cpp:104) [48]  (6.71 ns)
	'store' operation ('store_ln104', pickleball_model.cpp:104) of variable 'input_scaled', pickleball_model.cpp:104 on local variable 'input_scaled' [63]  (0 ns)


============================================================
+ Verbose Summary: Binding
============================================================
N/A
* FSMD analyzer results:
  - Output states:
 - Input state : 
  - Chain level:
	State 1
	State 2
	State 3
	State 4
	State 5
	State 6
	State 7
	State 8
	State 9
	State 10
	State 11
	State 12
	State 13
	State 14
	State 15
	State 16


============================================================
+ Verbose Summary: Datapath Resource usage 
============================================================
N/A
