

================================================================
== Vitis HLS Report for 'pb_predict_Pipeline_READ_INPUT'
================================================================
* Date:           Sun Mar 15 15:56:13 2026

* Version:        2022.1 (Build 3526262 on Mon Apr 18 15:48:16 MDT 2022)
* Project:        pickleball_hls
* Solution:       solution1 (Vivado IP Flow Target)
* Product family: zynquplus
* Target device:  xczu3eg-sbva484-1-e


================================================================
== Performance Estimates
================================================================
+ Timing: 
    * Summary: 
    +--------+----------+----------+------------+
    |  Clock |  Target  | Estimated| Uncertainty|
    +--------+----------+----------+------------+
    |ap_clk  |  10.00 ns|  1.236 ns|     2.70 ns|
    +--------+----------+----------+------------+

+ Latency: 
    * Summary: 
    +---------+---------+-----------+-----------+-----+-----+---------+
    |  Latency (cycles) |   Latency (absolute)  |  Interval | Pipeline|
    |   min   |   max   |    min    |    max    | min | max |   Type  |
    +---------+---------+-----------+-----------+-----+-----+---------+
    |        8|        8|  80.000 ns|  80.000 ns|    8|    8|       no|
    +---------+---------+-----------+-----------+-----+-----+---------+

    + Detail: 
        * Instance: 
        N/A

        * Loop: 
        +--------------+---------+---------+----------+-----------+-----------+------+----------+
        |              |  Latency (cycles) | Iteration|  Initiation Interval  | Trip |          |
        |   Loop Name  |   min   |   max   |  Latency |  achieved |   target  | Count| Pipelined|
        +--------------+---------+---------+----------+-----------+-----------+------+----------+
        |- READ_INPUT  |        6|        6|         1|          1|          1|     6|       yes|
        +--------------+---------+---------+----------+-----------+-----------+------+----------+

============================================================
+ Verbose Summary: Synthesis Manager
============================================================
InlineROM: 1
ExposeGlobal: 0
============================================================
+ Verbose Summary: CDFG Model
============================================================
IsTopModel: 0
ResetActiveHigh: 1
IsCombinational: 0
IsDatapathOnly: 0
HasWiredReturn: 1
HasMFsm: 2
HasVarLatency: 1
IsPipeline: 0
IsRtlPipelined: 0
IsInstanceOverlapped: 0
IsDontTouch: 0
HasImplIP: 0
IsGatedGlobalClock: 0

+ Individual pipeline summary: 
  * Pipeline-0: initiation interval (II) = 1, depth = 1


============================================================
+ Verbose Summary: Schedule
============================================================
* Number of FSM states : 1
* Pipeline : 1
  Pipeline-0 : II = 1, D = 1, States = { 1 }
* Dataflow Pipeline: 0

* FSM state transitions: 
1 --> 

* FSM state operations: 

State 1 <SV = 0> <Delay = 1.23>
ST_1 : Operation 4 [1/1] (0.00ns)   --->   "%i = alloca i32 1"   --->   Operation 4 'alloca' 'i' <Predicate = true> <Delay = 0.00>
ST_1 : Operation 5 [1/1] (0.00ns)   --->   "%input_raw = alloca i32 1"   --->   Operation 5 'alloca' 'input_raw' <Predicate = true> <Delay = 0.00>
ST_1 : Operation 6 [1/1] (0.00ns)   --->   "%input_raw_1 = alloca i32 1"   --->   Operation 6 'alloca' 'input_raw_1' <Predicate = true> <Delay = 0.00>
ST_1 : Operation 7 [1/1] (0.00ns)   --->   "%input_raw_2 = alloca i32 1"   --->   Operation 7 'alloca' 'input_raw_2' <Predicate = true> <Delay = 0.00>
ST_1 : Operation 8 [1/1] (0.00ns)   --->   "%input_raw_3 = alloca i32 1"   --->   Operation 8 'alloca' 'input_raw_3' <Predicate = true> <Delay = 0.00>
ST_1 : Operation 9 [1/1] (0.00ns)   --->   "%input_raw_4 = alloca i32 1"   --->   Operation 9 'alloca' 'input_raw_4' <Predicate = true> <Delay = 0.00>
ST_1 : Operation 10 [1/1] (0.00ns)   --->   "%input_raw_5 = alloca i32 1"   --->   Operation 10 'alloca' 'input_raw_5' <Predicate = true> <Delay = 0.00>
ST_1 : Operation 11 [1/1] (0.00ns)   --->   "%specinterface_ln0 = specinterface void @_ssdm_op_SpecInterface, i1 %input_stream_V_last_V, i4 %input_stream_V_strb_V, i4 %input_stream_V_keep_V, i32 %input_stream_V_data_V, void @empty_0, i32 0, i32 0, void @empty_7, i32 0, i32 0, void @empty_15, void @empty_15, void @empty_15, i32 0, i32 0, i32 0, i32 0, void @empty_15, void @empty_15, i32 4294967295, i32 0"   --->   Operation 11 'specinterface' 'specinterface_ln0' <Predicate = true> <Delay = 0.00>
ST_1 : Operation 12 [1/1] (0.48ns)   --->   "%store_ln0 = store i3 0, i3 %i"   --->   Operation 12 'store' 'store_ln0' <Predicate = true> <Delay = 0.48>
ST_1 : Operation 13 [1/1] (0.00ns)   --->   "%br_ln0 = br void %for.inc"   --->   Operation 13 'br' 'br_ln0' <Predicate = true> <Delay = 0.00>
ST_1 : Operation 14 [1/1] (0.00ns)   --->   "%i_3 = load i3 %i" [pickleball_model.cpp:92]   --->   Operation 14 'load' 'i_3' <Predicate = true> <Delay = 0.00>
ST_1 : Operation 15 [1/1] (0.69ns)   --->   "%icmp_ln92 = icmp_eq  i3 %i_3, i3 6" [pickleball_model.cpp:92]   --->   Operation 15 'icmp' 'icmp_ln92' <Predicate = true> <Delay = 0.69> <CoreInst = "Cmp">   --->   Core 9 'Cmp' <Latency = 0> <II = 1> <Delay = 0.69> <FuncUnit> <Opcode : 'icmp'> <InPorts = 2> <OutPorts = 1>
ST_1 : Operation 16 [1/1] (0.00ns)   --->   "%empty = speclooptripcount i32 @_ssdm_op_SpecLoopTripCount, i64 6, i64 6, i64 6"   --->   Operation 16 'speclooptripcount' 'empty' <Predicate = true> <Delay = 0.00>
ST_1 : Operation 17 [1/1] (0.74ns)   --->   "%add_ln92 = add i3 %i_3, i3 1" [pickleball_model.cpp:92]   --->   Operation 17 'add' 'add_ln92' <Predicate = true> <Delay = 0.74> <CoreInst = "Adder">   --->   Core 1 'Adder' <Latency = 0> <II = 1> <Delay = 0.74> <FuncUnit> <Opcode : 'add' 'sub'> <InPorts = 2> <OutPorts = 1>
ST_1 : Operation 18 [1/1] (0.00ns)   --->   "%br_ln92 = br i1 %icmp_ln92, void %for.inc.split, void %for.inc15.preheader.exitStub" [pickleball_model.cpp:92]   --->   Operation 18 'br' 'br_ln92' <Predicate = true> <Delay = 0.00>
ST_1 : Operation 19 [1/1] (0.00ns)   --->   "%specpipeline_ln93 = specpipeline void @_ssdm_op_SpecPipeline, i32 1, i32 0, i32 0, i32 0, void @empty_15" [pickleball_model.cpp:93]   --->   Operation 19 'specpipeline' 'specpipeline_ln93' <Predicate = (!icmp_ln92)> <Delay = 0.00>
ST_1 : Operation 20 [1/1] (0.00ns)   --->   "%specloopname_ln43 = specloopname void @_ssdm_op_SpecLoopName, void @empty_6" [pickleball_model.cpp:43]   --->   Operation 20 'specloopname' 'specloopname_ln43' <Predicate = (!icmp_ln92)> <Delay = 0.00>
ST_1 : Operation 21 [1/1] (0.00ns)   --->   "%empty_29 = read i41 @_ssdm_op_Read.axis.volatile.i32P0A.i4P0A.i4P0A.i1P0A, i32 %input_stream_V_data_V, i4 %input_stream_V_keep_V, i4 %input_stream_V_strb_V, i1 %input_stream_V_last_V"   --->   Operation 21 'read' 'empty_29' <Predicate = (!icmp_ln92)> <Delay = 0.00> <CoreInst = "axis">   --->   Core 123 'axis' <Latency = 0> <II = 1> <Delay = 1.00> <Adapter> <Opcode : >
ST_1 : Operation 22 [1/1] (0.00ns)   --->   "%tmp_data_V = extractvalue i41 %empty_29"   --->   Operation 22 'extractvalue' 'tmp_data_V' <Predicate = (!icmp_ln92)> <Delay = 0.00>
ST_1 : Operation 23 [1/1] (0.00ns)   --->   "%input_raw_6 = bitcast i32 %tmp_data_V" [pickleball_model.cpp:97]   --->   Operation 23 'bitcast' 'input_raw_6' <Predicate = (!icmp_ln92)> <Delay = 0.00>
ST_1 : Operation 24 [1/1] (0.51ns)   --->   "%switch_ln97 = switch i3 %i_3, void %arrayidx.case.5, i3 0, void %for.inc.split.arrayidx.exit_crit_edge, i3 1, void %for.inc.split.arrayidx.exit_crit_edge4, i3 2, void %arrayidx.case.2, i3 3, void %arrayidx.case.3, i3 4, void %arrayidx.case.4" [pickleball_model.cpp:97]   --->   Operation 24 'switch' 'switch_ln97' <Predicate = (!icmp_ln92)> <Delay = 0.51>
ST_1 : Operation 25 [1/1] (0.00ns)   --->   "%store_ln97 = store i32 %input_raw_6, i32 %input_raw_4" [pickleball_model.cpp:97]   --->   Operation 25 'store' 'store_ln97' <Predicate = (!icmp_ln92 & i_3 == 4)> <Delay = 0.00>
ST_1 : Operation 26 [1/1] (0.00ns)   --->   "%br_ln97 = br void %arrayidx.exit" [pickleball_model.cpp:97]   --->   Operation 26 'br' 'br_ln97' <Predicate = (!icmp_ln92 & i_3 == 4)> <Delay = 0.00>
ST_1 : Operation 27 [1/1] (0.00ns)   --->   "%store_ln97 = store i32 %input_raw_6, i32 %input_raw_3" [pickleball_model.cpp:97]   --->   Operation 27 'store' 'store_ln97' <Predicate = (!icmp_ln92 & i_3 == 3)> <Delay = 0.00>
ST_1 : Operation 28 [1/1] (0.00ns)   --->   "%br_ln97 = br void %arrayidx.exit" [pickleball_model.cpp:97]   --->   Operation 28 'br' 'br_ln97' <Predicate = (!icmp_ln92 & i_3 == 3)> <Delay = 0.00>
ST_1 : Operation 29 [1/1] (0.00ns)   --->   "%store_ln97 = store i32 %input_raw_6, i32 %input_raw_2" [pickleball_model.cpp:97]   --->   Operation 29 'store' 'store_ln97' <Predicate = (!icmp_ln92 & i_3 == 2)> <Delay = 0.00>
ST_1 : Operation 30 [1/1] (0.00ns)   --->   "%br_ln97 = br void %arrayidx.exit" [pickleball_model.cpp:97]   --->   Operation 30 'br' 'br_ln97' <Predicate = (!icmp_ln92 & i_3 == 2)> <Delay = 0.00>
ST_1 : Operation 31 [1/1] (0.00ns)   --->   "%store_ln97 = store i32 %input_raw_6, i32 %input_raw_1" [pickleball_model.cpp:97]   --->   Operation 31 'store' 'store_ln97' <Predicate = (!icmp_ln92 & i_3 == 1)> <Delay = 0.00>
ST_1 : Operation 32 [1/1] (0.00ns)   --->   "%br_ln97 = br void %arrayidx.exit" [pickleball_model.cpp:97]   --->   Operation 32 'br' 'br_ln97' <Predicate = (!icmp_ln92 & i_3 == 1)> <Delay = 0.00>
ST_1 : Operation 33 [1/1] (0.00ns)   --->   "%store_ln97 = store i32 %input_raw_6, i32 %input_raw" [pickleball_model.cpp:97]   --->   Operation 33 'store' 'store_ln97' <Predicate = (!icmp_ln92 & i_3 == 0)> <Delay = 0.00>
ST_1 : Operation 34 [1/1] (0.00ns)   --->   "%br_ln97 = br void %arrayidx.exit" [pickleball_model.cpp:97]   --->   Operation 34 'br' 'br_ln97' <Predicate = (!icmp_ln92 & i_3 == 0)> <Delay = 0.00>
ST_1 : Operation 35 [1/1] (0.00ns)   --->   "%store_ln97 = store i32 %input_raw_6, i32 %input_raw_5" [pickleball_model.cpp:97]   --->   Operation 35 'store' 'store_ln97' <Predicate = (!icmp_ln92 & i_3 != 0 & i_3 != 1 & i_3 != 2 & i_3 != 3 & i_3 != 4)> <Delay = 0.00>
ST_1 : Operation 36 [1/1] (0.00ns)   --->   "%br_ln97 = br void %arrayidx.exit" [pickleball_model.cpp:97]   --->   Operation 36 'br' 'br_ln97' <Predicate = (!icmp_ln92 & i_3 != 0 & i_3 != 1 & i_3 != 2 & i_3 != 3 & i_3 != 4)> <Delay = 0.00>
ST_1 : Operation 37 [1/1] (0.48ns)   --->   "%store_ln92 = store i3 %add_ln92, i3 %i" [pickleball_model.cpp:92]   --->   Operation 37 'store' 'store_ln92' <Predicate = (!icmp_ln92)> <Delay = 0.48>
ST_1 : Operation 38 [1/1] (0.00ns)   --->   "%br_ln92 = br void %for.inc" [pickleball_model.cpp:92]   --->   Operation 38 'br' 'br_ln92' <Predicate = (!icmp_ln92)> <Delay = 0.00>
ST_1 : Operation 39 [1/1] (0.00ns)   --->   "%input_raw_load = load i32 %input_raw"   --->   Operation 39 'load' 'input_raw_load' <Predicate = (icmp_ln92)> <Delay = 0.00>
ST_1 : Operation 40 [1/1] (0.00ns)   --->   "%input_raw_1_load = load i32 %input_raw_1"   --->   Operation 40 'load' 'input_raw_1_load' <Predicate = (icmp_ln92)> <Delay = 0.00>
ST_1 : Operation 41 [1/1] (0.00ns)   --->   "%input_raw_2_load = load i32 %input_raw_2"   --->   Operation 41 'load' 'input_raw_2_load' <Predicate = (icmp_ln92)> <Delay = 0.00>
ST_1 : Operation 42 [1/1] (0.00ns)   --->   "%input_raw_3_load = load i32 %input_raw_3"   --->   Operation 42 'load' 'input_raw_3_load' <Predicate = (icmp_ln92)> <Delay = 0.00>
ST_1 : Operation 43 [1/1] (0.00ns)   --->   "%input_raw_4_load = load i32 %input_raw_4"   --->   Operation 43 'load' 'input_raw_4_load' <Predicate = (icmp_ln92)> <Delay = 0.00>
ST_1 : Operation 44 [1/1] (0.00ns)   --->   "%input_raw_5_load = load i32 %input_raw_5"   --->   Operation 44 'load' 'input_raw_5_load' <Predicate = (icmp_ln92)> <Delay = 0.00>
ST_1 : Operation 45 [1/1] (0.00ns)   --->   "%write_ln0 = write void @_ssdm_op_Write.ap_auto.floatP0A, i32 %input_raw_5_out, i32 %input_raw_5_load"   --->   Operation 45 'write' 'write_ln0' <Predicate = (icmp_ln92)> <Delay = 0.00>
ST_1 : Operation 46 [1/1] (0.00ns)   --->   "%write_ln0 = write void @_ssdm_op_Write.ap_auto.floatP0A, i32 %input_raw_4_out, i32 %input_raw_4_load"   --->   Operation 46 'write' 'write_ln0' <Predicate = (icmp_ln92)> <Delay = 0.00>
ST_1 : Operation 47 [1/1] (0.00ns)   --->   "%write_ln0 = write void @_ssdm_op_Write.ap_auto.floatP0A, i32 %input_raw_3_out, i32 %input_raw_3_load"   --->   Operation 47 'write' 'write_ln0' <Predicate = (icmp_ln92)> <Delay = 0.00>
ST_1 : Operation 48 [1/1] (0.00ns)   --->   "%write_ln0 = write void @_ssdm_op_Write.ap_auto.floatP0A, i32 %input_raw_2_out, i32 %input_raw_2_load"   --->   Operation 48 'write' 'write_ln0' <Predicate = (icmp_ln92)> <Delay = 0.00>
ST_1 : Operation 49 [1/1] (0.00ns)   --->   "%write_ln0 = write void @_ssdm_op_Write.ap_auto.floatP0A, i32 %input_raw_1_out, i32 %input_raw_1_load"   --->   Operation 49 'write' 'write_ln0' <Predicate = (icmp_ln92)> <Delay = 0.00>
ST_1 : Operation 50 [1/1] (0.00ns)   --->   "%write_ln0 = write void @_ssdm_op_Write.ap_auto.floatP0A, i32 %input_raw_out, i32 %input_raw_load"   --->   Operation 50 'write' 'write_ln0' <Predicate = (icmp_ln92)> <Delay = 0.00>
ST_1 : Operation 51 [1/1] (0.00ns)   --->   "%ret_ln0 = ret"   --->   Operation 51 'ret' 'ret_ln0' <Predicate = (icmp_ln92)> <Delay = 0.00>


============================================================
+ Verbose Summary: Timing violations
============================================================
Target clock period: 10ns, clock uncertainty: 2.7ns.

 <State 1>: 1.24ns
The critical path consists of the following:
	'alloca' operation ('i') [11]  (0 ns)
	'load' operation ('i', pickleball_model.cpp:92) on local variable 'i' [22]  (0 ns)
	'add' operation ('add_ln92', pickleball_model.cpp:92) [25]  (0.746 ns)
	'store' operation ('store_ln92', pickleball_model.cpp:92) of variable 'add_ln92', pickleball_model.cpp:92 on local variable 'i' [53]  (0.489 ns)


============================================================
+ Verbose Summary: Binding
============================================================
N/A
* FSMD analyzer results:
  - Output states:
 - Input state : 
  - Chain level:
	State 1


============================================================
+ Verbose Summary: Datapath Resource usage 
============================================================
N/A
